2019-03-14 11:14:57.2200||DEBUG|WeddingInvitation.Program|init main 
2019-03-14 11:14:58.3315||INFO|Microsoft.AspNetCore.DataProtection.KeyManagement.XmlKeyManager|User profile is available. Using 'C:\Users\Diana\AppData\Local\ASP.NET\DataProtection-Keys' as key repository and Windows DPAPI to encrypt keys at rest. 
2019-03-14 11:15:05.9264||INFO|Microsoft.AspNetCore.NodeServices|development mode: true 
2019-03-14 11:15:13.8366||ERROR|Microsoft.AspNetCore.NodeServices|clean-webpack-plugin: C:\Users\Diana\Work\Projects\RichardGrace.com\TemplateCoreWeb\wwwroot\dist has been removed. 
2019-03-14 11:15:15.3946|1|INFO|Microsoft.AspNetCore.Hosting.Internal.WebHost|Request starting HTTP/1.1 GET http://localhost:53185/__webpack_hmr   
2019-03-14 11:15:15.3988|1|INFO|Microsoft.AspNetCore.Hosting.Internal.WebHost|Request starting HTTP/1.1 GET http://localhost:53185/   
2019-03-14 11:15:15.5661||INFO|Microsoft.AspNetCore.NodeServices|[34mi[39m [90mя╜вwdmя╜г[39m: wait until bundle finished: / 
2019-03-14 11:15:17.9173||INFO|Microsoft.AspNetCore.NodeServices|[34mi[39m [90mя╜вwdmя╜г[39m: wait until bundle finished: /__webpack_hmr 
2019-03-14 11:15:41.4242||INFO|Microsoft.AspNetCore.NodeServices|webpack built 69f9d6e709ebe58558e6 in 27018ms 
2019-03-14 11:15:41.7605||INFO|Microsoft.AspNetCore.NodeServices|[34mi[39m [90mя╜вwdmя╜г[39m: Hash: 69f9d6e709ebe58558e6
Version: webpack 4.23.1
Time: 27018ms
Built at: 2019-03-14 11:15:41
                                                               Asset      Size         Chunks             Chunk Names
../img/_/fonts/glyphicons-halflings/glyphicons-halflings-regular.svg  64 bytes                 [emitted]  
                                                     ../img/drag.png  49.2 KiB                 [emitted]  
                                                  ../img/drag.png.gz  35.2 KiB                 [emitted]  
                          critical-foft-preload-fallback-optional.js  8.04 KiB                 [emitted]  
                                                    custom_styles.js   288 KiB  custom_styles  [emitted]  custom_styles
                                                 custom_styles.js.gz  53.5 KiB                 [emitted]  
                              fonts/glyphicons-halflings-regular.eot  19.9 KiB                 [emitted]  
                              fonts/glyphicons-halflings-regular.svg  61.7 KiB                 [emitted]  
                           fonts/glyphicons-halflings-regular.svg.gz  16.4 KiB                 [emitted]  
                              fonts/glyphicons-halflings-regular.ttf  40.3 KiB                 [emitted]  
                           fonts/glyphicons-halflings-regular.ttf.gz  22.7 KiB                 [emitted]  
                             fonts/glyphicons-halflings-regular.woff  22.8 KiB                 [emitted]  
                            fonts/glyphicons-halflings-regular.woff2  17.6 KiB                 [emitted]  
                                                             main.js   207 KiB           main  [emitted]  main
                                                          main.js.gz  45.2 KiB                 [emitted]  
                                                               sw.js  1.46 KiB                 [emitted]  
                                                       vendor_src.js   828 KiB     vendor_src  [emitted]  vendor_src
                                                    vendor_src.js.gz   187 KiB                 [emitted]  
                                                    vendor_styles.js  1.12 MiB  vendor_styles  [emitted]  vendor_styles
                                                 vendor_styles.js.gz   172 KiB                 [emitted]  
Entrypoint vendor_styles = vendor_styles.js
Entrypoint vendor_src = vendor_src.js
Entrypoint custom_styles = custom_styles.js
Entrypoint main = main.js
[0] multi webpack-hot-middleware/client?path=__webpack_hmr&dynamicPublicPath=true ./ClientApp/src/assets/js/vendor_styles.js 40 bytes {vendor_styles} [built]
[1] multi webpack-hot-middleware/client?path=__webpack_hmr&dynamicPublicPath=true script-loader!./ClientApp/src/assets/vendor/js/jquery/jquery.js script-loader!./ClientApp/src/assets/vendor/js/bootstrap/bootstrap.min.js script-loader!./ClientApp/src/assets/vendor/js/plugins/plugins.js script-loader!./ClientApp/src/assets/vendor/js/jconfirm/jquery-confirm.min.js script-loader!./ClientApp/src/assets/vendor/js/init.js 88 bytes {vendor_src} [built]
[2] multi webpack-hot-middleware/client?path=__webpack_hmr&dynamicPublicPath=true ./ClientApp/src/assets/js/custom_styles.js 40 bytes {custom_styles} [built]
[3] multi webpack-hot-middleware/client?path=__webpack_hmr&dynamicPublicPath=true ./ClientApp/src/assets/js/index.js 40 bytes {main} [built]
[./ClientApp/src/assets/js/custom_styles.js] 28 bytes {custom_styles} [built]
[./ClientApp/src/assets/js/index.js] 184 bytes {main} [built]
[./ClientApp/src/assets/js/vendor_styles.js] 241 bytes {vendor_styles} [built]
[./ClientApp/src/assets/scss/style.scss] 1.29 KiB {custom_styles} [built]
[./ClientApp/src/assets/vendor/css/animate/animate.css] 1.34 KiB {vendor_styles} [built]
[./node_modules/script-loader/index.js!./ClientApp/src/assets/vendor/js/bootstrap/bootstrap.min.js] ./node_modules/script-loader!./ClientApp/src/assets/vendor/js/bootstrap/bootstrap.min.js 493 bytes {vendor_src} [built]
[./node_modules/script-loader/index.js!./ClientApp/src/assets/vendor/js/init.js] ./node_modules/script-loader!./ClientApp/src/assets/vendor/js/init.js 473 bytes {vendor_src} [built]
[./node_modules/script-loader/index.js!./ClientApp/src/assets/vendor/js/jconfirm/jquery-confirm.min.js] ./node_modules/script-loader!./ClientApp/src/assets/vendor/js/jconfirm/jquery-confirm.min.js 497 bytes {vendor_src} [built]
[./node_modules/script-loader/index.js!./ClientApp/src/assets/vendor/js/jquery/jquery.js] ./node_modules/script-loader!./ClientApp/src/assets/vendor/js/jquery/jquery.js 483 bytes {vendor_src} [built]
[./node_modules/script-loader/index.js!./ClientApp/src/assets/vendor/js/plugins/plugins.js] ./node_modules/script-loader!./ClientApp/src/assets/vendor/js/plugins/plugins.js 485 bytes {vendor_src} [built]
[./node_modules/webpack-hot-middleware/client.js?path=__webpack_hmr&dynamicPublicPath=true] (webpack)-hot-middleware/client.js?path=__webpack_hmr&dynamicPublicPath=true 7.59 KiB {vendor_styles} {vendor_src} {custom_styles} {main} [built]
    + 42 hidden modules 
2019-03-14 11:15:41.7605||INFO|Microsoft.AspNetCore.NodeServices|[34mi[39m [90mя╜вwdmя╜г[39m: Compiled successfully. 
2019-03-14 11:15:41.7798|3|WARN|Microsoft.AspNetCore.HttpsPolicy.HttpsRedirectionMiddleware|Failed to determine the https port for redirect. 
2019-03-14 11:15:42.1665|1|INFO|Microsoft.AspNetCore.Mvc.Internal.ControllerActionInvoker|Route matched with {action = "Index", controller = "Home"}. Executing action WeddingInvitation.Controllers.HomeController.Index (WeddingInvitation) 
2019-03-14 11:15:42.2217|1|INFO|Microsoft.AspNetCore.Mvc.Internal.ControllerActionInvoker|Executing action method WeddingInvitation.Controllers.HomeController.Index (WeddingInvitation) with arguments () - Validation state: Valid 
2019-03-14 11:15:42.2217|2|INFO|Microsoft.AspNetCore.Mvc.Internal.ControllerActionInvoker|Executed action method WeddingInvitation.Controllers.HomeController.Index (WeddingInvitation), returned result Microsoft.AspNetCore.Mvc.ViewResult in 0.8624ms. 
2019-03-14 11:15:42.2782|1|INFO|Microsoft.AspNetCore.Mvc.ViewFeatures.ViewResultExecutor|Executing ViewResult, running view Index. 
2019-03-14 11:15:42.4632|4|INFO|Microsoft.AspNetCore.Mvc.ViewFeatures.ViewResultExecutor|Executed ViewResult - view Index executed in 213.3786ms. 
2019-03-14 11:15:42.4632|2|INFO|Microsoft.AspNetCore.Mvc.Internal.ControllerActionInvoker|Executed action WeddingInvitation.Controllers.HomeController.Index (WeddingInvitation) in 294.8341ms 
2019-03-14 11:15:42.5179|2|INFO|Microsoft.AspNetCore.Hosting.Internal.WebHost|Request finished in 27129.3051ms 200 text/html; charset=utf-8 
2019-03-14 11:15:42.8968|1|INFO|Microsoft.AspNetCore.Hosting.Internal.WebHost|Request starting HTTP/1.1 GET http://localhost:53185/__webpack_hmr   
2019-03-14 11:15:43.0382|2|INFO|Microsoft.AspNetCore.Hosting.Internal.WebHost|Request finished in 27650.1662ms 200 text/event-stream; charset=utf-8 
2019-03-14 11:15:43.6040|1|INFO|Microsoft.AspNetCore.Hosting.Internal.WebHost|Request starting HTTP/1.1 GET http://localhost:53185/e9683f6a07701f45f1dc.hot-update.json   
2019-03-14 11:15:43.6288|1|INFO|Microsoft.AspNetCore.Mvc.Internal.ControllerActionInvoker|Route matched with {action = "Error404", controller = "Home"}. Executing action WeddingInvitation.Controllers.HomeController.Error404 (WeddingInvitation) 
2019-03-14 11:15:43.6288|1|INFO|Microsoft.AspNetCore.Mvc.Internal.ControllerActionInvoker|Executing action method WeddingInvitation.Controllers.HomeController.Error404 (WeddingInvitation) - Validation state: Valid 
2019-03-14 11:15:43.6534|2|INFO|Microsoft.AspNetCore.Mvc.Internal.ControllerActionInvoker|Executed action method WeddingInvitation.Controllers.HomeController.Error404 (WeddingInvitation), returned result Microsoft.AspNetCore.Mvc.ViewResult in 0.421ms. 
2019-03-14 11:15:43.6667|1|INFO|Microsoft.AspNetCore.Mvc.ViewFeatures.ViewResultExecutor|Executing ViewResult, running view Error404. 
2019-03-14 11:15:43.7096|4|INFO|Microsoft.AspNetCore.Mvc.ViewFeatures.ViewResultExecutor|Executed ViewResult - view Error404 executed in 54.4878ms. 
2019-03-14 11:15:43.7096|2|INFO|Microsoft.AspNetCore.Mvc.Internal.ControllerActionInvoker|Executed action WeddingInvitation.Controllers.HomeController.Error404 (WeddingInvitation) in 81.3114ms 
2019-03-14 11:15:43.7096|2|INFO|Microsoft.AspNetCore.Hosting.Internal.WebHost|Request finished in 109.8466ms 404 text/html; charset=utf-8 
2019-03-14 11:15:43.7565|1|INFO|Microsoft.AspNetCore.Hosting.Internal.WebHost|Request starting HTTP/1.1 GET http://localhost:53185/e9683f6a07701f45f1dc.hot-update.json   
2019-03-14 11:15:43.7804|1|INFO|Microsoft.AspNetCore.Mvc.Internal.ControllerActionInvoker|Route matched with {action = "Error404", controller = "Home"}. Executing action WeddingInvitation.Controllers.HomeController.Error404 (WeddingInvitation) 
2019-03-14 11:15:43.7804|1|INFO|Microsoft.AspNetCore.Mvc.Internal.ControllerActionInvoker|Executing action method WeddingInvitation.Controllers.HomeController.Error404 (WeddingInvitation) - Validation state: Valid 
2019-03-14 11:15:43.8148|2|INFO|Microsoft.AspNetCore.Mvc.Internal.ControllerActionInvoker|Executed action method WeddingInvitation.Controllers.HomeController.Error404 (WeddingInvitation), returned result Microsoft.AspNetCore.Mvc.ViewResult in 0.0322ms. 
2019-03-14 11:15:43.8323|1|INFO|Microsoft.AspNetCore.Mvc.ViewFeatures.ViewResultExecutor|Executing ViewResult, running view Error404. 
2019-03-14 11:15:43.8522|4|INFO|Microsoft.AspNetCore.Mvc.ViewFeatures.ViewResultExecutor|Executed ViewResult - view Error404 executed in 19.911ms. 
2019-03-14 11:15:43.8685|2|INFO|Microsoft.AspNetCore.Mvc.Internal.ControllerActionInvoker|Executed action WeddingInvitation.Controllers.HomeController.Error404 (WeddingInvitation) in 86.7537ms 
2019-03-14 11:15:43.8795|2|INFO|Microsoft.AspNetCore.Hosting.Internal.WebHost|Request finished in 122.9715ms 404 text/html; charset=utf-8 
2019-03-14 11:15:43.8795|1|INFO|Microsoft.AspNetCore.Hosting.Internal.WebHost|Request starting HTTP/1.1 GET http://localhost:53185/e9683f6a07701f45f1dc.hot-update.json   
2019-03-14 11:15:43.9142|1|INFO|Microsoft.AspNetCore.Mvc.Internal.ControllerActionInvoker|Route matched with {action = "Error404", controller = "Home"}. Executing action WeddingInvitation.Controllers.HomeController.Error404 (WeddingInvitation) 
2019-03-14 11:15:43.9252|1|INFO|Microsoft.AspNetCore.Mvc.Internal.ControllerActionInvoker|Executing action method WeddingInvitation.Controllers.HomeController.Error404 (WeddingInvitation) - Validation state: Valid 
2019-03-14 11:15:43.9252|2|INFO|Microsoft.AspNetCore.Mvc.Internal.ControllerActionInvoker|Executed action method WeddingInvitation.Controllers.HomeController.Error404 (WeddingInvitation), returned result Microsoft.AspNetCore.Mvc.ViewResult in 0.0223ms. 
2019-03-14 11:15:43.9252|1|INFO|Microsoft.AspNetCore.Mvc.ViewFeatures.ViewResultExecutor|Executing ViewResult, running view Error404. 
2019-03-14 11:15:43.9436|4|INFO|Microsoft.AspNetCore.Mvc.ViewFeatures.ViewResultExecutor|Executed ViewResult - view Error404 executed in 3.564ms. 
2019-03-14 11:15:43.9436|2|INFO|Microsoft.AspNetCore.Mvc.Internal.ControllerActionInvoker|Executed action WeddingInvitation.Controllers.HomeController.Error404 (WeddingInvitation) in 20.8446ms 
2019-03-14 11:15:43.9436|2|INFO|Microsoft.AspNetCore.Hosting.Internal.WebHost|Request finished in 61.7911ms 404 text/html; charset=utf-8 
2019-03-14 11:15:43.9659|1|INFO|Microsoft.AspNetCore.Hosting.Internal.WebHost|Request starting HTTP/1.1 GET http://localhost:53185/e9683f6a07701f45f1dc.hot-update.json   
2019-03-14 11:15:43.9713|1|INFO|Microsoft.AspNetCore.Mvc.Internal.ControllerActionInvoker|Route matched with {action = "Error404", controller = "Home"}. Executing action WeddingInvitation.Controllers.HomeController.Error404 (WeddingInvitation) 
2019-03-14 11:15:43.9713|1|INFO|Microsoft.AspNetCore.Mvc.Internal.ControllerActionInvoker|Executing action method WeddingInvitation.Controllers.HomeController.Error404 (WeddingInvitation) - Validation state: Valid 
2019-03-14 11:15:43.9881|2|INFO|Microsoft.AspNetCore.Mvc.Internal.ControllerActionInvoker|Executed action method WeddingInvitation.Controllers.HomeController.Error404 (WeddingInvitation), returned result Microsoft.AspNetCore.Mvc.ViewResult in 0.0226ms. 
2019-03-14 11:15:43.9881|1|INFO|Microsoft.AspNetCore.Mvc.ViewFeatures.ViewResultExecutor|Executing ViewResult, running view Error404. 
2019-03-14 11:15:43.9881|4|INFO|Microsoft.AspNetCore.Mvc.ViewFeatures.ViewResultExecutor|Executed ViewResult - view Error404 executed in 2.5495ms. 
2019-03-14 11:15:43.9881|2|INFO|Microsoft.AspNetCore.Mvc.Internal.ControllerActionInvoker|Executed action WeddingInvitation.Controllers.HomeController.Error404 (WeddingInvitation) in 18.3727ms 
2019-03-14 11:15:44.0026|2|INFO|Microsoft.AspNetCore.Hosting.Internal.WebHost|Request finished in 36.7529ms 404 text/html; charset=utf-8 
2019-03-14 11:15:45.7068|1|INFO|Microsoft.AspNetCore.Hosting.Internal.WebHost|Request starting HTTP/1.1 GET http://localhost:53185/   
2019-03-14 11:15:45.7068|1|INFO|Microsoft.AspNetCore.Mvc.Internal.ControllerActionInvoker|Route matched with {action = "Index", controller = "Home"}. Executing action WeddingInvitation.Controllers.HomeController.Index (WeddingInvitation) 
2019-03-14 11:15:45.7068|1|INFO|Microsoft.AspNetCore.Mvc.Internal.ControllerActionInvoker|Executing action method WeddingInvitation.Controllers.HomeController.Index (WeddingInvitation) with arguments () - Validation state: Valid 
2019-03-14 11:15:45.7068|2|INFO|Microsoft.AspNetCore.Mvc.Internal.ControllerActionInvoker|Executed action method WeddingInvitation.Controllers.HomeController.Index (WeddingInvitation), returned result Microsoft.AspNetCore.Mvc.ViewResult in 0.0274ms. 
2019-03-14 11:15:45.7068|1|INFO|Microsoft.AspNetCore.Mvc.ViewFeatures.ViewResultExecutor|Executing ViewResult, running view Index. 
2019-03-14 11:15:45.7217|4|INFO|Microsoft.AspNetCore.Mvc.ViewFeatures.ViewResultExecutor|Executed ViewResult - view Index executed in 3.5009ms. 
2019-03-14 11:15:45.7217|2|INFO|Microsoft.AspNetCore.Mvc.Internal.ControllerActionInvoker|Executed action WeddingInvitation.Controllers.HomeController.Index (WeddingInvitation) in 9.459ms 
2019-03-14 11:15:45.7217|2|INFO|Microsoft.AspNetCore.Hosting.Internal.WebHost|Request finished in 21.8688ms 200 text/html; charset=utf-8 
2019-03-14 11:15:45.7836|1|INFO|Microsoft.AspNetCore.Hosting.Internal.WebHost|Request starting HTTP/1.1 GET http://localhost:53185/img/him.jpg   
2019-03-14 11:15:45.7863|1|INFO|Microsoft.AspNetCore.Hosting.Internal.WebHost|Request starting HTTP/1.1 GET http://localhost:53185/img/her.jpg   
2019-03-14 11:15:45.7863|1|INFO|Microsoft.AspNetCore.Hosting.Internal.WebHost|Request starting HTTP/1.1 GET http://localhost:53185/dist/vendor_styles.js   
2019-03-14 11:15:45.7863|1|INFO|Microsoft.AspNetCore.Hosting.Internal.WebHost|Request starting HTTP/1.1 GET http://localhost:53185/dist/custom_styles.js   
2019-03-14 11:15:45.8502|2|INFO|Microsoft.AspNetCore.StaticFiles.StaticFileMiddleware|Sending file. Request path: '/dist/custom_styles.js'. Physical path: 'C:\Users\Diana\Work\Projects\RichardGrace.com\TemplateCoreWeb\wwwroot\dist\custom_styles.js' 
2019-03-14 11:15:45.8502|2|INFO|Microsoft.AspNetCore.StaticFiles.StaticFileMiddleware|Sending file. Request path: '/img/her.jpg'. Physical path: 'C:\Users\Diana\Work\Projects\RichardGrace.com\TemplateCoreWeb\wwwroot\img\her.jpg' 
2019-03-14 11:15:45.8502|2|INFO|Microsoft.AspNetCore.StaticFiles.StaticFileMiddleware|Sending file. Request path: '/img/him.jpg'. Physical path: 'C:\Users\Diana\Work\Projects\RichardGrace.com\TemplateCoreWeb\wwwroot\img\him.jpg' 
2019-03-14 11:15:45.8502|2|INFO|Microsoft.AspNetCore.Hosting.Internal.WebHost|Request finished in 58.0386ms 200 application/javascript 
2019-03-14 11:15:45.8502|2|INFO|Microsoft.AspNetCore.Hosting.Internal.WebHost|Request finished in 73.4341ms 200 image/jpeg 
2019-03-14 11:15:45.8634|2|INFO|Microsoft.AspNetCore.Hosting.Internal.WebHost|Request finished in 79.8462ms 200 image/jpeg 
2019-03-14 11:15:45.9178|1|INFO|Microsoft.AspNetCore.Hosting.Internal.WebHost|Request starting HTTP/1.1 GET http://localhost:53185/img/logo/logo1.png   
2019-03-14 11:15:45.9469|1|INFO|Microsoft.AspNetCore.Hosting.Internal.WebHost|Request starting HTTP/1.1 GET http://localhost:53185/img/logo/logo2.png   
2019-03-14 11:15:45.9848|2|INFO|Microsoft.AspNetCore.StaticFiles.StaticFileMiddleware|Sending file. Request path: '/img/logo/logo1.png'. Physical path: 'C:\Users\Diana\Work\Projects\RichardGrace.com\TemplateCoreWeb\wwwroot\img\logo\logo1.png' 
2019-03-14 11:15:45.9898|2|INFO|Microsoft.AspNetCore.StaticFiles.StaticFileMiddleware|Sending file. Request path: '/dist/vendor_styles.js'. Physical path: 'C:\Users\Diana\Work\Projects\RichardGrace.com\TemplateCoreWeb\wwwroot\dist\vendor_styles.js' 
2019-03-14 11:15:45.9898|2|INFO|Microsoft.AspNetCore.Hosting.Internal.WebHost|Request finished in 72.8953ms 200 image/png 
2019-03-14 11:15:45.9898|2|INFO|Microsoft.AspNetCore.Hosting.Internal.WebHost|Request finished in 201.7736ms 200 application/javascript 
2019-03-14 11:15:46.0116|2|INFO|Microsoft.AspNetCore.StaticFiles.StaticFileMiddleware|Sending file. Request path: '/img/logo/logo2.png'. Physical path: 'C:\Users\Diana\Work\Projects\RichardGrace.com\TemplateCoreWeb\wwwroot\img\logo\logo2.png' 
2019-03-14 11:15:46.0116|2|INFO|Microsoft.AspNetCore.Hosting.Internal.WebHost|Request finished in 67.6725ms 200 image/png 
2019-03-14 11:15:46.0340|1|INFO|Microsoft.AspNetCore.Hosting.Internal.WebHost|Request starting HTTP/1.1 GET http://localhost:53185/img/logo/logo3.png   
2019-03-14 11:15:46.0557|1|INFO|Microsoft.AspNetCore.Hosting.Internal.WebHost|Request starting HTTP/1.1 GET http://localhost:53185/img/logo/logo4.png   
2019-03-14 11:15:46.0833|2|INFO|Microsoft.AspNetCore.StaticFiles.StaticFileMiddleware|Sending file. Request path: '/img/logo/logo3.png'. Physical path: 'C:\Users\Diana\Work\Projects\RichardGrace.com\TemplateCoreWeb\wwwroot\img\logo\logo3.png' 
2019-03-14 11:15:46.0833|2|INFO|Microsoft.AspNetCore.Hosting.Internal.WebHost|Request finished in 51.7313ms 200 image/png 
2019-03-14 11:15:46.0975|2|INFO|Microsoft.AspNetCore.StaticFiles.StaticFileMiddleware|Sending file. Request path: '/img/logo/logo4.png'. Physical path: 'C:\Users\Diana\Work\Projects\RichardGrace.com\TemplateCoreWeb\wwwroot\img\logo\logo4.png' 
2019-03-14 11:15:46.0975|2|INFO|Microsoft.AspNetCore.Hosting.Internal.WebHost|Request finished in 43.7335ms 200 image/png 
2019-03-14 11:15:46.0975|1|INFO|Microsoft.AspNetCore.Hosting.Internal.WebHost|Request starting HTTP/1.1 GET http://localhost:53185/img/logo/logo5.png   
2019-03-14 11:15:46.1239|1|INFO|Microsoft.AspNetCore.Hosting.Internal.WebHost|Request starting HTTP/1.1 GET http://localhost:53185/img/logo/logo6.png   
2019-03-14 11:15:46.1696|2|INFO|Microsoft.AspNetCore.StaticFiles.StaticFileMiddleware|Sending file. Request path: '/img/logo/logo5.png'. Physical path: 'C:\Users\Diana\Work\Projects\RichardGrace.com\TemplateCoreWeb\wwwroot\img\logo\logo5.png' 
2019-03-14 11:15:46.1754|2|INFO|Microsoft.AspNetCore.Hosting.Internal.WebHost|Request finished in 66.0651ms 200 image/png 
2019-03-14 11:15:46.1754|2|INFO|Microsoft.AspNetCore.StaticFiles.StaticFileMiddleware|Sending file. Request path: '/img/logo/logo6.png'. Physical path: 'C:\Users\Diana\Work\Projects\RichardGrace.com\TemplateCoreWeb\wwwroot\img\logo\logo6.png' 
2019-03-14 11:15:46.1754|2|INFO|Microsoft.AspNetCore.Hosting.Internal.WebHost|Request finished in 57.7347ms 200 image/png 
2019-03-14 11:15:46.2707|1|INFO|Microsoft.AspNetCore.Hosting.Internal.WebHost|Request starting HTTP/1.1 GET http://localhost:53185/__webpack_hmr   
2019-03-14 11:15:46.2707|1|INFO|Microsoft.AspNetCore.Hosting.Internal.WebHost|Request starting HTTP/1.1 GET http://localhost:53185/dist/vendor_src.js   
2019-03-14 11:15:46.2707|1|INFO|Microsoft.AspNetCore.Hosting.Internal.WebHost|Request starting HTTP/1.1 GET http://localhost:53185/dist/main.js   
2019-03-14 11:15:46.3087|2|INFO|Microsoft.AspNetCore.StaticFiles.StaticFileMiddleware|Sending file. Request path: '/dist/main.js'. Physical path: 'C:\Users\Diana\Work\Projects\RichardGrace.com\TemplateCoreWeb\wwwroot\dist\main.js' 
2019-03-14 11:15:46.3354|2|INFO|Microsoft.AspNetCore.Hosting.Internal.WebHost|Request finished in 54.4616ms 200 application/javascript 
2019-03-14 11:15:46.3772|2|INFO|Microsoft.AspNetCore.Hosting.Internal.WebHost|Request finished in 3480.7592ms 200 text/event-stream; charset=utf-8 
2019-03-14 11:15:46.4153|2|INFO|Microsoft.AspNetCore.StaticFiles.StaticFileMiddleware|Sending file. Request path: '/dist/vendor_src.js'. Physical path: 'C:\Users\Diana\Work\Projects\RichardGrace.com\TemplateCoreWeb\wwwroot\dist\vendor_src.js' 
2019-03-14 11:15:46.4153|2|INFO|Microsoft.AspNetCore.Hosting.Internal.WebHost|Request finished in 145.5793ms 200 application/javascript 
2019-03-14 11:15:46.8768|1|INFO|Microsoft.AspNetCore.Hosting.Internal.WebHost|Request starting HTTP/1.1 GET http://localhost:53185/img/bg/bg3.jpg   
2019-03-14 11:15:46.8776|1|INFO|Microsoft.AspNetCore.Hosting.Internal.WebHost|Request starting HTTP/1.1 GET http://localhost:53185/img/bg/bg9.jpg   
2019-03-14 11:15:46.8776|1|INFO|Microsoft.AspNetCore.Hosting.Internal.WebHost|Request starting HTTP/1.1 GET http://localhost:53185/img/bg/bg1.jpg   
2019-03-14 11:15:46.8776|1|INFO|Microsoft.AspNetCore.Hosting.Internal.WebHost|Request starting HTTP/1.1 GET http://localhost:53185/img/bg/bg2.jpg   
2019-03-14 11:15:46.9029|2|INFO|Microsoft.AspNetCore.StaticFiles.StaticFileMiddleware|Sending file. Request path: '/img/bg/bg9.jpg'. Physical path: 'C:\Users\Diana\Work\Projects\RichardGrace.com\TemplateCoreWeb\wwwroot\img\bg\bg9.jpg' 
2019-03-14 11:15:46.9029|2|INFO|Microsoft.AspNetCore.StaticFiles.StaticFileMiddleware|Sending file. Request path: '/img/bg/bg2.jpg'. Physical path: 'C:\Users\Diana\Work\Projects\RichardGrace.com\TemplateCoreWeb\wwwroot\img\bg\bg2.jpg' 
2019-03-14 11:15:46.9117|2|INFO|Microsoft.AspNetCore.Hosting.Internal.WebHost|Request finished in 34.0881ms 200 image/jpeg 
2019-03-14 11:15:46.9117|2|INFO|Microsoft.AspNetCore.Hosting.Internal.WebHost|Request finished in 39.5071ms 200 image/jpeg 
2019-03-14 11:15:46.9347|2|INFO|Microsoft.AspNetCore.StaticFiles.StaticFileMiddleware|Sending file. Request path: '/img/bg/bg1.jpg'. Physical path: 'C:\Users\Diana\Work\Projects\RichardGrace.com\TemplateCoreWeb\wwwroot\img\bg\bg1.jpg' 
2019-03-14 11:15:46.9347|2|INFO|Microsoft.AspNetCore.StaticFiles.StaticFileMiddleware|Sending file. Request path: '/img/bg/bg3.jpg'. Physical path: 'C:\Users\Diana\Work\Projects\RichardGrace.com\TemplateCoreWeb\wwwroot\img\bg\bg3.jpg' 
2019-03-14 11:15:46.9658|2|INFO|Microsoft.AspNetCore.Hosting.Internal.WebHost|Request finished in 88.007ms 200 image/jpeg 
2019-03-14 11:15:46.9717|2|INFO|Microsoft.AspNetCore.Hosting.Internal.WebHost|Request finished in 94.5317ms 200 image/jpeg 
2019-03-14 11:15:47.2740|1|INFO|Microsoft.AspNetCore.Hosting.Internal.WebHost|Request starting HTTP/1.1 GET http://localhost:53185/favicon-32x32.png   
2019-03-14 11:15:47.2965|2|INFO|Microsoft.AspNetCore.StaticFiles.StaticFileMiddleware|Sending file. Request path: '/favicon-32x32.png'. Physical path: 'C:\Users\Diana\Work\Projects\RichardGrace.com\TemplateCoreWeb\wwwroot\favicon-32x32.png' 
2019-03-14 11:15:47.3000|2|INFO|Microsoft.AspNetCore.Hosting.Internal.WebHost|Request finished in 26.0088ms 200 image/png 
2019-03-14 11:26:27.3562||DEBUG|WeddingInvitation.Program|init main 
2019-03-14 11:26:28.0539||INFO|Microsoft.AspNetCore.DataProtection.KeyManagement.XmlKeyManager|User profile is available. Using 'C:\Users\Diana\AppData\Local\ASP.NET\DataProtection-Keys' as key repository and Windows DPAPI to encrypt keys at rest. 
2019-03-14 11:26:31.7958||INFO|Microsoft.AspNetCore.NodeServices|development mode: true 
2019-03-14 11:26:34.7705||ERROR|Microsoft.AspNetCore.NodeServices|clean-webpack-plugin: C:\Users\Diana\Documents\nordicsoftprojects\RichardGrace.com\TemplateCoreWeb\wwwroot\dist has been removed. 
2019-03-14 11:26:35.5789|1|INFO|Microsoft.AspNetCore.Hosting.Internal.WebHost|Request starting HTTP/1.1 GET http://localhost:53185/   
2019-03-14 11:26:37.4615||INFO|Microsoft.AspNetCore.NodeServices|[34mi[39m [90mя╜вwdmя╜г[39m: wait until bundle finished: / 
2019-03-14 11:26:49.3014||INFO|Microsoft.AspNetCore.NodeServices|webpack built 8cb23a0d717d5d2133a9 in 14212ms 
2019-03-14 11:26:49.3741||INFO|Microsoft.AspNetCore.NodeServices|[34mi[39m [90mя╜вwdmя╜г[39m: Hash: 8cb23a0d717d5d2133a9
Version: webpack 4.23.1
Time: 14212ms
Built at: 2019-03-14 11:26:49
                                                               Asset      Size         Chunks             Chunk Names
../img/_/fonts/glyphicons-halflings/glyphicons-halflings-regular.svg  64 bytes                 [emitted]  
                                                     ../img/drag.png  49.2 KiB                 [emitted]  
                                                  ../img/drag.png.gz  35.2 KiB                 [emitted]  
                          critical-foft-preload-fallback-optional.js  8.04 KiB                 [emitted]  
                                                    custom_styles.js   288 KiB  custom_styles  [emitted]  custom_styles
                                                 custom_styles.js.gz  53.5 KiB                 [emitted]  
                              fonts/glyphicons-halflings-regular.eot  19.9 KiB                 [emitted]  
                              fonts/glyphicons-halflings-regular.svg  61.7 KiB                 [emitted]  
                           fonts/glyphicons-halflings-regular.svg.gz  16.4 KiB                 [emitted]  
                              fonts/glyphicons-halflings-regular.ttf  40.3 KiB                 [emitted]  
                           fonts/glyphicons-halflings-regular.ttf.gz  22.7 KiB                 [emitted]  
                             fonts/glyphicons-halflings-regular.woff  22.8 KiB                 [emitted]  
                            fonts/glyphicons-halflings-regular.woff2  17.6 KiB                 [emitted]  
                                                             main.js   207 KiB           main  [emitted]  main
                                                          main.js.gz  45.2 KiB                 [emitted]  
                                                               sw.js  1.46 KiB                 [emitted]  
                                                       vendor_src.js   828 KiB     vendor_src  [emitted]  vendor_src
                                                    vendor_src.js.gz   187 KiB                 [emitted]  
                                                    vendor_styles.js  1.12 MiB  vendor_styles  [emitted]  vendor_styles
                                                 vendor_styles.js.gz   172 KiB                 [emitted]  
Entrypoint vendor_styles = vendor_styles.js
Entrypoint vendor_src = vendor_src.js
Entrypoint custom_styles = custom_styles.js
Entrypoint main = main.js
[0] multi webpack-hot-middleware/client?path=__webpack_hmr&dynamicPublicPath=true ./ClientApp/src/assets/js/vendor_styles.js 40 bytes {vendor_styles} [built]
[1] multi webpack-hot-middleware/client?path=__webpack_hmr&dynamicPublicPath=true script-loader!./ClientApp/src/assets/vendor/js/jquery/jquery.js script-loader!./ClientApp/src/assets/vendor/js/bootstrap/bootstrap.min.js script-loader!./ClientApp/src/assets/vendor/js/plugins/plugins.js script-loader!./ClientApp/src/assets/vendor/js/jconfirm/jquery-confirm.min.js script-loader!./ClientApp/src/assets/vendor/js/init.js 88 bytes {vendor_src} [built]
[2] multi webpack-hot-middleware/client?path=__webpack_hmr&dynamicPublicPath=true ./ClientApp/src/assets/js/custom_styles.js 40 bytes {custom_styles} [built]
[3] multi webpack-hot-middleware/client?path=__webpack_hmr&dynamicPublicPath=true ./ClientApp/src/assets/js/index.js 40 bytes {main} [built]
[./ClientApp/src/assets/js/custom_styles.js] 28 bytes {custom_styles} [built]
[./ClientApp/src/assets/js/index.js] 184 bytes {main} [built]
[./ClientApp/src/assets/js/vendor_styles.js] 241 bytes {vendor_styles} [built]
[./ClientApp/src/assets/scss/style.scss] 1.29 KiB {custom_styles} [built]
[./ClientApp/src/assets/vendor/css/animate/animate.css] 1.34 KiB {vendor_styles} [built]
[./node_modules/script-loader/index.js!./ClientApp/src/assets/vendor/js/bootstrap/bootstrap.min.js] ./node_modules/script-loader!./ClientApp/src/assets/vendor/js/bootstrap/bootstrap.min.js 553 bytes {vendor_src} [built]
[./node_modules/script-loader/index.js!./ClientApp/src/assets/vendor/js/init.js] ./node_modules/script-loader!./ClientApp/src/assets/vendor/js/init.js 533 bytes {vendor_src} [built]
[./node_modules/script-loader/index.js!./ClientApp/src/assets/vendor/js/jconfirm/jquery-confirm.min.js] ./node_modules/script-loader!./ClientApp/src/assets/vendor/js/jconfirm/jquery-confirm.min.js 557 bytes {vendor_src} [built]
[./node_modules/script-loader/index.js!./ClientApp/src/assets/vendor/js/jquery/jquery.js] ./node_modules/script-loader!./ClientApp/src/assets/vendor/js/jquery/jquery.js 543 bytes {vendor_src} [built]
[./node_modules/script-loader/index.js!./ClientApp/src/assets/vendor/js/plugins/plugins.js] ./node_modules/script-loader!./ClientApp/src/assets/vendor/js/plugins/plugins.js 545 bytes {vendor_src} [built]
[./node_modules/webpack-hot-middleware/client.js?path=__webpack_hmr&dynamicPublicPath=true] (webpack)-hot-middleware/client.js?path=__webpack_hmr&dynamicPublicPath=true 7.59 KiB {vendor_styles} {vendor_src} {custom_styles} {main} [built]
    + 42 hidden modules 
2019-03-14 11:26:49.3741||INFO|Microsoft.AspNetCore.NodeServices|[34mi[39m [90mя╜вwdmя╜г[39m: Compiled successfully. 
2019-03-14 11:26:49.3919|3|WARN|Microsoft.AspNetCore.HttpsPolicy.HttpsRedirectionMiddleware|Failed to determine the https port for redirect. 
2019-03-14 11:26:49.6920|1|INFO|Microsoft.AspNetCore.Mvc.Internal.ControllerActionInvoker|Route matched with {action = "Index", controller = "Home"}. Executing action WeddingInvitation.Controllers.HomeController.Index (WeddingInvitation) 
2019-03-14 11:26:49.7287|1|INFO|Microsoft.AspNetCore.Mvc.Internal.ControllerActionInvoker|Executing action method WeddingInvitation.Controllers.HomeController.Index (WeddingInvitation) with arguments () - Validation state: Valid 
2019-03-14 11:26:49.7287|2|INFO|Microsoft.AspNetCore.Mvc.Internal.ControllerActionInvoker|Executed action method WeddingInvitation.Controllers.HomeController.Index (WeddingInvitation), returned result Microsoft.AspNetCore.Mvc.ViewResult in 0.5952ms. 
2019-03-14 11:26:49.7757|1|INFO|Microsoft.AspNetCore.Mvc.ViewFeatures.ViewResultExecutor|Executing ViewResult, running view Index. 
2019-03-14 11:26:49.9439|4|INFO|Microsoft.AspNetCore.Mvc.ViewFeatures.ViewResultExecutor|Executed ViewResult - view Index executed in 194.8858ms. 
2019-03-14 11:26:49.9458|2|INFO|Microsoft.AspNetCore.Mvc.Internal.ControllerActionInvoker|Executed action WeddingInvitation.Controllers.HomeController.Index (WeddingInvitation) in 251.3267ms 
2019-03-14 11:26:49.9677|2|INFO|Microsoft.AspNetCore.Hosting.Internal.WebHost|Request finished in 14390.3518ms 200 text/html; charset=utf-8 
2019-03-14 11:26:50.3432|1|INFO|Microsoft.AspNetCore.Hosting.Internal.WebHost|Request starting HTTP/1.1 GET http://localhost:53185/__webpack_hmr   
2019-03-14 11:26:50.5065|1|INFO|Microsoft.AspNetCore.Hosting.Internal.WebHost|Request starting HTTP/1.1 GET http://localhost:53185/225c2749b1b2eb787209.hot-update.json   
2019-03-14 11:26:50.5478|1|INFO|Microsoft.AspNetCore.Mvc.Internal.ControllerActionInvoker|Route matched with {action = "Error404", controller = "Home"}. Executing action WeddingInvitation.Controllers.HomeController.Error404 (WeddingInvitation) 
2019-03-14 11:26:50.5478|1|INFO|Microsoft.AspNetCore.Mvc.Internal.ControllerActionInvoker|Executing action method WeddingInvitation.Controllers.HomeController.Error404 (WeddingInvitation) - Validation state: Valid 
2019-03-14 11:26:50.5548|2|INFO|Microsoft.AspNetCore.Mvc.Internal.ControllerActionInvoker|Executed action method WeddingInvitation.Controllers.HomeController.Error404 (WeddingInvitation), returned result Microsoft.AspNetCore.Mvc.ViewResult in 0.3175ms. 
2019-03-14 11:26:50.5548|1|INFO|Microsoft.AspNetCore.Mvc.ViewFeatures.ViewResultExecutor|Executing ViewResult, running view Error404. 
2019-03-14 11:26:50.5806|4|INFO|Microsoft.AspNetCore.Mvc.ViewFeatures.ViewResultExecutor|Executed ViewResult - view Error404 executed in 22.1224ms. 
2019-03-14 11:26:50.5904|2|INFO|Microsoft.AspNetCore.Mvc.Internal.ControllerActionInvoker|Executed action WeddingInvitation.Controllers.HomeController.Error404 (WeddingInvitation) in 41.1142ms 
2019-03-14 11:26:50.5904|2|INFO|Microsoft.AspNetCore.Hosting.Internal.WebHost|Request finished in 86.8768ms 404 text/html; charset=utf-8 
2019-03-14 11:26:50.6106|1|INFO|Microsoft.AspNetCore.Hosting.Internal.WebHost|Request starting HTTP/1.1 GET http://localhost:53185/225c2749b1b2eb787209.hot-update.json   
2019-03-14 11:26:50.6180|1|INFO|Microsoft.AspNetCore.Mvc.Internal.ControllerActionInvoker|Route matched with {action = "Error404", controller = "Home"}. Executing action WeddingInvitation.Controllers.HomeController.Error404 (WeddingInvitation) 
2019-03-14 11:26:50.6180|1|INFO|Microsoft.AspNetCore.Mvc.Internal.ControllerActionInvoker|Executing action method WeddingInvitation.Controllers.HomeController.Error404 (WeddingInvitation) - Validation state: Valid 
2019-03-14 11:26:50.6180|2|INFO|Microsoft.AspNetCore.Mvc.Internal.ControllerActionInvoker|Executed action method WeddingInvitation.Controllers.HomeController.Error404 (WeddingInvitation), returned result Microsoft.AspNetCore.Mvc.ViewResult in 0.0259ms. 
2019-03-14 11:26:50.6180|1|INFO|Microsoft.AspNetCore.Mvc.ViewFeatures.ViewResultExecutor|Executing ViewResult, running view Error404. 
2019-03-14 11:26:50.6330|4|INFO|Microsoft.AspNetCore.Mvc.ViewFeatures.ViewResultExecutor|Executed ViewResult - view Error404 executed in 3.2643ms. 
2019-03-14 11:26:50.6330|2|INFO|Microsoft.AspNetCore.Mvc.Internal.ControllerActionInvoker|Executed action WeddingInvitation.Controllers.HomeController.Error404 (WeddingInvitation) in 16.7309ms 
2019-03-14 11:26:50.6330|2|INFO|Microsoft.AspNetCore.Hosting.Internal.WebHost|Request finished in 28.4889ms 404 text/html; charset=utf-8 
2019-03-14 11:26:53.9091|1|INFO|Microsoft.AspNetCore.Hosting.Internal.WebHost|Request starting HTTP/1.1 GET http://localhost:53185/   
2019-03-14 11:26:53.9165|1|INFO|Microsoft.AspNetCore.Mvc.Internal.ControllerActionInvoker|Route matched with {action = "Index", controller = "Home"}. Executing action WeddingInvitation.Controllers.HomeController.Index (WeddingInvitation) 
2019-03-14 11:26:53.9165|1|INFO|Microsoft.AspNetCore.Mvc.Internal.ControllerActionInvoker|Executing action method WeddingInvitation.Controllers.HomeController.Index (WeddingInvitation) with arguments () - Validation state: Valid 
2019-03-14 11:26:53.9165|2|INFO|Microsoft.AspNetCore.Mvc.Internal.ControllerActionInvoker|Executed action method WeddingInvitation.Controllers.HomeController.Index (WeddingInvitation), returned result Microsoft.AspNetCore.Mvc.ViewResult in 0.0235ms. 
2019-03-14 11:26:53.9165|1|INFO|Microsoft.AspNetCore.Mvc.ViewFeatures.ViewResultExecutor|Executing ViewResult, running view Index. 
2019-03-14 11:26:53.9165|4|INFO|Microsoft.AspNetCore.Mvc.ViewFeatures.ViewResultExecutor|Executed ViewResult - view Index executed in 5.3519ms. 
2019-03-14 11:26:53.9288|2|INFO|Microsoft.AspNetCore.Mvc.Internal.ControllerActionInvoker|Executed action WeddingInvitation.Controllers.HomeController.Index (WeddingInvitation) in 10.255ms 
2019-03-14 11:26:53.9288|2|INFO|Microsoft.AspNetCore.Hosting.Internal.WebHost|Request finished in 22.4931ms 200 text/html; charset=utf-8 
2019-03-14 11:26:54.0130|1|INFO|Microsoft.AspNetCore.Hosting.Internal.WebHost|Request starting HTTP/1.1 GET http://localhost:53185/img/him.jpg   
2019-03-14 11:26:54.0130|1|INFO|Microsoft.AspNetCore.Hosting.Internal.WebHost|Request starting HTTP/1.1 GET http://localhost:53185/dist/vendor_styles.js   
2019-03-14 11:26:54.0313|1|INFO|Microsoft.AspNetCore.Hosting.Internal.WebHost|Request starting HTTP/1.1 GET http://localhost:53185/dist/custom_styles.js   
2019-03-14 11:26:54.0313|1|INFO|Microsoft.AspNetCore.Hosting.Internal.WebHost|Request starting HTTP/1.1 GET http://localhost:53185/img/her.jpg   
2019-03-14 11:26:54.0474|2|INFO|Microsoft.AspNetCore.StaticFiles.StaticFileMiddleware|Sending file. Request path: '/img/him.jpg'. Physical path: 'C:\Users\Diana\Documents\nordicsoftprojects\RichardGrace.com\TemplateCoreWeb\wwwroot\img\him.jpg' 
2019-03-14 11:26:54.1167|2|INFO|Microsoft.AspNetCore.StaticFiles.StaticFileMiddleware|Sending file. Request path: '/dist/custom_styles.js'. Physical path: 'C:\Users\Diana\Documents\nordicsoftprojects\RichardGrace.com\TemplateCoreWeb\wwwroot\dist\custom_styles.js' 
2019-03-14 11:26:54.1167|2|INFO|Microsoft.AspNetCore.StaticFiles.StaticFileMiddleware|Sending file. Request path: '/img/her.jpg'. Physical path: 'C:\Users\Diana\Documents\nordicsoftprojects\RichardGrace.com\TemplateCoreWeb\wwwroot\img\her.jpg' 
2019-03-14 11:26:54.1167|2|INFO|Microsoft.AspNetCore.Hosting.Internal.WebHost|Request finished in 110.3501ms 200 image/jpeg 
2019-03-14 11:26:54.1167|2|INFO|Microsoft.AspNetCore.Hosting.Internal.WebHost|Request finished in 96.2904ms 200 application/javascript 
2019-03-14 11:26:54.1349|2|INFO|Microsoft.AspNetCore.Hosting.Internal.WebHost|Request finished in 102.8785ms 200 image/jpeg 
2019-03-14 11:26:54.1679|1|INFO|Microsoft.AspNetCore.Hosting.Internal.WebHost|Request starting HTTP/1.1 GET http://localhost:53185/img/logo/logo1.png   
2019-03-14 11:26:54.1857|2|INFO|Microsoft.AspNetCore.StaticFiles.StaticFileMiddleware|Sending file. Request path: '/img/logo/logo1.png'. Physical path: 'C:\Users\Diana\Documents\nordicsoftprojects\RichardGrace.com\TemplateCoreWeb\wwwroot\img\logo\logo1.png' 
2019-03-14 11:26:54.1857|2|INFO|Microsoft.AspNetCore.Hosting.Internal.WebHost|Request finished in 19.2013ms 200 image/png 
2019-03-14 11:26:54.1857|1|INFO|Microsoft.AspNetCore.Hosting.Internal.WebHost|Request starting HTTP/1.1 GET http://localhost:53185/img/logo/logo2.png   
2019-03-14 11:26:54.2029|2|INFO|Microsoft.AspNetCore.StaticFiles.StaticFileMiddleware|Sending file. Request path: '/img/logo/logo2.png'. Physical path: 'C:\Users\Diana\Documents\nordicsoftprojects\RichardGrace.com\TemplateCoreWeb\wwwroot\img\logo\logo2.png' 
2019-03-14 11:26:54.2396|2|INFO|Microsoft.AspNetCore.Hosting.Internal.WebHost|Request finished in 47.6118ms 200 image/png 
2019-03-14 11:26:54.2803|1|INFO|Microsoft.AspNetCore.Hosting.Internal.WebHost|Request starting HTTP/1.1 GET http://localhost:53185/img/logo/logo3.png   
2019-03-14 11:26:54.2912|2|INFO|Microsoft.AspNetCore.StaticFiles.StaticFileMiddleware|Sending file. Request path: '/img/logo/logo3.png'. Physical path: 'C:\Users\Diana\Documents\nordicsoftprojects\RichardGrace.com\TemplateCoreWeb\wwwroot\img\logo\logo3.png' 
2019-03-14 11:26:54.2912|2|INFO|Microsoft.AspNetCore.Hosting.Internal.WebHost|Request finished in 14.204ms 200 image/png 
2019-03-14 11:26:54.3400|1|INFO|Microsoft.AspNetCore.Hosting.Internal.WebHost|Request starting HTTP/1.1 GET http://localhost:53185/img/logo/logo4.png   
2019-03-14 11:26:54.3400|2|INFO|Microsoft.AspNetCore.StaticFiles.StaticFileMiddleware|Sending file. Request path: '/dist/vendor_styles.js'. Physical path: 'C:\Users\Diana\Documents\nordicsoftprojects\RichardGrace.com\TemplateCoreWeb\wwwroot\dist\vendor_styles.js' 
2019-03-14 11:26:54.3812|2|INFO|Microsoft.AspNetCore.Hosting.Internal.WebHost|Request finished in 365.253ms 200 application/javascript 
2019-03-14 11:26:54.3947|2|INFO|Microsoft.AspNetCore.StaticFiles.StaticFileMiddleware|Sending file. Request path: '/img/logo/logo4.png'. Physical path: 'C:\Users\Diana\Documents\nordicsoftprojects\RichardGrace.com\TemplateCoreWeb\wwwroot\img\logo\logo4.png' 
2019-03-14 11:26:54.4043|2|INFO|Microsoft.AspNetCore.Hosting.Internal.WebHost|Request finished in 64.2932ms 200 image/png 
2019-03-14 11:26:54.4206|1|INFO|Microsoft.AspNetCore.Hosting.Internal.WebHost|Request starting HTTP/1.1 GET http://localhost:53185/img/logo/logo5.png   
2019-03-14 11:26:54.4362|2|INFO|Microsoft.AspNetCore.StaticFiles.StaticFileMiddleware|Sending file. Request path: '/img/logo/logo5.png'. Physical path: 'C:\Users\Diana\Documents\nordicsoftprojects\RichardGrace.com\TemplateCoreWeb\wwwroot\img\logo\logo5.png' 
2019-03-14 11:26:54.4362|2|INFO|Microsoft.AspNetCore.Hosting.Internal.WebHost|Request finished in 18.6425ms 200 image/png 
2019-03-14 11:26:54.4506|1|INFO|Microsoft.AspNetCore.Hosting.Internal.WebHost|Request starting HTTP/1.1 GET http://localhost:53185/img/logo/logo6.png   
2019-03-14 11:26:54.4630|2|INFO|Microsoft.AspNetCore.StaticFiles.StaticFileMiddleware|Sending file. Request path: '/img/logo/logo6.png'. Physical path: 'C:\Users\Diana\Documents\nordicsoftprojects\RichardGrace.com\TemplateCoreWeb\wwwroot\img\logo\logo6.png' 
2019-03-14 11:26:54.4630|2|INFO|Microsoft.AspNetCore.Hosting.Internal.WebHost|Request finished in 14.9097ms 200 image/png 
2019-03-14 11:26:54.4630|1|INFO|Microsoft.AspNetCore.Hosting.Internal.WebHost|Request starting HTTP/1.1 GET http://localhost:53185/dist/vendor_src.js   
2019-03-14 11:26:54.5223|2|INFO|Microsoft.AspNetCore.StaticFiles.StaticFileMiddleware|Sending file. Request path: '/dist/vendor_src.js'. Physical path: 'C:\Users\Diana\Documents\nordicsoftprojects\RichardGrace.com\TemplateCoreWeb\wwwroot\dist\vendor_src.js' 
2019-03-14 11:26:54.5369|1|INFO|Microsoft.AspNetCore.Hosting.Internal.WebHost|Request starting HTTP/1.1 GET http://localhost:53185/dist/main.js   
2019-03-14 11:26:54.5487|2|INFO|Microsoft.AspNetCore.Hosting.Internal.WebHost|Request finished in 82.6457ms 200 application/javascript 
2019-03-14 11:26:54.5995|2|INFO|Microsoft.AspNetCore.StaticFiles.StaticFileMiddleware|Sending file. Request path: '/dist/main.js'. Physical path: 'C:\Users\Diana\Documents\nordicsoftprojects\RichardGrace.com\TemplateCoreWeb\wwwroot\dist\main.js' 
2019-03-14 11:26:54.6129|2|INFO|Microsoft.AspNetCore.Hosting.Internal.WebHost|Request finished in 75.9193ms 200 application/javascript 
2019-03-14 11:26:54.6774|1|INFO|Microsoft.AspNetCore.Hosting.Internal.WebHost|Request starting HTTP/1.1 GET http://localhost:53185/__webpack_hmr   
2019-03-14 11:26:54.7183|2|INFO|Microsoft.AspNetCore.Hosting.Internal.WebHost|Request finished in 4375.1954ms 200 text/event-stream; charset=utf-8 
2019-03-14 11:26:55.0612|1|INFO|Microsoft.AspNetCore.Hosting.Internal.WebHost|Request starting HTTP/1.1 GET http://localhost:53185/img/bg/bg3.jpg   
2019-03-14 11:26:55.0702|1|INFO|Microsoft.AspNetCore.Hosting.Internal.WebHost|Request starting HTTP/1.1 GET http://localhost:53185/img/bg/bg1.jpg   
2019-03-14 11:26:55.0702|1|INFO|Microsoft.AspNetCore.Hosting.Internal.WebHost|Request starting HTTP/1.1 GET http://localhost:53185/img/bg/bg2.jpg   
2019-03-14 11:26:55.0997|1|INFO|Microsoft.AspNetCore.Hosting.Internal.WebHost|Request starting HTTP/1.1 GET http://localhost:53185/img/bg/bg9.jpg   
2019-03-14 11:26:55.1143|2|INFO|Microsoft.AspNetCore.StaticFiles.StaticFileMiddleware|Sending file. Request path: '/img/bg/bg2.jpg'. Physical path: 'C:\Users\Diana\Documents\nordicsoftprojects\RichardGrace.com\TemplateCoreWeb\wwwroot\img\bg\bg2.jpg' 
2019-03-14 11:26:55.1169|2|INFO|Microsoft.AspNetCore.StaticFiles.StaticFileMiddleware|Sending file. Request path: '/img/bg/bg3.jpg'. Physical path: 'C:\Users\Diana\Documents\nordicsoftprojects\RichardGrace.com\TemplateCoreWeb\wwwroot\img\bg\bg3.jpg' 
2019-03-14 11:26:55.1169|2|INFO|Microsoft.AspNetCore.Hosting.Internal.WebHost|Request finished in 35.5226ms 200 image/jpeg 
2019-03-14 11:26:55.1461|2|INFO|Microsoft.AspNetCore.Hosting.Internal.WebHost|Request finished in 84.7783ms 200 image/jpeg 
2019-03-14 11:26:55.1490|2|INFO|Microsoft.AspNetCore.StaticFiles.StaticFileMiddleware|Sending file. Request path: '/img/bg/bg1.jpg'. Physical path: 'C:\Users\Diana\Documents\nordicsoftprojects\RichardGrace.com\TemplateCoreWeb\wwwroot\img\bg\bg1.jpg' 
2019-03-14 11:26:55.1490|2|INFO|Microsoft.AspNetCore.Hosting.Internal.WebHost|Request finished in 84.168ms 200 image/jpeg 
2019-03-14 11:26:55.1712|2|INFO|Microsoft.AspNetCore.StaticFiles.StaticFileMiddleware|Sending file. Request path: '/img/bg/bg9.jpg'. Physical path: 'C:\Users\Diana\Documents\nordicsoftprojects\RichardGrace.com\TemplateCoreWeb\wwwroot\img\bg\bg9.jpg' 
2019-03-14 11:26:55.1817|2|INFO|Microsoft.AspNetCore.Hosting.Internal.WebHost|Request finished in 81.9194ms 200 image/jpeg 
2019-03-14 11:26:55.5026|1|INFO|Microsoft.AspNetCore.Hosting.Internal.WebHost|Request starting HTTP/1.1 GET http://localhost:53185/favicon-32x32.png   
2019-03-14 11:26:55.5108|2|INFO|Microsoft.AspNetCore.StaticFiles.StaticFileMiddleware|Sending file. Request path: '/favicon-32x32.png'. Physical path: 'C:\Users\Diana\Documents\nordicsoftprojects\RichardGrace.com\TemplateCoreWeb\wwwroot\favicon-32x32.png' 
2019-03-14 11:26:55.5108|2|INFO|Microsoft.AspNetCore.Hosting.Internal.WebHost|Request finished in 12.1915ms 200 image/png 
2019-03-14 11:27:28.8431|2|INFO|Microsoft.AspNetCore.Hosting.Internal.WebHost|Request finished in 34166.0693ms 200 text/event-stream; charset=utf-8 
