2019-02-28 18:56:41.9399||DEBUG|TemplateCoreWebTest.Program|init main 
2019-02-28 18:56:44.1210||INFO|Microsoft.AspNetCore.DataProtection.KeyManagement.XmlKeyManager|User profile is available. Using 'C:\Users\Diana\AppData\Local\ASP.NET\DataProtection-Keys' as key repository and Windows DPAPI to encrypt keys at rest. 
2019-02-28 18:56:50.1459||INFO|Microsoft.AspNetCore.NodeServices|development mode: true 
2019-02-28 18:56:54.3868||ERROR|Microsoft.AspNetCore.NodeServices|clean-webpack-plugin: C:\Users\Diana\Work\Projects\Weeding\TemplateCoreWeb\wwwroot\dist has been removed. 
2019-02-28 18:56:55.3154|1|INFO|Microsoft.AspNetCore.Hosting.Internal.WebHost|Request starting HTTP/1.1 GET http://localhost:53185/   
2019-02-28 18:56:56.5668||INFO|Microsoft.AspNetCore.NodeServices|[34mi[39m [90mя╜вwdmя╜г[39m: wait until bundle finished: / 
2019-02-28 18:57:07.0216||INFO|Microsoft.AspNetCore.NodeServices|webpack built bc6c83ca85933ee90b8a in 12327ms 
2019-02-28 18:57:07.1278||INFO|Microsoft.AspNetCore.NodeServices|[34mi[39m [90mя╜вwdmя╜г[39m: Hash: bc6c83ca85933ee90b8a
Version: webpack 4.23.1
Time: 12327ms
Built at: 2019-02-28 18:57:06
                                                               Asset      Size         Chunks             Chunk Names
../img/_/fonts/glyphicons-halflings/glyphicons-halflings-regular.svg  64 bytes                 [emitted]  
                                                     ../img/drag.png  49.2 KiB                 [emitted]  
                                                  ../img/drag.png.gz  35.2 KiB                 [emitted]  
                          critical-foft-preload-fallback-optional.js  8.04 KiB                 [emitted]  
                                                    custom_styles.js   287 KiB  custom_styles  [emitted]  custom_styles
                                                 custom_styles.js.gz  53.2 KiB                 [emitted]  
                              fonts/glyphicons-halflings-regular.eot  19.9 KiB                 [emitted]  
                              fonts/glyphicons-halflings-regular.svg  61.7 KiB                 [emitted]  
                           fonts/glyphicons-halflings-regular.svg.gz  16.4 KiB                 [emitted]  
                              fonts/glyphicons-halflings-regular.ttf  40.3 KiB                 [emitted]  
                           fonts/glyphicons-halflings-regular.ttf.gz  22.7 KiB                 [emitted]  
                             fonts/glyphicons-halflings-regular.woff  22.8 KiB                 [emitted]  
                            fonts/glyphicons-halflings-regular.woff2  17.6 KiB                 [emitted]  
                                                             main.js   207 KiB           main  [emitted]  main
                                                          main.js.gz  45.2 KiB                 [emitted]  
                                                               sw.js  1.46 KiB                 [emitted]  
                                                       vendor_src.js   828 KiB     vendor_src  [emitted]  vendor_src
                                                    vendor_src.js.gz   187 KiB                 [emitted]  
                                                    vendor_styles.js  1.12 MiB  vendor_styles  [emitted]  vendor_styles
                                                 vendor_styles.js.gz   172 KiB                 [emitted]  
Entrypoint vendor_styles = vendor_styles.js
Entrypoint vendor_src = vendor_src.js
Entrypoint custom_styles = custom_styles.js
Entrypoint main = main.js
[0] multi webpack-hot-middleware/client?path=__webpack_hmr&dynamicPublicPath=true ./ClientApp/src/assets/js/vendor_styles.js 40 bytes {vendor_styles} [built]
[1] multi webpack-hot-middleware/client?path=__webpack_hmr&dynamicPublicPath=true script-loader!./ClientApp/src/assets/vendor/js/jquery/jquery.js script-loader!./ClientApp/src/assets/vendor/js/bootstrap/bootstrap.min.js script-loader!./ClientApp/src/assets/vendor/js/plugins/plugins.js script-loader!./ClientApp/src/assets/vendor/js/jconfirm/jquery-confirm.min.js script-loader!./ClientApp/src/assets/vendor/js/init.js 88 bytes {vendor_src} [built]
[2] multi webpack-hot-middleware/client?path=__webpack_hmr&dynamicPublicPath=true ./ClientApp/src/assets/js/custom_styles.js 40 bytes {custom_styles} [built]
[3] multi webpack-hot-middleware/client?path=__webpack_hmr&dynamicPublicPath=true ./ClientApp/src/assets/js/index.js 40 bytes {main} [built]
[./ClientApp/src/assets/js/custom_styles.js] 28 bytes {custom_styles} [built]
[./ClientApp/src/assets/js/index.js] 184 bytes {main} [built]
[./ClientApp/src/assets/js/vendor_styles.js] 241 bytes {vendor_styles} [built]
[./ClientApp/src/assets/scss/style.scss] 1.29 KiB {custom_styles} [built]
[./ClientApp/src/assets/vendor/css/animate/animate.css] 1.34 KiB {vendor_styles} [built]
[./node_modules/script-loader/index.js!./ClientApp/src/assets/vendor/js/bootstrap/bootstrap.min.js] ./node_modules/script-loader!./ClientApp/src/assets/vendor/js/bootstrap/bootstrap.min.js 457 bytes {vendor_src} [built]
[./node_modules/script-loader/index.js!./ClientApp/src/assets/vendor/js/init.js] ./node_modules/script-loader!./ClientApp/src/assets/vendor/js/init.js 437 bytes {vendor_src} [built]
[./node_modules/script-loader/index.js!./ClientApp/src/assets/vendor/js/jconfirm/jquery-confirm.min.js] ./node_modules/script-loader!./ClientApp/src/assets/vendor/js/jconfirm/jquery-confirm.min.js 461 bytes {vendor_src} [built]
[./node_modules/script-loader/index.js!./ClientApp/src/assets/vendor/js/jquery/jquery.js] ./node_modules/script-loader!./ClientApp/src/assets/vendor/js/jquery/jquery.js 447 bytes {vendor_src} [built]
[./node_modules/script-loader/index.js!./ClientApp/src/assets/vendor/js/plugins/plugins.js] ./node_modules/script-loader!./ClientApp/src/assets/vendor/js/plugins/plugins.js 449 bytes {vendor_src} [built]
[./node_modules/webpack-hot-middleware/client.js?path=__webpack_hmr&dynamicPublicPath=true] (webpack)-hot-middleware/client.js?path=__webpack_hmr&dynamicPublicPath=true 7.59 KiB {vendor_styles} {vendor_src} {custom_styles} {main} [built]
    + 42 hidden modules 
2019-02-28 18:57:07.1278||INFO|Microsoft.AspNetCore.NodeServices|[34mi[39m [90mя╜вwdmя╜г[39m: Compiled successfully. 
2019-02-28 18:57:07.1452|3|WARN|Microsoft.AspNetCore.HttpsPolicy.HttpsRedirectionMiddleware|Failed to determine the https port for redirect. 
2019-02-28 18:57:07.3904|1|INFO|Microsoft.AspNetCore.Mvc.Internal.ControllerActionInvoker|Route matched with {action = "Index", controller = "Home"}. Executing action TemplateCoreWebTest.Controllers.HomeController.Index (TemplateCoreWebTest) 
2019-02-28 18:57:07.4362|1|INFO|Microsoft.AspNetCore.Mvc.Internal.ControllerActionInvoker|Executing action method TemplateCoreWebTest.Controllers.HomeController.Index (TemplateCoreWebTest) with arguments () - Validation state: Valid 
2019-02-28 18:57:07.4362|2|INFO|Microsoft.AspNetCore.Mvc.Internal.ControllerActionInvoker|Executed action method TemplateCoreWebTest.Controllers.HomeController.Index (TemplateCoreWebTest), returned result Microsoft.AspNetCore.Mvc.ViewResult in 1.2001ms. 
2019-02-28 18:57:07.4851|1|INFO|Microsoft.AspNetCore.Mvc.ViewFeatures.ViewResultExecutor|Executing ViewResult, running view Index. 
2019-02-28 18:57:07.6152|4|INFO|Microsoft.AspNetCore.Mvc.ViewFeatures.ViewResultExecutor|Executed ViewResult - view Index executed in 156.9327ms. 
2019-02-28 18:57:07.6152|2|INFO|Microsoft.AspNetCore.Mvc.Internal.ControllerActionInvoker|Executed action TemplateCoreWebTest.Controllers.HomeController.Index (TemplateCoreWebTest) in 223.6561ms 
2019-02-28 18:57:07.6400|2|INFO|Microsoft.AspNetCore.Hosting.Internal.WebHost|Request finished in 12327.2016ms 200 text/html; charset=utf-8 
2019-02-28 18:57:07.7244|1|INFO|Microsoft.AspNetCore.Hosting.Internal.WebHost|Request starting HTTP/1.1 GET http://localhost:53185/dist/custom_styles.js   
2019-02-28 18:57:07.7244|1|INFO|Microsoft.AspNetCore.Hosting.Internal.WebHost|Request starting HTTP/1.1 GET http://localhost:53185/img/her.jpg   
2019-02-28 18:57:07.7244|1|INFO|Microsoft.AspNetCore.Hosting.Internal.WebHost|Request starting HTTP/1.1 GET http://localhost:53185/img/him.jpg   
2019-02-28 18:57:07.7590|1|INFO|Microsoft.AspNetCore.Hosting.Internal.WebHost|Request starting HTTP/1.1 GET http://localhost:53185/robots.txt   
2019-02-28 18:57:07.7590|2|INFO|Microsoft.AspNetCore.StaticFiles.StaticFileMiddleware|Sending file. Request path: '/img/her.jpg'. Physical path: 'C:\Users\Diana\Work\Projects\Weeding\TemplateCoreWeb\wwwroot\img\her.jpg' 
2019-02-28 18:57:07.7628|1|INFO|Microsoft.AspNetCore.Hosting.Internal.WebHost|Request starting HTTP/1.1 GET http://localhost:53185/dist/vendor_styles.js   
2019-02-28 18:57:07.7874|2|INFO|Microsoft.AspNetCore.StaticFiles.StaticFileMiddleware|Sending file. Request path: '/img/him.jpg'. Physical path: 'C:\Users\Diana\Work\Projects\Weeding\TemplateCoreWeb\wwwroot\img\him.jpg' 
2019-02-28 18:57:07.7874|2|INFO|Microsoft.AspNetCore.StaticFiles.StaticFileMiddleware|Sending file. Request path: '/robots.txt'. Physical path: 'C:\Users\Diana\Work\Projects\Weeding\TemplateCoreWeb\wwwroot\robots.txt' 
2019-02-28 18:57:07.7874|2|INFO|Microsoft.AspNetCore.Hosting.Internal.WebHost|Request finished in 62.6564ms 200 image/jpeg 
2019-02-28 18:57:07.7997|2|INFO|Microsoft.AspNetCore.Hosting.Internal.WebHost|Request finished in 68.9577ms 200 image/jpeg 
2019-02-28 18:57:07.7997|2|INFO|Microsoft.AspNetCore.Hosting.Internal.WebHost|Request finished in 42.7726ms 200 text/plain 
2019-02-28 18:57:07.8293|2|INFO|Microsoft.AspNetCore.StaticFiles.StaticFileMiddleware|Sending file. Request path: '/dist/custom_styles.js'. Physical path: 'C:\Users\Diana\Work\Projects\Weeding\TemplateCoreWeb\wwwroot\dist\custom_styles.js' 
2019-02-28 18:57:07.8293|2|INFO|Microsoft.AspNetCore.Hosting.Internal.WebHost|Request finished in 111.7449ms 200 application/javascript 
2019-02-28 18:57:07.8533|1|INFO|Microsoft.AspNetCore.Hosting.Internal.WebHost|Request starting HTTP/1.1 GET http://localhost:53185/img/logo/logo1.png   
2019-02-28 18:57:07.8706|2|INFO|Microsoft.AspNetCore.StaticFiles.StaticFileMiddleware|Sending file. Request path: '/img/logo/logo1.png'. Physical path: 'C:\Users\Diana\Work\Projects\Weeding\TemplateCoreWeb\wwwroot\img\logo\logo1.png' 
2019-02-28 18:57:07.8706|2|INFO|Microsoft.AspNetCore.Hosting.Internal.WebHost|Request finished in 19.2574ms 200 image/png 
2019-02-28 18:57:07.8749|1|INFO|Microsoft.AspNetCore.Hosting.Internal.WebHost|Request starting HTTP/1.1 GET http://localhost:53185/img/logo/logo2.png   
2019-02-28 18:57:07.8749|2|INFO|Microsoft.AspNetCore.StaticFiles.StaticFileMiddleware|Sending file. Request path: '/img/logo/logo2.png'. Physical path: 'C:\Users\Diana\Work\Projects\Weeding\TemplateCoreWeb\wwwroot\img\logo\logo2.png' 
2019-02-28 18:57:07.8972|2|INFO|Microsoft.AspNetCore.Hosting.Internal.WebHost|Request finished in 20.3477ms 200 image/png 
2019-02-28 18:57:07.9124|1|INFO|Microsoft.AspNetCore.Hosting.Internal.WebHost|Request starting HTTP/1.1 GET http://localhost:53185/img/logo/logo3.png   
2019-02-28 18:57:07.9217|2|INFO|Microsoft.AspNetCore.StaticFiles.StaticFileMiddleware|Sending file. Request path: '/img/logo/logo3.png'. Physical path: 'C:\Users\Diana\Work\Projects\Weeding\TemplateCoreWeb\wwwroot\img\logo\logo3.png' 
2019-02-28 18:57:07.9217|2|INFO|Microsoft.AspNetCore.Hosting.Internal.WebHost|Request finished in 21.5141ms 200 image/png 
2019-02-28 18:57:07.9423|1|INFO|Microsoft.AspNetCore.Hosting.Internal.WebHost|Request starting HTTP/1.1 GET http://localhost:53185/img/logo/logo4.png   
2019-02-28 18:57:07.9552|2|INFO|Microsoft.AspNetCore.StaticFiles.StaticFileMiddleware|Sending file. Request path: '/img/logo/logo4.png'. Physical path: 'C:\Users\Diana\Work\Projects\Weeding\TemplateCoreWeb\wwwroot\img\logo\logo4.png' 
2019-02-28 18:57:07.9552|1|INFO|Microsoft.AspNetCore.Hosting.Internal.WebHost|Request starting HTTP/1.1 GET http://localhost:53185/img/logo/logo5.png   
2019-02-28 18:57:07.9552|2|INFO|Microsoft.AspNetCore.Hosting.Internal.WebHost|Request finished in 21.6035ms 200 image/png 
2019-02-28 18:57:07.9717|2|INFO|Microsoft.AspNetCore.StaticFiles.StaticFileMiddleware|Sending file. Request path: '/img/logo/logo5.png'. Physical path: 'C:\Users\Diana\Work\Projects\Weeding\TemplateCoreWeb\wwwroot\img\logo\logo5.png' 
2019-02-28 18:57:07.9717|2|INFO|Microsoft.AspNetCore.Hosting.Internal.WebHost|Request finished in 23.4608ms 200 image/png 
2019-02-28 18:57:07.9961|1|INFO|Microsoft.AspNetCore.Hosting.Internal.WebHost|Request starting HTTP/1.1 GET http://localhost:53185/img/logo/logo6.png   
2019-02-28 18:57:08.0136|1|INFO|Microsoft.AspNetCore.Hosting.Internal.WebHost|Request starting HTTP/1.1 GET http://localhost:53185/dist/vendor_src.js   
2019-02-28 18:57:08.0136|2|INFO|Microsoft.AspNetCore.StaticFiles.StaticFileMiddleware|Sending file. Request path: '/img/logo/logo6.png'. Physical path: 'C:\Users\Diana\Work\Projects\Weeding\TemplateCoreWeb\wwwroot\img\logo\logo6.png' 
2019-02-28 18:57:08.0343|2|INFO|Microsoft.AspNetCore.Hosting.Internal.WebHost|Request finished in 38.1566ms 200 image/png 
2019-02-28 18:57:08.0873|2|INFO|Microsoft.AspNetCore.StaticFiles.StaticFileMiddleware|Sending file. Request path: '/dist/vendor_src.js'. Physical path: 'C:\Users\Diana\Work\Projects\Weeding\TemplateCoreWeb\wwwroot\dist\vendor_src.js' 
2019-02-28 18:57:08.1121|2|INFO|Microsoft.AspNetCore.StaticFiles.StaticFileMiddleware|Sending file. Request path: '/dist/vendor_styles.js'. Physical path: 'C:\Users\Diana\Work\Projects\Weeding\TemplateCoreWeb\wwwroot\dist\vendor_styles.js' 
2019-02-28 18:57:08.1121|2|INFO|Microsoft.AspNetCore.Hosting.Internal.WebHost|Request finished in 98.7839ms 200 application/javascript 
2019-02-28 18:57:08.1540|2|INFO|Microsoft.AspNetCore.Hosting.Internal.WebHost|Request finished in 390.9626ms 200 application/javascript 
2019-02-28 18:57:08.1875|1|INFO|Microsoft.AspNetCore.Hosting.Internal.WebHost|Request starting HTTP/1.1 GET http://localhost:53185/dist/main.js   
2019-02-28 18:57:08.2055|2|INFO|Microsoft.AspNetCore.StaticFiles.StaticFileMiddleware|Sending file. Request path: '/dist/main.js'. Physical path: 'C:\Users\Diana\Work\Projects\Weeding\TemplateCoreWeb\wwwroot\dist\main.js' 
2019-02-28 18:57:08.2349|2|INFO|Microsoft.AspNetCore.Hosting.Internal.WebHost|Request finished in 47.395ms 200 application/javascript 
2019-02-28 18:57:08.4750|1|INFO|Microsoft.AspNetCore.Hosting.Internal.WebHost|Request starting HTTP/1.1 GET http://localhost:53185/__webpack_hmr   
2019-02-28 18:57:09.2372|1|INFO|Microsoft.AspNetCore.Hosting.Internal.WebHost|Request starting HTTP/1.1 GET http://localhost:53185/img/bg/bg9.jpg   
2019-02-28 18:57:09.2372|1|INFO|Microsoft.AspNetCore.Hosting.Internal.WebHost|Request starting HTTP/1.1 GET http://localhost:53185/img/bg/bg3.jpg   
2019-02-28 18:57:09.2667|1|INFO|Microsoft.AspNetCore.Hosting.Internal.WebHost|Request starting HTTP/1.1 GET http://localhost:53185/img/bg/bg1.jpg   
2019-02-28 18:57:09.2804|1|INFO|Microsoft.AspNetCore.Hosting.Internal.WebHost|Request starting HTTP/1.1 GET http://localhost:53185/img/bg/bg2.jpg   
2019-02-28 18:57:09.4009|2|INFO|Microsoft.AspNetCore.StaticFiles.StaticFileMiddleware|Sending file. Request path: '/img/bg/bg2.jpg'. Physical path: 'C:\Users\Diana\Work\Projects\Weeding\TemplateCoreWeb\wwwroot\img\bg\bg2.jpg' 
2019-02-28 18:57:09.4009|2|INFO|Microsoft.AspNetCore.Hosting.Internal.WebHost|Request finished in 121.9438ms 200 image/jpeg 
2019-02-28 18:57:09.4305|2|INFO|Microsoft.AspNetCore.StaticFiles.StaticFileMiddleware|Sending file. Request path: '/img/bg/bg9.jpg'. Physical path: 'C:\Users\Diana\Work\Projects\Weeding\TemplateCoreWeb\wwwroot\img\bg\bg9.jpg' 
2019-02-28 18:57:09.4362|2|INFO|Microsoft.AspNetCore.StaticFiles.StaticFileMiddleware|Sending file. Request path: '/img/bg/bg3.jpg'. Physical path: 'C:\Users\Diana\Work\Projects\Weeding\TemplateCoreWeb\wwwroot\img\bg\bg3.jpg' 
2019-02-28 18:57:09.4579|2|INFO|Microsoft.AspNetCore.StaticFiles.StaticFileMiddleware|Sending file. Request path: '/img/bg/bg1.jpg'. Physical path: 'C:\Users\Diana\Work\Projects\Weeding\TemplateCoreWeb\wwwroot\img\bg\bg1.jpg' 
2019-02-28 18:57:09.4579|2|INFO|Microsoft.AspNetCore.Hosting.Internal.WebHost|Request finished in 223.7756ms 200 image/jpeg 
2019-02-28 18:57:09.4878|2|INFO|Microsoft.AspNetCore.Hosting.Internal.WebHost|Request finished in 247.9791ms 200 image/jpeg 
2019-02-28 18:57:09.5085|2|INFO|Microsoft.AspNetCore.Hosting.Internal.WebHost|Request finished in 241.7759ms 200 image/jpeg 
2019-02-28 18:57:09.9405|1|INFO|Microsoft.AspNetCore.Hosting.Internal.WebHost|Request starting HTTP/1.1 GET http://localhost:53185/manifest.json   
2019-02-28 18:57:09.9405|6|INFO|Microsoft.AspNetCore.StaticFiles.StaticFileMiddleware|The file /manifest.json was not modified 
2019-02-28 18:57:09.9405|2|INFO|Microsoft.AspNetCore.Hosting.Internal.WebHost|Request finished in 8.5924ms 304 application/json 
