2019-02-11 18:18:30.6443||DEBUG|TemplateCoreWebTest.Program|init main 
2019-02-11 18:18:33.0111||INFO|Microsoft.AspNetCore.DataProtection.KeyManagement.XmlKeyManager|User profile is available. Using 'C:\Users\Diana\AppData\Local\ASP.NET\DataProtection-Keys' as key repository and Windows DPAPI to encrypt keys at rest. 
2019-02-11 18:18:40.5900||INFO|Microsoft.AspNetCore.NodeServices|development mode: true 
2019-02-11 18:18:44.8395||ERROR|Microsoft.AspNetCore.NodeServices|clean-webpack-plugin: C:\Users\Diana\Work\Projects\Weeding\TemplateCoreWeb\wwwroot\dist has been removed. 
2019-02-11 18:18:45.6613|1|INFO|Microsoft.AspNetCore.Hosting.Internal.WebHost|Request starting HTTP/1.1 GET http://localhost:53185/   
2019-02-11 18:18:45.7821||INFO|Microsoft.AspNetCore.NodeServices|[34mi[39m [90mя╜вwdmя╜г[39m: wait until bundle finished: / 
2019-02-11 18:19:00.4858||INFO|Microsoft.AspNetCore.NodeServices|webpack built bc6c83ca85933ee90b8a in 15183ms 
2019-02-11 18:19:00.6986||INFO|Microsoft.AspNetCore.NodeServices|[34mi[39m [90mя╜вwdmя╜г[39m: Hash: bc6c83ca85933ee90b8a
Version: webpack 4.23.1
Time: 15183ms
Built at: 2019-02-11 18:19:00
                                                               Asset      Size         Chunks             Chunk Names
../img/_/fonts/glyphicons-halflings/glyphicons-halflings-regular.svg  64 bytes                 [emitted]  
                                                     ../img/drag.png  49.2 KiB                 [emitted]  
                                                  ../img/drag.png.gz  35.2 KiB                 [emitted]  
                          critical-foft-preload-fallback-optional.js  8.04 KiB                 [emitted]  
                                                    custom_styles.js   287 KiB  custom_styles  [emitted]  custom_styles
                                                 custom_styles.js.gz  53.2 KiB                 [emitted]  
                              fonts/glyphicons-halflings-regular.eot  19.9 KiB                 [emitted]  
                              fonts/glyphicons-halflings-regular.svg  61.7 KiB                 [emitted]  
                           fonts/glyphicons-halflings-regular.svg.gz  16.4 KiB                 [emitted]  
                              fonts/glyphicons-halflings-regular.ttf  40.3 KiB                 [emitted]  
                           fonts/glyphicons-halflings-regular.ttf.gz  22.7 KiB                 [emitted]  
                             fonts/glyphicons-halflings-regular.woff  22.8 KiB                 [emitted]  
                            fonts/glyphicons-halflings-regular.woff2  17.6 KiB                 [emitted]  
                                                             main.js   207 KiB           main  [emitted]  main
                                                          main.js.gz  45.2 KiB                 [emitted]  
                                                               sw.js  1.46 KiB                 [emitted]  
                                                       vendor_src.js   828 KiB     vendor_src  [emitted]  vendor_src
                                                    vendor_src.js.gz   187 KiB                 [emitted]  
                                                    vendor_styles.js  1.12 MiB  vendor_styles  [emitted]  vendor_styles
                                                 vendor_styles.js.gz   172 KiB                 [emitted]  
Entrypoint vendor_styles = vendor_styles.js
Entrypoint vendor_src = vendor_src.js
Entrypoint custom_styles = custom_styles.js
Entrypoint main = main.js
[0] multi webpack-hot-middleware/client?path=__webpack_hmr&dynamicPublicPath=true ./ClientApp/src/assets/js/vendor_styles.js 40 bytes {vendor_styles} [built]
[1] multi webpack-hot-middleware/client?path=__webpack_hmr&dynamicPublicPath=true script-loader!./ClientApp/src/assets/vendor/js/jquery/jquery.js script-loader!./ClientApp/src/assets/vendor/js/bootstrap/bootstrap.min.js script-loader!./ClientApp/src/assets/vendor/js/plugins/plugins.js script-loader!./ClientApp/src/assets/vendor/js/jconfirm/jquery-confirm.min.js script-loader!./ClientApp/src/assets/vendor/js/init.js 88 bytes {vendor_src} [built]
[2] multi webpack-hot-middleware/client?path=__webpack_hmr&dynamicPublicPath=true ./ClientApp/src/assets/js/custom_styles.js 40 bytes {custom_styles} [built]
[3] multi webpack-hot-middleware/client?path=__webpack_hmr&dynamicPublicPath=true ./ClientApp/src/assets/js/index.js 40 bytes {main} [built]
[./ClientApp/src/assets/js/custom_styles.js] 28 bytes {custom_styles} [built]
[./ClientApp/src/assets/js/index.js] 184 bytes {main} [built]
[./ClientApp/src/assets/js/vendor_styles.js] 241 bytes {vendor_styles} [built]
[./ClientApp/src/assets/scss/style.scss] 1.29 KiB {custom_styles} [built]
[./ClientApp/src/assets/vendor/css/animate/animate.css] 1.34 KiB {vendor_styles} [built]
[./node_modules/script-loader/index.js!./ClientApp/src/assets/vendor/js/bootstrap/bootstrap.min.js] ./node_modules/script-loader!./ClientApp/src/assets/vendor/js/bootstrap/bootstrap.min.js 457 bytes {vendor_src} [built]
[./node_modules/script-loader/index.js!./ClientApp/src/assets/vendor/js/init.js] ./node_modules/script-loader!./ClientApp/src/assets/vendor/js/init.js 437 bytes {vendor_src} [built]
[./node_modules/script-loader/index.js!./ClientApp/src/assets/vendor/js/jconfirm/jquery-confirm.min.js] ./node_modules/script-loader!./ClientApp/src/assets/vendor/js/jconfirm/jquery-confirm.min.js 461 bytes {vendor_src} [built]
[./node_modules/script-loader/index.js!./ClientApp/src/assets/vendor/js/jquery/jquery.js] ./node_modules/script-loader!./ClientApp/src/assets/vendor/js/jquery/jquery.js 447 bytes {vendor_src} [built]
[./node_modules/script-loader/index.js!./ClientApp/src/assets/vendor/js/plugins/plugins.js] ./node_modules/script-loader!./ClientApp/src/assets/vendor/js/plugins/plugins.js 449 bytes {vendor_src} [built]
[./node_modules/webpack-hot-middleware/client.js?path=__webpack_hmr&dynamicPublicPath=true] (webpack)-hot-middleware/client.js?path=__webpack_hmr&dynamicPublicPath=true 7.59 KiB {vendor_styles} {vendor_src} {custom_styles} {main} [built]
    + 42 hidden modules 
2019-02-11 18:19:00.7166|3|WARN|Microsoft.AspNetCore.HttpsPolicy.HttpsRedirectionMiddleware|Failed to determine the https port for redirect. 
2019-02-11 18:19:00.7166||INFO|Microsoft.AspNetCore.NodeServices|[34mi[39m [90mя╜вwdmя╜г[39m: Compiled successfully. 
2019-02-11 18:19:01.1871|1|INFO|Microsoft.AspNetCore.Mvc.Internal.ControllerActionInvoker|Route matched with {action = "Index", controller = "Home"}. Executing action TemplateCoreWebTest.Controllers.HomeController.Index (TemplateCoreWebTest) 
2019-02-11 18:19:01.2490|1|INFO|Microsoft.AspNetCore.Mvc.Internal.ControllerActionInvoker|Executing action method TemplateCoreWebTest.Controllers.HomeController.Index (TemplateCoreWebTest) with arguments () - Validation state: Valid 
2019-02-11 18:19:01.2490|2|INFO|Microsoft.AspNetCore.Mvc.Internal.ControllerActionInvoker|Executed action method TemplateCoreWebTest.Controllers.HomeController.Index (TemplateCoreWebTest), returned result Microsoft.AspNetCore.Mvc.ViewResult in 0.7748ms. 
2019-02-11 18:19:01.3468|1|INFO|Microsoft.AspNetCore.Mvc.ViewFeatures.ViewResultExecutor|Executing ViewResult, running view Index. 
2019-02-11 18:19:01.6200|4|INFO|Microsoft.AspNetCore.Mvc.ViewFeatures.ViewResultExecutor|Executed ViewResult - view Index executed in 328.457ms. 
2019-02-11 18:19:01.6223|2|INFO|Microsoft.AspNetCore.Mvc.Internal.ControllerActionInvoker|Executed action TemplateCoreWebTest.Controllers.HomeController.Index (TemplateCoreWebTest) in 432.9691ms 
2019-02-11 18:19:01.6482|2|INFO|Microsoft.AspNetCore.Hosting.Internal.WebHost|Request finished in 15987.5274ms 200 text/html; charset=utf-8 
2019-02-11 18:19:01.7250|1|INFO|Microsoft.AspNetCore.Hosting.Internal.WebHost|Request starting HTTP/1.1 GET http://localhost:53185/robots.txt   
2019-02-11 18:19:01.7250|1|INFO|Microsoft.AspNetCore.Hosting.Internal.WebHost|Request starting HTTP/1.1 GET http://localhost:53185/dist/vendor_styles.js   
2019-02-11 18:19:01.7250|1|INFO|Microsoft.AspNetCore.Hosting.Internal.WebHost|Request starting HTTP/1.1 GET http://localhost:53185/dist/custom_styles.js   
2019-02-11 18:19:01.7487|1|INFO|Microsoft.AspNetCore.Hosting.Internal.WebHost|Request starting HTTP/1.1 GET http://localhost:53185/img/her.jpg   
2019-02-11 18:19:01.7487|2|INFO|Microsoft.AspNetCore.StaticFiles.StaticFileMiddleware|Sending file. Request path: '/robots.txt'. Physical path: 'C:\Users\Diana\Work\Projects\Weeding\TemplateCoreWeb\wwwroot\robots.txt' 
2019-02-11 18:19:01.8263|2|INFO|Microsoft.AspNetCore.Hosting.Internal.WebHost|Request finished in 101.3473ms 200 text/plain 
2019-02-11 18:19:01.8011|2|INFO|Microsoft.AspNetCore.StaticFiles.StaticFileMiddleware|Sending file. Request path: '/dist/custom_styles.js'. Physical path: 'C:\Users\Diana\Work\Projects\Weeding\TemplateCoreWeb\wwwroot\dist\custom_styles.js' 
2019-02-11 18:19:01.7759|1|INFO|Microsoft.AspNetCore.Hosting.Internal.WebHost|Request starting HTTP/1.1 GET http://localhost:53185/img/him.jpg   
2019-02-11 18:19:01.8537|2|INFO|Microsoft.AspNetCore.Hosting.Internal.WebHost|Request finished in 124.042ms 200 application/javascript 
2019-02-11 18:19:01.8687|2|INFO|Microsoft.AspNetCore.StaticFiles.StaticFileMiddleware|Sending file. Request path: '/img/her.jpg'. Physical path: 'C:\Users\Diana\Work\Projects\Weeding\TemplateCoreWeb\wwwroot\img\her.jpg' 
2019-02-11 18:19:01.8767|2|INFO|Microsoft.AspNetCore.StaticFiles.StaticFileMiddleware|Sending file. Request path: '/img/him.jpg'. Physical path: 'C:\Users\Diana\Work\Projects\Weeding\TemplateCoreWeb\wwwroot\img\him.jpg' 
2019-02-11 18:19:01.9212|2|INFO|Microsoft.AspNetCore.Hosting.Internal.WebHost|Request finished in 172.4679ms 200 image/jpeg 
2019-02-11 18:19:01.9212|2|INFO|Microsoft.AspNetCore.Hosting.Internal.WebHost|Request finished in 156.7196ms 200 image/jpeg 
2019-02-11 18:19:02.0116|1|INFO|Microsoft.AspNetCore.Hosting.Internal.WebHost|Request starting HTTP/1.1 GET http://localhost:53185/img/logo/logo1.png   
2019-02-11 18:19:02.0220|2|INFO|Microsoft.AspNetCore.StaticFiles.StaticFileMiddleware|Sending file. Request path: '/img/logo/logo1.png'. Physical path: 'C:\Users\Diana\Work\Projects\Weeding\TemplateCoreWeb\wwwroot\img\logo\logo1.png' 
2019-02-11 18:19:02.0220|2|INFO|Microsoft.AspNetCore.Hosting.Internal.WebHost|Request finished in 12.1121ms 200 image/png 
2019-02-11 18:19:02.1011|1|INFO|Microsoft.AspNetCore.Hosting.Internal.WebHost|Request starting HTTP/1.1 GET http://localhost:53185/img/logo/logo2.png   
2019-02-11 18:19:02.1132|2|INFO|Microsoft.AspNetCore.StaticFiles.StaticFileMiddleware|Sending file. Request path: '/img/logo/logo2.png'. Physical path: 'C:\Users\Diana\Work\Projects\Weeding\TemplateCoreWeb\wwwroot\img\logo\logo2.png' 
2019-02-11 18:19:02.1132|2|INFO|Microsoft.AspNetCore.Hosting.Internal.WebHost|Request finished in 19.3157ms 200 image/png 
2019-02-11 18:19:02.1247|1|INFO|Microsoft.AspNetCore.Hosting.Internal.WebHost|Request starting HTTP/1.1 GET http://localhost:53185/img/logo/logo3.png   
2019-02-11 18:19:02.1413|2|INFO|Microsoft.AspNetCore.StaticFiles.StaticFileMiddleware|Sending file. Request path: '/img/logo/logo3.png'. Physical path: 'C:\Users\Diana\Work\Projects\Weeding\TemplateCoreWeb\wwwroot\img\logo\logo3.png' 
2019-02-11 18:19:02.1572|2|INFO|Microsoft.AspNetCore.Hosting.Internal.WebHost|Request finished in 32.6038ms 200 image/png 
2019-02-11 18:19:02.1914|1|INFO|Microsoft.AspNetCore.Hosting.Internal.WebHost|Request starting HTTP/1.1 GET http://localhost:53185/img/logo/logo4.png   
2019-02-11 18:19:02.2207|2|INFO|Microsoft.AspNetCore.StaticFiles.StaticFileMiddleware|Sending file. Request path: '/img/logo/logo4.png'. Physical path: 'C:\Users\Diana\Work\Projects\Weeding\TemplateCoreWeb\wwwroot\img\logo\logo4.png' 
2019-02-11 18:19:02.2207|2|INFO|Microsoft.AspNetCore.StaticFiles.StaticFileMiddleware|Sending file. Request path: '/dist/vendor_styles.js'. Physical path: 'C:\Users\Diana\Work\Projects\Weeding\TemplateCoreWeb\wwwroot\dist\vendor_styles.js' 
2019-02-11 18:19:02.2207|2|INFO|Microsoft.AspNetCore.Hosting.Internal.WebHost|Request finished in 38.9652ms 200 image/png 
2019-02-11 18:19:02.2335|2|INFO|Microsoft.AspNetCore.Hosting.Internal.WebHost|Request finished in 503.9125ms 200 application/javascript 
2019-02-11 18:19:02.2498|1|INFO|Microsoft.AspNetCore.Hosting.Internal.WebHost|Request starting HTTP/1.1 GET http://localhost:53185/img/logo/logo5.png   
2019-02-11 18:19:02.2664|1|INFO|Microsoft.AspNetCore.Hosting.Internal.WebHost|Request starting HTTP/1.1 GET http://localhost:53185/img/logo/logo6.png   
2019-02-11 18:19:02.2664|2|INFO|Microsoft.AspNetCore.StaticFiles.StaticFileMiddleware|Sending file. Request path: '/img/logo/logo5.png'. Physical path: 'C:\Users\Diana\Work\Projects\Weeding\TemplateCoreWeb\wwwroot\img\logo\logo5.png' 
2019-02-11 18:19:02.2664|2|INFO|Microsoft.AspNetCore.Hosting.Internal.WebHost|Request finished in 22.3291ms 200 image/png 
2019-02-11 18:19:02.2664|2|INFO|Microsoft.AspNetCore.StaticFiles.StaticFileMiddleware|Sending file. Request path: '/img/logo/logo6.png'. Physical path: 'C:\Users\Diana\Work\Projects\Weeding\TemplateCoreWeb\wwwroot\img\logo\logo6.png' 
2019-02-11 18:19:02.2664|2|INFO|Microsoft.AspNetCore.Hosting.Internal.WebHost|Request finished in 8.8644ms 200 image/png 
2019-02-11 18:19:02.3079|1|INFO|Microsoft.AspNetCore.Hosting.Internal.WebHost|Request starting HTTP/1.1 GET http://localhost:53185/dist/vendor_src.js   
2019-02-11 18:19:02.3125|1|INFO|Microsoft.AspNetCore.Hosting.Internal.WebHost|Request starting HTTP/1.1 GET http://localhost:53185/dist/main.js   
2019-02-11 18:19:02.3538|2|INFO|Microsoft.AspNetCore.StaticFiles.StaticFileMiddleware|Sending file. Request path: '/dist/main.js'. Physical path: 'C:\Users\Diana\Work\Projects\Weeding\TemplateCoreWeb\wwwroot\dist\main.js' 
2019-02-11 18:19:02.3694|2|INFO|Microsoft.AspNetCore.Hosting.Internal.WebHost|Request finished in 56.7982ms 200 application/javascript 
2019-02-11 18:19:02.4037|2|INFO|Microsoft.AspNetCore.StaticFiles.StaticFileMiddleware|Sending file. Request path: '/dist/vendor_src.js'. Physical path: 'C:\Users\Diana\Work\Projects\Weeding\TemplateCoreWeb\wwwroot\dist\vendor_src.js' 
2019-02-11 18:19:02.4037|2|INFO|Microsoft.AspNetCore.Hosting.Internal.WebHost|Request finished in 98.5548ms 200 application/javascript 
2019-02-11 18:19:02.6460|1|INFO|Microsoft.AspNetCore.Hosting.Internal.WebHost|Request starting HTTP/1.1 GET http://localhost:53185/__webpack_hmr   
2019-02-11 18:19:03.2405|1|INFO|Microsoft.AspNetCore.Hosting.Internal.WebHost|Request starting HTTP/1.1 GET http://localhost:53185/img/bg/bg3.jpg   
2019-02-11 18:19:03.2405|1|INFO|Microsoft.AspNetCore.Hosting.Internal.WebHost|Request starting HTTP/1.1 GET http://localhost:53185/img/bg/bg1.jpg   
2019-02-11 18:19:03.2481|1|INFO|Microsoft.AspNetCore.Hosting.Internal.WebHost|Request starting HTTP/1.1 GET http://localhost:53185/img/bg/bg2.jpg   
2019-02-11 18:19:03.2481|1|INFO|Microsoft.AspNetCore.Hosting.Internal.WebHost|Request starting HTTP/1.1 GET http://localhost:53185/img/bg/bg9.jpg   
2019-02-11 18:19:03.2481|6|INFO|Microsoft.AspNetCore.StaticFiles.StaticFileMiddleware|The file /img/bg/bg3.jpg was not modified 
2019-02-11 18:19:03.2726|6|INFO|Microsoft.AspNetCore.StaticFiles.StaticFileMiddleware|The file /img/bg/bg2.jpg was not modified 
2019-02-11 18:19:03.2903|2|INFO|Microsoft.AspNetCore.Hosting.Internal.WebHost|Request finished in 49.7223ms 304 image/jpeg 
2019-02-11 18:19:03.3044|2|INFO|Microsoft.AspNetCore.Hosting.Internal.WebHost|Request finished in 56.2639ms 304 image/jpeg 
2019-02-11 18:19:03.3152|2|INFO|Microsoft.AspNetCore.StaticFiles.StaticFileMiddleware|Sending file. Request path: '/img/bg/bg1.jpg'. Physical path: 'C:\Users\Diana\Work\Projects\Weeding\TemplateCoreWeb\wwwroot\img\bg\bg1.jpg' 
2019-02-11 18:19:03.3273|2|INFO|Microsoft.AspNetCore.Hosting.Internal.WebHost|Request finished in 84.0691ms 200 image/jpeg 
2019-02-11 18:19:03.3541|2|INFO|Microsoft.AspNetCore.StaticFiles.StaticFileMiddleware|Sending file. Request path: '/img/bg/bg9.jpg'. Physical path: 'C:\Users\Diana\Work\Projects\Weeding\TemplateCoreWeb\wwwroot\img\bg\bg9.jpg' 
2019-02-11 18:19:03.3570|2|INFO|Microsoft.AspNetCore.Hosting.Internal.WebHost|Request finished in 104.8163ms 200 image/jpeg 
2019-02-11 18:19:03.8909|1|INFO|Microsoft.AspNetCore.Hosting.Internal.WebHost|Request starting HTTP/1.1 GET http://localhost:53185/manifest.json   
2019-02-11 18:19:03.8909|1|INFO|Microsoft.AspNetCore.Hosting.Internal.WebHost|Request starting HTTP/1.1 GET http://localhost:53185/favicon-32x32.png   
2019-02-11 18:19:03.8909|6|INFO|Microsoft.AspNetCore.StaticFiles.StaticFileMiddleware|The file /manifest.json was not modified 
2019-02-11 18:19:03.8909|2|INFO|Microsoft.AspNetCore.StaticFiles.StaticFileMiddleware|Sending file. Request path: '/favicon-32x32.png'. Physical path: 'C:\Users\Diana\Work\Projects\Weeding\TemplateCoreWeb\wwwroot\favicon-32x32.png' 
2019-02-11 18:19:03.9114|2|INFO|Microsoft.AspNetCore.Hosting.Internal.WebHost|Request finished in 21.0692ms 200 image/png 
2019-02-11 18:19:03.9114|2|INFO|Microsoft.AspNetCore.Hosting.Internal.WebHost|Request finished in 20.4793ms 304 application/json 
2019-02-11 18:19:04.0188|1|INFO|Microsoft.AspNetCore.Hosting.Internal.WebHost|Request starting HTTP/1.1 GET http://localhost:53185/favicon-16x16.png   
2019-02-11 18:19:04.0188|6|INFO|Microsoft.AspNetCore.StaticFiles.StaticFileMiddleware|The file /favicon-16x16.png was not modified 
2019-02-11 18:19:04.0188|2|INFO|Microsoft.AspNetCore.Hosting.Internal.WebHost|Request finished in 7.0357ms 304 image/png 
2019-02-11 18:19:12.9263|1|INFO|Microsoft.AspNetCore.Hosting.Internal.WebHost|Request starting HTTP/1.1 GET http://localhost:53185/img/drag.png   
2019-02-11 18:19:12.9362|2|INFO|Microsoft.AspNetCore.StaticFiles.StaticFileMiddleware|Sending file. Request path: '/img/drag.png'. Physical path: 'C:\Users\Diana\Work\Projects\Weeding\TemplateCoreWeb\wwwroot\img\drag.png' 
2019-02-11 18:19:12.9362|2|INFO|Microsoft.AspNetCore.Hosting.Internal.WebHost|Request finished in 18.3343ms 200 image/png 
