2019-03-13 17:56:08.1922||DEBUG|TemplateCoreWebTest.Program|init main |url: |action: 
2019-03-13 17:56:18.7028||ERROR|Microsoft.AspNetCore.NodeServices|clean-webpack-plugin: C:\Users\Diana\Work\Projects\Weeding\TemplateCoreWeb\wwwroot\dist has been removed. |url: |action: 
2019-03-13 17:56:32.9913|3|WARN|Microsoft.AspNetCore.HttpsPolicy.HttpsRedirectionMiddleware|Failed to determine the https port for redirect. |url: http://localhost/|action: 
2019-03-13 18:03:23.1069||DEBUG|TemplateCoreWebTest.Program|init main |url: |action: 
2019-03-13 18:03:29.5206||ERROR|Microsoft.AspNetCore.NodeServices|clean-webpack-plugin: C:\Users\Diana\Work\Projects\Weeding1\TemplateCoreWeb\wwwroot\dist has been removed. |url: |action: 
2019-03-13 18:03:43.0482|3|WARN|Microsoft.AspNetCore.HttpsPolicy.HttpsRedirectionMiddleware|Failed to determine the https port for redirect. |url: http://localhost/|action: 
2019-03-13 18:05:33.9942||DEBUG|TemplateCoreWebTest.Program|init main |url: |action: 
2019-03-13 18:05:44.2431||ERROR|Microsoft.AspNetCore.NodeServices|clean-webpack-plugin: C:\Users\Diana\Work\Projects\Weeding1\TemplateCoreWeb\wwwroot\dist has been removed. |url: |action: 
2019-03-13 18:06:06.9865||DEBUG|TemplateCoreWebTest.Program|init main |url: |action: 
2019-03-13 18:06:29.7919||ERROR|Microsoft.AspNetCore.NodeServices|clean-webpack-plugin: C:\Users\Diana\Work\Projects\Weeding1\TemplateCoreWeb\wwwroot\dist has been removed. |url: |action: 
2019-03-13 18:06:35.7985|1|ERROR|Microsoft.AspNetCore.Diagnostics.DeveloperExceptionPageMiddleware|An unhandled exception has occurred while executing the request. System.Net.Http.HttpRequestException: An error occurred while sending the request. ---> System.IO.IOException: The server returned an invalid or unrecognized response.
   at System.Net.Http.HttpConnection.FillAsync()
   at System.Net.Http.HttpConnection.ReadNextResponseHeaderLineAsync(Boolean foldedHeadersAllowed)
   at System.Net.Http.HttpConnection.SendAsyncCore(HttpRequestMessage request, CancellationToken cancellationToken)
   --- End of inner exception stack trace ---
   at System.Net.Http.HttpConnection.SendAsyncCore(HttpRequestMessage request, CancellationToken cancellationToken)
   at System.Net.Http.HttpConnectionPool.SendWithNtConnectionAuthAsync(HttpConnection connection, HttpRequestMessage request, Boolean doRequestAuth, CancellationToken cancellationToken)
   at System.Net.Http.HttpConnectionPool.SendWithRetryAsync(HttpRequestMessage request, Boolean doRequestAuth, CancellationToken cancellationToken)
   at System.Net.Http.RedirectHandler.SendAsync(HttpRequestMessage request, CancellationToken cancellationToken)
   at System.Net.Http.HttpClient.FinishSendAsyncUnbuffered(Task`1 sendTask, HttpRequestMessage request, CancellationTokenSource cts, Boolean disposeCts)
   at Microsoft.AspNetCore.SpaServices.Webpack.ConditionalProxyMiddleware.PerformProxyRequest(HttpContext context)
   at Microsoft.AspNetCore.SpaServices.Webpack.ConditionalProxyMiddleware.Invoke(HttpContext context)
   at Microsoft.AspNetCore.SpaServices.Webpack.ConditionalProxyMiddleware.Invoke(HttpContext context)
   at Microsoft.AspNetCore.Diagnostics.DeveloperExceptionPageMiddleware.Invoke(HttpContext context)|url: http://localhost/|action: 
2019-03-13 18:07:04.8119|3|WARN|Microsoft.AspNetCore.HttpsPolicy.HttpsRedirectionMiddleware|Failed to determine the https port for redirect. |url: http://localhost/img/drag.png|action: 
2019-03-13 18:07:40.3629||DEBUG|TemplateCoreWebTest.Program|init main |url: |action: 
2019-03-13 18:07:45.4847||ERROR|Microsoft.AspNetCore.NodeServices|clean-webpack-plugin: C:\Users\Diana\Work\Projects\Weeding1\TemplateCoreWeb\wwwroot\dist has been removed. |url: |action: 
2019-03-13 18:07:57.8253|3|WARN|Microsoft.AspNetCore.HttpsPolicy.HttpsRedirectionMiddleware|Failed to determine the https port for redirect. |url: http://localhost/|action: 
2019-03-13 18:09:18.4749||DEBUG|TemplateCoreWebTest.Program|init main |url: |action: 
2019-03-13 18:09:26.5002||ERROR|Microsoft.AspNetCore.NodeServices|clean-webpack-plugin: C:\Users\Diana\Work\Projects\Weeding1\TemplateCoreWeb\wwwroot\dist has been removed. |url: |action: 
2019-03-13 18:09:43.8861|3|WARN|Microsoft.AspNetCore.HttpsPolicy.HttpsRedirectionMiddleware|Failed to determine the https port for redirect. |url: http://localhost/|action: 
2019-03-13 18:35:49.7153||DEBUG|TemplateCoreWebTest.Program|init main |url: |action: 
2019-03-13 18:35:57.6267||ERROR|Microsoft.AspNetCore.NodeServices|clean-webpack-plugin: C:\Users\Diana\Work\Projects\Weeding\TemplateCoreWeb\wwwroot\dist has been removed. |url: |action: 
2019-03-13 18:36:10.4108|3|WARN|Microsoft.AspNetCore.HttpsPolicy.HttpsRedirectionMiddleware|Failed to determine the https port for redirect. |url: http://localhost/|action: 
2019-03-13 18:37:08.5732||DEBUG|WeddingInvitation.Program|init main |url: |action: 
2019-03-13 18:37:12.9860||ERROR|Microsoft.AspNetCore.NodeServices|clean-webpack-plugin: C:\Users\Diana\Work\Projects\Weeding\TemplateCoreWeb\wwwroot\dist has been removed. |url: |action: 
2019-03-13 18:37:28.9597|3|WARN|Microsoft.AspNetCore.HttpsPolicy.HttpsRedirectionMiddleware|Failed to determine the https port for redirect. |url: http://localhost/|action: 
