2019-02-15 18:11:46.0261||DEBUG|TemplateCoreWebTest.Program|init main 
2019-02-15 18:11:48.7304||INFO|Microsoft.AspNetCore.DataProtection.KeyManagement.XmlKeyManager|User profile is available. Using 'C:\Users\Diana\AppData\Local\ASP.NET\DataProtection-Keys' as key repository and Windows DPAPI to encrypt keys at rest. 
2019-02-15 18:11:58.4707||INFO|Microsoft.AspNetCore.NodeServices|development mode: true 
2019-02-15 18:12:04.1330||ERROR|Microsoft.AspNetCore.NodeServices|clean-webpack-plugin: C:\Users\Diana\Work\Projects\Weeding\TemplateCoreWeb\wwwroot\dist has been removed. 
2019-02-15 18:12:04.9821|1|INFO|Microsoft.AspNetCore.Hosting.Internal.WebHost|Request starting HTTP/1.1 GET http://localhost:53185/   
2019-02-15 18:12:04.9821|1|INFO|Microsoft.AspNetCore.Hosting.Internal.WebHost|Request starting HTTP/1.1 GET http://localhost:53185/__webpack_hmr   
2019-02-15 18:12:05.2101||INFO|Microsoft.AspNetCore.NodeServices|[34mi[39m [90mя╜вwdmя╜г[39m: wait until bundle finished: /__webpack_hmr 
2019-02-15 18:12:05.2161||INFO|Microsoft.AspNetCore.NodeServices|[34mi[39m [90mя╜вwdmя╜г[39m: wait until bundle finished: / 
2019-02-15 18:12:21.8946||INFO|Microsoft.AspNetCore.NodeServices|webpack built bc6c83ca85933ee90b8a in 17388ms 
2019-02-15 18:12:21.9683||INFO|Microsoft.AspNetCore.NodeServices|[34mi[39m [90mя╜вwdmя╜г[39m: Hash: bc6c83ca85933ee90b8a
Version: webpack 4.23.1
Time: 17388ms
Built at: 2019-02-15 18:12:21
                                                               Asset      Size         Chunks             Chunk Names
../img/_/fonts/glyphicons-halflings/glyphicons-halflings-regular.svg  64 bytes                 [emitted]  
                                                     ../img/drag.png  49.2 KiB                 [emitted]  
                                                  ../img/drag.png.gz  35.2 KiB                 [emitted]  
                          critical-foft-preload-fallback-optional.js  8.04 KiB                 [emitted]  
                                                    custom_styles.js   287 KiB  custom_styles  [emitted]  custom_styles
                                                 custom_styles.js.gz  53.2 KiB                 [emitted]  
                              fonts/glyphicons-halflings-regular.eot  19.9 KiB                 [emitted]  
                              fonts/glyphicons-halflings-regular.svg  61.7 KiB                 [emitted]  
                           fonts/glyphicons-halflings-regular.svg.gz  16.4 KiB                 [emitted]  
                              fonts/glyphicons-halflings-regular.ttf  40.3 KiB                 [emitted]  
                           fonts/glyphicons-halflings-regular.ttf.gz  22.7 KiB                 [emitted]  
                             fonts/glyphicons-halflings-regular.woff  22.8 KiB                 [emitted]  
                            fonts/glyphicons-halflings-regular.woff2  17.6 KiB                 [emitted]  
                                                             main.js   207 KiB           main  [emitted]  main
                                                          main.js.gz  45.2 KiB                 [emitted]  
                                                               sw.js  1.46 KiB                 [emitted]  
                                                       vendor_src.js   828 KiB     vendor_src  [emitted]  vendor_src
                                                    vendor_src.js.gz   187 KiB                 [emitted]  
                                                    vendor_styles.js  1.12 MiB  vendor_styles  [emitted]  vendor_styles
                                                 vendor_styles.js.gz   172 KiB                 [emitted]  
Entrypoint vendor_styles = vendor_styles.js
Entrypoint vendor_src = vendor_src.js
Entrypoint custom_styles = custom_styles.js
Entrypoint main = main.js
[0] multi webpack-hot-middleware/client?path=__webpack_hmr&dynamicPublicPath=true ./ClientApp/src/assets/js/vendor_styles.js 40 bytes {vendor_styles} [built]
[1] multi webpack-hot-middleware/client?path=__webpack_hmr&dynamicPublicPath=true script-loader!./ClientApp/src/assets/vendor/js/jquery/jquery.js script-loader!./ClientApp/src/assets/vendor/js/bootstrap/bootstrap.min.js script-loader!./ClientApp/src/assets/vendor/js/plugins/plugins.js script-loader!./ClientApp/src/assets/vendor/js/jconfirm/jquery-confirm.min.js script-loader!./ClientApp/src/assets/vendor/js/init.js 88 bytes {vendor_src} [built]
[2] multi webpack-hot-middleware/client?path=__webpack_hmr&dynamicPublicPath=true ./ClientApp/src/assets/js/custom_styles.js 40 bytes {custom_styles} [built]
[3] multi webpack-hot-middleware/client?path=__webpack_hmr&dynamicPublicPath=true ./ClientApp/src/assets/js/index.js 40 bytes {main} [built]
[./ClientApp/src/assets/js/custom_styles.js] 28 bytes {custom_styles} [built]
[./ClientApp/src/assets/js/index.js] 184 bytes {main} [built]
[./ClientApp/src/assets/js/vendor_styles.js] 241 bytes {vendor_styles} [built]
[./ClientApp/src/assets/scss/style.scss] 1.29 KiB {custom_styles} [built]
[./ClientApp/src/assets/vendor/css/animate/animate.css] 1.34 KiB {vendor_styles} [built]
[./node_modules/script-loader/index.js!./ClientApp/src/assets/vendor/js/bootstrap/bootstrap.min.js] ./node_modules/script-loader!./ClientApp/src/assets/vendor/js/bootstrap/bootstrap.min.js 457 bytes {vendor_src} [built]
[./node_modules/script-loader/index.js!./ClientApp/src/assets/vendor/js/init.js] ./node_modules/script-loader!./ClientApp/src/assets/vendor/js/init.js 437 bytes {vendor_src} [built]
[./node_modules/script-loader/index.js!./ClientApp/src/assets/vendor/js/jconfirm/jquery-confirm.min.js] ./node_modules/script-loader!./ClientApp/src/assets/vendor/js/jconfirm/jquery-confirm.min.js 461 bytes {vendor_src} [built]
[./node_modules/script-loader/index.js!./ClientApp/src/assets/vendor/js/jquery/jquery.js] ./node_modules/script-loader!./ClientApp/src/assets/vendor/js/jquery/jquery.js 447 bytes {vendor_src} [built]
[./node_modules/script-loader/index.js!./ClientApp/src/assets/vendor/js/plugins/plugins.js] ./node_modules/script-loader!./ClientApp/src/assets/vendor/js/plugins/plugins.js 449 bytes {vendor_src} [built]
[./node_modules/webpack-hot-middleware/client.js?path=__webpack_hmr&dynamicPublicPath=true] (webpack)-hot-middleware/client.js?path=__webpack_hmr&dynamicPublicPath=true 7.59 KiB {vendor_styles} {vendor_src} {custom_styles} {main} [built]
    + 42 hidden modules 
2019-02-15 18:12:21.9683||INFO|Microsoft.AspNetCore.NodeServices|[34mi[39m [90mя╜вwdmя╜г[39m: Compiled successfully. 
2019-02-15 18:12:21.9843|3|WARN|Microsoft.AspNetCore.HttpsPolicy.HttpsRedirectionMiddleware|Failed to determine the https port for redirect. 
2019-02-15 18:12:22.0311|1|INFO|Microsoft.AspNetCore.Hosting.Internal.WebHost|Request starting HTTP/1.1 GET http://localhost:53185/36b929a97c8736cbfdf5.hot-update.json   
2019-02-15 18:12:22.2275|1|INFO|Microsoft.AspNetCore.Mvc.Internal.ControllerActionInvoker|Route matched with {action = "Error404", controller = "Home"}. Executing action TemplateCoreWebTest.Controllers.HomeController.Error404 (TemplateCoreWebTest) 
2019-02-15 18:12:22.2367|1|INFO|Microsoft.AspNetCore.Mvc.Internal.ControllerActionInvoker|Route matched with {action = "Index", controller = "Home"}. Executing action TemplateCoreWebTest.Controllers.HomeController.Index (TemplateCoreWebTest) 
2019-02-15 18:12:22.2539|1|INFO|Microsoft.AspNetCore.Mvc.Internal.ControllerActionInvoker|Executing action method TemplateCoreWebTest.Controllers.HomeController.Error404 (TemplateCoreWebTest) - Validation state: Valid 
2019-02-15 18:12:22.2609|1|INFO|Microsoft.AspNetCore.Mvc.Internal.ControllerActionInvoker|Executing action method TemplateCoreWebTest.Controllers.HomeController.Index (TemplateCoreWebTest) with arguments () - Validation state: Valid 
2019-02-15 18:12:22.2609|2|INFO|Microsoft.AspNetCore.Mvc.Internal.ControllerActionInvoker|Executed action method TemplateCoreWebTest.Controllers.HomeController.Error404 (TemplateCoreWebTest), returned result Microsoft.AspNetCore.Mvc.ViewResult in 0.859ms. 
2019-02-15 18:12:22.2609|2|INFO|Microsoft.AspNetCore.Mvc.Internal.ControllerActionInvoker|Executed action method TemplateCoreWebTest.Controllers.HomeController.Index (TemplateCoreWebTest), returned result Microsoft.AspNetCore.Mvc.ViewResult in 0.3909ms. 
2019-02-15 18:12:22.2956|1|INFO|Microsoft.AspNetCore.Mvc.ViewFeatures.ViewResultExecutor|Executing ViewResult, running view Error404. 
2019-02-15 18:12:22.2956|1|INFO|Microsoft.AspNetCore.Mvc.ViewFeatures.ViewResultExecutor|Executing ViewResult, running view Index. 
2019-02-15 18:12:22.3981|4|INFO|Microsoft.AspNetCore.Mvc.ViewFeatures.ViewResultExecutor|Executed ViewResult - view Index executed in 123.1039ms. 
2019-02-15 18:12:22.3981|4|INFO|Microsoft.AspNetCore.Mvc.ViewFeatures.ViewResultExecutor|Executed ViewResult - view Error404 executed in 123.1042ms. 
2019-02-15 18:12:22.4242|2|INFO|Microsoft.AspNetCore.Mvc.Internal.ControllerActionInvoker|Executed action TemplateCoreWebTest.Controllers.HomeController.Index (TemplateCoreWebTest) in 182.9428ms 
2019-02-15 18:12:22.4242|2|INFO|Microsoft.AspNetCore.Mvc.Internal.ControllerActionInvoker|Executed action TemplateCoreWebTest.Controllers.HomeController.Error404 (TemplateCoreWebTest) in 198.8465ms 
2019-02-15 18:12:22.4358|1|INFO|Microsoft.AspNetCore.Hosting.Internal.WebHost|Request starting HTTP/1.1 GET http://localhost:53185/36b929a97c8736cbfdf5.hot-update.json   
2019-02-15 18:12:22.4619|1|INFO|Microsoft.AspNetCore.Mvc.Internal.ControllerActionInvoker|Route matched with {action = "Error404", controller = "Home"}. Executing action TemplateCoreWebTest.Controllers.HomeController.Error404 (TemplateCoreWebTest) 
2019-02-15 18:12:22.4654|1|INFO|Microsoft.AspNetCore.Mvc.Internal.ControllerActionInvoker|Executing action method TemplateCoreWebTest.Controllers.HomeController.Error404 (TemplateCoreWebTest) - Validation state: Valid 
2019-02-15 18:12:22.4654|2|INFO|Microsoft.AspNetCore.Hosting.Internal.WebHost|Request finished in 17485.1118ms 200 text/html; charset=utf-8 
2019-02-15 18:12:22.4654|2|INFO|Microsoft.AspNetCore.Hosting.Internal.WebHost|Request finished in 435.6716ms 404 text/html; charset=utf-8 
2019-02-15 18:12:22.4654|2|INFO|Microsoft.AspNetCore.Mvc.Internal.ControllerActionInvoker|Executed action method TemplateCoreWebTest.Controllers.HomeController.Error404 (TemplateCoreWebTest), returned result Microsoft.AspNetCore.Mvc.ViewResult in 0.0223ms. 
2019-02-15 18:12:22.5173|1|INFO|Microsoft.AspNetCore.Mvc.ViewFeatures.ViewResultExecutor|Executing ViewResult, running view Error404. 
2019-02-15 18:12:22.5173|1|INFO|Microsoft.AspNetCore.Hosting.Internal.WebHost|Request starting HTTP/1.1 GET http://localhost:53185/img/her.jpg   
2019-02-15 18:12:22.5173|1|INFO|Microsoft.AspNetCore.Hosting.Internal.WebHost|Request starting HTTP/1.1 GET http://localhost:53185/img/him.jpg   
2019-02-15 18:12:22.5173|4|INFO|Microsoft.AspNetCore.Mvc.ViewFeatures.ViewResultExecutor|Executed ViewResult - view Error404 executed in 4.677ms. 
2019-02-15 18:12:22.5472|2|INFO|Microsoft.AspNetCore.StaticFiles.StaticFileMiddleware|Sending file. Request path: '/img/her.jpg'. Physical path: 'C:\Users\Diana\Work\Projects\Weeding\TemplateCoreWeb\wwwroot\img\her.jpg' 
2019-02-15 18:12:22.5625|2|INFO|Microsoft.AspNetCore.Mvc.Internal.ControllerActionInvoker|Executed action TemplateCoreWebTest.Controllers.HomeController.Error404 (TemplateCoreWebTest) in 97.1795ms 
2019-02-15 18:12:22.5625|2|INFO|Microsoft.AspNetCore.Hosting.Internal.WebHost|Request finished in 45.5253ms 200 image/jpeg 
2019-02-15 18:12:22.5625|2|INFO|Microsoft.AspNetCore.Hosting.Internal.WebHost|Request finished in 130.1954ms 404 text/html; charset=utf-8 
2019-02-15 18:12:22.5927|2|INFO|Microsoft.AspNetCore.StaticFiles.StaticFileMiddleware|Sending file. Request path: '/img/him.jpg'. Physical path: 'C:\Users\Diana\Work\Projects\Weeding\TemplateCoreWeb\wwwroot\img\him.jpg' 
2019-02-15 18:12:22.5927|2|INFO|Microsoft.AspNetCore.Hosting.Internal.WebHost|Request finished in 82.8028ms 200 image/jpeg 
2019-02-15 18:12:22.6197|1|INFO|Microsoft.AspNetCore.Hosting.Internal.WebHost|Request starting HTTP/1.1 GET http://localhost:53185/36b929a97c8736cbfdf5.hot-update.json   
2019-02-15 18:12:22.6255|1|INFO|Microsoft.AspNetCore.Mvc.Internal.ControllerActionInvoker|Route matched with {action = "Error404", controller = "Home"}. Executing action TemplateCoreWebTest.Controllers.HomeController.Error404 (TemplateCoreWebTest) 
2019-02-15 18:12:22.6255|1|INFO|Microsoft.AspNetCore.Mvc.Internal.ControllerActionInvoker|Executing action method TemplateCoreWebTest.Controllers.HomeController.Error404 (TemplateCoreWebTest) - Validation state: Valid 
2019-02-15 18:12:22.6446|2|INFO|Microsoft.AspNetCore.Mvc.Internal.ControllerActionInvoker|Executed action method TemplateCoreWebTest.Controllers.HomeController.Error404 (TemplateCoreWebTest), returned result Microsoft.AspNetCore.Mvc.ViewResult in 0.0567ms. 
2019-02-15 18:12:22.6446|1|INFO|Microsoft.AspNetCore.Mvc.ViewFeatures.ViewResultExecutor|Executing ViewResult, running view Error404. 
2019-02-15 18:12:22.6565|4|INFO|Microsoft.AspNetCore.Mvc.ViewFeatures.ViewResultExecutor|Executed ViewResult - view Error404 executed in 6.6783ms. 
2019-02-15 18:12:22.6565|2|INFO|Microsoft.AspNetCore.Mvc.Internal.ControllerActionInvoker|Executed action TemplateCoreWebTest.Controllers.HomeController.Error404 (TemplateCoreWebTest) in 30.5439ms 
2019-02-15 18:12:22.6565|2|INFO|Microsoft.AspNetCore.Hosting.Internal.WebHost|Request finished in 46.0345ms 404 text/html; charset=utf-8 
2019-02-15 18:12:22.6816|1|INFO|Microsoft.AspNetCore.Hosting.Internal.WebHost|Request starting HTTP/1.1 GET http://localhost:53185/36b929a97c8736cbfdf5.hot-update.json   
2019-02-15 18:12:22.6868|1|INFO|Microsoft.AspNetCore.Mvc.Internal.ControllerActionInvoker|Route matched with {action = "Error404", controller = "Home"}. Executing action TemplateCoreWebTest.Controllers.HomeController.Error404 (TemplateCoreWebTest) 
2019-02-15 18:12:22.6983|1|INFO|Microsoft.AspNetCore.Mvc.Internal.ControllerActionInvoker|Executing action method TemplateCoreWebTest.Controllers.HomeController.Error404 (TemplateCoreWebTest) - Validation state: Valid 
2019-02-15 18:12:22.6983|2|INFO|Microsoft.AspNetCore.Mvc.Internal.ControllerActionInvoker|Executed action method TemplateCoreWebTest.Controllers.HomeController.Error404 (TemplateCoreWebTest), returned result Microsoft.AspNetCore.Mvc.ViewResult in 0.1107ms. 
2019-02-15 18:12:22.7179|1|INFO|Microsoft.AspNetCore.Mvc.ViewFeatures.ViewResultExecutor|Executing ViewResult, running view Error404. 
2019-02-15 18:12:22.7179|4|INFO|Microsoft.AspNetCore.Mvc.ViewFeatures.ViewResultExecutor|Executed ViewResult - view Error404 executed in 9.2987ms. 
2019-02-15 18:12:22.7343|2|INFO|Microsoft.AspNetCore.Mvc.Internal.ControllerActionInvoker|Executed action TemplateCoreWebTest.Controllers.HomeController.Error404 (TemplateCoreWebTest) in 36.135ms 
2019-02-15 18:12:22.7343|2|INFO|Microsoft.AspNetCore.Hosting.Internal.WebHost|Request finished in 54.4537ms 404 text/html; charset=utf-8 
2019-02-15 18:12:22.7505|1|INFO|Microsoft.AspNetCore.Hosting.Internal.WebHost|Request starting HTTP/1.1 GET http://localhost:53185/img/logo/logo1.png   
2019-02-15 18:12:22.7505|1|INFO|Microsoft.AspNetCore.Hosting.Internal.WebHost|Request starting HTTP/1.1 GET http://localhost:53185/img/logo/logo2.png   
2019-02-15 18:12:22.7505|1|INFO|Microsoft.AspNetCore.Hosting.Internal.WebHost|Request starting HTTP/1.1 GET http://localhost:53185/__webpack_hmr   
2019-02-15 18:12:22.7642|2|INFO|Microsoft.AspNetCore.StaticFiles.StaticFileMiddleware|Sending file. Request path: '/img/logo/logo1.png'. Physical path: 'C:\Users\Diana\Work\Projects\Weeding\TemplateCoreWeb\wwwroot\img\logo\logo1.png' 
2019-02-15 18:12:22.7642|2|INFO|Microsoft.AspNetCore.StaticFiles.StaticFileMiddleware|Sending file. Request path: '/img/logo/logo2.png'. Physical path: 'C:\Users\Diana\Work\Projects\Weeding\TemplateCoreWeb\wwwroot\img\logo\logo2.png' 
2019-02-15 18:12:22.7642|2|INFO|Microsoft.AspNetCore.Hosting.Internal.WebHost|Request finished in 15.3281ms 200 image/png 
2019-02-15 18:12:22.7642|2|INFO|Microsoft.AspNetCore.Hosting.Internal.WebHost|Request finished in 16.3131ms 200 image/png 
2019-02-15 18:12:22.8031|1|INFO|Microsoft.AspNetCore.Hosting.Internal.WebHost|Request starting HTTP/1.1 GET http://localhost:53185/img/logo/logo3.png   
2019-02-15 18:12:22.8119|2|INFO|Microsoft.AspNetCore.StaticFiles.StaticFileMiddleware|Sending file. Request path: '/img/logo/logo3.png'. Physical path: 'C:\Users\Diana\Work\Projects\Weeding\TemplateCoreWeb\wwwroot\img\logo\logo3.png' 
2019-02-15 18:12:22.8119|2|INFO|Microsoft.AspNetCore.Hosting.Internal.WebHost|Request finished in 12.6298ms 200 image/png 
2019-02-15 18:12:22.8456|1|INFO|Microsoft.AspNetCore.Hosting.Internal.WebHost|Request starting HTTP/1.1 GET http://localhost:53185/img/logo/logo5.png   
2019-02-15 18:12:22.8456|1|INFO|Microsoft.AspNetCore.Hosting.Internal.WebHost|Request starting HTTP/1.1 GET http://localhost:53185/img/logo/logo6.png   
2019-02-15 18:12:22.8456|1|INFO|Microsoft.AspNetCore.Hosting.Internal.WebHost|Request starting HTTP/1.1 GET http://localhost:53185/img/logo/logo4.png   
2019-02-15 18:12:22.8570|2|INFO|Microsoft.AspNetCore.StaticFiles.StaticFileMiddleware|Sending file. Request path: '/img/logo/logo5.png'. Physical path: 'C:\Users\Diana\Work\Projects\Weeding\TemplateCoreWeb\wwwroot\img\logo\logo5.png' 
2019-02-15 18:12:22.8570|2|INFO|Microsoft.AspNetCore.Hosting.Internal.WebHost|Request finished in 14.9471ms 200 image/png 
2019-02-15 18:12:22.8570|2|INFO|Microsoft.AspNetCore.StaticFiles.StaticFileMiddleware|Sending file. Request path: '/img/logo/logo6.png'. Physical path: 'C:\Users\Diana\Work\Projects\Weeding\TemplateCoreWeb\wwwroot\img\logo\logo6.png' 
2019-02-15 18:12:22.8726|2|INFO|Microsoft.AspNetCore.Hosting.Internal.WebHost|Request finished in 24.8312ms 200 image/png 
2019-02-15 18:12:22.8726|2|INFO|Microsoft.AspNetCore.StaticFiles.StaticFileMiddleware|Sending file. Request path: '/img/logo/logo4.png'. Physical path: 'C:\Users\Diana\Work\Projects\Weeding\TemplateCoreWeb\wwwroot\img\logo\logo4.png' 
2019-02-15 18:12:22.8726|2|INFO|Microsoft.AspNetCore.Hosting.Internal.WebHost|Request finished in 29.1883ms 200 image/png 
2019-02-15 18:12:22.9080|1|INFO|Microsoft.AspNetCore.Hosting.Internal.WebHost|Request starting HTTP/1.1 GET http://localhost:53185/36b929a97c8736cbfdf5.hot-update.json   
2019-02-15 18:12:22.9080|1|INFO|Microsoft.AspNetCore.Mvc.Internal.ControllerActionInvoker|Route matched with {action = "Error404", controller = "Home"}. Executing action TemplateCoreWebTest.Controllers.HomeController.Error404 (TemplateCoreWebTest) 
2019-02-15 18:12:22.9080|1|INFO|Microsoft.AspNetCore.Mvc.Internal.ControllerActionInvoker|Executing action method TemplateCoreWebTest.Controllers.HomeController.Error404 (TemplateCoreWebTest) - Validation state: Valid 
2019-02-15 18:12:22.9175|2|INFO|Microsoft.AspNetCore.Mvc.Internal.ControllerActionInvoker|Executed action method TemplateCoreWebTest.Controllers.HomeController.Error404 (TemplateCoreWebTest), returned result Microsoft.AspNetCore.Mvc.ViewResult in 0.2701ms. 
2019-02-15 18:12:22.9175|1|INFO|Microsoft.AspNetCore.Mvc.ViewFeatures.ViewResultExecutor|Executing ViewResult, running view Error404. 
2019-02-15 18:12:22.9175|4|INFO|Microsoft.AspNetCore.Mvc.ViewFeatures.ViewResultExecutor|Executed ViewResult - view Error404 executed in 2.5999ms. 
2019-02-15 18:12:22.9175|2|INFO|Microsoft.AspNetCore.Mvc.Internal.ControllerActionInvoker|Executed action TemplateCoreWebTest.Controllers.HomeController.Error404 (TemplateCoreWebTest) in 8.6174ms 
2019-02-15 18:12:22.9175|2|INFO|Microsoft.AspNetCore.Hosting.Internal.WebHost|Request finished in 21.7622ms 404 text/html; charset=utf-8 
2019-02-15 18:12:22.9175|1|INFO|Microsoft.AspNetCore.Hosting.Internal.WebHost|Request starting HTTP/1.1 GET http://localhost:53185/36b929a97c8736cbfdf5.hot-update.json   
2019-02-15 18:12:22.9364|1|INFO|Microsoft.AspNetCore.Mvc.Internal.ControllerActionInvoker|Route matched with {action = "Error404", controller = "Home"}. Executing action TemplateCoreWebTest.Controllers.HomeController.Error404 (TemplateCoreWebTest) 
2019-02-15 18:12:22.9364|1|INFO|Microsoft.AspNetCore.Mvc.Internal.ControllerActionInvoker|Executing action method TemplateCoreWebTest.Controllers.HomeController.Error404 (TemplateCoreWebTest) - Validation state: Valid 
2019-02-15 18:12:22.9364|2|INFO|Microsoft.AspNetCore.Mvc.Internal.ControllerActionInvoker|Executed action method TemplateCoreWebTest.Controllers.HomeController.Error404 (TemplateCoreWebTest), returned result Microsoft.AspNetCore.Mvc.ViewResult in 0.019ms. 
2019-02-15 18:12:22.9364|1|INFO|Microsoft.AspNetCore.Mvc.ViewFeatures.ViewResultExecutor|Executing ViewResult, running view Error404. 
2019-02-15 18:12:22.9471|4|INFO|Microsoft.AspNetCore.Mvc.ViewFeatures.ViewResultExecutor|Executed ViewResult - view Error404 executed in 3.6977ms. 
2019-02-15 18:12:22.9471|2|INFO|Microsoft.AspNetCore.Mvc.Internal.ControllerActionInvoker|Executed action TemplateCoreWebTest.Controllers.HomeController.Error404 (TemplateCoreWebTest) in 11.112ms 
2019-02-15 18:12:22.9471|2|INFO|Microsoft.AspNetCore.Hosting.Internal.WebHost|Request finished in 21.595ms 404 text/html; charset=utf-8 
2019-02-15 18:12:22.9471|1|INFO|Microsoft.AspNetCore.Hosting.Internal.WebHost|Request starting HTTP/1.1 GET http://localhost:53185/36b929a97c8736cbfdf5.hot-update.json   
2019-02-15 18:12:22.9647|1|INFO|Microsoft.AspNetCore.Mvc.Internal.ControllerActionInvoker|Route matched with {action = "Error404", controller = "Home"}. Executing action TemplateCoreWebTest.Controllers.HomeController.Error404 (TemplateCoreWebTest) 
2019-02-15 18:12:22.9647|1|INFO|Microsoft.AspNetCore.Mvc.Internal.ControllerActionInvoker|Executing action method TemplateCoreWebTest.Controllers.HomeController.Error404 (TemplateCoreWebTest) - Validation state: Valid 
2019-02-15 18:12:22.9647|2|INFO|Microsoft.AspNetCore.Mvc.Internal.ControllerActionInvoker|Executed action method TemplateCoreWebTest.Controllers.HomeController.Error404 (TemplateCoreWebTest), returned result Microsoft.AspNetCore.Mvc.ViewResult in 0.0214ms. 
2019-02-15 18:12:22.9647|1|INFO|Microsoft.AspNetCore.Mvc.ViewFeatures.ViewResultExecutor|Executing ViewResult, running view Error404. 
2019-02-15 18:12:22.9647|4|INFO|Microsoft.AspNetCore.Mvc.ViewFeatures.ViewResultExecutor|Executed ViewResult - view Error404 executed in 2.4091ms. 
2019-02-15 18:12:22.9647|2|INFO|Microsoft.AspNetCore.Mvc.Internal.ControllerActionInvoker|Executed action TemplateCoreWebTest.Controllers.HomeController.Error404 (TemplateCoreWebTest) in 8.3554ms 
2019-02-15 18:12:22.9811|2|INFO|Microsoft.AspNetCore.Hosting.Internal.WebHost|Request finished in 24.0289ms 404 text/html; charset=utf-8 
2019-02-15 18:12:22.9811|1|INFO|Microsoft.AspNetCore.Hosting.Internal.WebHost|Request starting HTTP/1.1 GET http://localhost:53185/36b929a97c8736cbfdf5.hot-update.json   
2019-02-15 18:12:22.9811|1|INFO|Microsoft.AspNetCore.Mvc.Internal.ControllerActionInvoker|Route matched with {action = "Error404", controller = "Home"}. Executing action TemplateCoreWebTest.Controllers.HomeController.Error404 (TemplateCoreWebTest) 
2019-02-15 18:12:22.9811|1|INFO|Microsoft.AspNetCore.Mvc.Internal.ControllerActionInvoker|Executing action method TemplateCoreWebTest.Controllers.HomeController.Error404 (TemplateCoreWebTest) - Validation state: Valid 
2019-02-15 18:12:22.9942|2|INFO|Microsoft.AspNetCore.Mvc.Internal.ControllerActionInvoker|Executed action method TemplateCoreWebTest.Controllers.HomeController.Error404 (TemplateCoreWebTest), returned result Microsoft.AspNetCore.Mvc.ViewResult in 0.0582ms. 
2019-02-15 18:12:22.9942|1|INFO|Microsoft.AspNetCore.Mvc.ViewFeatures.ViewResultExecutor|Executing ViewResult, running view Error404. 
2019-02-15 18:12:22.9942|4|INFO|Microsoft.AspNetCore.Mvc.ViewFeatures.ViewResultExecutor|Executed ViewResult - view Error404 executed in 2.6373ms. 
2019-02-15 18:12:22.9942|2|INFO|Microsoft.AspNetCore.Mvc.Internal.ControllerActionInvoker|Executed action TemplateCoreWebTest.Controllers.HomeController.Error404 (TemplateCoreWebTest) in 10.2405ms 
2019-02-15 18:12:22.9942|2|INFO|Microsoft.AspNetCore.Hosting.Internal.WebHost|Request finished in 21.6448ms 404 text/html; charset=utf-8 
2019-02-15 18:12:23.0693|1|INFO|Microsoft.AspNetCore.Hosting.Internal.WebHost|Request starting HTTP/1.1 GET http://localhost:53185/ce05e6fe98d4c8367988.hot-update.json   
2019-02-15 18:12:23.0750|1|INFO|Microsoft.AspNetCore.Mvc.Internal.ControllerActionInvoker|Route matched with {action = "Error404", controller = "Home"}. Executing action TemplateCoreWebTest.Controllers.HomeController.Error404 (TemplateCoreWebTest) 
2019-02-15 18:12:23.0750|1|INFO|Microsoft.AspNetCore.Mvc.Internal.ControllerActionInvoker|Executing action method TemplateCoreWebTest.Controllers.HomeController.Error404 (TemplateCoreWebTest) - Validation state: Valid 
2019-02-15 18:12:23.0750|2|INFO|Microsoft.AspNetCore.Mvc.Internal.ControllerActionInvoker|Executed action method TemplateCoreWebTest.Controllers.HomeController.Error404 (TemplateCoreWebTest), returned result Microsoft.AspNetCore.Mvc.ViewResult in 0.022ms. 
2019-02-15 18:12:23.0750|1|INFO|Microsoft.AspNetCore.Mvc.ViewFeatures.ViewResultExecutor|Executing ViewResult, running view Error404. 
2019-02-15 18:12:23.0883|4|INFO|Microsoft.AspNetCore.Mvc.ViewFeatures.ViewResultExecutor|Executed ViewResult - view Error404 executed in 3.9495ms. 
2019-02-15 18:12:23.0883|2|INFO|Microsoft.AspNetCore.Mvc.Internal.ControllerActionInvoker|Executed action TemplateCoreWebTest.Controllers.HomeController.Error404 (TemplateCoreWebTest) in 14.2658ms 
2019-02-15 18:12:23.0883|2|INFO|Microsoft.AspNetCore.Hosting.Internal.WebHost|Request finished in 27.9175ms 404 text/html; charset=utf-8 
2019-02-15 18:12:23.1169|1|INFO|Microsoft.AspNetCore.Hosting.Internal.WebHost|Request starting HTTP/1.1 GET http://localhost:53185/ce05e6fe98d4c8367988.hot-update.json   
2019-02-15 18:12:23.1290|1|INFO|Microsoft.AspNetCore.Mvc.Internal.ControllerActionInvoker|Route matched with {action = "Error404", controller = "Home"}. Executing action TemplateCoreWebTest.Controllers.HomeController.Error404 (TemplateCoreWebTest) 
2019-02-15 18:12:23.1290|1|INFO|Microsoft.AspNetCore.Mvc.Internal.ControllerActionInvoker|Executing action method TemplateCoreWebTest.Controllers.HomeController.Error404 (TemplateCoreWebTest) - Validation state: Valid 
2019-02-15 18:12:23.1449|2|INFO|Microsoft.AspNetCore.Mvc.Internal.ControllerActionInvoker|Executed action method TemplateCoreWebTest.Controllers.HomeController.Error404 (TemplateCoreWebTest), returned result Microsoft.AspNetCore.Mvc.ViewResult in 0.0365ms. 
2019-02-15 18:12:23.1449|1|INFO|Microsoft.AspNetCore.Mvc.ViewFeatures.ViewResultExecutor|Executing ViewResult, running view Error404. 
2019-02-15 18:12:23.1530|4|INFO|Microsoft.AspNetCore.Mvc.ViewFeatures.ViewResultExecutor|Executed ViewResult - view Error404 executed in 4.7162ms. 
2019-02-15 18:12:23.1530|2|INFO|Microsoft.AspNetCore.Mvc.Internal.ControllerActionInvoker|Executed action TemplateCoreWebTest.Controllers.HomeController.Error404 (TemplateCoreWebTest) in 24.9734ms 
2019-02-15 18:12:23.1664|2|INFO|Microsoft.AspNetCore.Hosting.Internal.WebHost|Request finished in 49.5346ms 404 text/html; charset=utf-8 
2019-02-15 18:12:34.7830|1|INFO|Microsoft.AspNetCore.Hosting.Internal.WebHost|Request starting HTTP/1.1 GET http://localhost:53185/   
2019-02-15 18:12:34.7988|1|INFO|Microsoft.AspNetCore.Mvc.Internal.ControllerActionInvoker|Route matched with {action = "Index", controller = "Home"}. Executing action TemplateCoreWebTest.Controllers.HomeController.Index (TemplateCoreWebTest) 
2019-02-15 18:12:34.7988|1|INFO|Microsoft.AspNetCore.Mvc.Internal.ControllerActionInvoker|Executing action method TemplateCoreWebTest.Controllers.HomeController.Index (TemplateCoreWebTest) with arguments () - Validation state: Valid 
2019-02-15 18:12:34.7988|2|INFO|Microsoft.AspNetCore.Mvc.Internal.ControllerActionInvoker|Executed action method TemplateCoreWebTest.Controllers.HomeController.Index (TemplateCoreWebTest), returned result Microsoft.AspNetCore.Mvc.ViewResult in 0.0202ms. 
2019-02-15 18:12:34.7988|1|INFO|Microsoft.AspNetCore.Mvc.ViewFeatures.ViewResultExecutor|Executing ViewResult, running view Index. 
2019-02-15 18:12:34.8098|4|INFO|Microsoft.AspNetCore.Mvc.ViewFeatures.ViewResultExecutor|Executed ViewResult - view Index executed in 5.0594ms. 
2019-02-15 18:12:34.8098|2|INFO|Microsoft.AspNetCore.Mvc.Internal.ControllerActionInvoker|Executed action TemplateCoreWebTest.Controllers.HomeController.Index (TemplateCoreWebTest) in 11.4078ms 
2019-02-15 18:12:34.8098|2|INFO|Microsoft.AspNetCore.Hosting.Internal.WebHost|Request finished in 31.1265ms 200 text/html; charset=utf-8 
2019-02-15 18:12:34.8590|1|INFO|Microsoft.AspNetCore.Hosting.Internal.WebHost|Request starting HTTP/1.1 GET http://localhost:53185/dist/vendor_styles.js   
2019-02-15 18:12:34.8590|1|INFO|Microsoft.AspNetCore.Hosting.Internal.WebHost|Request starting HTTP/1.1 GET http://localhost:53185/img/her.jpg   
2019-02-15 18:12:34.8590|1|INFO|Microsoft.AspNetCore.Hosting.Internal.WebHost|Request starting HTTP/1.1 GET http://localhost:53185/dist/custom_styles.js   
2019-02-15 18:12:34.8707|1|INFO|Microsoft.AspNetCore.Hosting.Internal.WebHost|Request starting HTTP/1.1 GET http://localhost:53185/img/him.jpg   
2019-02-15 18:12:34.8707|2|INFO|Microsoft.AspNetCore.StaticFiles.StaticFileMiddleware|Sending file. Request path: '/img/her.jpg'. Physical path: 'C:\Users\Diana\Work\Projects\Weeding\TemplateCoreWeb\wwwroot\img\her.jpg' 
2019-02-15 18:12:34.8925|2|INFO|Microsoft.AspNetCore.Hosting.Internal.WebHost|Request finished in 30.2868ms 200 image/jpeg 
2019-02-15 18:12:34.8925|2|INFO|Microsoft.AspNetCore.StaticFiles.StaticFileMiddleware|Sending file. Request path: '/img/him.jpg'. Physical path: 'C:\Users\Diana\Work\Projects\Weeding\TemplateCoreWeb\wwwroot\img\him.jpg' 
2019-02-15 18:12:34.9063|2|INFO|Microsoft.AspNetCore.Hosting.Internal.WebHost|Request finished in 42.7457ms 200 image/jpeg 
2019-02-15 18:12:34.9063|2|INFO|Microsoft.AspNetCore.StaticFiles.StaticFileMiddleware|Sending file. Request path: '/dist/custom_styles.js'. Physical path: 'C:\Users\Diana\Work\Projects\Weeding\TemplateCoreWeb\wwwroot\dist\custom_styles.js' 
2019-02-15 18:12:34.9372|2|INFO|Microsoft.AspNetCore.Hosting.Internal.WebHost|Request finished in 74.9641ms 200 application/javascript 
2019-02-15 18:12:34.9738|1|INFO|Microsoft.AspNetCore.Hosting.Internal.WebHost|Request starting HTTP/1.1 GET http://localhost:53185/img/logo/logo1.png   
2019-02-15 18:12:34.9840|1|INFO|Microsoft.AspNetCore.Hosting.Internal.WebHost|Request starting HTTP/1.1 GET http://localhost:53185/img/logo/logo2.png   
2019-02-15 18:12:34.9840|2|INFO|Microsoft.AspNetCore.StaticFiles.StaticFileMiddleware|Sending file. Request path: '/img/logo/logo1.png'. Physical path: 'C:\Users\Diana\Work\Projects\Weeding\TemplateCoreWeb\wwwroot\img\logo\logo1.png' 
2019-02-15 18:12:34.9992|2|INFO|Microsoft.AspNetCore.StaticFiles.StaticFileMiddleware|Sending file. Request path: '/img/logo/logo2.png'. Physical path: 'C:\Users\Diana\Work\Projects\Weeding\TemplateCoreWeb\wwwroot\img\logo\logo2.png' 
2019-02-15 18:12:34.9992|2|INFO|Microsoft.AspNetCore.Hosting.Internal.WebHost|Request finished in 26.0272ms 200 image/png 
2019-02-15 18:12:34.9992|2|INFO|Microsoft.AspNetCore.Hosting.Internal.WebHost|Request finished in 21.8296ms 200 image/png 
2019-02-15 18:12:35.0514|1|INFO|Microsoft.AspNetCore.Hosting.Internal.WebHost|Request starting HTTP/1.1 GET http://localhost:53185/img/logo/logo3.png   
2019-02-15 18:12:35.0623|2|INFO|Microsoft.AspNetCore.StaticFiles.StaticFileMiddleware|Sending file. Request path: '/img/logo/logo3.png'. Physical path: 'C:\Users\Diana\Work\Projects\Weeding\TemplateCoreWeb\wwwroot\img\logo\logo3.png' 
2019-02-15 18:12:35.0623|2|INFO|Microsoft.AspNetCore.Hosting.Internal.WebHost|Request finished in 14.7087ms 200 image/png 
2019-02-15 18:12:35.0623|1|INFO|Microsoft.AspNetCore.Hosting.Internal.WebHost|Request starting HTTP/1.1 GET http://localhost:53185/img/logo/logo4.png   
2019-02-15 18:12:35.0889|2|INFO|Microsoft.AspNetCore.StaticFiles.StaticFileMiddleware|Sending file. Request path: '/img/logo/logo4.png'. Physical path: 'C:\Users\Diana\Work\Projects\Weeding\TemplateCoreWeb\wwwroot\img\logo\logo4.png' 
2019-02-15 18:12:35.0889|2|INFO|Microsoft.AspNetCore.StaticFiles.StaticFileMiddleware|Sending file. Request path: '/dist/vendor_styles.js'. Physical path: 'C:\Users\Diana\Work\Projects\Weeding\TemplateCoreWeb\wwwroot\dist\vendor_styles.js' 
2019-02-15 18:12:35.0889|2|INFO|Microsoft.AspNetCore.Hosting.Internal.WebHost|Request finished in 243.2381ms 200 application/javascript 
2019-02-15 18:12:35.0889|2|INFO|Microsoft.AspNetCore.Hosting.Internal.WebHost|Request finished in 31.3381ms 200 image/png 
2019-02-15 18:12:35.1095|1|INFO|Microsoft.AspNetCore.Hosting.Internal.WebHost|Request starting HTTP/1.1 GET http://localhost:53185/img/logo/logo5.png   
2019-02-15 18:12:35.1268|2|INFO|Microsoft.AspNetCore.StaticFiles.StaticFileMiddleware|Sending file. Request path: '/img/logo/logo5.png'. Physical path: 'C:\Users\Diana\Work\Projects\Weeding\TemplateCoreWeb\wwwroot\img\logo\logo5.png' 
2019-02-15 18:12:35.1268|1|INFO|Microsoft.AspNetCore.Hosting.Internal.WebHost|Request starting HTTP/1.1 GET http://localhost:53185/img/logo/logo6.png   
2019-02-15 18:12:35.1268|2|INFO|Microsoft.AspNetCore.Hosting.Internal.WebHost|Request finished in 25.2016ms 200 image/png 
2019-02-15 18:12:35.1586|2|INFO|Microsoft.AspNetCore.StaticFiles.StaticFileMiddleware|Sending file. Request path: '/img/logo/logo6.png'. Physical path: 'C:\Users\Diana\Work\Projects\Weeding\TemplateCoreWeb\wwwroot\img\logo\logo6.png' 
2019-02-15 18:12:35.1586|2|INFO|Microsoft.AspNetCore.Hosting.Internal.WebHost|Request finished in 41.1667ms 200 image/png 
2019-02-15 18:12:35.1670|1|INFO|Microsoft.AspNetCore.Hosting.Internal.WebHost|Request starting HTTP/1.1 GET http://localhost:53185/dist/vendor_src.js   
2019-02-15 18:12:35.1991|1|INFO|Microsoft.AspNetCore.Hosting.Internal.WebHost|Request starting HTTP/1.1 GET http://localhost:53185/dist/main.js   
2019-02-15 18:12:35.2274|2|INFO|Microsoft.AspNetCore.StaticFiles.StaticFileMiddleware|Sending file. Request path: '/dist/vendor_src.js'. Physical path: 'C:\Users\Diana\Work\Projects\Weeding\TemplateCoreWeb\wwwroot\dist\vendor_src.js' 
2019-02-15 18:12:35.2274|2|INFO|Microsoft.AspNetCore.StaticFiles.StaticFileMiddleware|Sending file. Request path: '/dist/main.js'. Physical path: 'C:\Users\Diana\Work\Projects\Weeding\TemplateCoreWeb\wwwroot\dist\main.js' 
2019-02-15 18:12:35.2315|2|INFO|Microsoft.AspNetCore.Hosting.Internal.WebHost|Request finished in 33.6338ms 200 application/javascript 
2019-02-15 18:12:35.2315|2|INFO|Microsoft.AspNetCore.Hosting.Internal.WebHost|Request finished in 63.3806ms 200 application/javascript 
2019-02-15 18:12:35.3821|2|INFO|Microsoft.AspNetCore.Hosting.Internal.WebHost|Request finished in 12624.648ms 200 text/event-stream; charset=utf-8 
2019-02-15 18:12:35.4051|1|INFO|Microsoft.AspNetCore.Hosting.Internal.WebHost|Request starting HTTP/1.1 GET http://localhost:53185/__webpack_hmr   
2019-02-15 18:12:35.4270|1|INFO|Microsoft.AspNetCore.Hosting.Internal.WebHost|Request starting HTTP/1.1 GET http://localhost:53185/36b929a97c8736cbfdf5.hot-update.json   
2019-02-15 18:12:35.4320|1|INFO|Microsoft.AspNetCore.Mvc.Internal.ControllerActionInvoker|Route matched with {action = "Error404", controller = "Home"}. Executing action TemplateCoreWebTest.Controllers.HomeController.Error404 (TemplateCoreWebTest) 
2019-02-15 18:12:35.4320|1|INFO|Microsoft.AspNetCore.Mvc.Internal.ControllerActionInvoker|Executing action method TemplateCoreWebTest.Controllers.HomeController.Error404 (TemplateCoreWebTest) - Validation state: Valid 
2019-02-15 18:12:35.4320|2|INFO|Microsoft.AspNetCore.Mvc.Internal.ControllerActionInvoker|Executed action method TemplateCoreWebTest.Controllers.HomeController.Error404 (TemplateCoreWebTest), returned result Microsoft.AspNetCore.Mvc.ViewResult in 0.0175ms. 
2019-02-15 18:12:35.4320|1|INFO|Microsoft.AspNetCore.Mvc.ViewFeatures.ViewResultExecutor|Executing ViewResult, running view Error404. 
2019-02-15 18:12:35.4320|4|INFO|Microsoft.AspNetCore.Mvc.ViewFeatures.ViewResultExecutor|Executed ViewResult - view Error404 executed in 2.3146ms. 
2019-02-15 18:12:35.4320|2|INFO|Microsoft.AspNetCore.Mvc.Internal.ControllerActionInvoker|Executed action TemplateCoreWebTest.Controllers.HomeController.Error404 (TemplateCoreWebTest) in 8.6748ms 
2019-02-15 18:12:35.4320|2|INFO|Microsoft.AspNetCore.Hosting.Internal.WebHost|Request finished in 18.2697ms 404 text/html; charset=utf-8 
2019-02-15 18:12:35.4499|1|INFO|Microsoft.AspNetCore.Hosting.Internal.WebHost|Request starting HTTP/1.1 GET http://localhost:53185/36b929a97c8736cbfdf5.hot-update.json   
2019-02-15 18:12:35.4499|1|INFO|Microsoft.AspNetCore.Mvc.Internal.ControllerActionInvoker|Route matched with {action = "Error404", controller = "Home"}. Executing action TemplateCoreWebTest.Controllers.HomeController.Error404 (TemplateCoreWebTest) 
2019-02-15 18:12:35.4499|1|INFO|Microsoft.AspNetCore.Mvc.Internal.ControllerActionInvoker|Executing action method TemplateCoreWebTest.Controllers.HomeController.Error404 (TemplateCoreWebTest) - Validation state: Valid 
2019-02-15 18:12:35.4499|2|INFO|Microsoft.AspNetCore.Mvc.Internal.ControllerActionInvoker|Executed action method TemplateCoreWebTest.Controllers.HomeController.Error404 (TemplateCoreWebTest), returned result Microsoft.AspNetCore.Mvc.ViewResult in 0.0256ms. 
2019-02-15 18:12:35.4641|1|INFO|Microsoft.AspNetCore.Mvc.ViewFeatures.ViewResultExecutor|Executing ViewResult, running view Error404. 
2019-02-15 18:12:35.4641|4|INFO|Microsoft.AspNetCore.Mvc.ViewFeatures.ViewResultExecutor|Executed ViewResult - view Error404 executed in 1.6783ms. 
2019-02-15 18:12:35.4641|2|INFO|Microsoft.AspNetCore.Mvc.Internal.ControllerActionInvoker|Executed action TemplateCoreWebTest.Controllers.HomeController.Error404 (TemplateCoreWebTest) in 9.7606ms 
2019-02-15 18:12:35.4641|2|INFO|Microsoft.AspNetCore.Hosting.Internal.WebHost|Request finished in 23.5474ms 404 text/html; charset=utf-8 
2019-02-15 18:12:35.4641|1|INFO|Microsoft.AspNetCore.Hosting.Internal.WebHost|Request starting HTTP/1.1 GET http://localhost:53185/36b929a97c8736cbfdf5.hot-update.json   
2019-02-15 18:12:35.4863|1|INFO|Microsoft.AspNetCore.Mvc.Internal.ControllerActionInvoker|Route matched with {action = "Error404", controller = "Home"}. Executing action TemplateCoreWebTest.Controllers.HomeController.Error404 (TemplateCoreWebTest) 
2019-02-15 18:12:35.4863|1|INFO|Microsoft.AspNetCore.Mvc.Internal.ControllerActionInvoker|Executing action method TemplateCoreWebTest.Controllers.HomeController.Error404 (TemplateCoreWebTest) - Validation state: Valid 
2019-02-15 18:12:35.4863|2|INFO|Microsoft.AspNetCore.Mvc.Internal.ControllerActionInvoker|Executed action method TemplateCoreWebTest.Controllers.HomeController.Error404 (TemplateCoreWebTest), returned result Microsoft.AspNetCore.Mvc.ViewResult in 0.0223ms. 
2019-02-15 18:12:35.4863|1|INFO|Microsoft.AspNetCore.Mvc.ViewFeatures.ViewResultExecutor|Executing ViewResult, running view Error404. 
2019-02-15 18:12:35.4863|4|INFO|Microsoft.AspNetCore.Mvc.ViewFeatures.ViewResultExecutor|Executed ViewResult - view Error404 executed in 1.6043ms. 
2019-02-15 18:12:35.4863|2|INFO|Microsoft.AspNetCore.Mvc.Internal.ControllerActionInvoker|Executed action TemplateCoreWebTest.Controllers.HomeController.Error404 (TemplateCoreWebTest) in 5.7616ms 
2019-02-15 18:12:35.4970|2|INFO|Microsoft.AspNetCore.Hosting.Internal.WebHost|Request finished in 21.8139ms 404 text/html; charset=utf-8 
2019-02-15 18:12:35.4970|1|INFO|Microsoft.AspNetCore.Hosting.Internal.WebHost|Request starting HTTP/1.1 GET http://localhost:53185/36b929a97c8736cbfdf5.hot-update.json   
2019-02-15 18:12:35.5125|1|INFO|Microsoft.AspNetCore.Mvc.Internal.ControllerActionInvoker|Route matched with {action = "Error404", controller = "Home"}. Executing action TemplateCoreWebTest.Controllers.HomeController.Error404 (TemplateCoreWebTest) 
2019-02-15 18:12:35.5125|1|INFO|Microsoft.AspNetCore.Mvc.Internal.ControllerActionInvoker|Executing action method TemplateCoreWebTest.Controllers.HomeController.Error404 (TemplateCoreWebTest) - Validation state: Valid 
2019-02-15 18:12:35.5125|2|INFO|Microsoft.AspNetCore.Mvc.Internal.ControllerActionInvoker|Executed action method TemplateCoreWebTest.Controllers.HomeController.Error404 (TemplateCoreWebTest), returned result Microsoft.AspNetCore.Mvc.ViewResult in 0.0307ms. 
2019-02-15 18:12:35.5277|1|INFO|Microsoft.AspNetCore.Mvc.ViewFeatures.ViewResultExecutor|Executing ViewResult, running view Error404. 
2019-02-15 18:12:35.5277|4|INFO|Microsoft.AspNetCore.Mvc.ViewFeatures.ViewResultExecutor|Executed ViewResult - view Error404 executed in 3.8221ms. 
2019-02-15 18:12:35.5277|2|INFO|Microsoft.AspNetCore.Mvc.Internal.ControllerActionInvoker|Executed action TemplateCoreWebTest.Controllers.HomeController.Error404 (TemplateCoreWebTest) in 16.2696ms 
2019-02-15 18:12:35.5277|2|INFO|Microsoft.AspNetCore.Hosting.Internal.WebHost|Request finished in 34.6067ms 404 text/html; charset=utf-8 
2019-02-15 18:12:35.7372|1|INFO|Microsoft.AspNetCore.Hosting.Internal.WebHost|Request starting HTTP/1.1 GET http://localhost:53185/img/bg/bg1.jpg   
2019-02-15 18:12:35.7372|1|INFO|Microsoft.AspNetCore.Hosting.Internal.WebHost|Request starting HTTP/1.1 GET http://localhost:53185/img/bg/bg9.jpg   
2019-02-15 18:12:35.7372|1|INFO|Microsoft.AspNetCore.Hosting.Internal.WebHost|Request starting HTTP/1.1 GET http://localhost:53185/img/bg/bg2.jpg   
2019-02-15 18:12:35.7453|1|INFO|Microsoft.AspNetCore.Hosting.Internal.WebHost|Request starting HTTP/1.1 GET http://localhost:53185/img/bg/bg3.jpg   
2019-02-15 18:12:35.7798|2|INFO|Microsoft.AspNetCore.StaticFiles.StaticFileMiddleware|Sending file. Request path: '/img/bg/bg9.jpg'. Physical path: 'C:\Users\Diana\Work\Projects\Weeding\TemplateCoreWeb\wwwroot\img\bg\bg9.jpg' 
2019-02-15 18:12:35.8137|2|INFO|Microsoft.AspNetCore.Hosting.Internal.WebHost|Request finished in 73.9556ms 200 image/jpeg 
2019-02-15 18:12:35.8329|2|INFO|Microsoft.AspNetCore.StaticFiles.StaticFileMiddleware|Sending file. Request path: '/img/bg/bg2.jpg'. Physical path: 'C:\Users\Diana\Work\Projects\Weeding\TemplateCoreWeb\wwwroot\img\bg\bg2.jpg' 
2019-02-15 18:12:35.8464|2|INFO|Microsoft.AspNetCore.StaticFiles.StaticFileMiddleware|Sending file. Request path: '/img/bg/bg1.jpg'. Physical path: 'C:\Users\Diana\Work\Projects\Weeding\TemplateCoreWeb\wwwroot\img\bg\bg1.jpg' 
2019-02-15 18:12:35.8464|2|INFO|Microsoft.AspNetCore.Hosting.Internal.WebHost|Request finished in 104.7758ms 200 image/jpeg 
2019-02-15 18:12:35.8464|2|INFO|Microsoft.AspNetCore.Hosting.Internal.WebHost|Request finished in 113.806ms 200 image/jpeg 
2019-02-15 18:12:35.8611|2|INFO|Microsoft.AspNetCore.StaticFiles.StaticFileMiddleware|Sending file. Request path: '/img/bg/bg3.jpg'. Physical path: 'C:\Users\Diana\Work\Projects\Weeding\TemplateCoreWeb\wwwroot\img\bg\bg3.jpg' 
2019-02-15 18:12:35.8803|2|INFO|Microsoft.AspNetCore.Hosting.Internal.WebHost|Request finished in 134.9727ms 200 image/jpeg 
2019-02-15 18:12:36.2345|1|INFO|Microsoft.AspNetCore.Hosting.Internal.WebHost|Request starting HTTP/1.1 GET http://localhost:53185/favicon-32x32.png   
2019-02-15 18:12:36.2483|2|INFO|Microsoft.AspNetCore.StaticFiles.StaticFileMiddleware|Sending file. Request path: '/favicon-32x32.png'. Physical path: 'C:\Users\Diana\Work\Projects\Weeding\TemplateCoreWeb\wwwroot\favicon-32x32.png' 
2019-02-15 18:12:36.2483|2|INFO|Microsoft.AspNetCore.Hosting.Internal.WebHost|Request finished in 18.5387ms 200 image/png 
2019-02-15 18:12:39.7064|1|INFO|Microsoft.AspNetCore.Hosting.Internal.WebHost|Request starting HTTP/1.1 GET http://localhost:53185/img/drag.png   
2019-02-15 18:12:39.7180|2|INFO|Microsoft.AspNetCore.StaticFiles.StaticFileMiddleware|Sending file. Request path: '/img/drag.png'. Physical path: 'C:\Users\Diana\Work\Projects\Weeding\TemplateCoreWeb\wwwroot\img\drag.png' 
2019-02-15 18:12:39.7292|2|INFO|Microsoft.AspNetCore.Hosting.Internal.WebHost|Request finished in 22.6129ms 200 image/png 
