2018-10-26 12:08:04.7137||DEBUG|TemplateCoreWeb.Program|init main 
2018-10-26 12:08:07.7952||INFO|Microsoft.AspNetCore.DataProtection.KeyManagement.XmlKeyManager|User profile is available. Using 'C:\Users\Rodion\AppData\Local\ASP.NET\DataProtection-Keys' as key repository and Windows DPAPI to encrypt keys at rest. 
2018-10-26 12:08:12.6026||INFO|Microsoft.AspNetCore.NodeServices|development mode: true 
2018-10-26 12:08:15.7825||ERROR|Microsoft.AspNetCore.NodeServices|clean-webpack-plugin: C:\Users\Rodion\Documents\Visual Studio 2017\Projects\TemplateCoreWeb\TemplateCoreWeb\wwwroot\dist has been removed. 
2018-10-26 12:08:16.9313|1|INFO|Microsoft.AspNetCore.Hosting.Internal.WebHost|Request starting HTTP/1.1 DEBUG http://localhost:53186/  0 
2018-10-26 12:08:16.9313|1|INFO|Microsoft.AspNetCore.Hosting.Internal.WebHost|Request starting HTTP/1.1 GET http://localhost:53186/   
2018-10-26 12:08:17.0713|2|INFO|Microsoft.AspNetCore.Hosting.Internal.WebHost|Request finished in 138.5386ms 200  
2018-10-26 12:08:18.4096||INFO|Microsoft.AspNetCore.NodeServices|[34mi[39m [90mя╜вwdmя╜г[39m: wait until bundle finished: / 
2018-10-26 12:08:34.8002||INFO|Microsoft.AspNetCore.NodeServices|webpack built 0cb29485b91f9c607ed2 in 18130ms 
2018-10-26 12:08:34.9483||INFO|Microsoft.AspNetCore.NodeServices|[34mi[39m [90mя╜вwdmя╜г[39m: Hash: 0cb29485b91f9c607ed2
Version: webpack 4.23.1
Time: 18130ms
Built at: 2018-10-26 12:08:34
                                 Asset      Size         Chunks             Chunk Names
                      custom_styles.js   580 KiB  custom_styles  [emitted]  custom_styles
                   custom_styles.js.gz  92.4 KiB                 [emitted]  
            fonts/Linearicons-Free.eot  54.5 KiB                 [emitted]  
         fonts/Linearicons-Free.eot.gz  25.2 KiB                 [emitted]  
            fonts/Linearicons-Free.svg   201 KiB                 [emitted]  
         fonts/Linearicons-Free.svg.gz  54.7 KiB                 [emitted]  
            fonts/Linearicons-Free.ttf  54.3 KiB                 [emitted]  
         fonts/Linearicons-Free.ttf.gz  25.1 KiB                 [emitted]  
           fonts/Linearicons-Free.woff  54.4 KiB                 [emitted]  
        fonts/Linearicons-Free.woff.gz  25.2 KiB                 [emitted]  
          fonts/Linearicons-Free.woff2  21.3 KiB                 [emitted]  
            fonts/Stroke-Gap-Icons.eot  44.7 KiB                 [emitted]  
         fonts/Stroke-Gap-Icons.eot.gz  20.1 KiB                 [emitted]  
                       fonts/dosis.ttf  29.7 KiB                 [emitted]  
                    fonts/dosis.ttf.gz  15.3 KiB                 [emitted]  
                      fonts/dosis.woff  15.4 KiB                 [emitted]  
                     fonts/dosis.woff2  12.5 KiB                 [emitted]  
                 fonts/dosismedium.ttf  28.5 KiB                 [emitted]  
              fonts/dosismedium.ttf.gz  15.1 KiB                 [emitted]  
                fonts/dosismedium.woff  15.2 KiB                 [emitted]  
               fonts/dosismedium.woff2  12.3 KiB                 [emitted]  
        fonts/dosissemibold-subset.ttf  19.4 KiB                 [emitted]  
     fonts/dosissemibold-subset.ttf.gz  11.7 KiB                 [emitted]  
      fonts/dosissemibold-subset.woff2  9.57 KiB                 [emitted]  
fonts/dosissemibold-subset.zopfli.woff  11.7 KiB                 [emitted]  
               fonts/dosissemibold.ttf  28.6 KiB                 [emitted]  
            fonts/dosissemibold.ttf.gz  15.1 KiB                 [emitted]  
              fonts/dosissemibold.woff  15.3 KiB                 [emitted]  
             fonts/dosissemibold.woff2  12.4 KiB                 [emitted]  
         fonts/fontawesome-webfont.eot   162 KiB                 [emitted]  
      fonts/fontawesome-webfont.eot.gz  95.9 KiB                 [emitted]  
         fonts/fontawesome-webfont.svg   434 KiB                 [emitted]  
      fonts/fontawesome-webfont.svg.gz   131 KiB                 [emitted]  
         fonts/fontawesome-webfont.ttf   162 KiB                 [emitted]  
      fonts/fontawesome-webfont.ttf.gz  95.8 KiB                 [emitted]  
        fonts/fontawesome-webfont.woff  95.7 KiB                 [emitted]  
       fonts/fontawesome-webfont.woff2  75.4 KiB                 [emitted]  
             fonts/opensans-subset.ttf  16.6 KiB                 [emitted]  
          fonts/opensans-subset.ttf.gz  10.8 KiB                 [emitted]  
           fonts/opensans-subset.woff2  8.66 KiB                 [emitted]  
     fonts/opensans-subset.zopfli.woff  10.9 KiB                 [emitted]  
                    fonts/opensans.ttf  51.2 KiB                 [emitted]  
                 fonts/opensans.ttf.gz  31.2 KiB                 [emitted]  
                   fonts/opensans.woff  31.1 KiB                 [emitted]  
                  fonts/opensans.woff2  24.3 KiB                 [emitted]  
                fonts/opensansbold.ttf  52.8 KiB                 [emitted]  
             fonts/opensansbold.ttf.gz  30.8 KiB                 [emitted]  
               fonts/opensansbold.woff  30.8 KiB                 [emitted]  
              fonts/opensansbold.woff2  23.9 KiB                 [emitted]  
            fonts/opensanssemibold.ttf  52.1 KiB                 [emitted]  
         fonts/opensanssemibold.ttf.gz  31.5 KiB                 [emitted]  
           fonts/opensanssemibold.woff  31.4 KiB                 [emitted]  
          fonts/opensanssemibold.woff2  24.4 KiB                 [emitted]  
                               main.js   236 KiB           main  [emitted]  main
                            main.js.gz    53 KiB                 [emitted]  
                         vendor_src.js   619 KiB     vendor_src  [emitted]  vendor_src
                      vendor_src.js.gz   134 KiB                 [emitted]  
                      vendor_styles.js  1.35 MiB  vendor_styles  [emitted]  vendor_styles
                   vendor_styles.js.gz   332 KiB                 [emitted]  
Entrypoint vendor_styles = vendor_styles.js
Entrypoint vendor_src = vendor_src.js
Entrypoint custom_styles = custom_styles.js
Entrypoint main = main.js
[0] multi webpack-hot-middleware/client?path=__webpack_hmr&dynamicPublicPath=true ./ClientApp/src/assets/js/vendor_styles.js 40 bytes {vendor_styles} [built]
[1] multi webpack-hot-middleware/client?path=__webpack_hmr&dynamicPublicPath=true script-loader!./ClientApp/src/assets/vendor/jquery/dist/jquery.min.js script-loader!./ClientApp/src/assets/vendor/popper.js/dist/popper.min.js script-loader!./ClientApp/src/assets/vendor/bootstrap/dist/js/bootstrap.min.js script-loader!./ClientApp/src/assets/vendor/slick-carousel/slick/slick.min.js script-loader!./ClientApp/src/assets/vendor/fancybox/dist/jquery.fancybox.min.js script-loader!./ClientApp/src/assets/vendor/imagesloaded/imagesloaded.pkgd.min.js script-loader!./ClientApp/src/assets/vendor/isotope/dist/isotope.pkgd.min.js script-loader!./ClientApp/src/assets/vendor/vide/dist/jquery.vide.min.js 124 bytes {vendor_src} [built]
[2] multi webpack-hot-middleware/client?path=__webpack_hmr&dynamicPublicPath=true ./ClientApp/src/assets/js/custom_styles.js 40 bytes {custom_styles} [built]
[3] multi webpack-hot-middleware/client?path=__webpack_hmr&dynamicPublicPath=true ./ClientApp/src/assets/js/index.js 40 bytes {main} [built]
[./ClientApp/src/assets/js/custom_styles.js] 28 bytes {custom_styles} [built]
[./ClientApp/src/assets/js/index.js] 916 bytes {main} [built]
[./ClientApp/src/assets/js/vendor_styles.js] 446 bytes {vendor_styles} [built]
[./node_modules/script-loader/index.js!./ClientApp/src/assets/vendor/bootstrap/dist/js/bootstrap.min.js] ./node_modules/script-loader!./ClientApp/src/assets/vendor/bootstrap/dist/js/bootstrap.min.js 599 bytes {vendor_src} [built]
[./node_modules/script-loader/index.js!./ClientApp/src/assets/vendor/fancybox/dist/jquery.fancybox.min.js] ./node_modules/script-loader!./ClientApp/src/assets/vendor/fancybox/dist/jquery.fancybox.min.js 600 bytes {vendor_src} [built]
[./node_modules/script-loader/index.js!./ClientApp/src/assets/vendor/imagesloaded/imagesloaded.pkgd.min.js] ./node_modules/script-loader!./ClientApp/src/assets/vendor/imagesloaded/imagesloaded.pkgd.min.js 600 bytes {vendor_src} [built]
[./node_modules/script-loader/index.js!./ClientApp/src/assets/vendor/isotope/dist/isotope.pkgd.min.js] ./node_modules/script-loader!./ClientApp/src/assets/vendor/isotope/dist/isotope.pkgd.min.js 596 bytes {vendor_src} [built]
[./node_modules/script-loader/index.js!./ClientApp/src/assets/vendor/jquery/dist/jquery.min.js] ./node_modules/script-loader!./ClientApp/src/assets/vendor/jquery/dist/jquery.min.js 589 bytes {vendor_src} [built]
[./node_modules/script-loader/index.js!./ClientApp/src/assets/vendor/popper.js/dist/popper.min.js] ./node_modules/script-loader!./ClientApp/src/assets/vendor/popper.js/dist/popper.min.js 592 bytes {vendor_src} [built]
[./node_modules/script-loader/index.js!./ClientApp/src/assets/vendor/slick-carousel/slick/slick.min.js] ./node_modules/script-loader!./ClientApp/src/assets/vendor/slick-carousel/slick/slick.min.js 597 bytes {vendor_src} [built]
[./node_modules/script-loader/index.js!./ClientApp/src/assets/vendor/vide/dist/jquery.vide.min.js] ./node_modules/script-loader!./ClientApp/src/assets/vendor/vide/dist/jquery.vide.min.js 592 bytes {vendor_src} [built]
    + 84 hidden modules 
2018-10-26 12:08:34.9483||INFO|Microsoft.AspNetCore.NodeServices|[34mi[39m [90mя╜вwdmя╜г[39m: Compiled successfully. 
2018-10-26 12:08:34.9622|3|WARN|Microsoft.AspNetCore.HttpsPolicy.HttpsRedirectionMiddleware|Failed to determine the https port for redirect. 
2018-10-26 12:08:35.9737|1|INFO|Microsoft.AspNetCore.Mvc.Internal.ControllerActionInvoker|Route matched with {action = "Index", controller = "Home"}. Executing action TemplateCoreWeb.Controllers.HomeController.Index (TemplateCoreWeb) 
2018-10-26 12:08:36.0022|1|INFO|Microsoft.AspNetCore.Mvc.Internal.ControllerActionInvoker|Executing action method TemplateCoreWeb.Controllers.HomeController.Index (TemplateCoreWeb) with arguments () - Validation state: Valid 
2018-10-26 12:08:36.0022|2|INFO|Microsoft.AspNetCore.Mvc.Internal.ControllerActionInvoker|Executed action method TemplateCoreWeb.Controllers.HomeController.Index (TemplateCoreWeb), returned result Microsoft.AspNetCore.Mvc.ViewResult in 0.7053ms. 
2018-10-26 12:08:36.0485|1|INFO|Microsoft.AspNetCore.Mvc.ViewFeatures.ViewResultExecutor|Executing ViewResult, running view Index. 
2018-10-26 12:08:36.4191|1|INFO|Microsoft.AspNetCore.Hosting.Internal.WebHost|Request starting HTTP/1.1 GET http://localhost:53186/dist/custom_styles.js   
2018-10-26 12:08:36.4191|1|INFO|Microsoft.AspNetCore.Hosting.Internal.WebHost|Request starting HTTP/1.1 GET http://localhost:53186/img/logo_nordic.svg   
2018-10-26 12:08:36.4310|1|INFO|Microsoft.AspNetCore.Hosting.Internal.WebHost|Request starting HTTP/1.1 GET http://localhost:53186/img/home/webdesign1x.png   
2018-10-26 12:08:36.4310|1|INFO|Microsoft.AspNetCore.Hosting.Internal.WebHost|Request starting HTTP/1.1 GET http://localhost:53186/dist/vendor_styles.js   
2018-10-26 12:08:36.4191|4|INFO|Microsoft.AspNetCore.Mvc.ViewFeatures.ViewResultExecutor|Executed ViewResult - view Index executed in 395.0184ms. 
2018-10-26 12:08:36.4531|2|INFO|Microsoft.AspNetCore.StaticFiles.StaticFileMiddleware|Sending file. Request path: '/img/logo_nordic.svg'. Physical path: 'C:\Users\Rodion\Documents\Visual Studio 2017\Projects\TemplateCoreWeb\TemplateCoreWeb\wwwroot\img\logo_nordic.svg' 
2018-10-26 12:08:36.4651|2|INFO|Microsoft.AspNetCore.Hosting.Internal.WebHost|Request finished in 42.0679ms 200 image/svg+xml 
2018-10-26 12:08:36.4651|2|INFO|Microsoft.AspNetCore.StaticFiles.StaticFileMiddleware|Sending file. Request path: '/img/home/webdesign1x.png'. Physical path: 'C:\Users\Rodion\Documents\Visual Studio 2017\Projects\TemplateCoreWeb\TemplateCoreWeb\wwwroot\img\home\webdesign1x.png' 
2018-10-26 12:08:36.4651|2|INFO|Microsoft.AspNetCore.Hosting.Internal.WebHost|Request finished in 43.9599ms 200 image/png 
2018-10-26 12:08:36.4780|2|INFO|Microsoft.AspNetCore.Mvc.Internal.ControllerActionInvoker|Executed action TemplateCoreWeb.Controllers.HomeController.Index (TemplateCoreWeb) in 502.3117ms 
2018-10-26 12:08:36.5043|1|INFO|Microsoft.AspNetCore.Hosting.Internal.WebHost|Request starting HTTP/1.1 GET http://localhost:53186/img/home/content1x.png   
2018-10-26 12:08:36.5251|2|INFO|Microsoft.AspNetCore.Hosting.Internal.WebHost|Request finished in 19595.0094ms 200 text/html; charset=utf-8 
2018-10-26 12:08:36.5251|1|INFO|Microsoft.AspNetCore.Hosting.Internal.WebHost|Request starting HTTP/1.1 GET http://localhost:53186/img/home/webdevelopment1x.png   
2018-10-26 12:08:36.5401|2|INFO|Microsoft.AspNetCore.StaticFiles.StaticFileMiddleware|Sending file. Request path: '/img/home/content1x.png'. Physical path: 'C:\Users\Rodion\Documents\Visual Studio 2017\Projects\TemplateCoreWeb\TemplateCoreWeb\wwwroot\img\home\content1x.png' 
2018-10-26 12:08:36.5401|2|INFO|Microsoft.AspNetCore.StaticFiles.StaticFileMiddleware|Sending file. Request path: '/img/home/webdevelopment1x.png'. Physical path: 'C:\Users\Rodion\Documents\Visual Studio 2017\Projects\TemplateCoreWeb\TemplateCoreWeb\wwwroot\img\home\webdevelopment1x.png' 
2018-10-26 12:08:36.5401|2|INFO|Microsoft.AspNetCore.Hosting.Internal.WebHost|Request finished in 39.64ms 200 image/png 
2018-10-26 12:08:36.5401|2|INFO|Microsoft.AspNetCore.Hosting.Internal.WebHost|Request finished in 16.1678ms 200 image/png 
2018-10-26 12:08:36.5683|1|INFO|Microsoft.AspNetCore.Hosting.Internal.WebHost|Request starting HTTP/1.1 GET http://localhost:53186/img/home/itservices1x.png   
2018-10-26 12:08:36.5756|1|INFO|Microsoft.AspNetCore.Hosting.Internal.WebHost|Request starting HTTP/1.1 GET http://localhost:53186/img/home/support1x.png   
2018-10-26 12:08:36.5934|2|INFO|Microsoft.AspNetCore.StaticFiles.StaticFileMiddleware|Sending file. Request path: '/img/home/support1x.png'. Physical path: 'C:\Users\Rodion\Documents\Visual Studio 2017\Projects\TemplateCoreWeb\TemplateCoreWeb\wwwroot\img\home\support1x.png' 
2018-10-26 12:08:36.5934|2|INFO|Microsoft.AspNetCore.Hosting.Internal.WebHost|Request finished in 20.5306ms 200 image/png 
2018-10-26 12:08:36.5934|2|INFO|Microsoft.AspNetCore.StaticFiles.StaticFileMiddleware|Sending file. Request path: '/img/home/itservices1x.png'. Physical path: 'C:\Users\Rodion\Documents\Visual Studio 2017\Projects\TemplateCoreWeb\TemplateCoreWeb\wwwroot\img\home\itservices1x.png' 
2018-10-26 12:08:36.6052|2|INFO|Microsoft.AspNetCore.Hosting.Internal.WebHost|Request finished in 36.9138ms 200 image/png 
2018-10-26 12:08:36.6052|2|INFO|Microsoft.AspNetCore.StaticFiles.StaticFileMiddleware|Sending file. Request path: '/dist/custom_styles.js'. Physical path: 'C:\Users\Rodion\Documents\Visual Studio 2017\Projects\TemplateCoreWeb\TemplateCoreWeb\wwwroot\dist\custom_styles.js' 
2018-10-26 12:08:36.6483|1|INFO|Microsoft.AspNetCore.Hosting.Internal.WebHost|Request starting HTTP/1.1 GET http://localhost:53186/dist/vendor_src.js   
2018-10-26 12:08:36.6517|2|INFO|Microsoft.AspNetCore.Hosting.Internal.WebHost|Request finished in 224.6482ms 200 application/javascript 
2018-10-26 12:08:36.6839|1|INFO|Microsoft.AspNetCore.Hosting.Internal.WebHost|Request starting HTTP/1.1 GET http://localhost:53186/dist/main.js   
2018-10-26 12:08:36.7186|2|INFO|Microsoft.AspNetCore.StaticFiles.StaticFileMiddleware|Sending file. Request path: '/dist/main.js'. Physical path: 'C:\Users\Rodion\Documents\Visual Studio 2017\Projects\TemplateCoreWeb\TemplateCoreWeb\wwwroot\dist\main.js' 
2018-10-26 12:08:36.7186|2|INFO|Microsoft.AspNetCore.Hosting.Internal.WebHost|Request finished in 38.2149ms 200 application/javascript 
2018-10-26 12:08:36.7601|2|INFO|Microsoft.AspNetCore.StaticFiles.StaticFileMiddleware|Sending file. Request path: '/dist/vendor_src.js'. Physical path: 'C:\Users\Rodion\Documents\Visual Studio 2017\Projects\TemplateCoreWeb\TemplateCoreWeb\wwwroot\dist\vendor_src.js' 
2018-10-26 12:08:36.7601|2|INFO|Microsoft.AspNetCore.StaticFiles.StaticFileMiddleware|Sending file. Request path: '/dist/vendor_styles.js'. Physical path: 'C:\Users\Rodion\Documents\Visual Studio 2017\Projects\TemplateCoreWeb\TemplateCoreWeb\wwwroot\dist\vendor_styles.js' 
2018-10-26 12:08:36.7601|2|INFO|Microsoft.AspNetCore.Hosting.Internal.WebHost|Request finished in 120.7599ms 200 application/javascript 
2018-10-26 12:08:36.7601|2|INFO|Microsoft.AspNetCore.Hosting.Internal.WebHost|Request finished in 337.2549ms 200 application/javascript 
2018-10-26 12:08:37.0081|1|INFO|Microsoft.AspNetCore.Hosting.Internal.WebHost|Request starting HTTP/1.1 GET http://localhost:53186/__webpack_hmr   
2018-10-26 12:08:37.0081|1|INFO|Microsoft.AspNetCore.Hosting.Internal.WebHost|Request starting HTTP/1.1 GET http://localhost:53186/img/startup/bg-3.png   
2018-10-26 12:08:37.0081|1|INFO|Microsoft.AspNetCore.Hosting.Internal.WebHost|Request starting HTTP/1.1 GET http://localhost:53186/img/startup/hero-banner.png   
2018-10-26 12:08:37.0335|2|INFO|Microsoft.AspNetCore.StaticFiles.StaticFileMiddleware|Sending file. Request path: '/img/startup/bg-3.png'. Physical path: 'C:\Users\Rodion\Documents\Visual Studio 2017\Projects\TemplateCoreWeb\TemplateCoreWeb\wwwroot\img\startup\bg-3.png' 
2018-10-26 12:08:37.0473|2|INFO|Microsoft.AspNetCore.StaticFiles.StaticFileMiddleware|Sending file. Request path: '/img/startup/hero-banner.png'. Physical path: 'C:\Users\Rodion\Documents\Visual Studio 2017\Projects\TemplateCoreWeb\TemplateCoreWeb\wwwroot\img\startup\hero-banner.png' 
2018-10-26 12:08:37.0473|2|INFO|Microsoft.AspNetCore.Hosting.Internal.WebHost|Request finished in 34.3776ms 200 image/png 
2018-10-26 12:08:37.0473|2|INFO|Microsoft.AspNetCore.Hosting.Internal.WebHost|Request finished in 37.7414ms 200 image/png 
2018-10-26 12:08:37.1292|1|INFO|Microsoft.AspNetCore.Hosting.Internal.WebHost|Request starting HTTP/1.1 GET http://localhost:53186/dist/fonts/fontawesome-webfont.woff2   
2018-10-26 12:08:37.1359|2|INFO|Microsoft.AspNetCore.StaticFiles.StaticFileMiddleware|Sending file. Request path: '/dist/fonts/fontawesome-webfont.woff2'. Physical path: 'C:\Users\Rodion\Documents\Visual Studio 2017\Projects\TemplateCoreWeb\TemplateCoreWeb\wwwroot\dist\fonts\fontawesome-webfont.woff2' 
2018-10-26 12:08:37.1704|2|INFO|Microsoft.AspNetCore.Hosting.Internal.WebHost|Request finished in 41.1852ms 200 font/woff2 
2018-10-26 12:08:37.3231|1|INFO|Microsoft.AspNetCore.Hosting.Internal.WebHost|Request starting HTTP/1.1 GET http://localhost:53186/img/home/team.png   
2018-10-26 12:08:37.3486|2|INFO|Microsoft.AspNetCore.StaticFiles.StaticFileMiddleware|Sending file. Request path: '/img/home/team.png'. Physical path: 'C:\Users\Rodion\Documents\Visual Studio 2017\Projects\TemplateCoreWeb\TemplateCoreWeb\wwwroot\img\home\team.png' 
2018-10-26 12:08:37.3524|2|INFO|Microsoft.AspNetCore.Hosting.Internal.WebHost|Request finished in 29.3081ms 200 image/png 
2018-10-26 12:08:37.5928|1|INFO|Microsoft.AspNetCore.Hosting.Internal.WebHost|Request starting HTTP/1.1 GET http://localhost:53186/favicon-32x32.png   
2018-10-26 12:08:37.6032|2|INFO|Microsoft.AspNetCore.StaticFiles.StaticFileMiddleware|Sending file. Request path: '/favicon-32x32.png'. Physical path: 'C:\Users\Rodion\Documents\Visual Studio 2017\Projects\TemplateCoreWeb\TemplateCoreWeb\wwwroot\favicon-32x32.png' 
2018-10-26 12:08:37.6032|2|INFO|Microsoft.AspNetCore.Hosting.Internal.WebHost|Request finished in 20.4154ms 200 image/png 
2018-10-26 12:08:37.6352|1|INFO|Microsoft.AspNetCore.Hosting.Internal.WebHost|Request starting HTTP/1.1 GET http://localhost:53186/favicon-16x16.png   
2018-10-26 12:08:37.6352|2|INFO|Microsoft.AspNetCore.StaticFiles.StaticFileMiddleware|Sending file. Request path: '/favicon-16x16.png'. Physical path: 'C:\Users\Rodion\Documents\Visual Studio 2017\Projects\TemplateCoreWeb\TemplateCoreWeb\wwwroot\favicon-16x16.png' 
2018-10-26 12:08:37.6482|2|INFO|Microsoft.AspNetCore.Hosting.Internal.WebHost|Request finished in 13.0291ms 200 image/png 
2018-10-26 14:48:33.3980||DEBUG|TemplateCoreWeb.Program|init main 
2018-10-26 14:48:40.6992||INFO|Microsoft.AspNetCore.DataProtection.KeyManagement.XmlKeyManager|User profile is available. Using 'C:\Users\Rodion\AppData\Local\ASP.NET\DataProtection-Keys' as key repository and Windows DPAPI to encrypt keys at rest. 
2018-10-26 14:48:44.9979||INFO|Microsoft.AspNetCore.NodeServices|development mode: true 
2018-10-26 14:48:48.9852||ERROR|Microsoft.AspNetCore.NodeServices|clean-webpack-plugin: C:\Users\Rodion\Documents\Visual Studio 2017\Projects\TemplateCoreWeb\TemplateCoreWeb\wwwroot\dist has been removed. 
2018-10-26 14:48:50.3078|1|INFO|Microsoft.AspNetCore.Hosting.Internal.WebHost|Request starting HTTP/1.1 GET http://localhost:53186/   
2018-10-26 14:48:50.3078|1|INFO|Microsoft.AspNetCore.Hosting.Internal.WebHost|Request starting HTTP/1.1 DEBUG http://localhost:53186/  0 
2018-10-26 14:48:50.4724|2|INFO|Microsoft.AspNetCore.Hosting.Internal.WebHost|Request finished in 115.5075ms 200  
2018-10-26 14:48:51.1894||INFO|Microsoft.AspNetCore.NodeServices|[34mi[39m [90mя╜вwdmя╜г[39m: wait until bundle finished: / 
2018-10-26 14:49:04.3411||INFO|Microsoft.AspNetCore.NodeServices|webpack built 0cb29485b91f9c607ed2 in 14919ms 
2018-10-26 14:49:04.4855||INFO|Microsoft.AspNetCore.NodeServices|[34mi[39m [90mя╜вwdmя╜г[39m: Hash: 0cb29485b91f9c607ed2
Version: webpack 4.23.1
Time: 14919ms
Built at: 2018-10-26 14:49:04
                                 Asset      Size         Chunks             Chunk Names
                      custom_styles.js   580 KiB  custom_styles  [emitted]  custom_styles
                   custom_styles.js.gz  92.4 KiB                 [emitted]  
            fonts/Linearicons-Free.eot  54.5 KiB                 [emitted]  
         fonts/Linearicons-Free.eot.gz  25.2 KiB                 [emitted]  
            fonts/Linearicons-Free.svg   201 KiB                 [emitted]  
         fonts/Linearicons-Free.svg.gz  54.7 KiB                 [emitted]  
            fonts/Linearicons-Free.ttf  54.3 KiB                 [emitted]  
         fonts/Linearicons-Free.ttf.gz  25.1 KiB                 [emitted]  
           fonts/Linearicons-Free.woff  54.4 KiB                 [emitted]  
        fonts/Linearicons-Free.woff.gz  25.2 KiB                 [emitted]  
          fonts/Linearicons-Free.woff2  21.3 KiB                 [emitted]  
            fonts/Stroke-Gap-Icons.eot  44.7 KiB                 [emitted]  
         fonts/Stroke-Gap-Icons.eot.gz  20.1 KiB                 [emitted]  
                       fonts/dosis.ttf  29.7 KiB                 [emitted]  
                    fonts/dosis.ttf.gz  15.3 KiB                 [emitted]  
                      fonts/dosis.woff  15.4 KiB                 [emitted]  
                     fonts/dosis.woff2  12.5 KiB                 [emitted]  
                 fonts/dosismedium.ttf  28.5 KiB                 [emitted]  
              fonts/dosismedium.ttf.gz  15.1 KiB                 [emitted]  
                fonts/dosismedium.woff  15.2 KiB                 [emitted]  
               fonts/dosismedium.woff2  12.3 KiB                 [emitted]  
        fonts/dosissemibold-subset.ttf  19.4 KiB                 [emitted]  
     fonts/dosissemibold-subset.ttf.gz  11.7 KiB                 [emitted]  
      fonts/dosissemibold-subset.woff2  9.57 KiB                 [emitted]  
fonts/dosissemibold-subset.zopfli.woff  11.7 KiB                 [emitted]  
               fonts/dosissemibold.ttf  28.6 KiB                 [emitted]  
            fonts/dosissemibold.ttf.gz  15.1 KiB                 [emitted]  
              fonts/dosissemibold.woff  15.3 KiB                 [emitted]  
             fonts/dosissemibold.woff2  12.4 KiB                 [emitted]  
         fonts/fontawesome-webfont.eot   162 KiB                 [emitted]  
      fonts/fontawesome-webfont.eot.gz  95.9 KiB                 [emitted]  
         fonts/fontawesome-webfont.svg   434 KiB                 [emitted]  
      fonts/fontawesome-webfont.svg.gz   131 KiB                 [emitted]  
         fonts/fontawesome-webfont.ttf   162 KiB                 [emitted]  
      fonts/fontawesome-webfont.ttf.gz  95.8 KiB                 [emitted]  
        fonts/fontawesome-webfont.woff  95.7 KiB                 [emitted]  
       fonts/fontawesome-webfont.woff2  75.4 KiB                 [emitted]  
             fonts/opensans-subset.ttf  16.6 KiB                 [emitted]  
          fonts/opensans-subset.ttf.gz  10.8 KiB                 [emitted]  
           fonts/opensans-subset.woff2  8.66 KiB                 [emitted]  
     fonts/opensans-subset.zopfli.woff  10.9 KiB                 [emitted]  
                    fonts/opensans.ttf  51.2 KiB                 [emitted]  
                 fonts/opensans.ttf.gz  31.2 KiB                 [emitted]  
                   fonts/opensans.woff  31.1 KiB                 [emitted]  
                  fonts/opensans.woff2  24.3 KiB                 [emitted]  
                fonts/opensansbold.ttf  52.8 KiB                 [emitted]  
             fonts/opensansbold.ttf.gz  30.8 KiB                 [emitted]  
               fonts/opensansbold.woff  30.8 KiB                 [emitted]  
              fonts/opensansbold.woff2  23.9 KiB                 [emitted]  
            fonts/opensanssemibold.ttf  52.1 KiB                 [emitted]  
         fonts/opensanssemibold.ttf.gz  31.5 KiB                 [emitted]  
           fonts/opensanssemibold.woff  31.4 KiB                 [emitted]  
          fonts/opensanssemibold.woff2  24.4 KiB                 [emitted]  
                               main.js   236 KiB           main  [emitted]  main
                            main.js.gz    53 KiB                 [emitted]  
                         vendor_src.js   619 KiB     vendor_src  [emitted]  vendor_src
                      vendor_src.js.gz   134 KiB                 [emitted]  
                      vendor_styles.js  1.35 MiB  vendor_styles  [emitted]  vendor_styles
                   vendor_styles.js.gz   332 KiB                 [emitted]  
Entrypoint vendor_styles = vendor_styles.js
Entrypoint vendor_src = vendor_src.js
Entrypoint custom_styles = custom_styles.js
Entrypoint main = main.js
[0] multi webpack-hot-middleware/client?path=__webpack_hmr&dynamicPublicPath=true ./ClientApp/src/assets/js/vendor_styles.js 40 bytes {vendor_styles} [built]
[1] multi webpack-hot-middleware/client?path=__webpack_hmr&dynamicPublicPath=true script-loader!./ClientApp/src/assets/vendor/jquery/dist/jquery.min.js script-loader!./ClientApp/src/assets/vendor/popper.js/dist/popper.min.js script-loader!./ClientApp/src/assets/vendor/bootstrap/dist/js/bootstrap.min.js script-loader!./ClientApp/src/assets/vendor/slick-carousel/slick/slick.min.js script-loader!./ClientApp/src/assets/vendor/fancybox/dist/jquery.fancybox.min.js script-loader!./ClientApp/src/assets/vendor/imagesloaded/imagesloaded.pkgd.min.js script-loader!./ClientApp/src/assets/vendor/isotope/dist/isotope.pkgd.min.js script-loader!./ClientApp/src/assets/vendor/vide/dist/jquery.vide.min.js 124 bytes {vendor_src} [built]
[2] multi webpack-hot-middleware/client?path=__webpack_hmr&dynamicPublicPath=true ./ClientApp/src/assets/js/custom_styles.js 40 bytes {custom_styles} [built]
[3] multi webpack-hot-middleware/client?path=__webpack_hmr&dynamicPublicPath=true ./ClientApp/src/assets/js/index.js 40 bytes {main} [built]
[./ClientApp/src/assets/js/custom_styles.js] 28 bytes {custom_styles} [built]
[./ClientApp/src/assets/js/index.js] 916 bytes {main} [built]
[./ClientApp/src/assets/js/vendor_styles.js] 446 bytes {vendor_styles} [built]
[./node_modules/script-loader/index.js!./ClientApp/src/assets/vendor/bootstrap/dist/js/bootstrap.min.js] ./node_modules/script-loader!./ClientApp/src/assets/vendor/bootstrap/dist/js/bootstrap.min.js 599 bytes {vendor_src} [built]
[./node_modules/script-loader/index.js!./ClientApp/src/assets/vendor/fancybox/dist/jquery.fancybox.min.js] ./node_modules/script-loader!./ClientApp/src/assets/vendor/fancybox/dist/jquery.fancybox.min.js 600 bytes {vendor_src} [built]
[./node_modules/script-loader/index.js!./ClientApp/src/assets/vendor/imagesloaded/imagesloaded.pkgd.min.js] ./node_modules/script-loader!./ClientApp/src/assets/vendor/imagesloaded/imagesloaded.pkgd.min.js 600 bytes {vendor_src} [built]
[./node_modules/script-loader/index.js!./ClientApp/src/assets/vendor/isotope/dist/isotope.pkgd.min.js] ./node_modules/script-loader!./ClientApp/src/assets/vendor/isotope/dist/isotope.pkgd.min.js 596 bytes {vendor_src} [built]
[./node_modules/script-loader/index.js!./ClientApp/src/assets/vendor/jquery/dist/jquery.min.js] ./node_modules/script-loader!./ClientApp/src/assets/vendor/jquery/dist/jquery.min.js 589 bytes {vendor_src} [built]
[./node_modules/script-loader/index.js!./ClientApp/src/assets/vendor/popper.js/dist/popper.min.js] ./node_modules/script-loader!./ClientApp/src/assets/vendor/popper.js/dist/popper.min.js 592 bytes {vendor_src} [built]
[./node_modules/script-loader/index.js!./ClientApp/src/assets/vendor/slick-carousel/slick/slick.min.js] ./node_modules/script-loader!./ClientApp/src/assets/vendor/slick-carousel/slick/slick.min.js 597 bytes {vendor_src} [built]
[./node_modules/script-loader/index.js!./ClientApp/src/assets/vendor/vide/dist/jquery.vide.min.js] ./node_modules/script-loader!./ClientApp/src/assets/vendor/vide/dist/jquery.vide.min.js 592 bytes {vendor_src} [built]
    + 84 hidden modules 
2018-10-26 14:49:04.4855||INFO|Microsoft.AspNetCore.NodeServices|[34mi[39m [90mя╜вwdmя╜г[39m: Compiled successfully. 
2018-10-26 14:49:04.5019|3|WARN|Microsoft.AspNetCore.HttpsPolicy.HttpsRedirectionMiddleware|Failed to determine the https port for redirect. 
2018-10-26 14:49:05.2068|1|INFO|Microsoft.AspNetCore.Mvc.Internal.ControllerActionInvoker|Route matched with {action = "Index", controller = "Home"}. Executing action TemplateCoreWeb.Controllers.HomeController.Index (TemplateCoreWeb) 
2018-10-26 14:49:05.2479|1|INFO|Microsoft.AspNetCore.Mvc.Internal.ControllerActionInvoker|Executing action method TemplateCoreWeb.Controllers.HomeController.Index (TemplateCoreWeb) with arguments () - Validation state: Valid 
2018-10-26 14:49:05.2571|2|INFO|Microsoft.AspNetCore.Mvc.Internal.ControllerActionInvoker|Executed action method TemplateCoreWeb.Controllers.HomeController.Index (TemplateCoreWeb), returned result Microsoft.AspNetCore.Mvc.ViewResult in 0.9087ms. 
2018-10-26 14:49:05.3317|1|INFO|Microsoft.AspNetCore.Mvc.ViewFeatures.ViewResultExecutor|Executing ViewResult, running view Index. 
2018-10-26 14:49:05.6901|1|INFO|Microsoft.AspNetCore.Hosting.Internal.WebHost|Request starting HTTP/1.1 GET http://localhost:53186/img/logo_nordic.svg   
2018-10-26 14:49:05.7210|4|INFO|Microsoft.AspNetCore.Mvc.ViewFeatures.ViewResultExecutor|Executed ViewResult - view Index executed in 437.8144ms. 
2018-10-26 14:49:05.8144|2|INFO|Microsoft.AspNetCore.Mvc.Internal.ControllerActionInvoker|Executed action TemplateCoreWeb.Controllers.HomeController.Index (TemplateCoreWeb) in 604.6624ms 
2018-10-26 14:49:05.8144|1|INFO|Microsoft.AspNetCore.Hosting.Internal.WebHost|Request starting HTTP/1.1 GET http://localhost:53186/img/home/webdesign1x.png   
2018-10-26 14:49:05.8144|2|INFO|Microsoft.AspNetCore.StaticFiles.StaticFileMiddleware|Sending file. Request path: '/img/logo_nordic.svg'. Physical path: 'C:\Users\Rodion\Documents\Visual Studio 2017\Projects\TemplateCoreWeb\TemplateCoreWeb\wwwroot\img\logo_nordic.svg' 
2018-10-26 14:49:05.8430|2|INFO|Microsoft.AspNetCore.Hosting.Internal.WebHost|Request finished in 152.9391ms 200 image/svg+xml 
2018-10-26 14:49:05.8430|2|INFO|Microsoft.AspNetCore.Hosting.Internal.WebHost|Request finished in 15548.8231ms 200 text/html; charset=utf-8 
2018-10-26 14:49:05.8430|2|INFO|Microsoft.AspNetCore.StaticFiles.StaticFileMiddleware|Sending file. Request path: '/img/home/webdesign1x.png'. Physical path: 'C:\Users\Rodion\Documents\Visual Studio 2017\Projects\TemplateCoreWeb\TemplateCoreWeb\wwwroot\img\home\webdesign1x.png' 
2018-10-26 14:49:05.8659|2|INFO|Microsoft.AspNetCore.Hosting.Internal.WebHost|Request finished in 49.7717ms 200 image/png 
2018-10-26 14:49:06.0120|1|INFO|Microsoft.AspNetCore.Hosting.Internal.WebHost|Request starting HTTP/1.1 GET http://localhost:53186/img/home/itservices1x.png   
2018-10-26 14:49:06.0120|1|INFO|Microsoft.AspNetCore.Hosting.Internal.WebHost|Request starting HTTP/1.1 GET http://localhost:53186/img/home/webdevelopment1x.png   
2018-10-26 14:49:06.0861|2|INFO|Microsoft.AspNetCore.StaticFiles.StaticFileMiddleware|Sending file. Request path: '/img/home/itservices1x.png'. Physical path: 'C:\Users\Rodion\Documents\Visual Studio 2017\Projects\TemplateCoreWeb\TemplateCoreWeb\wwwroot\img\home\itservices1x.png' 
2018-10-26 14:49:06.1364|2|INFO|Microsoft.AspNetCore.Hosting.Internal.WebHost|Request finished in 124.3696ms 200 image/png 
2018-10-26 14:49:06.1478|2|INFO|Microsoft.AspNetCore.StaticFiles.StaticFileMiddleware|Sending file. Request path: '/img/home/webdevelopment1x.png'. Physical path: 'C:\Users\Rodion\Documents\Visual Studio 2017\Projects\TemplateCoreWeb\TemplateCoreWeb\wwwroot\img\home\webdevelopment1x.png' 
2018-10-26 14:49:06.1478|1|INFO|Microsoft.AspNetCore.Hosting.Internal.WebHost|Request starting HTTP/1.1 GET http://localhost:53186/img/home/support1x.png   
2018-10-26 14:49:06.1478|2|INFO|Microsoft.AspNetCore.Hosting.Internal.WebHost|Request finished in 134.7557ms 200 image/png 
2018-10-26 14:49:06.1627|1|INFO|Microsoft.AspNetCore.Hosting.Internal.WebHost|Request starting HTTP/1.1 GET http://localhost:53186/img/home/content1x.png   
2018-10-26 14:49:06.1906|2|INFO|Microsoft.AspNetCore.StaticFiles.StaticFileMiddleware|Sending file. Request path: '/img/home/support1x.png'. Physical path: 'C:\Users\Rodion\Documents\Visual Studio 2017\Projects\TemplateCoreWeb\TemplateCoreWeb\wwwroot\img\home\support1x.png' 
2018-10-26 14:49:06.1906|2|INFO|Microsoft.AspNetCore.Hosting.Internal.WebHost|Request finished in 55.0255ms 200 image/png 
2018-10-26 14:49:06.2031|1|INFO|Microsoft.AspNetCore.Hosting.Internal.WebHost|Request starting HTTP/1.1 GET http://localhost:53186/__webpack_hmr   
2018-10-26 14:49:06.7612|2|INFO|Microsoft.AspNetCore.StaticFiles.StaticFileMiddleware|Sending file. Request path: '/img/home/content1x.png'. Physical path: 'C:\Users\Rodion\Documents\Visual Studio 2017\Projects\TemplateCoreWeb\TemplateCoreWeb\wwwroot\img\home\content1x.png' 
2018-10-26 14:49:06.8907|2|INFO|Microsoft.AspNetCore.Hosting.Internal.WebHost|Request finished in 728.0385ms 200 image/png 
2018-10-26 14:49:07.0550|1|INFO|Microsoft.AspNetCore.Hosting.Internal.WebHost|Request starting HTTP/1.1 GET http://localhost:53186/img/startup/hero-banner.png   
2018-10-26 14:49:07.2221|1|INFO|Microsoft.AspNetCore.Hosting.Internal.WebHost|Request starting HTTP/1.1 GET http://localhost:53186/dist/fonts/fontawesome-webfont.woff2   
2018-10-26 14:49:07.5097|2|INFO|Microsoft.AspNetCore.StaticFiles.StaticFileMiddleware|Sending file. Request path: '/img/startup/hero-banner.png'. Physical path: 'C:\Users\Rodion\Documents\Visual Studio 2017\Projects\TemplateCoreWeb\TemplateCoreWeb\wwwroot\img\startup\hero-banner.png' 
2018-10-26 14:49:07.5824|2|INFO|Microsoft.AspNetCore.Hosting.Internal.WebHost|Request finished in 527.3609ms 200 image/png 
2018-10-26 14:49:07.6058|1|INFO|Microsoft.AspNetCore.Hosting.Internal.WebHost|Request starting HTTP/1.1 GET http://localhost:53186/img/startup/bg-3.png   
2018-10-26 14:49:07.7472|1|INFO|Microsoft.AspNetCore.Hosting.Internal.WebHost|Request starting HTTP/1.1 GET http://localhost:53186/img/home/team.png   
2018-10-26 14:49:07.7957|2|INFO|Microsoft.AspNetCore.StaticFiles.StaticFileMiddleware|Sending file. Request path: '/dist/fonts/fontawesome-webfont.woff2'. Physical path: 'C:\Users\Rodion\Documents\Visual Studio 2017\Projects\TemplateCoreWeb\TemplateCoreWeb\wwwroot\dist\fonts\fontawesome-webfont.woff2' 
2018-10-26 14:49:07.7957|2|INFO|Microsoft.AspNetCore.StaticFiles.StaticFileMiddleware|Sending file. Request path: '/img/startup/bg-3.png'. Physical path: 'C:\Users\Rodion\Documents\Visual Studio 2017\Projects\TemplateCoreWeb\TemplateCoreWeb\wwwroot\img\startup\bg-3.png' 
2018-10-26 14:49:07.7957|2|INFO|Microsoft.AspNetCore.Hosting.Internal.WebHost|Request finished in 586.6936ms 200 font/woff2 
2018-10-26 14:49:07.8145|2|INFO|Microsoft.AspNetCore.Hosting.Internal.WebHost|Request finished in 208.7225ms 200 image/png 
2018-10-26 14:49:07.8373|2|INFO|Microsoft.AspNetCore.StaticFiles.StaticFileMiddleware|Sending file. Request path: '/img/home/team.png'. Physical path: 'C:\Users\Rodion\Documents\Visual Studio 2017\Projects\TemplateCoreWeb\TemplateCoreWeb\wwwroot\img\home\team.png' 
2018-10-26 14:49:07.9071|2|INFO|Microsoft.AspNetCore.Hosting.Internal.WebHost|Request finished in 159.9021ms 200 image/png 
2018-10-26 14:49:10.1244|1|INFO|Microsoft.AspNetCore.Hosting.Internal.WebHost|Request starting HTTP/1.1 GET http://localhost:53186/img/home/experience1x.png   
2018-10-26 14:49:10.1454|2|INFO|Microsoft.AspNetCore.StaticFiles.StaticFileMiddleware|Sending file. Request path: '/img/home/experience1x.png'. Physical path: 'C:\Users\Rodion\Documents\Visual Studio 2017\Projects\TemplateCoreWeb\TemplateCoreWeb\wwwroot\img\home\experience1x.png' 
2018-10-26 14:49:10.1454|2|INFO|Microsoft.AspNetCore.Hosting.Internal.WebHost|Request finished in 22.9183ms 200 image/png 
2018-10-26 14:49:16.2208|1|INFO|Microsoft.AspNetCore.Hosting.Internal.WebHost|Request starting HTTP/1.1 GET http://localhost:53186/img/home/experience2x.png   
2018-10-26 14:49:16.2208|1|INFO|Microsoft.AspNetCore.Hosting.Internal.WebHost|Request starting HTTP/1.1 GET http://localhost:53186/img/home/webdesign2x.png   
2018-10-26 14:49:16.4506|2|INFO|Microsoft.AspNetCore.StaticFiles.StaticFileMiddleware|Sending file. Request path: '/img/home/webdesign2x.png'. Physical path: 'C:\Users\Rodion\Documents\Visual Studio 2017\Projects\TemplateCoreWeb\TemplateCoreWeb\wwwroot\img\home\webdesign2x.png' 
2018-10-26 14:49:16.4520|2|INFO|Microsoft.AspNetCore.Hosting.Internal.WebHost|Request finished in 228.3535ms 200 image/png 
2018-10-26 14:49:16.4520|2|INFO|Microsoft.AspNetCore.StaticFiles.StaticFileMiddleware|Sending file. Request path: '/img/home/experience2x.png'. Physical path: 'C:\Users\Rodion\Documents\Visual Studio 2017\Projects\TemplateCoreWeb\TemplateCoreWeb\wwwroot\img\home\experience2x.png' 
2018-10-26 14:49:16.4520|2|INFO|Microsoft.AspNetCore.Hosting.Internal.WebHost|Request finished in 242.3399ms 200 image/png 
2018-10-26 14:49:45.6003||INFO|Microsoft.AspNetCore.NodeServices|[34mi[39m [90mя╜вwdmя╜г[39m: Compiling... 
2018-10-26 14:49:45.6171||INFO|Microsoft.AspNetCore.NodeServices|webpack building... 
2018-10-26 14:49:47.8339||INFO|Microsoft.AspNetCore.NodeServices|webpack built 1e934913782fc9e9a32e in 1794ms 
2018-10-26 14:49:47.8431||INFO|Microsoft.AspNetCore.NodeServices|[34mi[39m [90mя╜вwdmя╜г[39m: Hash: 1e934913782fc9e9a32e
Version: webpack 4.23.1
Time: 1794ms
Built at: 2018-10-26 14:49:47
                                              Asset      Size                        Chunks             Chunk Names
               0cb29485b91f9c607ed2.hot-update.json  55 bytes                                [emitted]  
   custom_styles.0cb29485b91f9c607ed2.hot-update.js   403 KiB  custom_styles, custom_styles  [emitted]  custom_styles, custom_styles
custom_styles.0cb29485b91f9c607ed2.hot-update.js.gz  56.5 KiB                                [emitted]  
                                   custom_styles.js   580 KiB                 custom_styles  [emitted]  custom_styles
                                custom_styles.js.gz  92.4 KiB                                [emitted]  
                         fonts/Linearicons-Free.eot  54.5 KiB                                           
                      fonts/Linearicons-Free.eot.gz  25.2 KiB                                [emitted]  
                         fonts/Linearicons-Free.svg   201 KiB                                           
                      fonts/Linearicons-Free.svg.gz  54.7 KiB                                [emitted]  
                         fonts/Linearicons-Free.ttf  54.3 KiB                                           
                      fonts/Linearicons-Free.ttf.gz  25.1 KiB                                [emitted]  
                        fonts/Linearicons-Free.woff  54.4 KiB                                           
                     fonts/Linearicons-Free.woff.gz  25.2 KiB                                [emitted]  
                       fonts/Linearicons-Free.woff2  21.3 KiB                                           
                         fonts/Stroke-Gap-Icons.eot  44.7 KiB                                           
                      fonts/Stroke-Gap-Icons.eot.gz  20.1 KiB                                [emitted]  
                                    fonts/dosis.ttf  29.7 KiB                                           
                                 fonts/dosis.ttf.gz  15.3 KiB                                [emitted]  
                                   fonts/dosis.woff  15.4 KiB                                           
                                  fonts/dosis.woff2  12.5 KiB                                           
                              fonts/dosismedium.ttf  28.5 KiB                                           
                           fonts/dosismedium.ttf.gz  15.1 KiB                                [emitted]  
                             fonts/dosismedium.woff  15.2 KiB                                           
                            fonts/dosismedium.woff2  12.3 KiB                                           
                     fonts/dosissemibold-subset.ttf  19.4 KiB                                           
                  fonts/dosissemibold-subset.ttf.gz  11.7 KiB                                [emitted]  
                   fonts/dosissemibold-subset.woff2  9.57 KiB                                           
             fonts/dosissemibold-subset.zopfli.woff  11.7 KiB                                           
                            fonts/dosissemibold.ttf  28.6 KiB                                           
                         fonts/dosissemibold.ttf.gz  15.1 KiB                                [emitted]  
                           fonts/dosissemibold.woff  15.3 KiB                                           
                          fonts/dosissemibold.woff2  12.4 KiB                                           
                      fonts/fontawesome-webfont.eot   162 KiB                                           
                   fonts/fontawesome-webfont.eot.gz  95.9 KiB                                [emitted]  
                      fonts/fontawesome-webfont.svg   434 KiB                                           
                   fonts/fontawesome-webfont.svg.gz   131 KiB                                [emitted]  
                      fonts/fontawesome-webfont.ttf   162 KiB                                           
                   fonts/fontawesome-webfont.ttf.gz  95.8 KiB                                [emitted]  
                     fonts/fontawesome-webfont.woff  95.7 KiB                                           
                    fonts/fontawesome-webfont.woff2  75.4 KiB                                           
                          fonts/opensans-subset.ttf  16.6 KiB                                           
                       fonts/opensans-subset.ttf.gz  10.8 KiB                                [emitted]  
                        fonts/opensans-subset.woff2  8.66 KiB                                           
                  fonts/opensans-subset.zopfli.woff  10.9 KiB                                           
                                 fonts/opensans.ttf  51.2 KiB                                           
                              fonts/opensans.ttf.gz  31.2 KiB                                [emitted]  
                                fonts/opensans.woff  31.1 KiB                                           
                               fonts/opensans.woff2  24.3 KiB                                           
                             fonts/opensansbold.ttf  52.8 KiB                                           
                          fonts/opensansbold.ttf.gz  30.8 KiB                                [emitted]  
                            fonts/opensansbold.woff  30.8 KiB                                           
                           fonts/opensansbold.woff2  23.9 KiB                                           
                         fonts/opensanssemibold.ttf  52.1 KiB                                           
                      fonts/opensanssemibold.ttf.gz  31.5 KiB                                [emitted]  
                        fonts/opensanssemibold.woff  31.4 KiB                                           
                       fonts/opensanssemibold.woff2  24.4 KiB                                           
                                            main.js   236 KiB                          main  [emitted]  main
                                         main.js.gz    53 KiB                                [emitted]  
                                      vendor_src.js   619 KiB                    vendor_src  [emitted]  vendor_src
                                   vendor_src.js.gz   134 KiB                                [emitted]  
                                   vendor_styles.js  1.35 MiB                 vendor_styles  [emitted]  vendor_styles
                                vendor_styles.js.gz   332 KiB                                [emitted]  
Entrypoint vendor_styles = vendor_styles.js
Entrypoint vendor_src = vendor_src.js
Entrypoint custom_styles = custom_styles.js custom_styles.0cb29485b91f9c607ed2.hot-update.js custom_styles.0cb29485b91f9c607ed2.hot-update.js
Entrypoint main = main.js
[0] multi webpack-hot-middleware/client?path=__webpack_hmr&dynamicPublicPath=true ./ClientApp/src/assets/js/vendor_styles.js 40 bytes {vendor_styles}
[1] multi webpack-hot-middleware/client?path=__webpack_hmr&dynamicPublicPath=true script-loader!./ClientApp/src/assets/vendor/jquery/dist/jquery.min.js script-loader!./ClientApp/src/assets/vendor/popper.js/dist/popper.min.js script-loader!./ClientApp/src/assets/vendor/bootstrap/dist/js/bootstrap.min.js script-loader!./ClientApp/src/assets/vendor/slick-carousel/slick/slick.min.js script-loader!./ClientApp/src/assets/vendor/fancybox/dist/jquery.fancybox.min.js script-loader!./ClientApp/src/assets/vendor/imagesloaded/imagesloaded.pkgd.min.js script-loader!./ClientApp/src/assets/vendor/isotope/dist/isotope.pkgd.min.js script-loader!./ClientApp/src/assets/vendor/vide/dist/jquery.vide.min.js 124 bytes {vendor_src}
[2] multi webpack-hot-middleware/client?path=__webpack_hmr&dynamicPublicPath=true ./ClientApp/src/assets/js/custom_styles.js 40 bytes {custom_styles}
[3] multi webpack-hot-middleware/client?path=__webpack_hmr&dynamicPublicPath=true ./ClientApp/src/assets/js/index.js 40 bytes {main}
[./ClientApp/src/assets/js/custom_styles.js] 28 bytes {custom_styles}
[./ClientApp/src/assets/js/index.js] 916 bytes {main}
[./ClientApp/src/assets/js/vendor_styles.js] 446 bytes {vendor_styles}
[./node_modules/script-loader/index.js!./ClientApp/src/assets/vendor/bootstrap/dist/js/bootstrap.min.js] ./node_modules/script-loader!./ClientApp/src/assets/vendor/bootstrap/dist/js/bootstrap.min.js 599 bytes {vendor_src}
[./node_modules/script-loader/index.js!./ClientApp/src/assets/vendor/fancybox/dist/jquery.fancybox.min.js] ./node_modules/script-loader!./ClientApp/src/assets/vendor/fancybox/dist/jquery.fancybox.min.js 600 bytes {vendor_src}
[./node_modules/script-loader/index.js!./ClientApp/src/assets/vendor/imagesloaded/imagesloaded.pkgd.min.js] ./node_modules/script-loader!./ClientApp/src/assets/vendor/imagesloaded/imagesloaded.pkgd.min.js 600 bytes {vendor_src}
[./node_modules/script-loader/index.js!./ClientApp/src/assets/vendor/isotope/dist/isotope.pkgd.min.js] ./node_modules/script-loader!./ClientApp/src/assets/vendor/isotope/dist/isotope.pkgd.min.js 596 bytes {vendor_src}
[./node_modules/script-loader/index.js!./ClientApp/src/assets/vendor/jquery/dist/jquery.min.js] ./node_modules/script-loader!./ClientApp/src/assets/vendor/jquery/dist/jquery.min.js 589 bytes {vendor_src}
[./node_modules/script-loader/index.js!./ClientApp/src/assets/vendor/popper.js/dist/popper.min.js] ./node_modules/script-loader!./ClientApp/src/assets/vendor/popper.js/dist/popper.min.js 592 bytes {vendor_src}
[./node_modules/script-loader/index.js!./ClientApp/src/assets/vendor/slick-carousel/slick/slick.min.js] ./node_modules/script-loader!./ClientApp/src/assets/vendor/slick-carousel/slick/slick.min.js 597 bytes {vendor_src}
[./node_modules/script-loader/index.js!./ClientApp/src/assets/vendor/vide/dist/jquery.vide.min.js] ./node_modules/script-loader!./ClientApp/src/assets/vendor/vide/dist/jquery.vide.min.js 592 bytes {vendor_src}
    + 84 hidden modules 
2018-10-26 14:49:47.8431||INFO|Microsoft.AspNetCore.NodeServices|[34mi[39m [90mя╜вwdmя╜г[39m: Compiled successfully. 
2018-10-26 14:49:47.8607|1|INFO|Microsoft.AspNetCore.Hosting.Internal.WebHost|Request starting HTTP/1.1 GET http://localhost:53186/0cb29485b91f9c607ed2.hot-update.json   
2018-10-26 14:49:47.8895|2|INFO|Microsoft.AspNetCore.Hosting.Internal.WebHost|Request finished in 28.7772ms 200 application/json; charset=UTF-8 
2018-10-26 14:49:47.8895|1|INFO|Microsoft.AspNetCore.Hosting.Internal.WebHost|Request starting HTTP/1.1 GET http://localhost:53186/0cb29485b91f9c607ed2.hot-update.json   
2018-10-26 14:49:47.8895|2|INFO|Microsoft.AspNetCore.Hosting.Internal.WebHost|Request finished in 3.2074ms 200 application/json; charset=UTF-8 
2018-10-26 14:49:47.8895|1|INFO|Microsoft.AspNetCore.Hosting.Internal.WebHost|Request starting HTTP/1.1 GET http://localhost:53186/0cb29485b91f9c607ed2.hot-update.json   
2018-10-26 14:49:47.9065|1|INFO|Microsoft.AspNetCore.Hosting.Internal.WebHost|Request starting HTTP/1.1 GET http://localhost:53186/custom_styles.0cb29485b91f9c607ed2.hot-update.js   
2018-10-26 14:49:47.9065|2|INFO|Microsoft.AspNetCore.Hosting.Internal.WebHost|Request finished in 3.879ms 200 application/json; charset=UTF-8 
2018-10-26 14:49:47.9339|1|INFO|Microsoft.AspNetCore.Hosting.Internal.WebHost|Request starting HTTP/1.1 GET http://localhost:53186/0cb29485b91f9c607ed2.hot-update.json   
2018-10-26 14:49:47.9443|2|INFO|Microsoft.AspNetCore.Hosting.Internal.WebHost|Request finished in 10.3524ms 200 application/json; charset=UTF-8 
2018-10-26 14:49:47.9443|2|INFO|Microsoft.AspNetCore.Hosting.Internal.WebHost|Request finished in 41.872ms 200 application/javascript; charset=UTF-8 
2018-10-26 14:50:03.2254||INFO|Microsoft.AspNetCore.NodeServices|[34mi[39m [90mя╜вwdmя╜г[39m: Compiling... 
2018-10-26 14:50:03.2375||INFO|Microsoft.AspNetCore.NodeServices|webpack building... 
2018-10-26 14:50:05.5954||INFO|Microsoft.AspNetCore.NodeServices|webpack built 6ce968ecc0861e25dc4f in 1872ms 
2018-10-26 14:50:05.6115||INFO|Microsoft.AspNetCore.NodeServices|[34mi[39m [90mя╜вwdmя╜г[39m: Hash: 6ce968ecc0861e25dc4f
Version: webpack 4.23.1
Time: 1872ms
Built at: 2018-10-26 14:50:05
                                              Asset      Size                        Chunks             Chunk Names
               1e934913782fc9e9a32e.hot-update.json  55 bytes                                [emitted]  
   custom_styles.1e934913782fc9e9a32e.hot-update.js   403 KiB  custom_styles, custom_styles  [emitted]  custom_styles, custom_styles
custom_styles.1e934913782fc9e9a32e.hot-update.js.gz  56.5 KiB                                [emitted]  
                                   custom_styles.js   580 KiB                 custom_styles  [emitted]  custom_styles
                                custom_styles.js.gz  92.4 KiB                                [emitted]  
                         fonts/Linearicons-Free.eot  54.5 KiB                                           
                      fonts/Linearicons-Free.eot.gz  25.2 KiB                                [emitted]  
                         fonts/Linearicons-Free.svg   201 KiB                                           
                      fonts/Linearicons-Free.svg.gz  54.7 KiB                                [emitted]  
                         fonts/Linearicons-Free.ttf  54.3 KiB                                           
                      fonts/Linearicons-Free.ttf.gz  25.1 KiB                                [emitted]  
                        fonts/Linearicons-Free.woff  54.4 KiB                                           
                     fonts/Linearicons-Free.woff.gz  25.2 KiB                                [emitted]  
                       fonts/Linearicons-Free.woff2  21.3 KiB                                           
                         fonts/Stroke-Gap-Icons.eot  44.7 KiB                                           
                      fonts/Stroke-Gap-Icons.eot.gz  20.1 KiB                                [emitted]  
                                    fonts/dosis.ttf  29.7 KiB                                           
                                 fonts/dosis.ttf.gz  15.3 KiB                                [emitted]  
                                   fonts/dosis.woff  15.4 KiB                                           
                                  fonts/dosis.woff2  12.5 KiB                                           
                              fonts/dosismedium.ttf  28.5 KiB                                           
                           fonts/dosismedium.ttf.gz  15.1 KiB                                [emitted]  
                             fonts/dosismedium.woff  15.2 KiB                                           
                            fonts/dosismedium.woff2  12.3 KiB                                           
                     fonts/dosissemibold-subset.ttf  19.4 KiB                                           
                  fonts/dosissemibold-subset.ttf.gz  11.7 KiB                                [emitted]  
                   fonts/dosissemibold-subset.woff2  9.57 KiB                                           
             fonts/dosissemibold-subset.zopfli.woff  11.7 KiB                                           
                            fonts/dosissemibold.ttf  28.6 KiB                                           
                         fonts/dosissemibold.ttf.gz  15.1 KiB                                [emitted]  
                           fonts/dosissemibold.woff  15.3 KiB                                           
                          fonts/dosissemibold.woff2  12.4 KiB                                           
                      fonts/fontawesome-webfont.eot   162 KiB                                           
                   fonts/fontawesome-webfont.eot.gz  95.9 KiB                                [emitted]  
                      fonts/fontawesome-webfont.svg   434 KiB                                           
                   fonts/fontawesome-webfont.svg.gz   131 KiB                                [emitted]  
                      fonts/fontawesome-webfont.ttf   162 KiB                                           
                   fonts/fontawesome-webfont.ttf.gz  95.8 KiB                                [emitted]  
                     fonts/fontawesome-webfont.woff  95.7 KiB                                           
                    fonts/fontawesome-webfont.woff2  75.4 KiB                                           
                          fonts/opensans-subset.ttf  16.6 KiB                                           
                       fonts/opensans-subset.ttf.gz  10.8 KiB                                [emitted]  
                        fonts/opensans-subset.woff2  8.66 KiB                                           
                  fonts/opensans-subset.zopfli.woff  10.9 KiB                                           
                                 fonts/opensans.ttf  51.2 KiB                                           
                              fonts/opensans.ttf.gz  31.2 KiB                                [emitted]  
                                fonts/opensans.woff  31.1 KiB                                           
                               fonts/opensans.woff2  24.3 KiB                                           
                             fonts/opensansbold.ttf  52.8 KiB                                           
                          fonts/opensansbold.ttf.gz  30.8 KiB                                [emitted]  
                            fonts/opensansbold.woff  30.8 KiB                                           
                           fonts/opensansbold.woff2  23.9 KiB                                           
                         fonts/opensanssemibold.ttf  52.1 KiB                                           
                      fonts/opensanssemibold.ttf.gz  31.5 KiB                                [emitted]  
                        fonts/opensanssemibold.woff  31.4 KiB                                           
                       fonts/opensanssemibold.woff2  24.4 KiB                                           
                                            main.js   236 KiB                          main  [emitted]  main
                                         main.js.gz    53 KiB                                [emitted]  
                                      vendor_src.js   619 KiB                    vendor_src  [emitted]  vendor_src
                                   vendor_src.js.gz   134 KiB                                [emitted]  
                                   vendor_styles.js  1.35 MiB                 vendor_styles  [emitted]  vendor_styles
                                vendor_styles.js.gz   332 KiB                                [emitted]  
Entrypoint vendor_styles = vendor_styles.js
Entrypoint vendor_src = vendor_src.js
Entrypoint custom_styles = custom_styles.js custom_styles.1e934913782fc9e9a32e.hot-update.js custom_styles.1e934913782fc9e9a32e.hot-update.js
Entrypoint main = main.js
[0] multi webpack-hot-middleware/client?path=__webpack_hmr&dynamicPublicPath=true ./ClientApp/src/assets/js/vendor_styles.js 40 bytes {vendor_styles}
[1] multi webpack-hot-middleware/client?path=__webpack_hmr&dynamicPublicPath=true script-loader!./ClientApp/src/assets/vendor/jquery/dist/jquery.min.js script-loader!./ClientApp/src/assets/vendor/popper.js/dist/popper.min.js script-loader!./ClientApp/src/assets/vendor/bootstrap/dist/js/bootstrap.min.js script-loader!./ClientApp/src/assets/vendor/slick-carousel/slick/slick.min.js script-loader!./ClientApp/src/assets/vendor/fancybox/dist/jquery.fancybox.min.js script-loader!./ClientApp/src/assets/vendor/imagesloaded/imagesloaded.pkgd.min.js script-loader!./ClientApp/src/assets/vendor/isotope/dist/isotope.pkgd.min.js script-loader!./ClientApp/src/assets/vendor/vide/dist/jquery.vide.min.js 124 bytes {vendor_src}
[2] multi webpack-hot-middleware/client?path=__webpack_hmr&dynamicPublicPath=true ./ClientApp/src/assets/js/custom_styles.js 40 bytes {custom_styles}
[3] multi webpack-hot-middleware/client?path=__webpack_hmr&dynamicPublicPath=true ./ClientApp/src/assets/js/index.js 40 bytes {main}
[./ClientApp/src/assets/js/custom_styles.js] 28 bytes {custom_styles}
[./ClientApp/src/assets/js/index.js] 916 bytes {main}
[./ClientApp/src/assets/js/vendor_styles.js] 446 bytes {vendor_styles}
[./node_modules/script-loader/index.js!./ClientApp/src/assets/vendor/bootstrap/dist/js/bootstrap.min.js] ./node_modules/script-loader!./ClientApp/src/assets/vendor/bootstrap/dist/js/bootstrap.min.js 599 bytes {vendor_src}
[./node_modules/script-loader/index.js!./ClientApp/src/assets/vendor/fancybox/dist/jquery.fancybox.min.js] ./node_modules/script-loader!./ClientApp/src/assets/vendor/fancybox/dist/jquery.fancybox.min.js 600 bytes {vendor_src}
[./node_modules/script-loader/index.js!./ClientApp/src/assets/vendor/imagesloaded/imagesloaded.pkgd.min.js] ./node_modules/script-loader!./ClientApp/src/assets/vendor/imagesloaded/imagesloaded.pkgd.min.js 600 bytes {vendor_src}
[./node_modules/script-loader/index.js!./ClientApp/src/assets/vendor/isotope/dist/isotope.pkgd.min.js] ./node_modules/script-loader!./ClientApp/src/assets/vendor/isotope/dist/isotope.pkgd.min.js 596 bytes {vendor_src}
[./node_modules/script-loader/index.js!./ClientApp/src/assets/vendor/jquery/dist/jquery.min.js] ./node_modules/script-loader!./ClientApp/src/assets/vendor/jquery/dist/jquery.min.js 589 bytes {vendor_src}
[./node_modules/script-loader/index.js!./ClientApp/src/assets/vendor/popper.js/dist/popper.min.js] ./node_modules/script-loader!./ClientApp/src/assets/vendor/popper.js/dist/popper.min.js 592 bytes {vendor_src}
[./node_modules/script-loader/index.js!./ClientApp/src/assets/vendor/slick-carousel/slick/slick.min.js] ./node_modules/script-loader!./ClientApp/src/assets/vendor/slick-carousel/slick/slick.min.js 597 bytes {vendor_src}
[./node_modules/script-loader/index.js!./ClientApp/src/assets/vendor/vide/dist/jquery.vide.min.js] ./node_modules/script-loader!./ClientApp/src/assets/vendor/vide/dist/jquery.vide.min.js 592 bytes {vendor_src}
    + 84 hidden modules 
2018-10-26 14:50:05.6115||INFO|Microsoft.AspNetCore.NodeServices|[34mi[39m [90mя╜вwdmя╜г[39m: Compiled successfully. 
2018-10-26 14:50:05.6539|1|INFO|Microsoft.AspNetCore.Hosting.Internal.WebHost|Request starting HTTP/1.1 GET http://localhost:53186/1e934913782fc9e9a32e.hot-update.json   
2018-10-26 14:50:05.6539|2|INFO|Microsoft.AspNetCore.Hosting.Internal.WebHost|Request finished in 13.497ms 200 application/json; charset=UTF-8 
2018-10-26 14:50:05.6745|1|INFO|Microsoft.AspNetCore.Hosting.Internal.WebHost|Request starting HTTP/1.1 GET http://localhost:53186/1e934913782fc9e9a32e.hot-update.json   
2018-10-26 14:50:05.6745|2|INFO|Microsoft.AspNetCore.Hosting.Internal.WebHost|Request finished in 7.2785ms 200 application/json; charset=UTF-8 
2018-10-26 14:50:05.6906|1|INFO|Microsoft.AspNetCore.Hosting.Internal.WebHost|Request starting HTTP/1.1 GET http://localhost:53186/1e934913782fc9e9a32e.hot-update.json   
2018-10-26 14:50:05.6906|2|INFO|Microsoft.AspNetCore.Hosting.Internal.WebHost|Request finished in 5.481ms 200 application/json; charset=UTF-8 
2018-10-26 15:21:56.8903||INFO|Microsoft.AspNetCore.NodeServices|[34mi[39m [90mя╜вwdmя╜г[39m: Compiling... 
2018-10-26 15:21:56.9073||INFO|Microsoft.AspNetCore.NodeServices|webpack building... 
2018-10-26 15:21:59.3890||INFO|Microsoft.AspNetCore.NodeServices|webpack built 874c24f993ac5be6d7c0 in 2009ms 
2018-10-26 15:21:59.4030||INFO|Microsoft.AspNetCore.NodeServices|[34mi[39m [90mя╜вwdmя╜г[39m: Hash: 874c24f993ac5be6d7c0
Version: webpack 4.23.1
Time: 2009ms
Built at: 2018-10-26 15:21:59
                                              Asset      Size                        Chunks             Chunk Names
               6ce968ecc0861e25dc4f.hot-update.json  55 bytes                                [emitted]  
   custom_styles.6ce968ecc0861e25dc4f.hot-update.js   403 KiB  custom_styles, custom_styles  [emitted]  custom_styles, custom_styles
custom_styles.6ce968ecc0861e25dc4f.hot-update.js.gz  56.5 KiB                                [emitted]  
                                   custom_styles.js   580 KiB                 custom_styles  [emitted]  custom_styles
                                custom_styles.js.gz  92.4 KiB                                [emitted]  
                         fonts/Linearicons-Free.eot  54.5 KiB                                           
                      fonts/Linearicons-Free.eot.gz  25.2 KiB                                [emitted]  
                         fonts/Linearicons-Free.svg   201 KiB                                           
                      fonts/Linearicons-Free.svg.gz  54.7 KiB                                [emitted]  
                         fonts/Linearicons-Free.ttf  54.3 KiB                                           
                      fonts/Linearicons-Free.ttf.gz  25.1 KiB                                [emitted]  
                        fonts/Linearicons-Free.woff  54.4 KiB                                           
                     fonts/Linearicons-Free.woff.gz  25.2 KiB                                [emitted]  
                       fonts/Linearicons-Free.woff2  21.3 KiB                                           
                         fonts/Stroke-Gap-Icons.eot  44.7 KiB                                           
                      fonts/Stroke-Gap-Icons.eot.gz  20.1 KiB                                [emitted]  
                                    fonts/dosis.ttf  29.7 KiB                                           
                                 fonts/dosis.ttf.gz  15.3 KiB                                [emitted]  
                                   fonts/dosis.woff  15.4 KiB                                           
                                  fonts/dosis.woff2  12.5 KiB                                           
                              fonts/dosismedium.ttf  28.5 KiB                                           
                           fonts/dosismedium.ttf.gz  15.1 KiB                                [emitted]  
                             fonts/dosismedium.woff  15.2 KiB                                           
                            fonts/dosismedium.woff2  12.3 KiB                                           
                     fonts/dosissemibold-subset.ttf  19.4 KiB                                           
                  fonts/dosissemibold-subset.ttf.gz  11.7 KiB                                [emitted]  
                   fonts/dosissemibold-subset.woff2  9.57 KiB                                           
             fonts/dosissemibold-subset.zopfli.woff  11.7 KiB                                           
                            fonts/dosissemibold.ttf  28.6 KiB                                           
                         fonts/dosissemibold.ttf.gz  15.1 KiB                                [emitted]  
                           fonts/dosissemibold.woff  15.3 KiB                                           
                          fonts/dosissemibold.woff2  12.4 KiB                                           
                      fonts/fontawesome-webfont.eot   162 KiB                                           
                   fonts/fontawesome-webfont.eot.gz  95.9 KiB                                [emitted]  
                      fonts/fontawesome-webfont.svg   434 KiB                                           
                   fonts/fontawesome-webfont.svg.gz   131 KiB                                [emitted]  
                      fonts/fontawesome-webfont.ttf   162 KiB                                           
                   fonts/fontawesome-webfont.ttf.gz  95.8 KiB                                [emitted]  
                     fonts/fontawesome-webfont.woff  95.7 KiB                                           
                    fonts/fontawesome-webfont.woff2  75.4 KiB                                           
                          fonts/opensans-subset.ttf  16.6 KiB                                           
                       fonts/opensans-subset.ttf.gz  10.8 KiB                                [emitted]  
                        fonts/opensans-subset.woff2  8.66 KiB                                           
                  fonts/opensans-subset.zopfli.woff  10.9 KiB                                           
                                 fonts/opensans.ttf  51.2 KiB                                           
                              fonts/opensans.ttf.gz  31.2 KiB                                [emitted]  
                                fonts/opensans.woff  31.1 KiB                                           
                               fonts/opensans.woff2  24.3 KiB                                           
                             fonts/opensansbold.ttf  52.8 KiB                                           
                          fonts/opensansbold.ttf.gz  30.8 KiB                                [emitted]  
                            fonts/opensansbold.woff  30.8 KiB                                           
                           fonts/opensansbold.woff2  23.9 KiB                                           
                         fonts/opensanssemibold.ttf  52.1 KiB                                           
                      fonts/opensanssemibold.ttf.gz  31.5 KiB                                [emitted]  
                        fonts/opensanssemibold.woff  31.4 KiB                                           
                       fonts/opensanssemibold.woff2  24.4 KiB                                           
                                            main.js   236 KiB                          main  [emitted]  main
                                         main.js.gz    53 KiB                                [emitted]  
                                      vendor_src.js   619 KiB                    vendor_src  [emitted]  vendor_src
                                   vendor_src.js.gz   134 KiB                                [emitted]  
                                   vendor_styles.js  1.35 MiB                 vendor_styles  [emitted]  vendor_styles
                                vendor_styles.js.gz   332 KiB                                [emitted]  
Entrypoint vendor_styles = vendor_styles.js
Entrypoint vendor_src = vendor_src.js
Entrypoint custom_styles = custom_styles.js custom_styles.6ce968ecc0861e25dc4f.hot-update.js custom_styles.6ce968ecc0861e25dc4f.hot-update.js
Entrypoint main = main.js
[0] multi webpack-hot-middleware/client?path=__webpack_hmr&dynamicPublicPath=true ./ClientApp/src/assets/js/vendor_styles.js 40 bytes {vendor_styles}
[1] multi webpack-hot-middleware/client?path=__webpack_hmr&dynamicPublicPath=true script-loader!./ClientApp/src/assets/vendor/jquery/dist/jquery.min.js script-loader!./ClientApp/src/assets/vendor/popper.js/dist/popper.min.js script-loader!./ClientApp/src/assets/vendor/bootstrap/dist/js/bootstrap.min.js script-loader!./ClientApp/src/assets/vendor/slick-carousel/slick/slick.min.js script-loader!./ClientApp/src/assets/vendor/fancybox/dist/jquery.fancybox.min.js script-loader!./ClientApp/src/assets/vendor/imagesloaded/imagesloaded.pkgd.min.js script-loader!./ClientApp/src/assets/vendor/isotope/dist/isotope.pkgd.min.js script-loader!./ClientApp/src/assets/vendor/vide/dist/jquery.vide.min.js 124 bytes {vendor_src}
[2] multi webpack-hot-middleware/client?path=__webpack_hmr&dynamicPublicPath=true ./ClientApp/src/assets/js/custom_styles.js 40 bytes {custom_styles}
[3] multi webpack-hot-middleware/client?path=__webpack_hmr&dynamicPublicPath=true ./ClientApp/src/assets/js/index.js 40 bytes {main}
[./ClientApp/src/assets/js/custom_styles.js] 28 bytes {custom_styles}
[./ClientApp/src/assets/js/index.js] 916 bytes {main}
[./ClientApp/src/assets/js/vendor_styles.js] 446 bytes {vendor_styles}
[./node_modules/script-loader/index.js!./ClientApp/src/assets/vendor/bootstrap/dist/js/bootstrap.min.js] ./node_modules/script-loader!./ClientApp/src/assets/vendor/bootstrap/dist/js/bootstrap.min.js 599 bytes {vendor_src}
[./node_modules/script-loader/index.js!./ClientApp/src/assets/vendor/fancybox/dist/jquery.fancybox.min.js] ./node_modules/script-loader!./ClientApp/src/assets/vendor/fancybox/dist/jquery.fancybox.min.js 600 bytes {vendor_src}
[./node_modules/script-loader/index.js!./ClientApp/src/assets/vendor/imagesloaded/imagesloaded.pkgd.min.js] ./node_modules/script-loader!./ClientApp/src/assets/vendor/imagesloaded/imagesloaded.pkgd.min.js 600 bytes {vendor_src}
[./node_modules/script-loader/index.js!./ClientApp/src/assets/vendor/isotope/dist/isotope.pkgd.min.js] ./node_modules/script-loader!./ClientApp/src/assets/vendor/isotope/dist/isotope.pkgd.min.js 596 bytes {vendor_src}
[./node_modules/script-loader/index.js!./ClientApp/src/assets/vendor/jquery/dist/jquery.min.js] ./node_modules/script-loader!./ClientApp/src/assets/vendor/jquery/dist/jquery.min.js 589 bytes {vendor_src}
[./node_modules/script-loader/index.js!./ClientApp/src/assets/vendor/popper.js/dist/popper.min.js] ./node_modules/script-loader!./ClientApp/src/assets/vendor/popper.js/dist/popper.min.js 592 bytes {vendor_src}
[./node_modules/script-loader/index.js!./ClientApp/src/assets/vendor/slick-carousel/slick/slick.min.js] ./node_modules/script-loader!./ClientApp/src/assets/vendor/slick-carousel/slick/slick.min.js 597 bytes {vendor_src}
[./node_modules/script-loader/index.js!./ClientApp/src/assets/vendor/vide/dist/jquery.vide.min.js] ./node_modules/script-loader!./ClientApp/src/assets/vendor/vide/dist/jquery.vide.min.js 592 bytes {vendor_src}
    + 84 hidden modules 
2018-10-26 15:21:59.4030||INFO|Microsoft.AspNetCore.NodeServices|[34mi[39m [90mя╜вwdmя╜г[39m: Compiled successfully. 
2018-10-26 15:21:59.4413|1|INFO|Microsoft.AspNetCore.Hosting.Internal.WebHost|Request starting HTTP/1.1 GET http://localhost:53186/6ce968ecc0861e25dc4f.hot-update.json   
2018-10-26 15:21:59.4413|2|INFO|Microsoft.AspNetCore.Hosting.Internal.WebHost|Request finished in 9.8507ms 200 application/json; charset=UTF-8 
2018-10-26 15:21:59.4575|1|INFO|Microsoft.AspNetCore.Hosting.Internal.WebHost|Request starting HTTP/1.1 GET http://localhost:53186/6ce968ecc0861e25dc4f.hot-update.json   
2018-10-26 15:21:59.4575|2|INFO|Microsoft.AspNetCore.Hosting.Internal.WebHost|Request finished in 2.7337ms 200 application/json; charset=UTF-8 
2018-10-26 15:21:59.4575|1|INFO|Microsoft.AspNetCore.Hosting.Internal.WebHost|Request starting HTTP/1.1 GET http://localhost:53186/6ce968ecc0861e25dc4f.hot-update.json   
2018-10-26 15:21:59.4575|2|INFO|Microsoft.AspNetCore.Hosting.Internal.WebHost|Request finished in 2.9323ms 200 application/json; charset=UTF-8 
2018-10-26 15:22:05.0975||INFO|Microsoft.AspNetCore.NodeServices|[34mi[39m [90mя╜вwdmя╜г[39m: Compiling... 
2018-10-26 15:22:05.0975||INFO|Microsoft.AspNetCore.NodeServices|webpack building... 
2018-10-26 15:22:07.3710||INFO|Microsoft.AspNetCore.NodeServices|webpack built 2d9acece083d09308a01 in 1613ms 
2018-10-26 15:22:07.3814||INFO|Microsoft.AspNetCore.NodeServices|[34mi[39m [90mя╜вwdmя╜г[39m: Hash: 2d9acece083d09308a01
Version: webpack 4.23.1
Time: 1613ms
Built at: 2018-10-26 15:22:07
                                              Asset      Size                        Chunks             Chunk Names
               874c24f993ac5be6d7c0.hot-update.json  55 bytes                                [emitted]  
   custom_styles.874c24f993ac5be6d7c0.hot-update.js   403 KiB  custom_styles, custom_styles  [emitted]  custom_styles, custom_styles
custom_styles.874c24f993ac5be6d7c0.hot-update.js.gz  56.5 KiB                                [emitted]  
                                   custom_styles.js   580 KiB                 custom_styles  [emitted]  custom_styles
                                custom_styles.js.gz  92.4 KiB                                [emitted]  
                         fonts/Linearicons-Free.eot  54.5 KiB                                           
                      fonts/Linearicons-Free.eot.gz  25.2 KiB                                [emitted]  
                         fonts/Linearicons-Free.svg   201 KiB                                           
                      fonts/Linearicons-Free.svg.gz  54.7 KiB                                [emitted]  
                         fonts/Linearicons-Free.ttf  54.3 KiB                                           
                      fonts/Linearicons-Free.ttf.gz  25.1 KiB                                [emitted]  
                        fonts/Linearicons-Free.woff  54.4 KiB                                           
                     fonts/Linearicons-Free.woff.gz  25.2 KiB                                [emitted]  
                       fonts/Linearicons-Free.woff2  21.3 KiB                                           
                         fonts/Stroke-Gap-Icons.eot  44.7 KiB                                           
                      fonts/Stroke-Gap-Icons.eot.gz  20.1 KiB                                [emitted]  
                                    fonts/dosis.ttf  29.7 KiB                                           
                                 fonts/dosis.ttf.gz  15.3 KiB                                [emitted]  
                                   fonts/dosis.woff  15.4 KiB                                           
                                  fonts/dosis.woff2  12.5 KiB                                           
                              fonts/dosismedium.ttf  28.5 KiB                                           
                           fonts/dosismedium.ttf.gz  15.1 KiB                                [emitted]  
                             fonts/dosismedium.woff  15.2 KiB                                           
                            fonts/dosismedium.woff2  12.3 KiB                                           
                     fonts/dosissemibold-subset.ttf  19.4 KiB                                           
                  fonts/dosissemibold-subset.ttf.gz  11.7 KiB                                [emitted]  
                   fonts/dosissemibold-subset.woff2  9.57 KiB                                           
             fonts/dosissemibold-subset.zopfli.woff  11.7 KiB                                           
                            fonts/dosissemibold.ttf  28.6 KiB                                           
                         fonts/dosissemibold.ttf.gz  15.1 KiB                                [emitted]  
                           fonts/dosissemibold.woff  15.3 KiB                                           
                          fonts/dosissemibold.woff2  12.4 KiB                                           
                      fonts/fontawesome-webfont.eot   162 KiB                                           
                   fonts/fontawesome-webfont.eot.gz  95.9 KiB                                [emitted]  
                      fonts/fontawesome-webfont.svg   434 KiB                                           
                   fonts/fontawesome-webfont.svg.gz   131 KiB                                [emitted]  
                      fonts/fontawesome-webfont.ttf   162 KiB                                           
                   fonts/fontawesome-webfont.ttf.gz  95.8 KiB                                [emitted]  
                     fonts/fontawesome-webfont.woff  95.7 KiB                                           
                    fonts/fontawesome-webfont.woff2  75.4 KiB                                           
                          fonts/opensans-subset.ttf  16.6 KiB                                           
                       fonts/opensans-subset.ttf.gz  10.8 KiB                                [emitted]  
                        fonts/opensans-subset.woff2  8.66 KiB                                           
                  fonts/opensans-subset.zopfli.woff  10.9 KiB                                           
                                 fonts/opensans.ttf  51.2 KiB                                           
                              fonts/opensans.ttf.gz  31.2 KiB                                [emitted]  
                                fonts/opensans.woff  31.1 KiB                                           
                               fonts/opensans.woff2  24.3 KiB                                           
                             fonts/opensansbold.ttf  52.8 KiB                                           
                          fonts/opensansbold.ttf.gz  30.8 KiB                                [emitted]  
                            fonts/opensansbold.woff  30.8 KiB                                           
                           fonts/opensansbold.woff2  23.9 KiB                                           
                         fonts/opensanssemibold.ttf  52.1 KiB                                           
                      fonts/opensanssemibold.ttf.gz  31.5 KiB                                [emitted]  
                        fonts/opensanssemibold.woff  31.4 KiB                                           
                       fonts/opensanssemibold.woff2  24.4 KiB                                           
                                            main.js   236 KiB                          main  [emitted]  main
                                         main.js.gz    53 KiB                                [emitted]  
                                      vendor_src.js   619 KiB                    vendor_src  [emitted]  vendor_src
                                   vendor_src.js.gz   134 KiB                                [emitted]  
                                   vendor_styles.js  1.35 MiB                 vendor_styles  [emitted]  vendor_styles
                                vendor_styles.js.gz   332 KiB                                [emitted]  
Entrypoint vendor_styles = vendor_styles.js
Entrypoint vendor_src = vendor_src.js
Entrypoint custom_styles = custom_styles.js custom_styles.874c24f993ac5be6d7c0.hot-update.js custom_styles.874c24f993ac5be6d7c0.hot-update.js
Entrypoint main = main.js
[0] multi webpack-hot-middleware/client?path=__webpack_hmr&dynamicPublicPath=true ./ClientApp/src/assets/js/vendor_styles.js 40 bytes {vendor_styles}
[1] multi webpack-hot-middleware/client?path=__webpack_hmr&dynamicPublicPath=true script-loader!./ClientApp/src/assets/vendor/jquery/dist/jquery.min.js script-loader!./ClientApp/src/assets/vendor/popper.js/dist/popper.min.js script-loader!./ClientApp/src/assets/vendor/bootstrap/dist/js/bootstrap.min.js script-loader!./ClientApp/src/assets/vendor/slick-carousel/slick/slick.min.js script-loader!./ClientApp/src/assets/vendor/fancybox/dist/jquery.fancybox.min.js script-loader!./ClientApp/src/assets/vendor/imagesloaded/imagesloaded.pkgd.min.js script-loader!./ClientApp/src/assets/vendor/isotope/dist/isotope.pkgd.min.js script-loader!./ClientApp/src/assets/vendor/vide/dist/jquery.vide.min.js 124 bytes {vendor_src}
[2] multi webpack-hot-middleware/client?path=__webpack_hmr&dynamicPublicPath=true ./ClientApp/src/assets/js/custom_styles.js 40 bytes {custom_styles}
[3] multi webpack-hot-middleware/client?path=__webpack_hmr&dynamicPublicPath=true ./ClientApp/src/assets/js/index.js 40 bytes {main}
[./ClientApp/src/assets/js/custom_styles.js] 28 bytes {custom_styles}
[./ClientApp/src/assets/js/index.js] 916 bytes {main}
[./ClientApp/src/assets/js/vendor_styles.js] 446 bytes {vendor_styles}
[./node_modules/script-loader/index.js!./ClientApp/src/assets/vendor/bootstrap/dist/js/bootstrap.min.js] ./node_modules/script-loader!./ClientApp/src/assets/vendor/bootstrap/dist/js/bootstrap.min.js 599 bytes {vendor_src}
[./node_modules/script-loader/index.js!./ClientApp/src/assets/vendor/fancybox/dist/jquery.fancybox.min.js] ./node_modules/script-loader!./ClientApp/src/assets/vendor/fancybox/dist/jquery.fancybox.min.js 600 bytes {vendor_src}
[./node_modules/script-loader/index.js!./ClientApp/src/assets/vendor/imagesloaded/imagesloaded.pkgd.min.js] ./node_modules/script-loader!./ClientApp/src/assets/vendor/imagesloaded/imagesloaded.pkgd.min.js 600 bytes {vendor_src}
[./node_modules/script-loader/index.js!./ClientApp/src/assets/vendor/isotope/dist/isotope.pkgd.min.js] ./node_modules/script-loader!./ClientApp/src/assets/vendor/isotope/dist/isotope.pkgd.min.js 596 bytes {vendor_src}
[./node_modules/script-loader/index.js!./ClientApp/src/assets/vendor/jquery/dist/jquery.min.js] ./node_modules/script-loader!./ClientApp/src/assets/vendor/jquery/dist/jquery.min.js 589 bytes {vendor_src}
[./node_modules/script-loader/index.js!./ClientApp/src/assets/vendor/popper.js/dist/popper.min.js] ./node_modules/script-loader!./ClientApp/src/assets/vendor/popper.js/dist/popper.min.js 592 bytes {vendor_src}
[./node_modules/script-loader/index.js!./ClientApp/src/assets/vendor/slick-carousel/slick/slick.min.js] ./node_modules/script-loader!./ClientApp/src/assets/vendor/slick-carousel/slick/slick.min.js 597 bytes {vendor_src}
[./node_modules/script-loader/index.js!./ClientApp/src/assets/vendor/vide/dist/jquery.vide.min.js] ./node_modules/script-loader!./ClientApp/src/assets/vendor/vide/dist/jquery.vide.min.js 592 bytes {vendor_src}
    + 84 hidden modules 
2018-10-26 15:22:07.3814||INFO|Microsoft.AspNetCore.NodeServices|[34mi[39m [90mя╜вwdmя╜г[39m: Compiled successfully. 
2018-10-26 15:22:07.3948|1|INFO|Microsoft.AspNetCore.Hosting.Internal.WebHost|Request starting HTTP/1.1 GET http://localhost:53186/874c24f993ac5be6d7c0.hot-update.json   
2018-10-26 15:22:07.3948|2|INFO|Microsoft.AspNetCore.Hosting.Internal.WebHost|Request finished in 4.6922ms 200 application/json; charset=UTF-8 
2018-10-26 15:22:07.3948|1|INFO|Microsoft.AspNetCore.Hosting.Internal.WebHost|Request starting HTTP/1.1 GET http://localhost:53186/874c24f993ac5be6d7c0.hot-update.json   
2018-10-26 15:22:07.4081|2|INFO|Microsoft.AspNetCore.Hosting.Internal.WebHost|Request finished in 2.9204ms 200 application/json; charset=UTF-8 
2018-10-26 15:22:07.4081|1|INFO|Microsoft.AspNetCore.Hosting.Internal.WebHost|Request starting HTTP/1.1 GET http://localhost:53186/874c24f993ac5be6d7c0.hot-update.json   
2018-10-26 15:22:07.4081|2|INFO|Microsoft.AspNetCore.Hosting.Internal.WebHost|Request finished in 2.7719ms 200 application/json; charset=UTF-8 
