2019-02-14 10:28:01.0778|1|ERROR|Microsoft.AspNetCore.Diagnostics.DeveloperExceptionPageMiddleware|An unhandled exception has occurred while executing the request. System.IO.IOException: The server returned an invalid or unrecognized response.
   at System.Net.Http.HttpConnection.FillAsync()
   at System.Net.Http.HttpConnection.ChunkedEncodingReadStream.CopyToAsyncCore(Stream destination, CancellationToken cancellationToken)
   at Microsoft.AspNetCore.SpaServices.Webpack.ConditionalProxyMiddleware.PerformProxyRequest(HttpContext context)
   at Microsoft.AspNetCore.SpaServices.Webpack.ConditionalProxyMiddleware.Invoke(HttpContext context)
   at Microsoft.AspNetCore.Diagnostics.DeveloperExceptionPageMiddleware.Invoke(HttpContext context)|url: http://localhost/__webpack_hmr|action: 
2019-02-14 10:28:04.6961|2|WARN|Microsoft.AspNetCore.Diagnostics.DeveloperExceptionPageMiddleware|The response has already started, the error page middleware will not be executed. |url: http://localhost/__webpack_hmr|action: 
2019-02-14 10:28:04.7113|13|ERROR|Microsoft.AspNetCore.Server.Kestrel|Connection id "0HLKHMO5D5OI6", Request id "0HLKHMO5D5OI6:00000003": An unhandled exception was thrown by the application. System.IO.IOException: The server returned an invalid or unrecognized response.
   at System.Net.Http.HttpConnection.FillAsync()
   at System.Net.Http.HttpConnection.ChunkedEncodingReadStream.CopyToAsyncCore(Stream destination, CancellationToken cancellationToken)
   at Microsoft.AspNetCore.SpaServices.Webpack.ConditionalProxyMiddleware.PerformProxyRequest(HttpContext context)
   at Microsoft.AspNetCore.SpaServices.Webpack.ConditionalProxyMiddleware.Invoke(HttpContext context)
   at Microsoft.AspNetCore.Diagnostics.DeveloperExceptionPageMiddleware.Invoke(HttpContext context)
   at Microsoft.AspNetCore.Diagnostics.DeveloperExceptionPageMiddleware.Invoke(HttpContext context)
   at Microsoft.AspNetCore.Server.IISIntegration.IISMiddleware.Invoke(HttpContext httpContext)
   at Microsoft.AspNetCore.Server.Kestrel.Core.Internal.Http.HttpProtocol.ProcessRequests[TContext](IHttpApplication`1 application)|url: http://localhost/__webpack_hmr|action: 
2019-02-14 12:15:49.3460||DEBUG|TemplateCoreWebTest.Program|init main |url: |action: 
2019-02-14 12:15:57.9472||ERROR|Microsoft.AspNetCore.NodeServices|clean-webpack-plugin: C:\Users\Diana\Work\Projects\Assan\TemplateCoreWeb\wwwroot\dist has been removed. |url: |action: 
2019-02-14 12:16:20.1075|3|WARN|Microsoft.AspNetCore.HttpsPolicy.HttpsRedirectionMiddleware|Failed to determine the https port for redirect. |url: http://localhost/|action: 
2019-02-14 16:32:56.5113||DEBUG|TemplateCoreWebTest.Program|init main |url: |action: 
2019-02-14 16:33:05.0393||DEBUG|TemplateCoreWebTest.Program|init main |url: |action: 
2019-02-14 16:33:13.3831||ERROR|Microsoft.AspNetCore.NodeServices|clean-webpack-plugin: C:\Users\Diana\Work\Projects\Assan\TemplateCoreWeb\wwwroot\dist has been removed. |url: |action: 
2019-02-14 16:33:14.6131|1|ERROR|Microsoft.AspNetCore.Diagnostics.DeveloperExceptionPageMiddleware|An unhandled exception has occurred while executing the request. System.Net.Http.HttpRequestException: An error occurred while sending the request. ---> System.IO.IOException: The server returned an invalid or unrecognized response.
   at System.Net.Http.HttpConnection.FillAsync()
   at System.Net.Http.HttpConnection.ReadNextResponseHeaderLineAsync(Boolean foldedHeadersAllowed)
   at System.Net.Http.HttpConnection.SendAsyncCore(HttpRequestMessage request, CancellationToken cancellationToken)
   --- End of inner exception stack trace ---
   at System.Net.Http.HttpConnection.SendAsyncCore(HttpRequestMessage request, CancellationToken cancellationToken)
   at System.Net.Http.HttpConnectionPool.SendWithNtConnectionAuthAsync(HttpConnection connection, HttpRequestMessage request, Boolean doRequestAuth, CancellationToken cancellationToken)
   at System.Net.Http.HttpConnectionPool.SendWithRetryAsync(HttpRequestMessage request, Boolean doRequestAuth, CancellationToken cancellationToken)
   at System.Net.Http.RedirectHandler.SendAsync(HttpRequestMessage request, CancellationToken cancellationToken)
   at System.Net.Http.HttpClient.FinishSendAsyncUnbuffered(Task`1 sendTask, HttpRequestMessage request, CancellationTokenSource cts, Boolean disposeCts)
   at Microsoft.AspNetCore.SpaServices.Webpack.ConditionalProxyMiddleware.PerformProxyRequest(HttpContext context)
   at Microsoft.AspNetCore.SpaServices.Webpack.ConditionalProxyMiddleware.Invoke(HttpContext context)
   at Microsoft.AspNetCore.SpaServices.Webpack.ConditionalProxyMiddleware.Invoke(HttpContext context)
   at Microsoft.AspNetCore.Diagnostics.DeveloperExceptionPageMiddleware.Invoke(HttpContext context)|url: http://localhost/|action: 
2019-02-14 16:33:14.7826||WARN|Microsoft.AspNetCore.Server.Kestrel|Connection processing ended abnormally. Microsoft.AspNetCore.Connections.ConnectionAbortedException: The connection was aborted
   at System.IO.Pipelines.PipeCompletion.ThrowLatchedException()
   at System.IO.Pipelines.Pipe.GetReadResult(ReadResult& result)
   at System.IO.Pipelines.Pipe.GetReadAsyncResult()
   at System.IO.Pipelines.Pipe.DefaultPipeReader.GetResult(Int16 token)
   at Microsoft.AspNetCore.Server.Kestrel.Core.Internal.Http.HttpProtocol.ProcessRequests[TContext](IHttpApplication`1 application)
   at Microsoft.AspNetCore.Server.Kestrel.Core.Internal.Http.HttpProtocol.ProcessRequestsAsync[TContext](IHttpApplication`1 application)|url: |action: 
2019-02-14 16:33:23.1590||DEBUG|TemplateCoreWebTest.Program|init main |url: |action: 
2019-02-14 16:33:29.6193||ERROR|Microsoft.AspNetCore.NodeServices|clean-webpack-plugin: C:\Users\Diana\Work\Projects\Assan\TemplateCoreWeb\wwwroot\dist has been removed. |url: |action: 
2019-02-14 16:33:42.4495|3|WARN|Microsoft.AspNetCore.HttpsPolicy.HttpsRedirectionMiddleware|Failed to determine the https port for redirect. |url: http://localhost/|action: 
2019-02-14 18:44:05.1572||DEBUG|TemplateCoreWebTest.Program|init main |url: |action: 
2019-02-14 18:44:15.7340||ERROR|Microsoft.AspNetCore.NodeServices|clean-webpack-plugin: C:\Users\Diana\Work\Projects\Assan\TemplateCoreWeb\wwwroot\dist has been removed. |url: |action: 
2019-02-14 18:44:34.2272|3|WARN|Microsoft.AspNetCore.HttpsPolicy.HttpsRedirectionMiddleware|Failed to determine the https port for redirect. |url: http://localhost/|action: 
2019-02-14 18:44:34.2272|3|WARN|Microsoft.AspNetCore.HttpsPolicy.HttpsRedirectionMiddleware|Failed to determine the https port for redirect. |url: http://localhost/|action: 
2019-02-14 18:49:32.3992||DEBUG|TemplateCoreWebTest.Program|init main |url: |action: 
2019-02-14 18:49:37.4921||ERROR|Microsoft.AspNetCore.NodeServices|clean-webpack-plugin: C:\Users\Diana\Work\Projects\Assan\TemplateCoreWeb\wwwroot\dist has been removed. |url: |action: 
2019-02-14 18:49:53.1870|3|WARN|Microsoft.AspNetCore.HttpsPolicy.HttpsRedirectionMiddleware|Failed to determine the https port for redirect. |url: http://localhost/|action: 
