2019-01-17 13:12:58.4842||DEBUG|TemplateCoreWebTest.Program|init main |url: |action: 
2019-01-17 13:13:05.4536||ERROR|Microsoft.AspNetCore.NodeServices|clean-webpack-plugin: C:\Users\Diana\Work\Projects\TemplateCoreWeb\TemplateCoreWeb\wwwroot\dist has been removed. |url: |action: 
2019-01-17 13:13:20.2773|3|WARN|Microsoft.AspNetCore.HttpsPolicy.HttpsRedirectionMiddleware|Failed to determine the https port for redirect. |url: http://localhost/|action: 
2019-01-17 13:16:45.7973||ERROR|Microsoft.AspNetCore.NodeServices|[31m├Ч[39m [90mя╜вwdmя╜г[39m: Hash: 1fde9b4728617535a2df
Version: webpack 4.23.1
Time: 390ms
Built at: 2019-01-17 13:16:45
                                                     Asset       Size                  Chunks             Chunk Names
../img/_/vendor/font-awesome/fonts/fontawesome-webfont.svg   55 bytes                                     
    ../img/_/vendor/linearicons/fonts/Linearicons-Free.svg   52 bytes                                     
                      4f86100ce61beb89b2a7.hot-update.json   52 bytes                          [emitted]  
                                          custom_styles.js    571 KiB           custom_styles  [emitted]  custom_styles
                                       custom_styles.js.gz   91.8 KiB                          [emitted]  
                                fonts/Linearicons-Free.eot   54.5 KiB                                     
                             fonts/Linearicons-Free.eot.gz   25.2 KiB                          [emitted]  
                                fonts/Linearicons-Free.svg    201 KiB                                     
                             fonts/Linearicons-Free.svg.gz   54.7 KiB                          [emitted]  
                                fonts/Linearicons-Free.ttf   54.3 KiB                                     
                             fonts/Linearicons-Free.ttf.gz   25.1 KiB                          [emitted]  
                               fonts/Linearicons-Free.woff   54.4 KiB                                     
                            fonts/Linearicons-Free.woff.gz   25.2 KiB                          [emitted]  
                              fonts/Linearicons-Free.woff2   21.3 KiB                                     
                                fonts/Stroke-Gap-Icons.eot   44.7 KiB                                     
                             fonts/Stroke-Gap-Icons.eot.gz   20.1 KiB                          [emitted]  
                                           fonts/dosis.ttf   29.7 KiB                                     
                                        fonts/dosis.ttf.gz   15.3 KiB                          [emitted]  
                                          fonts/dosis.woff   15.4 KiB                                     
                                         fonts/dosis.woff2   12.5 KiB                                     
                                     fonts/dosismedium.ttf   28.5 KiB                                     
                                  fonts/dosismedium.ttf.gz   15.1 KiB                          [emitted]  
                                    fonts/dosismedium.woff   15.2 KiB                                     
                                   fonts/dosismedium.woff2   12.3 KiB                                     
                            fonts/dosissemibold-subset.ttf   19.4 KiB                                     
                         fonts/dosissemibold-subset.ttf.gz   11.7 KiB                          [emitted]  
                          fonts/dosissemibold-subset.woff2   9.57 KiB                                     
                    fonts/dosissemibold-subset.zopfli.woff   11.7 KiB                                     
                                   fonts/dosissemibold.ttf   28.6 KiB                                     
                                fonts/dosissemibold.ttf.gz   15.1 KiB                          [emitted]  
                                  fonts/dosissemibold.woff   15.3 KiB                                     
                                 fonts/dosissemibold.woff2   12.4 KiB                                     
                             fonts/fontawesome-webfont.eot    162 KiB                                     
                          fonts/fontawesome-webfont.eot.gz   95.9 KiB                          [emitted]  
                             fonts/fontawesome-webfont.svg    434 KiB                                     
                          fonts/fontawesome-webfont.svg.gz    131 KiB                          [emitted]  
                             fonts/fontawesome-webfont.ttf    162 KiB                                     
                          fonts/fontawesome-webfont.ttf.gz   95.8 KiB                          [emitted]  
                            fonts/fontawesome-webfont.woff   95.7 KiB                                     
                           fonts/fontawesome-webfont.woff2   75.4 KiB                                     
                                 fonts/opensans-subset.ttf   16.6 KiB                                     
                              fonts/opensans-subset.ttf.gz   10.8 KiB                          [emitted]  
                               fonts/opensans-subset.woff2   8.66 KiB                                     
                         fonts/opensans-subset.zopfli.woff   10.9 KiB                                     
                                        fonts/opensans.ttf   51.2 KiB                                     
                                     fonts/opensans.ttf.gz   31.2 KiB                          [emitted]  
                                       fonts/opensans.woff   31.1 KiB                                     
                                      fonts/opensans.woff2   24.3 KiB                                     
                                    fonts/opensansbold.ttf   52.8 KiB                                     
                                 fonts/opensansbold.ttf.gz   30.8 KiB                          [emitted]  
                                   fonts/opensansbold.woff   30.8 KiB                                     
                                  fonts/opensansbold.woff2   23.9 KiB                                     
                                fonts/opensanssemibold.ttf   52.1 KiB                                     
                             fonts/opensanssemibold.ttf.gz   31.5 KiB                          [emitted]  
                               fonts/opensanssemibold.woff   31.4 KiB                                     
                              fonts/opensanssemibold.woff2   24.4 KiB                                     
                                                   main.js    224 KiB                    main  [emitted]  main
                                                main.js.gz   49.4 KiB                          [emitted]  
             vendor_src.4f86100ce61beb89b2a7.hot-update.js   1.16 KiB  vendor_src, vendor_src  [emitted]  vendor_src, vendor_src
          vendor_src.4f86100ce61beb89b2a7.hot-update.js.gz  416 bytes                          [emitted]  
                                             vendor_src.js    625 KiB              vendor_src  [emitted]  vendor_src
                                          vendor_src.js.gz    136 KiB                          [emitted]  
                                          vendor_styles.js   1.35 MiB           vendor_styles  [emitted]  vendor_styles
                                       vendor_styles.js.gz    332 KiB                          [emitted]  
Entrypoint vendor_styles = vendor_styles.js
Entrypoint vendor_src = vendor_src.js vendor_src.4f86100ce61beb89b2a7.hot-update.js vendor_src.4f86100ce61beb89b2a7.hot-update.js
Entrypoint custom_styles = custom_styles.js
Entrypoint main = main.js
[0] multi webpack-hot-middleware/client?path=__webpack_hmr&dynamicPublicPath=true ./ClientApp/src/assets/js/vendor_styles.js 40 bytes {vendor_styles}
[1] multi webpack-hot-middleware/client?path=__webpack_hmr&dynamicPublicPath=true script-loader!./ClientApp/src/assets/vendor/jquery/dist/jquery.min.js script-loader!./ClientApp/src/assets/vendor/popper.js/dist/popper.min.js script-loader!./ClientApp/src/assets/vendor/bootstrap/dist/js/bootstrap.min.js script-loader!./ClientApp/src/assets/vendor/slick-carousel/slick/slick.min.js script-loader!./ClientApp/src/assets/vendor/fancybox/dist/jquery.fancybox.min.js script-loader!./ClientApp/src/assets/vendor/imagesloaded/imagesloaded.pkgd.min.js script-loader!./ClientApp/src/assets/vendor/isotope/dist/isotope.pkgd.min.js script-loader!./ClientApp/src/assets/vendor/smoothscroll/smoothscroll.js script-loader!./ClientApp/src/assets/vendor/vide/dist/jquery.vide.min.js 136 bytes {vendor_src}
[2] multi webpack-hot-middleware/client?path=__webpack_hmr&dynamicPublicPath=true ./ClientApp/src/assets/js/custom_styles.js 40 bytes {custom_styles}
[3] multi webpack-hot-middleware/client?path=__webpack_hmr&dynamicPublicPath=true ./ClientApp/src/assets/js/index.js 40 bytes {main}
[./ClientApp/src/assets/js/custom_styles.js] 28 bytes {custom_styles}
[./ClientApp/src/assets/js/index.js] 272 bytes {main}
[./ClientApp/src/assets/js/vendor_styles.js] 446 bytes {vendor_styles}
[./node_modules/script-loader/index.js!./ClientApp/src/assets/vendor/bootstrap/dist/js/bootstrap.min.js] ./node_modules/script-loader!./ClientApp/src/assets/vendor/bootstrap/dist/js/bootstrap.min.js 495 bytes {vendor_src}
[./node_modules/script-loader/index.js!./ClientApp/src/assets/vendor/fancybox/dist/jquery.fancybox.min.js] ./node_modules/script-loader!./ClientApp/src/assets/vendor/fancybox/dist/jquery.fancybox.min.js 496 bytes {vendor_src}
[./node_modules/script-loader/index.js!./ClientApp/src/assets/vendor/imagesloaded/imagesloaded.pkgd.min.js] ./node_modules/script-loader!./ClientApp/src/assets/vendor/imagesloaded/imagesloaded.pkgd.min.js 496 bytes {vendor_src}
[./node_modules/script-loader/index.js!./ClientApp/src/assets/vendor/isotope/dist/isotope.pkgd.min.js] ./node_modules/script-loader!./ClientApp/src/assets/vendor/isotope/dist/isotope.pkgd.min.js 492 bytes {vendor_src}
[./node_modules/script-loader/index.js!./ClientApp/src/assets/vendor/jquery/dist/jquery.min.js] ./node_modules/script-loader!./ClientApp/src/assets/vendor/jquery/dist/jquery.min.js 485 bytes {vendor_src}
[./node_modules/script-loader/index.js!./ClientApp/src/assets/vendor/popper.js/dist/popper.min.js] ./node_modules/script-loader!./ClientApp/src/assets/vendor/popper.js/dist/popper.min.js 488 bytes {vendor_src}
[./node_modules/script-loader/index.js!./ClientApp/src/assets/vendor/slick-carousel/slick/slick.min.js] ./node_modules/script-loader!./ClientApp/src/assets/vendor/slick-carousel/slick/slick.min.js 493 bytes {vendor_src}
[./node_modules/script-loader/index.js!./ClientApp/src/assets/vendor/smoothscroll/smoothscroll.js] ./node_modules/script-loader!./ClientApp/src/assets/vendor/smoothscroll/smoothscroll.js 487 bytes {vendor_src}
    + 85 hidden modules

ERROR in ./ClientApp/src/assets/vendor/imagesloaded/imagesloaded.pkgd.min.js (./node_modules/raw-loader!./node_modules/babel-loader/lib??ref--6!./ClientApp/src/assets/vendor/imagesloaded/imagesloaded.pkgd.min.js)
Module build failed (from ./node_modules/babel-loader/lib/index.js):
Error: ENOENT: no such file or directory, open 'C:\Users\Diana\Work\Projects\TemplateCoreWeb\TemplateCoreWeb\ClientApp\src\assets\vendor\imagesloaded\imagesloaded.pkgd.min.js'
 @ ./ClientApp/src/assets/vendor/imagesloaded/imagesloaded.pkgd.min.js (./node_modules/script-loader!./ClientApp/src/assets/vendor/imagesloaded/imagesloaded.pkgd.min.js) 1:123-495
 @ multi webpack-hot-middleware/client?path=__webpack_hmr&dynamicPublicPath=true script-loader!./ClientApp/src/assets/vendor/jquery/dist/jquery.min.js script-loader!./ClientApp/src/assets/vendor/popper.js/dist/popper.min.js script-loader!./ClientApp/src/assets/vendor/bootstrap/dist/js/bootstrap.min.js script-loader!./ClientApp/src/assets/vendor/slick-carousel/slick/slick.min.js script-loader!./ClientApp/src/assets/vendor/fancybox/dist/jquery.fancybox.min.js script-loader!./ClientApp/src/assets/vendor/imagesloaded/imagesloaded.pkgd.min.js script-loader!./ClientApp/src/assets/vendor/isotope/dist/isotope.pkgd.min.js script-loader!./ClientApp/src/assets/vendor/smoothscroll/smoothscroll.js script-loader!./ClientApp/src/assets/vendor/vide/dist/jquery.vide.min.js |url: |action: 
2019-01-17 13:16:51.6267||ERROR|Microsoft.AspNetCore.NodeServices|[31m├Ч[39m [90mя╜вwdmя╜г[39m: Hash: c1d4373e643ff60452ca
Version: webpack 4.23.1
Time: 410ms
Built at: 2019-01-17 13:16:51
                                                     Asset       Size                  Chunks             Chunk Names
../img/_/vendor/font-awesome/fonts/fontawesome-webfont.svg   55 bytes                                     
    ../img/_/vendor/linearicons/fonts/Linearicons-Free.svg   52 bytes                                     
                      1fde9b4728617535a2df.hot-update.json   52 bytes                          [emitted]  
                                          custom_styles.js    571 KiB           custom_styles  [emitted]  custom_styles
                                       custom_styles.js.gz   91.8 KiB                          [emitted]  
                                fonts/Linearicons-Free.eot   54.5 KiB                                     
                             fonts/Linearicons-Free.eot.gz   25.2 KiB                          [emitted]  
                                fonts/Linearicons-Free.svg    201 KiB                                     
                             fonts/Linearicons-Free.svg.gz   54.7 KiB                          [emitted]  
                                fonts/Linearicons-Free.ttf   54.3 KiB                                     
                             fonts/Linearicons-Free.ttf.gz   25.1 KiB                          [emitted]  
                               fonts/Linearicons-Free.woff   54.4 KiB                                     
                            fonts/Linearicons-Free.woff.gz   25.2 KiB                          [emitted]  
                              fonts/Linearicons-Free.woff2   21.3 KiB                                     
                                fonts/Stroke-Gap-Icons.eot   44.7 KiB                                     
                             fonts/Stroke-Gap-Icons.eot.gz   20.1 KiB                          [emitted]  
                                           fonts/dosis.ttf   29.7 KiB                                     
                                        fonts/dosis.ttf.gz   15.3 KiB                          [emitted]  
                                          fonts/dosis.woff   15.4 KiB                                     
                                         fonts/dosis.woff2   12.5 KiB                                     
                                     fonts/dosismedium.ttf   28.5 KiB                                     
                                  fonts/dosismedium.ttf.gz   15.1 KiB                          [emitted]  
                                    fonts/dosismedium.woff   15.2 KiB                                     
                                   fonts/dosismedium.woff2   12.3 KiB                                     
                            fonts/dosissemibold-subset.ttf   19.4 KiB                                     
                         fonts/dosissemibold-subset.ttf.gz   11.7 KiB                          [emitted]  
                          fonts/dosissemibold-subset.woff2   9.57 KiB                                     
                    fonts/dosissemibold-subset.zopfli.woff   11.7 KiB                                     
                                   fonts/dosissemibold.ttf   28.6 KiB                                     
                                fonts/dosissemibold.ttf.gz   15.1 KiB                          [emitted]  
                                  fonts/dosissemibold.woff   15.3 KiB                                     
                                 fonts/dosissemibold.woff2   12.4 KiB                                     
                             fonts/fontawesome-webfont.eot    162 KiB                                     
                          fonts/fontawesome-webfont.eot.gz   95.9 KiB                          [emitted]  
                             fonts/fontawesome-webfont.svg    434 KiB                                     
                          fonts/fontawesome-webfont.svg.gz    131 KiB                          [emitted]  
                             fonts/fontawesome-webfont.ttf    162 KiB                                     
                          fonts/fontawesome-webfont.ttf.gz   95.8 KiB                          [emitted]  
                            fonts/fontawesome-webfont.woff   95.7 KiB                                     
                           fonts/fontawesome-webfont.woff2   75.4 KiB                                     
                                 fonts/opensans-subset.ttf   16.6 KiB                                     
                              fonts/opensans-subset.ttf.gz   10.8 KiB                          [emitted]  
                               fonts/opensans-subset.woff2   8.66 KiB                                     
                         fonts/opensans-subset.zopfli.woff   10.9 KiB                                     
                                        fonts/opensans.ttf   51.2 KiB                                     
                                     fonts/opensans.ttf.gz   31.2 KiB                          [emitted]  
                                       fonts/opensans.woff   31.1 KiB                                     
                                      fonts/opensans.woff2   24.3 KiB                                     
                                    fonts/opensansbold.ttf   52.8 KiB                                     
                                 fonts/opensansbold.ttf.gz   30.8 KiB                          [emitted]  
                                   fonts/opensansbold.woff   30.8 KiB                                     
                                  fonts/opensansbold.woff2   23.9 KiB                                     
                                fonts/opensanssemibold.ttf   52.1 KiB                                     
                             fonts/opensanssemibold.ttf.gz   31.5 KiB                          [emitted]  
                               fonts/opensanssemibold.woff   31.4 KiB                                     
                              fonts/opensanssemibold.woff2   24.4 KiB                                     
                                                   main.js    224 KiB                    main  [emitted]  main
                                                main.js.gz   49.4 KiB                          [emitted]  
             vendor_src.1fde9b4728617535a2df.hot-update.js    1.1 KiB  vendor_src, vendor_src  [emitted]  vendor_src, vendor_src
          vendor_src.1fde9b4728617535a2df.hot-update.js.gz  409 bytes                          [emitted]  
                                             vendor_src.js    614 KiB              vendor_src  [emitted]  vendor_src
                                          vendor_src.js.gz    133 KiB                          [emitted]  
                                          vendor_styles.js   1.35 MiB           vendor_styles  [emitted]  vendor_styles
                                       vendor_styles.js.gz    332 KiB                          [emitted]  
Entrypoint vendor_styles = vendor_styles.js
Entrypoint vendor_src = vendor_src.js vendor_src.1fde9b4728617535a2df.hot-update.js vendor_src.1fde9b4728617535a2df.hot-update.js
Entrypoint custom_styles = custom_styles.js
Entrypoint main = main.js
[0] multi webpack-hot-middleware/client?path=__webpack_hmr&dynamicPublicPath=true ./ClientApp/src/assets/js/vendor_styles.js 40 bytes {vendor_styles}
[1] multi webpack-hot-middleware/client?path=__webpack_hmr&dynamicPublicPath=true script-loader!./ClientApp/src/assets/vendor/jquery/dist/jquery.min.js script-loader!./ClientApp/src/assets/vendor/popper.js/dist/popper.min.js script-loader!./ClientApp/src/assets/vendor/bootstrap/dist/js/bootstrap.min.js script-loader!./ClientApp/src/assets/vendor/slick-carousel/slick/slick.min.js script-loader!./ClientApp/src/assets/vendor/fancybox/dist/jquery.fancybox.min.js script-loader!./ClientApp/src/assets/vendor/imagesloaded/imagesloaded.pkgd.min.js script-loader!./ClientApp/src/assets/vendor/isotope/dist/isotope.pkgd.min.js script-loader!./ClientApp/src/assets/vendor/smoothscroll/smoothscroll.js script-loader!./ClientApp/src/assets/vendor/vide/dist/jquery.vide.min.js 136 bytes {vendor_src}
[2] multi webpack-hot-middleware/client?path=__webpack_hmr&dynamicPublicPath=true ./ClientApp/src/assets/js/custom_styles.js 40 bytes {custom_styles}
[3] multi webpack-hot-middleware/client?path=__webpack_hmr&dynamicPublicPath=true ./ClientApp/src/assets/js/index.js 40 bytes {main}
[./ClientApp/src/assets/js/custom_styles.js] 28 bytes {custom_styles}
[./ClientApp/src/assets/js/index.js] 272 bytes {main}
[./ClientApp/src/assets/js/vendor_styles.js] 446 bytes {vendor_styles}
[./node_modules/script-loader/index.js!./ClientApp/src/assets/vendor/bootstrap/dist/js/bootstrap.min.js] ./node_modules/script-loader!./ClientApp/src/assets/vendor/bootstrap/dist/js/bootstrap.min.js 495 bytes {vendor_src}
[./node_modules/script-loader/index.js!./ClientApp/src/assets/vendor/fancybox/dist/jquery.fancybox.min.js] ./node_modules/script-loader!./ClientApp/src/assets/vendor/fancybox/dist/jquery.fancybox.min.js 496 bytes {vendor_src}
[./node_modules/script-loader/index.js!./ClientApp/src/assets/vendor/imagesloaded/imagesloaded.pkgd.min.js] ./node_modules/script-loader!./ClientApp/src/assets/vendor/imagesloaded/imagesloaded.pkgd.min.js 496 bytes {vendor_src}
[./node_modules/script-loader/index.js!./ClientApp/src/assets/vendor/isotope/dist/isotope.pkgd.min.js] ./node_modules/script-loader!./ClientApp/src/assets/vendor/isotope/dist/isotope.pkgd.min.js 492 bytes {vendor_src}
[./node_modules/script-loader/index.js!./ClientApp/src/assets/vendor/jquery/dist/jquery.min.js] ./node_modules/script-loader!./ClientApp/src/assets/vendor/jquery/dist/jquery.min.js 485 bytes {vendor_src}
[./node_modules/script-loader/index.js!./ClientApp/src/assets/vendor/popper.js/dist/popper.min.js] ./node_modules/script-loader!./ClientApp/src/assets/vendor/popper.js/dist/popper.min.js 488 bytes {vendor_src}
[./node_modules/script-loader/index.js!./ClientApp/src/assets/vendor/slick-carousel/slick/slick.min.js] ./node_modules/script-loader!./ClientApp/src/assets/vendor/slick-carousel/slick/slick.min.js 493 bytes {vendor_src}
[./node_modules/script-loader/index.js!./ClientApp/src/assets/vendor/smoothscroll/smoothscroll.js] ./node_modules/script-loader!./ClientApp/src/assets/vendor/smoothscroll/smoothscroll.js 487 bytes {vendor_src}
    + 85 hidden modules

ERROR in ./ClientApp/src/assets/vendor/imagesloaded/imagesloaded.pkgd.min.js (./node_modules/raw-loader!./node_modules/babel-loader/lib??ref--6!./ClientApp/src/assets/vendor/imagesloaded/imagesloaded.pkgd.min.js)
Module build failed (from ./node_modules/babel-loader/lib/index.js):
Error: ENOENT: no such file or directory, open 'C:\Users\Diana\Work\Projects\TemplateCoreWeb\TemplateCoreWeb\ClientApp\src\assets\vendor\imagesloaded\imagesloaded.pkgd.min.js'
 @ ./ClientApp/src/assets/vendor/imagesloaded/imagesloaded.pkgd.min.js (./node_modules/script-loader!./ClientApp/src/assets/vendor/imagesloaded/imagesloaded.pkgd.min.js) 1:123-495
 @ multi webpack-hot-middleware/client?path=__webpack_hmr&dynamicPublicPath=true script-loader!./ClientApp/src/assets/vendor/jquery/dist/jquery.min.js script-loader!./ClientApp/src/assets/vendor/popper.js/dist/popper.min.js script-loader!./ClientApp/src/assets/vendor/bootstrap/dist/js/bootstrap.min.js script-loader!./ClientApp/src/assets/vendor/slick-carousel/slick/slick.min.js script-loader!./ClientApp/src/assets/vendor/fancybox/dist/jquery.fancybox.min.js script-loader!./ClientApp/src/assets/vendor/imagesloaded/imagesloaded.pkgd.min.js script-loader!./ClientApp/src/assets/vendor/isotope/dist/isotope.pkgd.min.js script-loader!./ClientApp/src/assets/vendor/smoothscroll/smoothscroll.js script-loader!./ClientApp/src/assets/vendor/vide/dist/jquery.vide.min.js

ERROR in ./ClientApp/src/assets/vendor/smoothscroll/smoothscroll.js (./node_modules/raw-loader!./node_modules/babel-loader/lib??ref--6!./ClientApp/src/assets/vendor/smoothscroll/smoothscroll.js)
Module build failed (from ./node_modules/babel-loader/lib/index.js):
Error: ENOENT: no such file or directory, open 'C:\Users\Diana\Work\Projects\TemplateCoreWeb\TemplateCoreWeb\ClientApp\src\assets\vendor\smoothscroll\smoothscroll.js'
 @ ./ClientApp/src/assets/vendor/smoothscroll/smoothscroll.js (./node_modules/script-loader!./ClientApp/src/assets/vendor/smoothscroll/smoothscroll.js) 1:123-486
 @ multi webpack-hot-middleware/client?path=__webpack_hmr&dynamicPublicPath=true script-loader!./ClientApp/src/assets/vendor/jquery/dist/jquery.min.js script-loader!./ClientApp/src/assets/vendor/popper.js/dist/popper.min.js script-loader!./ClientApp/src/assets/vendor/bootstrap/dist/js/bootstrap.min.js script-loader!./ClientApp/src/assets/vendor/slick-carousel/slick/slick.min.js script-loader!./ClientApp/src/assets/vendor/fancybox/dist/jquery.fancybox.min.js script-loader!./ClientApp/src/assets/vendor/imagesloaded/imagesloaded.pkgd.min.js script-loader!./ClientApp/src/assets/vendor/isotope/dist/isotope.pkgd.min.js script-loader!./ClientApp/src/assets/vendor/smoothscroll/smoothscroll.js script-loader!./ClientApp/src/assets/vendor/vide/dist/jquery.vide.min.js |url: |action: 
2019-01-17 14:03:40.2402||DEBUG|TemplateCoreWebTest.Program|init main |url: |action: 
2019-01-17 14:03:46.2618||ERROR|Microsoft.AspNetCore.NodeServices|clean-webpack-plugin: C:\Users\Diana\Work\Projects\Weeding\TemplateCoreWeb\wwwroot\dist has been removed. |url: |action: 
2019-01-17 14:04:04.7483|3|WARN|Microsoft.AspNetCore.HttpsPolicy.HttpsRedirectionMiddleware|Failed to determine the https port for redirect. |url: http://localhost/|action: 
2019-01-17 14:05:38.2928||DEBUG|TemplateCoreWebTest.Program|init main |url: |action: 
2019-01-17 14:05:44.4161||DEBUG|TemplateCoreWebTest.Program|init main |url: |action: 
2019-01-17 14:05:50.1944||ERROR|Microsoft.AspNetCore.NodeServices|clean-webpack-plugin: C:\Users\Diana\Work\Projects\Weeding\TemplateCoreWeb\wwwroot\dist has been removed. |url: |action: 
2019-01-17 14:06:10.9633|3|WARN|Microsoft.AspNetCore.HttpsPolicy.HttpsRedirectionMiddleware|Failed to determine the https port for redirect. |url: http://localhost/|action: 
2019-01-17 14:07:21.0817||WARN|Microsoft.AspNetCore.Server.Kestrel|Connection processing ended abnormally. Microsoft.AspNetCore.Connections.ConnectionAbortedException: The connection was aborted
   at System.IO.Pipelines.PipeCompletion.ThrowLatchedException()
   at System.IO.Pipelines.Pipe.GetReadResult(ReadResult& result)
   at System.IO.Pipelines.Pipe.GetReadAsyncResult()
   at System.IO.Pipelines.Pipe.DefaultPipeReader.GetResult(Int16 token)
   at Microsoft.AspNetCore.Server.Kestrel.Core.Internal.Http.HttpProtocol.ProcessRequests[TContext](IHttpApplication`1 application)
   at Microsoft.AspNetCore.Server.Kestrel.Core.Internal.Http.HttpProtocol.ProcessRequestsAsync[TContext](IHttpApplication`1 application)|url: |action: 
2019-01-17 14:19:28.2829||DEBUG|TemplateCoreWebTest.Program|init main |url: |action: 
2019-01-17 14:19:42.0709||ERROR|Microsoft.AspNetCore.NodeServices|clean-webpack-plugin: C:\Users\Diana\Work\Projects\Weeding\TemplateCoreWeb\wwwroot\dist has been removed. |url: |action: 
2019-01-17 14:19:58.0554|3|WARN|Microsoft.AspNetCore.HttpsPolicy.HttpsRedirectionMiddleware|Failed to determine the https port for redirect. |url: http://localhost/|action: 
2019-01-17 14:22:10.7766||DEBUG|TemplateCoreWebTest.Program|init main |url: |action: 
2019-01-17 14:22:16.3375||ERROR|Microsoft.AspNetCore.NodeServices|clean-webpack-plugin: C:\Users\Diana\Work\Projects\Weeding\TemplateCoreWeb\wwwroot\dist has been removed. |url: |action: 
2019-01-17 14:22:29.4051|3|WARN|Microsoft.AspNetCore.HttpsPolicy.HttpsRedirectionMiddleware|Failed to determine the https port for redirect. |url: http://localhost/|action: 
2019-01-17 15:31:54.7746||DEBUG|TemplateCoreWebTest.Program|init main |url: |action: 
2019-01-17 15:32:04.9758||ERROR|Microsoft.AspNetCore.NodeServices|clean-webpack-plugin: C:\Users\Diana\Work\Projects\Weeding\TemplateCoreWeb\wwwroot\dist has been removed. |url: |action: 
2019-01-17 15:32:35.4665|3|WARN|Microsoft.AspNetCore.HttpsPolicy.HttpsRedirectionMiddleware|Failed to determine the https port for redirect. |url: http://localhost/|action: 
2019-01-17 16:17:55.2788||DEBUG|TemplateCoreWebTest.Program|init main |url: |action: 
2019-01-17 16:18:03.7761||ERROR|Microsoft.AspNetCore.NodeServices|clean-webpack-plugin: C:\Users\Diana\Work\Projects\Weeding\TemplateCoreWeb\wwwroot\dist has been removed. |url: |action: 
2019-01-17 16:18:18.1733|3|WARN|Microsoft.AspNetCore.HttpsPolicy.HttpsRedirectionMiddleware|Failed to determine the https port for redirect. |url: http://localhost/|action: 
2019-01-17 16:49:26.4555||ERROR|Microsoft.AspNetCore.NodeServices|[31m├Ч[39m [90mя╜вwdmя╜г[39m: Hash: 7e83f677c932955f85c4
Version: webpack 4.23.1
Time: 1267ms
Built at: 2019-01-17 16:49:26
                                                               Asset       Size                        Chunks             Chunk Names
../img/_/fonts/glyphicons-halflings/glyphicons-halflings-regular.svg   64 bytes                                           
                                               ../img/bg/bgheart.jpg     56 KiB                                           
                                3eb6e94c212c7579f16d.hot-update.json   55 bytes                                [emitted]  
                                                    custom_styles.js    281 KiB                 custom_styles  [emitted]  custom_styles
                                                 custom_styles.js.gz   52.6 KiB                                [emitted]  
                              fonts/glyphicons-halflings-regular.eot   19.9 KiB                                           
                              fonts/glyphicons-halflings-regular.svg   61.7 KiB                                           
                           fonts/glyphicons-halflings-regular.svg.gz   16.4 KiB                                [emitted]  
                              fonts/glyphicons-halflings-regular.ttf   40.3 KiB                                           
                           fonts/glyphicons-halflings-regular.ttf.gz   22.7 KiB                                [emitted]  
                             fonts/glyphicons-halflings-regular.woff   22.8 KiB                                           
                            fonts/glyphicons-halflings-regular.woff2   17.6 KiB                                           
                                                             main.js    215 KiB                          main  [emitted]  main
                                                          main.js.gz   47.4 KiB                                [emitted]  
                                                       vendor_src.js    946 KiB                    vendor_src  [emitted]  vendor_src
                                                    vendor_src.js.gz    216 KiB                                [emitted]  
                    vendor_styles.3eb6e94c212c7579f16d.hot-update.js    1.3 KiB  vendor_styles, vendor_styles  [emitted]  vendor_styles, vendor_styles
                 vendor_styles.3eb6e94c212c7579f16d.hot-update.js.gz  486 bytes                                [emitted]  
                                                    vendor_styles.js    958 KiB                 vendor_styles  [emitted]  vendor_styles
                                                 vendor_styles.js.gz    144 KiB                                [emitted]  
Entrypoint vendor_styles = vendor_styles.js vendor_styles.3eb6e94c212c7579f16d.hot-update.js vendor_styles.3eb6e94c212c7579f16d.hot-update.js
Entrypoint vendor_src = vendor_src.js
Entrypoint custom_styles = custom_styles.js
Entrypoint main = main.js
[0] multi webpack-hot-middleware/client?path=__webpack_hmr&dynamicPublicPath=true ./ClientApp/src/assets/js/vendor_styles.js 40 bytes {vendor_styles}
[1] multi webpack-hot-middleware/client?path=__webpack_hmr&dynamicPublicPath=true script-loader!./ClientApp/src/assets/vendor/js/jquery/jquery.js script-loader!./ClientApp/src/assets/vendor/js/bootstrap/bootstrap.min.js script-loader!./ClientApp/src/assets/vendor/js/plugins/plugins.js script-loader!./ClientApp/src/assets/vendor/js/maps/maps.js script-loader!./ClientApp/src/assets/vendor/js/init.js 88 bytes {vendor_src}
[2] multi webpack-hot-middleware/client?path=__webpack_hmr&dynamicPublicPath=true ./ClientApp/src/assets/js/custom_styles.js 40 bytes {custom_styles}
[3] multi webpack-hot-middleware/client?path=__webpack_hmr&dynamicPublicPath=true ./ClientApp/src/assets/js/index.js 40 bytes {main}
[./ClientApp/src/assets/js/custom_styles.js] 28 bytes {custom_styles}
[./ClientApp/src/assets/js/index.js] 252 bytes {main}
[./ClientApp/src/assets/js/vendor_styles.js] 185 bytes {vendor_styles}
[./ClientApp/src/assets/scss/style.scss] 1.29 KiB {custom_styles}
[./ClientApp/src/assets/vendor/css/animate/animate.css] 1.34 KiB {vendor_styles}
[./node_modules/script-loader/index.js!./ClientApp/src/assets/vendor/js/bootstrap/bootstrap.min.js] ./node_modules/script-loader!./ClientApp/src/assets/vendor/js/bootstrap/bootstrap.min.js 457 bytes {vendor_src}
[./node_modules/script-loader/index.js!./ClientApp/src/assets/vendor/js/init.js] ./node_modules/script-loader!./ClientApp/src/assets/vendor/js/init.js 437 bytes {vendor_src}
[./node_modules/script-loader/index.js!./ClientApp/src/assets/vendor/js/jquery/jquery.js] ./node_modules/script-loader!./ClientApp/src/assets/vendor/js/jquery/jquery.js 447 bytes {vendor_src}
[./node_modules/script-loader/index.js!./ClientApp/src/assets/vendor/js/maps/maps.js] ./node_modules/script-loader!./ClientApp/src/assets/vendor/js/maps/maps.js 443 bytes {vendor_src}
[./node_modules/script-loader/index.js!./ClientApp/src/assets/vendor/js/plugins/plugins.js] ./node_modules/script-loader!./ClientApp/src/assets/vendor/js/plugins/plugins.js 449 bytes {vendor_src}
[./node_modules/webpack-hot-middleware/client.js?path=__webpack_hmr&dynamicPublicPath=true] (webpack)-hot-middleware/client.js?path=__webpack_hmr&dynamicPublicPath=true 7.59 KiB {vendor_styles} {vendor_src} {custom_styles} {main}
    + 41 hidden modules

ERROR in ./ClientApp/src/assets/vendor/css/plugins/plugins.css (./node_modules/css-loader??ref--5-1!./node_modules/sass-loader/lib/loader.js??ref--5-2!./ClientApp/src/assets/vendor/css/plugins/plugins.css)
Module build failed (from ./node_modules/sass-loader/lib/loader.js):
 |url: |action: 
2019-01-17 16:49:26.4752||ERROR|Microsoft.AspNetCore.NodeServices|
	color:$light-gray ; |url: |action: 
2019-01-17 16:49:26.4832||ERROR|Microsoft.AspNetCore.NodeServices|
      ^ |url: |action: 
2019-01-17 16:49:26.4832||ERROR|Microsoft.AspNetCore.NodeServices|
      Undefined variable.
  stdin 542:8  root stylesheet |url: |action: 
2019-01-17 16:49:26.4832||ERROR|Microsoft.AspNetCore.NodeServices|
      in C:\Users\Diana\Work\Projects\Weeding\TemplateCoreWeb\ClientApp\src\assets\vendor\css\plugins\plugins.css (line 542, column 8)
 @ ./ClientApp/src/assets/vendor/css/plugins/plugins.css 2:14-168 21:1-42:3 22:19-173
 @ ./ClientApp/src/assets/js/vendor_styles.js
 @ multi webpack-hot-middleware/client?path=__webpack_hmr&dynamicPublicPath=true ./ClientApp/src/assets/js/vendor_styles.js |url: |action: 
2019-01-17 16:49:38.4675||ERROR|Microsoft.AspNetCore.NodeServices|[31m├Ч[39m [90mя╜вwdmя╜г[39m: Hash: 359f86b9986f78850ef9
Version: webpack 4.23.1
Time: 1705ms
Built at: 2019-01-17 16:49:37
                                                               Asset      Size                        Chunks             Chunk Names
../img/_/fonts/glyphicons-halflings/glyphicons-halflings-regular.svg  64 bytes                                           
                                               ../img/bg/bgheart.jpg    56 KiB                                           
                                7e83f677c932955f85c4.hot-update.json  55 bytes                                [emitted]  
                    custom_styles.7e83f677c932955f85c4.hot-update.js  96.1 KiB  custom_styles, custom_styles  [emitted]  custom_styles, custom_styles
                 custom_styles.7e83f677c932955f85c4.hot-update.js.gz    14 KiB                                [emitted]  
                                                    custom_styles.js   262 KiB                 custom_styles  [emitted]  custom_styles
                                                 custom_styles.js.gz  49.5 KiB                                [emitted]  
                              fonts/glyphicons-halflings-regular.eot  19.9 KiB                                           
                              fonts/glyphicons-halflings-regular.svg  61.7 KiB                                           
                           fonts/glyphicons-halflings-regular.svg.gz  16.4 KiB                                [emitted]  
                              fonts/glyphicons-halflings-regular.ttf  40.3 KiB                                           
                           fonts/glyphicons-halflings-regular.ttf.gz  22.7 KiB                                [emitted]  
                             fonts/glyphicons-halflings-regular.woff  22.8 KiB                                           
                            fonts/glyphicons-halflings-regular.woff2  17.6 KiB                                           
                                                             main.js   215 KiB                          main  [emitted]  main
                                                          main.js.gz  47.4 KiB                                [emitted]  
                                                       vendor_src.js   946 KiB                    vendor_src  [emitted]  vendor_src
                                                    vendor_src.js.gz   216 KiB                                [emitted]  
                                                    vendor_styles.js   958 KiB                 vendor_styles  [emitted]  vendor_styles
                                                 vendor_styles.js.gz   144 KiB                                [emitted]  
Entrypoint vendor_styles = vendor_styles.js
Entrypoint vendor_src = vendor_src.js
Entrypoint custom_styles = custom_styles.js custom_styles.7e83f677c932955f85c4.hot-update.js custom_styles.7e83f677c932955f85c4.hot-update.js
Entrypoint main = main.js
[0] multi webpack-hot-middleware/client?path=__webpack_hmr&dynamicPublicPath=true ./ClientApp/src/assets/js/vendor_styles.js 40 bytes {vendor_styles}
[1] multi webpack-hot-middleware/client?path=__webpack_hmr&dynamicPublicPath=true script-loader!./ClientApp/src/assets/vendor/js/jquery/jquery.js script-loader!./ClientApp/src/assets/vendor/js/bootstrap/bootstrap.min.js script-loader!./ClientApp/src/assets/vendor/js/plugins/plugins.js script-loader!./ClientApp/src/assets/vendor/js/maps/maps.js script-loader!./ClientApp/src/assets/vendor/js/init.js 88 bytes {vendor_src}
[2] multi webpack-hot-middleware/client?path=__webpack_hmr&dynamicPublicPath=true ./ClientApp/src/assets/js/custom_styles.js 40 bytes {custom_styles}
[3] multi webpack-hot-middleware/client?path=__webpack_hmr&dynamicPublicPath=true ./ClientApp/src/assets/js/index.js 40 bytes {main}
[./ClientApp/src/assets/js/custom_styles.js] 28 bytes {custom_styles}
[./ClientApp/src/assets/js/index.js] 252 bytes {main}
[./ClientApp/src/assets/js/vendor_styles.js] 185 bytes {vendor_styles}
[./ClientApp/src/assets/scss/style.scss] 1.29 KiB {custom_styles}
[./ClientApp/src/assets/vendor/css/animate/animate.css] 1.34 KiB {vendor_styles}
[./node_modules/script-loader/index.js!./ClientApp/src/assets/vendor/js/bootstrap/bootstrap.min.js] ./node_modules/script-loader!./ClientApp/src/assets/vendor/js/bootstrap/bootstrap.min.js 457 bytes {vendor_src}
[./node_modules/script-loader/index.js!./ClientApp/src/assets/vendor/js/init.js] ./node_modules/script-loader!./ClientApp/src/assets/vendor/js/init.js 437 bytes {vendor_src}
[./node_modules/script-loader/index.js!./ClientApp/src/assets/vendor/js/jquery/jquery.js] ./node_modules/script-loader!./ClientApp/src/assets/vendor/js/jquery/jquery.js 447 bytes {vendor_src}
[./node_modules/script-loader/index.js!./ClientApp/src/assets/vendor/js/maps/maps.js] ./node_modules/script-loader!./ClientApp/src/assets/vendor/js/maps/maps.js 443 bytes {vendor_src}
[./node_modules/script-loader/index.js!./ClientApp/src/assets/vendor/js/plugins/plugins.js] ./node_modules/script-loader!./ClientApp/src/assets/vendor/js/plugins/plugins.js 449 bytes {vendor_src}
[./node_modules/webpack-hot-middleware/client.js?path=__webpack_hmr&dynamicPublicPath=true] (webpack)-hot-middleware/client.js?path=__webpack_hmr&dynamicPublicPath=true 7.59 KiB {vendor_styles} {vendor_src} {custom_styles} {main}
    + 41 hidden modules

ERROR in ./ClientApp/src/assets/vendor/css/plugins/plugins.css (./node_modules/css-loader??ref--5-1!./node_modules/sass-loader/lib/loader.js??ref--5-2!./ClientApp/src/assets/vendor/css/plugins/plugins.css)
Module build failed (from ./node_modules/sass-loader/lib/loader.js):
 |url: |action: 
2019-01-17 16:49:38.5102||ERROR|Microsoft.AspNetCore.NodeServices|
	color:$light-gray ; |url: |action: 
2019-01-17 16:49:38.5144||ERROR|Microsoft.AspNetCore.NodeServices|
      ^ |url: |action: 
2019-01-17 16:49:38.5144||ERROR|Microsoft.AspNetCore.NodeServices|
      Undefined variable.
  stdin 542:8  root stylesheet |url: |action: 
2019-01-17 16:49:38.5144||ERROR|Microsoft.AspNetCore.NodeServices|
      in C:\Users\Diana\Work\Projects\Weeding\TemplateCoreWeb\ClientApp\src\assets\vendor\css\plugins\plugins.css (line 542, column 8)
 @ ./ClientApp/src/assets/vendor/css/plugins/plugins.css 2:14-168 21:1-42:3 22:19-173
 @ ./ClientApp/src/assets/js/vendor_styles.js
 @ multi webpack-hot-middleware/client?path=__webpack_hmr&dynamicPublicPath=true ./ClientApp/src/assets/js/vendor_styles.js |url: |action: 
2019-01-17 18:23:24.9903||DEBUG|TemplateCoreWebTest.Program|init main |url: |action: 
2019-01-17 18:23:31.2811||ERROR|Microsoft.AspNetCore.NodeServices|clean-webpack-plugin: C:\Users\Diana\Work\Projects\Weeding\TemplateCoreWeb\wwwroot\dist has been removed. |url: |action: 
2019-01-17 18:23:51.9013|3|WARN|Microsoft.AspNetCore.HttpsPolicy.HttpsRedirectionMiddleware|Failed to determine the https port for redirect. |url: http://localhost/|action: 
2019-01-17 18:42:59.6550||DEBUG|TemplateCoreWebTest.Program|init main |url: |action: 
2019-01-17 18:43:07.0275||ERROR|Microsoft.AspNetCore.NodeServices|clean-webpack-plugin: C:\Users\Diana\Work\Projects\Weeding\TemplateCoreWeb\wwwroot\dist has been removed. |url: |action: 
2019-01-17 18:43:23.8771|3|WARN|Microsoft.AspNetCore.HttpsPolicy.HttpsRedirectionMiddleware|Failed to determine the https port for redirect. |url: http://localhost/|action: 
2019-01-17 18:48:20.8262||DEBUG|TemplateCoreWebTest.Program|init main |url: |action: 
2019-01-17 18:48:26.4076||ERROR|Microsoft.AspNetCore.NodeServices|clean-webpack-plugin: C:\Users\Diana\Work\Projects\Weeding\TemplateCoreWeb\wwwroot\dist has been removed. |url: |action: 
2019-01-17 18:48:41.0925|3|WARN|Microsoft.AspNetCore.HttpsPolicy.HttpsRedirectionMiddleware|Failed to determine the https port for redirect. |url: http://localhost/|action: 
2019-01-17 18:52:22.9623||ERROR|Microsoft.AspNetCore.NodeServices|[31m├Ч[39m [90mя╜вwdmя╜г[39m: Hash: af5c9c6018b1507ff47e
Version: webpack 4.23.1
Time: 803ms
Built at: 2019-01-17 18:52:21
                                                               Asset       Size                        Chunks             Chunk Names
../img/_/fonts/glyphicons-halflings/glyphicons-halflings-regular.svg   64 bytes                                           
                                                     ../img/drag.png   49.2 KiB                                           
                                                  ../img/drag.png.gz   35.2 KiB                                [emitted]  
                                118274702b68e0105920.hot-update.json   55 bytes                                [emitted]  
                    custom_styles.118274702b68e0105920.hot-update.js  680 bytes  custom_styles, custom_styles  [emitted]  custom_styles, custom_styles
                 custom_styles.118274702b68e0105920.hot-update.js.gz  369 bytes                                [emitted]  
                                                    custom_styles.js    275 KiB                 custom_styles  [emitted]  custom_styles
                                                 custom_styles.js.gz     52 KiB                                [emitted]  
                              fonts/glyphicons-halflings-regular.eot   19.9 KiB                                           
                              fonts/glyphicons-halflings-regular.svg   61.7 KiB                                           
                           fonts/glyphicons-halflings-regular.svg.gz   16.4 KiB                                [emitted]  
                              fonts/glyphicons-halflings-regular.ttf   40.3 KiB                                           
                           fonts/glyphicons-halflings-regular.ttf.gz   22.7 KiB                                [emitted]  
                             fonts/glyphicons-halflings-regular.woff   22.8 KiB                                           
                            fonts/glyphicons-halflings-regular.woff2   17.6 KiB                                           
                                                             main.js    215 KiB                          main  [emitted]  main
                                                          main.js.gz   47.4 KiB                                [emitted]  
                                                       vendor_src.js    947 KiB                    vendor_src  [emitted]  vendor_src
                                                    vendor_src.js.gz    216 KiB                                [emitted]  
                                                    vendor_styles.js   1.03 MiB                 vendor_styles  [emitted]  vendor_styles
                                                 vendor_styles.js.gz    158 KiB                                [emitted]  
Entrypoint vendor_styles = vendor_styles.js
Entrypoint vendor_src = vendor_src.js
Entrypoint custom_styles = custom_styles.js custom_styles.118274702b68e0105920.hot-update.js custom_styles.118274702b68e0105920.hot-update.js
Entrypoint main = main.js
[0] multi webpack-hot-middleware/client?path=__webpack_hmr&dynamicPublicPath=true ./ClientApp/src/assets/js/vendor_styles.js 40 bytes {vendor_styles}
[1] multi webpack-hot-middleware/client?path=__webpack_hmr&dynamicPublicPath=true script-loader!./ClientApp/src/assets/vendor/js/jquery/jquery.js script-loader!./ClientApp/src/assets/vendor/js/bootstrap/bootstrap.min.js script-loader!./ClientApp/src/assets/vendor/js/plugins/plugins.js script-loader!./ClientApp/src/assets/vendor/js/maps/maps.js script-loader!./ClientApp/src/assets/vendor/js/init.js 88 bytes {vendor_src}
[2] multi webpack-hot-middleware/client?path=__webpack_hmr&dynamicPublicPath=true ./ClientApp/src/assets/js/custom_styles.js 40 bytes {custom_styles}
[3] multi webpack-hot-middleware/client?path=__webpack_hmr&dynamicPublicPath=true ./ClientApp/src/assets/js/index.js 40 bytes {main}
[./ClientApp/src/assets/js/custom_styles.js] 28 bytes {custom_styles}
[./ClientApp/src/assets/js/index.js] 252 bytes {main}
[./ClientApp/src/assets/js/vendor_styles.js] 185 bytes {vendor_styles}
[./ClientApp/src/assets/scss/style.scss] 1.29 KiB {custom_styles}
[./ClientApp/src/assets/vendor/css/animate/animate.css] 1.34 KiB {vendor_styles}
[./node_modules/script-loader/index.js!./ClientApp/src/assets/vendor/js/bootstrap/bootstrap.min.js] ./node_modules/script-loader!./ClientApp/src/assets/vendor/js/bootstrap/bootstrap.min.js 457 bytes {vendor_src}
[./node_modules/script-loader/index.js!./ClientApp/src/assets/vendor/js/init.js] ./node_modules/script-loader!./ClientApp/src/assets/vendor/js/init.js 437 bytes {vendor_src}
[./node_modules/script-loader/index.js!./ClientApp/src/assets/vendor/js/jquery/jquery.js] ./node_modules/script-loader!./ClientApp/src/assets/vendor/js/jquery/jquery.js 447 bytes {vendor_src}
[./node_modules/script-loader/index.js!./ClientApp/src/assets/vendor/js/maps/maps.js] ./node_modules/script-loader!./ClientApp/src/assets/vendor/js/maps/maps.js 443 bytes {vendor_src}
[./node_modules/script-loader/index.js!./ClientApp/src/assets/vendor/js/plugins/plugins.js] ./node_modules/script-loader!./ClientApp/src/assets/vendor/js/plugins/plugins.js 449 bytes {vendor_src}
[./node_modules/webpack-hot-middleware/client.js?path=__webpack_hmr&dynamicPublicPath=true] (webpack)-hot-middleware/client.js?path=__webpack_hmr&dynamicPublicPath=true 7.59 KiB {vendor_styles} {vendor_src} {custom_styles} {main}
    + 42 hidden modules

ERROR in ./ClientApp/src/assets/img/bg/bgheart.jpg
Module build failed (from ./node_modules/file-loader/dist/cjs.js):
Error: ENOENT: no such file or directory, open 'C:\Users\Diana\Work\Projects\Weeding\TemplateCoreWeb\ClientApp\src\assets\img\bg\bgheart.jpg'
 @ ./ClientApp/src/assets/scss/style.scss (./node_modules/css-loader??ref--5-1!./node_modules/sass-loader/lib/loader.js??ref--5-2!./ClientApp/src/assets/scss/style.scss) 9:10074-10106
 @ ./ClientApp/src/assets/scss/style.scss
 @ ./ClientApp/src/assets/js/custom_styles.js
 @ multi webpack-hot-middleware/client?path=__webpack_hmr&dynamicPublicPath=true ./ClientApp/src/assets/js/custom_styles.js |url: |action: 
