2019-03-13 10:49:36.8086||DEBUG|TemplateCoreWebTest.Program|init main 
2019-03-13 10:49:37.4355||INFO|Microsoft.AspNetCore.DataProtection.KeyManagement.XmlKeyManager|User profile is available. Using 'C:\Users\Diana\AppData\Local\ASP.NET\DataProtection-Keys' as key repository and Windows DPAPI to encrypt keys at rest. 
2019-03-13 10:49:40.1668||INFO|Microsoft.AspNetCore.NodeServices|development mode: true 
2019-03-13 10:49:42.1367||ERROR|Microsoft.AspNetCore.NodeServices|clean-webpack-plugin: C:\Users\Diana\Work\Projects\Assan\TemplateCoreWeb\wwwroot\dist has been removed. 
2019-03-13 10:49:43.0710|1|INFO|Microsoft.AspNetCore.Hosting.Internal.WebHost|Request starting HTTP/1.1 GET http://localhost:53185/   
2019-03-13 10:49:43.7648||INFO|Microsoft.AspNetCore.NodeServices|[34mi[39m [90mя╜вwdmя╜г[39m: wait until bundle finished: / 
2019-03-13 10:49:55.8347||INFO|Microsoft.AspNetCore.NodeServices|webpack built ca5b9ecd65709701dd20 in 13373ms 
2019-03-13 10:49:55.9041||INFO|Microsoft.AspNetCore.NodeServices|[34mi[39m [90mя╜вwdmя╜г[39m: Hash: ca5b9ecd65709701dd20
Version: webpack 4.23.1
Time: 13373ms
Built at: 2019-03-13 10:49:55
                                              Asset      Size         Chunks             Chunk Names
        ../img/_/fonts/bower-components/themify.svg  43 bytes                 [emitted]  
../img/_/fonts/font-awesome/fontawesome-webfont.svg  55 bytes                 [emitted]  
         critical-foft-preload-fallback-optional.js  8.04 KiB                 [emitted]  
                                   custom_styles.js   289 KiB  custom_styles  [emitted]  custom_styles
                                custom_styles.js.gz  53.3 KiB                 [emitted]  
                      fonts/fontawesome-webfont.eot   162 KiB                 [emitted]  
                   fonts/fontawesome-webfont.eot.gz  95.9 KiB                 [emitted]  
                      fonts/fontawesome-webfont.svg   437 KiB                 [emitted]  
                   fonts/fontawesome-webfont.svg.gz   132 KiB                 [emitted]  
                      fonts/fontawesome-webfont.ttf   162 KiB                 [emitted]  
                   fonts/fontawesome-webfont.ttf.gz  95.8 KiB                 [emitted]  
                     fonts/fontawesome-webfont.woff  95.7 KiB                 [emitted]  
                    fonts/fontawesome-webfont.woff2  75.4 KiB                 [emitted]  
                                  fonts/themify.eot  76.9 KiB                 [emitted]  
                               fonts/themify.eot.gz  40.1 KiB                 [emitted]  
                                  fonts/themify.svg   229 KiB                 [emitted]  
                               fonts/themify.svg.gz  71.7 KiB                 [emitted]  
                                  fonts/themify.ttf  76.7 KiB                 [emitted]  
                               fonts/themify.ttf.gz    40 KiB                 [emitted]  
                                 fonts/themify.woff  54.8 KiB                 [emitted]  
                              fonts/themify.woff.gz  33.6 KiB                 [emitted]  
                                            main.js   207 KiB           main  [emitted]  main
                                         main.js.gz  45.2 KiB                 [emitted]  
                                              sw.js  1.46 KiB                 [emitted]  
                                      vendor_src.js   958 KiB     vendor_src  [emitted]  vendor_src
                                   vendor_src.js.gz   212 KiB                 [emitted]  
                                   vendor_styles.js  1.51 MiB  vendor_styles  [emitted]  vendor_styles
                                vendor_styles.js.gz   189 KiB                 [emitted]  
Entrypoint vendor_styles = vendor_styles.js
Entrypoint vendor_src = vendor_src.js
Entrypoint custom_styles = custom_styles.js
Entrypoint main = main.js
[0] multi webpack-hot-middleware/client?path=__webpack_hmr&dynamicPublicPath=true ./ClientApp/src/assets/js/vendor_styles.js 40 bytes {vendor_styles} [built]
[1] multi webpack-hot-middleware/client?path=__webpack_hmr&dynamicPublicPath=true script-loader!./ClientApp/src/assets/vendor/js/theme/plugins.js script-loader!./ClientApp/src/assets/vendor/js/theme/event.custom.js script-loader!./ClientApp/src/assets/vendor/js/theme/gmap.js.js script-loader!./ClientApp/src/assets/vendor/js/theme/jquery.gmap.min.js script-loader!./ClientApp/src/assets/vendor/js/theme/jquery.countdown.min.js script-loader!./ClientApp/src/assets/vendor/js/jconfirm/jquery-confirm.min.js script-loader!./ClientApp/src/assets/vendor/js/init.js 112 bytes {vendor_src} [built]
[2] multi webpack-hot-middleware/client?path=__webpack_hmr&dynamicPublicPath=true ./ClientApp/src/assets/js/custom_styles.js 40 bytes {custom_styles} [built]
[3] multi webpack-hot-middleware/client?path=__webpack_hmr&dynamicPublicPath=true ./ClientApp/src/assets/js/index.js 40 bytes {main} [built]
[./ClientApp/src/assets/js/custom_styles.js] 28 bytes {custom_styles} [built]
[./ClientApp/src/assets/js/index.js] 184 bytes {main} [built]
[./ClientApp/src/assets/js/vendor_styles.js] 97 bytes {vendor_styles} [built]
[./node_modules/script-loader/index.js!./ClientApp/src/assets/vendor/js/init.js] ./node_modules/script-loader!./ClientApp/src/assets/vendor/js/init.js 429 bytes {vendor_src} [built]
[./node_modules/script-loader/index.js!./ClientApp/src/assets/vendor/js/jconfirm/jquery-confirm.min.js] ./node_modules/script-loader!./ClientApp/src/assets/vendor/js/jconfirm/jquery-confirm.min.js 453 bytes {vendor_src} [built]
[./node_modules/script-loader/index.js!./ClientApp/src/assets/vendor/js/theme/event.custom.js] ./node_modules/script-loader!./ClientApp/src/assets/vendor/js/theme/event.custom.js 444 bytes {vendor_src} [built]
[./node_modules/script-loader/index.js!./ClientApp/src/assets/vendor/js/theme/gmap.js.js] ./node_modules/script-loader!./ClientApp/src/assets/vendor/js/theme/gmap.js.js 439 bytes {vendor_src} [built]
[./node_modules/script-loader/index.js!./ClientApp/src/assets/vendor/js/theme/jquery.countdown.min.js] ./node_modules/script-loader!./ClientApp/src/assets/vendor/js/theme/jquery.countdown.min.js 452 bytes {vendor_src} [built]
[./node_modules/script-loader/index.js!./ClientApp/src/assets/vendor/js/theme/jquery.gmap.min.js] ./node_modules/script-loader!./ClientApp/src/assets/vendor/js/theme/jquery.gmap.min.js 447 bytes {vendor_src} [built]
[./node_modules/script-loader/index.js!./ClientApp/src/assets/vendor/js/theme/plugins.js] ./node_modules/script-loader!./ClientApp/src/assets/vendor/js/theme/plugins.js 439 bytes {vendor_src} [built]
[./node_modules/webpack-hot-middleware/client.js?path=__webpack_hmr&dynamicPublicPath=true] (webpack)-hot-middleware/client.js?path=__webpack_hmr&dynamicPublicPath=true 7.59 KiB {vendor_styles} {vendor_src} {custom_styles} {main} [built]
    + 43 hidden modules 
2019-03-13 10:49:55.9041||INFO|Microsoft.AspNetCore.NodeServices|[34mi[39m [90mя╜вwdmя╜г[39m: Compiled successfully. 
2019-03-13 10:49:55.9041|3|WARN|Microsoft.AspNetCore.HttpsPolicy.HttpsRedirectionMiddleware|Failed to determine the https port for redirect. 
2019-03-13 10:49:56.1279|1|INFO|Microsoft.AspNetCore.Mvc.Internal.ControllerActionInvoker|Route matched with {action = "Index", controller = "Home"}. Executing action TemplateCoreWebTest.Controllers.HomeController.Index (TemplateCoreWebTest) 
2019-03-13 10:49:56.1594|1|INFO|Microsoft.AspNetCore.Mvc.Internal.ControllerActionInvoker|Executing action method TemplateCoreWebTest.Controllers.HomeController.Index (TemplateCoreWebTest) with arguments () - Validation state: Valid 
2019-03-13 10:49:56.1594|2|INFO|Microsoft.AspNetCore.Mvc.Internal.ControllerActionInvoker|Executed action method TemplateCoreWebTest.Controllers.HomeController.Index (TemplateCoreWebTest), returned result Microsoft.AspNetCore.Mvc.ViewResult in 0.6429ms. 
2019-03-13 10:49:56.1945|1|INFO|Microsoft.AspNetCore.Mvc.ViewFeatures.ViewResultExecutor|Executing ViewResult, running view Index. 
2019-03-13 10:49:56.3652|4|INFO|Microsoft.AspNetCore.Mvc.ViewFeatures.ViewResultExecutor|Executed ViewResult - view Index executed in 187.5881ms. 
2019-03-13 10:49:56.3652|2|INFO|Microsoft.AspNetCore.Mvc.Internal.ControllerActionInvoker|Executed action TemplateCoreWebTest.Controllers.HomeController.Index (TemplateCoreWebTest) in 240.1407ms 
2019-03-13 10:49:56.3962|2|INFO|Microsoft.AspNetCore.Hosting.Internal.WebHost|Request finished in 13324.6741ms 200 text/html; charset=utf-8 
2019-03-13 11:01:27.5242|1|INFO|Microsoft.AspNetCore.Hosting.Internal.WebHost|Request starting HTTP/1.1 GET http://localhost:53185/   
2019-03-13 11:01:27.5373|1|INFO|Microsoft.AspNetCore.Mvc.Internal.ControllerActionInvoker|Route matched with {action = "Index", controller = "Home"}. Executing action TemplateCoreWebTest.Controllers.HomeController.Index (TemplateCoreWebTest) 
2019-03-13 11:01:27.5428|1|INFO|Microsoft.AspNetCore.Mvc.Internal.ControllerActionInvoker|Executing action method TemplateCoreWebTest.Controllers.HomeController.Index (TemplateCoreWebTest) with arguments () - Validation state: Valid 
2019-03-13 11:01:27.5428|2|INFO|Microsoft.AspNetCore.Mvc.Internal.ControllerActionInvoker|Executed action method TemplateCoreWebTest.Controllers.HomeController.Index (TemplateCoreWebTest), returned result Microsoft.AspNetCore.Mvc.ViewResult in 0.2958ms. 
2019-03-13 11:01:27.5428|1|INFO|Microsoft.AspNetCore.Mvc.ViewFeatures.ViewResultExecutor|Executing ViewResult, running view Index. 
2019-03-13 11:01:27.5428|4|INFO|Microsoft.AspNetCore.Mvc.ViewFeatures.ViewResultExecutor|Executed ViewResult - view Index executed in 4.0814ms. 
2019-03-13 11:01:27.5428|2|INFO|Microsoft.AspNetCore.Mvc.Internal.ControllerActionInvoker|Executed action TemplateCoreWebTest.Controllers.HomeController.Index (TemplateCoreWebTest) in 16.8628ms 
2019-03-13 11:01:27.5645|2|INFO|Microsoft.AspNetCore.Hosting.Internal.WebHost|Request finished in 40.2687ms 200 text/html; charset=utf-8 
2019-03-13 11:01:27.6477|1|INFO|Microsoft.AspNetCore.Hosting.Internal.WebHost|Request starting HTTP/1.1 GET http://localhost:53185/images/logo-light.png   
2019-03-13 11:01:27.6677|1|INFO|Microsoft.AspNetCore.Hosting.Internal.WebHost|Request starting HTTP/1.1 GET http://localhost:53185/images/event/about.jpg   
2019-03-13 11:01:27.6677|1|INFO|Microsoft.AspNetCore.Hosting.Internal.WebHost|Request starting HTTP/1.1 GET http://localhost:53185/dist/vendor_styles.js   
2019-03-13 11:01:27.6677|1|INFO|Microsoft.AspNetCore.Hosting.Internal.WebHost|Request starting HTTP/1.1 GET http://localhost:53185/dist/custom_styles.js   
2019-03-13 11:01:27.7052|2|INFO|Microsoft.AspNetCore.StaticFiles.StaticFileMiddleware|Sending file. Request path: '/images/logo-light.png'. Physical path: 'C:\Users\Diana\Work\Projects\Assan\TemplateCoreWeb\wwwroot\images\logo-light.png' 
2019-03-13 11:01:27.7052|2|INFO|Microsoft.AspNetCore.Hosting.Internal.WebHost|Request finished in 60.6324ms 200 image/png 
2019-03-13 11:01:27.7597|2|INFO|Microsoft.AspNetCore.StaticFiles.StaticFileMiddleware|Sending file. Request path: '/dist/custom_styles.js'. Physical path: 'C:\Users\Diana\Work\Projects\Assan\TemplateCoreWeb\wwwroot\dist\custom_styles.js' 
2019-03-13 11:01:27.7670|2|INFO|Microsoft.AspNetCore.Hosting.Internal.WebHost|Request finished in 97.786ms 200 application/javascript 
2019-03-13 11:01:27.8173|1|INFO|Microsoft.AspNetCore.Hosting.Internal.WebHost|Request starting HTTP/1.1 GET http://localhost:53185/dist/vendor_src.js   
2019-03-13 11:01:27.8771|2|INFO|Microsoft.AspNetCore.StaticFiles.StaticFileMiddleware|Sending file. Request path: '/dist/vendor_src.js'. Physical path: 'C:\Users\Diana\Work\Projects\Assan\TemplateCoreWeb\wwwroot\dist\vendor_src.js' 
2019-03-13 11:01:27.8980|2|INFO|Microsoft.AspNetCore.Hosting.Internal.WebHost|Request finished in 80.6937ms 200 application/javascript 
2019-03-13 11:01:28.3003|1|INFO|Microsoft.AspNetCore.Hosting.Internal.WebHost|Request starting HTTP/1.1 GET http://localhost:53185/dist/main.js   
2019-03-13 11:01:28.3157|2|INFO|Microsoft.AspNetCore.StaticFiles.StaticFileMiddleware|Sending file. Request path: '/dist/main.js'. Physical path: 'C:\Users\Diana\Work\Projects\Assan\TemplateCoreWeb\wwwroot\dist\main.js' 
2019-03-13 11:01:28.3494|2|INFO|Microsoft.AspNetCore.Hosting.Internal.WebHost|Request finished in 48.9188ms 200 application/javascript 
2019-03-13 11:01:28.3781|2|INFO|Microsoft.AspNetCore.StaticFiles.StaticFileMiddleware|Sending file. Request path: '/dist/vendor_styles.js'. Physical path: 'C:\Users\Diana\Work\Projects\Assan\TemplateCoreWeb\wwwroot\dist\vendor_styles.js' 
2019-03-13 11:01:28.4233|2|INFO|Microsoft.AspNetCore.Hosting.Internal.WebHost|Request finished in 754.324ms 200 application/javascript 
2019-03-13 11:01:28.9381|1|INFO|Microsoft.AspNetCore.Hosting.Internal.WebHost|Request starting HTTP/1.1 GET http://localhost:53185/__webpack_hmr   
2019-03-13 11:01:29.2266|1|INFO|Microsoft.AspNetCore.Hosting.Internal.WebHost|Request starting HTTP/1.1 GET http://localhost:53185/images/event/bg4.jpg   
2019-03-13 11:01:29.2407|2|INFO|Microsoft.AspNetCore.StaticFiles.StaticFileMiddleware|Sending file. Request path: '/images/event/bg4.jpg'. Physical path: 'C:\Users\Diana\Work\Projects\Assan\TemplateCoreWeb\wwwroot\images\event\bg4.jpg' 
2019-03-13 11:01:29.2469|2|INFO|Microsoft.AspNetCore.Hosting.Internal.WebHost|Request finished in 20.3311ms 200 image/jpeg 
2019-03-13 11:01:29.2469|1|INFO|Microsoft.AspNetCore.Hosting.Internal.WebHost|Request starting HTTP/1.1 GET http://localhost:53185/dist/fonts/fontawesome-webfont.woff2   
2019-03-13 11:01:29.3042|2|INFO|Microsoft.AspNetCore.StaticFiles.StaticFileMiddleware|Sending file. Request path: '/dist/fonts/fontawesome-webfont.woff2'. Physical path: 'C:\Users\Diana\Work\Projects\Assan\TemplateCoreWeb\wwwroot\dist\fonts\fontawesome-webfont.woff2' 
2019-03-13 11:01:29.3190|2|INFO|Microsoft.AspNetCore.Hosting.Internal.WebHost|Request finished in 58.1086ms 200 font/woff2 
2019-03-13 11:01:29.3371|1|INFO|Microsoft.AspNetCore.Hosting.Internal.WebHost|Request starting HTTP/1.1 GET http://localhost:53185/dist/fonts/themify.woff   
2019-03-13 11:01:29.3611|2|INFO|Microsoft.AspNetCore.StaticFiles.StaticFileMiddleware|Sending file. Request path: '/dist/fonts/themify.woff'. Physical path: 'C:\Users\Diana\Work\Projects\Assan\TemplateCoreWeb\wwwroot\dist\fonts\themify.woff' 
2019-03-13 11:01:29.3752|2|INFO|Microsoft.AspNetCore.Hosting.Internal.WebHost|Request finished in 38.0977ms 200 application/font-woff 
2019-03-13 11:01:32.8936|2|INFO|Microsoft.AspNetCore.StaticFiles.StaticFileMiddleware|Sending file. Request path: '/images/event/about.jpg'. Physical path: 'C:\Users\Diana\Work\Projects\Assan\TemplateCoreWeb\wwwroot\images\event\about.jpg' 
2019-03-13 11:01:32.8936|2|INFO|Microsoft.AspNetCore.Hosting.Internal.WebHost|Request finished in 5233.0889ms 200 image/jpeg 
2019-03-13 11:01:33.7711|1|INFO|Microsoft.AspNetCore.Hosting.Internal.WebHost|Request starting HTTP/1.1 GET http://localhost:53185/favicon-32x32.png   
2019-03-13 11:01:33.7798|2|INFO|Microsoft.AspNetCore.StaticFiles.StaticFileMiddleware|Sending file. Request path: '/favicon-32x32.png'. Physical path: 'C:\Users\Diana\Work\Projects\Assan\TemplateCoreWeb\wwwroot\favicon-32x32.png' 
2019-03-13 11:01:33.7798|2|INFO|Microsoft.AspNetCore.Hosting.Internal.WebHost|Request finished in 10.5222ms 200 image/png 
2019-03-13 11:45:00.1430|1|INFO|Microsoft.AspNetCore.Hosting.Internal.WebHost|Request starting HTTP/1.1 GET http://localhost:53185/   
2019-03-13 11:45:00.1601|1|INFO|Microsoft.AspNetCore.Mvc.Internal.ControllerActionInvoker|Route matched with {action = "Index", controller = "Home"}. Executing action TemplateCoreWebTest.Controllers.HomeController.Index (TemplateCoreWebTest) 
2019-03-13 11:45:00.1601|1|INFO|Microsoft.AspNetCore.Mvc.Internal.ControllerActionInvoker|Executing action method TemplateCoreWebTest.Controllers.HomeController.Index (TemplateCoreWebTest) with arguments () - Validation state: Valid 
2019-03-13 11:45:00.1601|2|INFO|Microsoft.AspNetCore.Mvc.Internal.ControllerActionInvoker|Executed action method TemplateCoreWebTest.Controllers.HomeController.Index (TemplateCoreWebTest), returned result Microsoft.AspNetCore.Mvc.ViewResult in 0.0298ms. 
2019-03-13 11:45:00.1601|1|INFO|Microsoft.AspNetCore.Mvc.ViewFeatures.ViewResultExecutor|Executing ViewResult, running view Index. 
2019-03-13 11:45:00.1729|4|INFO|Microsoft.AspNetCore.Mvc.ViewFeatures.ViewResultExecutor|Executed ViewResult - view Index executed in 7.8716ms. 
2019-03-13 11:45:00.1729|2|INFO|Microsoft.AspNetCore.Mvc.Internal.ControllerActionInvoker|Executed action TemplateCoreWebTest.Controllers.HomeController.Index (TemplateCoreWebTest) in 22.1287ms 
2019-03-13 11:45:00.1963|2|INFO|Microsoft.AspNetCore.Hosting.Internal.WebHost|Request finished in 49.7193ms 200 text/html; charset=utf-8 
2019-03-13 11:45:00.6695|1|INFO|Microsoft.AspNetCore.Hosting.Internal.WebHost|Request starting HTTP/1.1 GET http://localhost:53185/__webpack_hmr   
2019-03-13 11:45:02.0139|1|INFO|Microsoft.AspNetCore.Hosting.Internal.WebHost|Request starting HTTP/1.1 GET http://localhost:53185/manifest.json   
2019-03-13 11:45:02.0139|1|INFO|Microsoft.AspNetCore.Hosting.Internal.WebHost|Request starting HTTP/1.1 GET http://localhost:53185/favicon-32x32.png   
2019-03-13 11:45:02.0139|2|INFO|Microsoft.AspNetCore.StaticFiles.StaticFileMiddleware|Sending file. Request path: '/manifest.json'. Physical path: 'C:\Users\Diana\Work\Projects\Assan\TemplateCoreWeb\wwwroot\manifest.json' 
2019-03-13 11:45:02.0349|2|INFO|Microsoft.AspNetCore.StaticFiles.StaticFileMiddleware|Sending file. Request path: '/favicon-32x32.png'. Physical path: 'C:\Users\Diana\Work\Projects\Assan\TemplateCoreWeb\wwwroot\favicon-32x32.png' 
2019-03-13 11:45:02.0349|2|INFO|Microsoft.AspNetCore.Hosting.Internal.WebHost|Request finished in 30.0727ms 200 application/json 
2019-03-13 11:45:02.0482|2|INFO|Microsoft.AspNetCore.Hosting.Internal.WebHost|Request finished in 30.5002ms 200 image/png 
2019-03-13 13:00:29.9706|2|INFO|Microsoft.AspNetCore.Hosting.Internal.WebHost|Request finished in 7140963.6433ms 200 text/event-stream; charset=utf-8 
2019-03-13 13:00:29.9706|2|INFO|Microsoft.AspNetCore.Hosting.Internal.WebHost|Request finished in 4529282.6905ms 200 text/event-stream; charset=utf-8 
2019-03-13 13:00:49.2950|1|INFO|Microsoft.AspNetCore.Hosting.Internal.WebHost|Request starting HTTP/1.1 GET http://localhost:53185/__webpack_hmr   
2019-03-13 13:01:10.6004|1|INFO|Microsoft.AspNetCore.Hosting.Internal.WebHost|Request starting HTTP/1.1 GET http://localhost:53185/   
2019-03-13 13:01:10.6004|1|INFO|Microsoft.AspNetCore.Mvc.Internal.ControllerActionInvoker|Route matched with {action = "Index", controller = "Home"}. Executing action TemplateCoreWebTest.Controllers.HomeController.Index (TemplateCoreWebTest) 
2019-03-13 13:01:10.6103|1|INFO|Microsoft.AspNetCore.Mvc.Internal.ControllerActionInvoker|Executing action method TemplateCoreWebTest.Controllers.HomeController.Index (TemplateCoreWebTest) with arguments () - Validation state: Valid 
2019-03-13 13:01:10.6103|2|INFO|Microsoft.AspNetCore.Mvc.Internal.ControllerActionInvoker|Executed action method TemplateCoreWebTest.Controllers.HomeController.Index (TemplateCoreWebTest), returned result Microsoft.AspNetCore.Mvc.ViewResult in 0.0253ms. 
2019-03-13 13:01:10.6103|1|INFO|Microsoft.AspNetCore.Mvc.ViewFeatures.ViewResultExecutor|Executing ViewResult, running view Index. 
2019-03-13 13:01:10.6103|4|INFO|Microsoft.AspNetCore.Mvc.ViewFeatures.ViewResultExecutor|Executed ViewResult - view Index executed in 5.0679ms. 
2019-03-13 13:01:10.6103|2|INFO|Microsoft.AspNetCore.Mvc.Internal.ControllerActionInvoker|Executed action TemplateCoreWebTest.Controllers.HomeController.Index (TemplateCoreWebTest) in 10.908ms 
2019-03-13 13:01:10.6103|2|INFO|Microsoft.AspNetCore.Hosting.Internal.WebHost|Request finished in 22.3605ms 200 text/html; charset=utf-8 
2019-03-13 13:01:10.9693|1|INFO|Microsoft.AspNetCore.Hosting.Internal.WebHost|Request starting HTTP/1.1 GET http://localhost:53185/__webpack_hmr   
2019-03-13 13:01:12.2302|1|INFO|Microsoft.AspNetCore.Hosting.Internal.WebHost|Request starting HTTP/1.1 GET http://localhost:53185/favicon-32x32.png   
2019-03-13 13:01:12.2434|2|INFO|Microsoft.AspNetCore.StaticFiles.StaticFileMiddleware|Sending file. Request path: '/favicon-32x32.png'. Physical path: 'C:\Users\Diana\Work\Projects\Assan\TemplateCoreWeb\wwwroot\favicon-32x32.png' 
2019-03-13 13:01:12.2434|2|INFO|Microsoft.AspNetCore.Hosting.Internal.WebHost|Request finished in 15.2701ms 200 image/png 
2019-03-13 13:03:39.3688||DEBUG|TemplateCoreWebTest.Program|init main 
2019-03-13 13:03:39.7587||INFO|Microsoft.AspNetCore.DataProtection.KeyManagement.XmlKeyManager|User profile is available. Using 'C:\Users\Diana\AppData\Local\ASP.NET\DataProtection-Keys' as key repository and Windows DPAPI to encrypt keys at rest. 
2019-03-13 13:03:42.4782||INFO|Microsoft.AspNetCore.NodeServices|development mode: true 
2019-03-13 13:03:45.3788||ERROR|Microsoft.AspNetCore.NodeServices|clean-webpack-plugin: C:\Users\Diana\Work\Projects\Assan\TemplateCoreWeb\wwwroot\dist has been removed. 
2019-03-13 13:03:46.0311|1|INFO|Microsoft.AspNetCore.Hosting.Internal.WebHost|Request starting HTTP/1.1 GET http://localhost:53185/   
2019-03-13 13:03:46.6502||INFO|Microsoft.AspNetCore.NodeServices|[34mi[39m [90mя╜вwdmя╜г[39m: wait until bundle finished: / 
2019-03-13 13:03:57.6033|1|INFO|Microsoft.AspNetCore.Hosting.Internal.WebHost|Request starting HTTP/1.1 GET http://localhost:53185/__webpack_hmr   
2019-03-13 13:04:04.6792||INFO|Microsoft.AspNetCore.NodeServices|[34mi[39m [90mя╜вwdmя╜г[39m: wait until bundle finished: /__webpack_hmr 
2019-03-13 13:04:05.5297||INFO|Microsoft.AspNetCore.NodeServices|webpack built ca5b9ecd65709701dd20 in 19893ms 
2019-03-13 13:04:05.6285||INFO|Microsoft.AspNetCore.NodeServices|[34mi[39m [90mя╜вwdmя╜г[39m: Hash: ca5b9ecd65709701dd20
Version: webpack 4.23.1
Time: 19893ms
Built at: 2019-03-13 13:04:05
                                              Asset      Size         Chunks             Chunk Names
        ../img/_/fonts/bower-components/themify.svg  43 bytes                 [emitted]  
../img/_/fonts/font-awesome/fontawesome-webfont.svg  55 bytes                 [emitted]  
         critical-foft-preload-fallback-optional.js  8.04 KiB                 [emitted]  
                                   custom_styles.js   289 KiB  custom_styles  [emitted]  custom_styles
                                custom_styles.js.gz  53.3 KiB                 [emitted]  
                      fonts/fontawesome-webfont.eot   162 KiB                 [emitted]  
                   fonts/fontawesome-webfont.eot.gz  95.9 KiB                 [emitted]  
                      fonts/fontawesome-webfont.svg   437 KiB                 [emitted]  
                   fonts/fontawesome-webfont.svg.gz   132 KiB                 [emitted]  
                      fonts/fontawesome-webfont.ttf   162 KiB                 [emitted]  
                   fonts/fontawesome-webfont.ttf.gz  95.8 KiB                 [emitted]  
                     fonts/fontawesome-webfont.woff  95.7 KiB                 [emitted]  
                    fonts/fontawesome-webfont.woff2  75.4 KiB                 [emitted]  
                                  fonts/themify.eot  76.9 KiB                 [emitted]  
                               fonts/themify.eot.gz  40.1 KiB                 [emitted]  
                                  fonts/themify.svg   229 KiB                 [emitted]  
                               fonts/themify.svg.gz  71.7 KiB                 [emitted]  
                                  fonts/themify.ttf  76.7 KiB                 [emitted]  
                               fonts/themify.ttf.gz    40 KiB                 [emitted]  
                                 fonts/themify.woff  54.8 KiB                 [emitted]  
                              fonts/themify.woff.gz  33.6 KiB                 [emitted]  
                                            main.js   207 KiB           main  [emitted]  main
                                         main.js.gz  45.2 KiB                 [emitted]  
                                              sw.js  1.46 KiB                 [emitted]  
                                      vendor_src.js   958 KiB     vendor_src  [emitted]  vendor_src
                                   vendor_src.js.gz   212 KiB                 [emitted]  
                                   vendor_styles.js  1.51 MiB  vendor_styles  [emitted]  vendor_styles
                                vendor_styles.js.gz   189 KiB                 [emitted]  
Entrypoint vendor_styles = vendor_styles.js
Entrypoint vendor_src = vendor_src.js
Entrypoint custom_styles = custom_styles.js
Entrypoint main = main.js
[0] multi webpack-hot-middleware/client?path=__webpack_hmr&dynamicPublicPath=true ./ClientApp/src/assets/js/vendor_styles.js 40 bytes {vendor_styles} [built]
[1] multi webpack-hot-middleware/client?path=__webpack_hmr&dynamicPublicPath=true script-loader!./ClientApp/src/assets/vendor/js/theme/plugins.js script-loader!./ClientApp/src/assets/vendor/js/theme/event.custom.js script-loader!./ClientApp/src/assets/vendor/js/theme/gmap.js.js script-loader!./ClientApp/src/assets/vendor/js/theme/jquery.gmap.min.js script-loader!./ClientApp/src/assets/vendor/js/theme/jquery.countdown.min.js script-loader!./ClientApp/src/assets/vendor/js/jconfirm/jquery-confirm.min.js script-loader!./ClientApp/src/assets/vendor/js/init.js 112 bytes {vendor_src} [built]
[2] multi webpack-hot-middleware/client?path=__webpack_hmr&dynamicPublicPath=true ./ClientApp/src/assets/js/custom_styles.js 40 bytes {custom_styles} [built]
[3] multi webpack-hot-middleware/client?path=__webpack_hmr&dynamicPublicPath=true ./ClientApp/src/assets/js/index.js 40 bytes {main} [built]
[./ClientApp/src/assets/js/custom_styles.js] 28 bytes {custom_styles} [built]
[./ClientApp/src/assets/js/index.js] 184 bytes {main} [built]
[./ClientApp/src/assets/js/vendor_styles.js] 97 bytes {vendor_styles} [built]
[./node_modules/script-loader/index.js!./ClientApp/src/assets/vendor/js/init.js] ./node_modules/script-loader!./ClientApp/src/assets/vendor/js/init.js 429 bytes {vendor_src} [built]
[./node_modules/script-loader/index.js!./ClientApp/src/assets/vendor/js/jconfirm/jquery-confirm.min.js] ./node_modules/script-loader!./ClientApp/src/assets/vendor/js/jconfirm/jquery-confirm.min.js 453 bytes {vendor_src} [built]
[./node_modules/script-loader/index.js!./ClientApp/src/assets/vendor/js/theme/event.custom.js] ./node_modules/script-loader!./ClientApp/src/assets/vendor/js/theme/event.custom.js 444 bytes {vendor_src} [built]
[./node_modules/script-loader/index.js!./ClientApp/src/assets/vendor/js/theme/gmap.js.js] ./node_modules/script-loader!./ClientApp/src/assets/vendor/js/theme/gmap.js.js 439 bytes {vendor_src} [built]
[./node_modules/script-loader/index.js!./ClientApp/src/assets/vendor/js/theme/jquery.countdown.min.js] ./node_modules/script-loader!./ClientApp/src/assets/vendor/js/theme/jquery.countdown.min.js 452 bytes {vendor_src} [built]
[./node_modules/script-loader/index.js!./ClientApp/src/assets/vendor/js/theme/jquery.gmap.min.js] ./node_modules/script-loader!./ClientApp/src/assets/vendor/js/theme/jquery.gmap.min.js 447 bytes {vendor_src} [built]
[./node_modules/script-loader/index.js!./ClientApp/src/assets/vendor/js/theme/plugins.js] ./node_modules/script-loader!./ClientApp/src/assets/vendor/js/theme/plugins.js 439 bytes {vendor_src} [built]
[./node_modules/webpack-hot-middleware/client.js?path=__webpack_hmr&dynamicPublicPath=true] (webpack)-hot-middleware/client.js?path=__webpack_hmr&dynamicPublicPath=true 7.59 KiB {vendor_styles} {vendor_src} {custom_styles} {main} [built]
    + 43 hidden modules 
2019-03-13 13:04:05.6285||INFO|Microsoft.AspNetCore.NodeServices|[34mi[39m [90mя╜вwdmя╜г[39m: Compiled successfully. 
2019-03-13 13:04:05.6517|3|WARN|Microsoft.AspNetCore.HttpsPolicy.HttpsRedirectionMiddleware|Failed to determine the https port for redirect. 
2019-03-13 13:04:05.9287|1|INFO|Microsoft.AspNetCore.Mvc.Internal.ControllerActionInvoker|Route matched with {action = "Index", controller = "Home"}. Executing action TemplateCoreWebTest.Controllers.HomeController.Index (TemplateCoreWebTest) 
2019-03-13 13:04:05.9734|1|INFO|Microsoft.AspNetCore.Mvc.Internal.ControllerActionInvoker|Executing action method TemplateCoreWebTest.Controllers.HomeController.Index (TemplateCoreWebTest) with arguments () - Validation state: Valid 
2019-03-13 13:04:05.9734|2|INFO|Microsoft.AspNetCore.Mvc.Internal.ControllerActionInvoker|Executed action method TemplateCoreWebTest.Controllers.HomeController.Index (TemplateCoreWebTest), returned result Microsoft.AspNetCore.Mvc.ViewResult in 0.9146ms. 
2019-03-13 13:04:06.0614|1|INFO|Microsoft.AspNetCore.Mvc.ViewFeatures.ViewResultExecutor|Executing ViewResult, running view Index. 
2019-03-13 13:04:06.2589|4|INFO|Microsoft.AspNetCore.Mvc.ViewFeatures.ViewResultExecutor|Executed ViewResult - view Index executed in 260.5328ms. 
2019-03-13 13:04:06.2589|2|INFO|Microsoft.AspNetCore.Mvc.Internal.ControllerActionInvoker|Executed action TemplateCoreWebTest.Controllers.HomeController.Index (TemplateCoreWebTest) in 330.2326ms 
2019-03-13 13:04:06.3332|2|INFO|Microsoft.AspNetCore.Hosting.Internal.WebHost|Request finished in 20271.3053ms 200 text/html; charset=utf-8 
2019-03-13 13:04:06.5911|1|INFO|Microsoft.AspNetCore.Hosting.Internal.WebHost|Request starting HTTP/1.1 GET http://localhost:53185/__webpack_hmr   
2019-03-13 13:04:26.5871|1|INFO|Microsoft.AspNetCore.Hosting.Internal.WebHost|Request starting HTTP/1.1 GET http://localhost:53185/   
2019-03-13 13:04:26.5981|1|INFO|Microsoft.AspNetCore.Mvc.Internal.ControllerActionInvoker|Route matched with {action = "Index", controller = "Home"}. Executing action TemplateCoreWebTest.Controllers.HomeController.Index (TemplateCoreWebTest) 
2019-03-13 13:04:26.5981|1|INFO|Microsoft.AspNetCore.Mvc.Internal.ControllerActionInvoker|Executing action method TemplateCoreWebTest.Controllers.HomeController.Index (TemplateCoreWebTest) with arguments () - Validation state: Valid 
2019-03-13 13:04:26.5981|2|INFO|Microsoft.AspNetCore.Mvc.Internal.ControllerActionInvoker|Executed action method TemplateCoreWebTest.Controllers.HomeController.Index (TemplateCoreWebTest), returned result Microsoft.AspNetCore.Mvc.ViewResult in 0.0833ms. 
2019-03-13 13:04:28.8370|1|INFO|Microsoft.AspNetCore.Mvc.ViewFeatures.ViewResultExecutor|Executing ViewResult, running view Index. 
2019-03-13 13:04:28.9137|4|INFO|Microsoft.AspNetCore.Mvc.ViewFeatures.ViewResultExecutor|Executed ViewResult - view Index executed in 2303.9152ms. 
2019-03-13 13:04:28.9137|2|INFO|Microsoft.AspNetCore.Mvc.Internal.ControllerActionInvoker|Executed action TemplateCoreWebTest.Controllers.HomeController.Index (TemplateCoreWebTest) in 2312.8968ms 
2019-03-13 13:04:28.9137|2|INFO|Microsoft.AspNetCore.Hosting.Internal.WebHost|Request finished in 2327.6514ms 200 text/html; charset=utf-8 
2019-03-13 13:04:29.1518|1|INFO|Microsoft.AspNetCore.Hosting.Internal.WebHost|Request starting HTTP/1.1 GET http://localhost:53185/__webpack_hmr   
2019-03-13 13:04:29.1772|2|INFO|Microsoft.AspNetCore.Hosting.Internal.WebHost|Request finished in 22552.0401ms 200 text/event-stream; charset=utf-8 
2019-03-13 13:04:31.5278|1|INFO|Microsoft.AspNetCore.Hosting.Internal.WebHost|Request starting HTTP/1.1 GET http://localhost:53185/favicon-32x32.png   
2019-03-13 13:04:31.5503|2|INFO|Microsoft.AspNetCore.StaticFiles.StaticFileMiddleware|Sending file. Request path: '/favicon-32x32.png'. Physical path: 'C:\Users\Diana\Work\Projects\Assan\TemplateCoreWeb\wwwroot\favicon-32x32.png' 
2019-03-13 13:04:31.5894|2|INFO|Microsoft.AspNetCore.Hosting.Internal.WebHost|Request finished in 61.3632ms 200 image/png 
2019-03-13 13:14:15.8003|1|INFO|Microsoft.AspNetCore.Hosting.Internal.WebHost|Request starting HTTP/1.1 GET http://localhost:53185/   
2019-03-13 13:14:15.8150|1|INFO|Microsoft.AspNetCore.Mvc.Internal.ControllerActionInvoker|Route matched with {action = "Index", controller = "Home"}. Executing action TemplateCoreWebTest.Controllers.HomeController.Index (TemplateCoreWebTest) 
2019-03-13 13:14:15.8150|1|INFO|Microsoft.AspNetCore.Mvc.Internal.ControllerActionInvoker|Executing action method TemplateCoreWebTest.Controllers.HomeController.Index (TemplateCoreWebTest) with arguments () - Validation state: Valid 
2019-03-13 13:14:15.8150|2|INFO|Microsoft.AspNetCore.Mvc.Internal.ControllerActionInvoker|Executed action method TemplateCoreWebTest.Controllers.HomeController.Index (TemplateCoreWebTest), returned result Microsoft.AspNetCore.Mvc.ViewResult in 0.0214ms. 
2019-03-13 13:14:15.8150|1|INFO|Microsoft.AspNetCore.Mvc.ViewFeatures.ViewResultExecutor|Executing ViewResult, running view Index. 
2019-03-13 13:14:15.8150|4|INFO|Microsoft.AspNetCore.Mvc.ViewFeatures.ViewResultExecutor|Executed ViewResult - view Index executed in 4.5291ms. 
2019-03-13 13:14:15.8150|2|INFO|Microsoft.AspNetCore.Mvc.Internal.ControllerActionInvoker|Executed action TemplateCoreWebTest.Controllers.HomeController.Index (TemplateCoreWebTest) in 8.6881ms 
2019-03-13 13:14:15.8150|2|INFO|Microsoft.AspNetCore.Hosting.Internal.WebHost|Request finished in 27.6606ms 200 text/html; charset=utf-8 
2019-03-13 13:14:16.0898|1|INFO|Microsoft.AspNetCore.Hosting.Internal.WebHost|Request starting HTTP/1.1 GET http://localhost:53185/__webpack_hmr   
2019-03-13 13:14:16.1048|2|INFO|Microsoft.AspNetCore.Hosting.Internal.WebHost|Request finished in 586626.0037ms 200 text/event-stream; charset=utf-8 
2019-03-13 13:34:44.3277||DEBUG|TemplateCoreWebTest.Program|init main 
2019-03-13 13:34:44.6990||INFO|Microsoft.AspNetCore.DataProtection.KeyManagement.XmlKeyManager|User profile is available. Using 'C:\Users\Diana\AppData\Local\ASP.NET\DataProtection-Keys' as key repository and Windows DPAPI to encrypt keys at rest. 
2019-03-13 13:34:46.9836||INFO|Microsoft.AspNetCore.NodeServices|development mode: true 
2019-03-13 13:34:48.7939||ERROR|Microsoft.AspNetCore.NodeServices|clean-webpack-plugin: C:\Users\Diana\Work\Projects\Assan\TemplateCoreWeb\wwwroot\dist has been removed. 
2019-03-13 13:34:49.3666|1|INFO|Microsoft.AspNetCore.Hosting.Internal.WebHost|Request starting HTTP/1.1 GET http://localhost:53185/   
2019-03-13 13:34:49.9249||INFO|Microsoft.AspNetCore.NodeServices|[34mi[39m [90mя╜вwdmя╜г[39m: wait until bundle finished: / 
2019-03-13 13:35:00.0869|1|INFO|Microsoft.AspNetCore.Hosting.Internal.WebHost|Request starting HTTP/1.1 GET http://localhost:53185/__webpack_hmr   
2019-03-13 13:35:04.7665||INFO|Microsoft.AspNetCore.NodeServices|[34mi[39m [90mя╜вwdmя╜г[39m: wait until bundle finished: /__webpack_hmr 
2019-03-13 13:35:05.3872||INFO|Microsoft.AspNetCore.NodeServices|webpack built ca5b9ecd65709701dd20 in 16410ms 
2019-03-13 13:35:05.4546||INFO|Microsoft.AspNetCore.NodeServices|[34mi[39m [90mя╜вwdmя╜г[39m: Hash: ca5b9ecd65709701dd20
Version: webpack 4.23.1
Time: 16410ms
Built at: 2019-03-13 13:35:05
                                              Asset      Size         Chunks             Chunk Names
        ../img/_/fonts/bower-components/themify.svg  43 bytes                 [emitted]  
../img/_/fonts/font-awesome/fontawesome-webfont.svg  55 bytes                 [emitted]  
         critical-foft-preload-fallback-optional.js  8.04 KiB                 [emitted]  
                                   custom_styles.js   289 KiB  custom_styles  [emitted]  custom_styles
                                custom_styles.js.gz  53.3 KiB                 [emitted]  
                      fonts/fontawesome-webfont.eot   162 KiB                 [emitted]  
                   fonts/fontawesome-webfont.eot.gz  95.9 KiB                 [emitted]  
                      fonts/fontawesome-webfont.svg   437 KiB                 [emitted]  
                   fonts/fontawesome-webfont.svg.gz   132 KiB                 [emitted]  
                      fonts/fontawesome-webfont.ttf   162 KiB                 [emitted]  
                   fonts/fontawesome-webfont.ttf.gz  95.8 KiB                 [emitted]  
                     fonts/fontawesome-webfont.woff  95.7 KiB                 [emitted]  
                    fonts/fontawesome-webfont.woff2  75.4 KiB                 [emitted]  
                                  fonts/themify.eot  76.9 KiB                 [emitted]  
                               fonts/themify.eot.gz  40.1 KiB                 [emitted]  
                                  fonts/themify.svg   229 KiB                 [emitted]  
                               fonts/themify.svg.gz  71.7 KiB                 [emitted]  
                                  fonts/themify.ttf  76.7 KiB                 [emitted]  
                               fonts/themify.ttf.gz    40 KiB                 [emitted]  
                                 fonts/themify.woff  54.8 KiB                 [emitted]  
                              fonts/themify.woff.gz  33.6 KiB                 [emitted]  
                                            main.js   207 KiB           main  [emitted]  main
                                         main.js.gz  45.2 KiB                 [emitted]  
                                              sw.js  1.46 KiB                 [emitted]  
                                      vendor_src.js   958 KiB     vendor_src  [emitted]  vendor_src
                                   vendor_src.js.gz   212 KiB                 [emitted]  
                                   vendor_styles.js  1.51 MiB  vendor_styles  [emitted]  vendor_styles
                                vendor_styles.js.gz   189 KiB                 [emitted]  
Entrypoint vendor_styles = vendor_styles.js
Entrypoint vendor_src = vendor_src.js
Entrypoint custom_styles = custom_styles.js
Entrypoint main = main.js
[0] multi webpack-hot-middleware/client?path=__webpack_hmr&dynamicPublicPath=true ./ClientApp/src/assets/js/vendor_styles.js 40 bytes {vendor_styles} [built]
[1] multi webpack-hot-middleware/client?path=__webpack_hmr&dynamicPublicPath=true script-loader!./ClientApp/src/assets/vendor/js/theme/plugins.js script-loader!./ClientApp/src/assets/vendor/js/theme/event.custom.js script-loader!./ClientApp/src/assets/vendor/js/theme/gmap.js.js script-loader!./ClientApp/src/assets/vendor/js/theme/jquery.gmap.min.js script-loader!./ClientApp/src/assets/vendor/js/theme/jquery.countdown.min.js script-loader!./ClientApp/src/assets/vendor/js/jconfirm/jquery-confirm.min.js script-loader!./ClientApp/src/assets/vendor/js/init.js 112 bytes {vendor_src} [built]
[2] multi webpack-hot-middleware/client?path=__webpack_hmr&dynamicPublicPath=true ./ClientApp/src/assets/js/custom_styles.js 40 bytes {custom_styles} [built]
[3] multi webpack-hot-middleware/client?path=__webpack_hmr&dynamicPublicPath=true ./ClientApp/src/assets/js/index.js 40 bytes {main} [built]
[./ClientApp/src/assets/js/custom_styles.js] 28 bytes {custom_styles} [built]
[./ClientApp/src/assets/js/index.js] 184 bytes {main} [built]
[./ClientApp/src/assets/js/vendor_styles.js] 97 bytes {vendor_styles} [built]
[./node_modules/script-loader/index.js!./ClientApp/src/assets/vendor/js/init.js] ./node_modules/script-loader!./ClientApp/src/assets/vendor/js/init.js 429 bytes {vendor_src} [built]
[./node_modules/script-loader/index.js!./ClientApp/src/assets/vendor/js/jconfirm/jquery-confirm.min.js] ./node_modules/script-loader!./ClientApp/src/assets/vendor/js/jconfirm/jquery-confirm.min.js 453 bytes {vendor_src} [built]
[./node_modules/script-loader/index.js!./ClientApp/src/assets/vendor/js/theme/event.custom.js] ./node_modules/script-loader!./ClientApp/src/assets/vendor/js/theme/event.custom.js 444 bytes {vendor_src} [built]
[./node_modules/script-loader/index.js!./ClientApp/src/assets/vendor/js/theme/gmap.js.js] ./node_modules/script-loader!./ClientApp/src/assets/vendor/js/theme/gmap.js.js 439 bytes {vendor_src} [built]
[./node_modules/script-loader/index.js!./ClientApp/src/assets/vendor/js/theme/jquery.countdown.min.js] ./node_modules/script-loader!./ClientApp/src/assets/vendor/js/theme/jquery.countdown.min.js 452 bytes {vendor_src} [built]
[./node_modules/script-loader/index.js!./ClientApp/src/assets/vendor/js/theme/jquery.gmap.min.js] ./node_modules/script-loader!./ClientApp/src/assets/vendor/js/theme/jquery.gmap.min.js 447 bytes {vendor_src} [built]
[./node_modules/script-loader/index.js!./ClientApp/src/assets/vendor/js/theme/plugins.js] ./node_modules/script-loader!./ClientApp/src/assets/vendor/js/theme/plugins.js 439 bytes {vendor_src} [built]
[./node_modules/webpack-hot-middleware/client.js?path=__webpack_hmr&dynamicPublicPath=true] (webpack)-hot-middleware/client.js?path=__webpack_hmr&dynamicPublicPath=true 7.59 KiB {vendor_styles} {vendor_src} {custom_styles} {main} [built]
    + 43 hidden modules 
2019-03-13 13:35:05.4546||INFO|Microsoft.AspNetCore.NodeServices|[34mi[39m [90mя╜вwdmя╜г[39m: Compiled successfully. 
2019-03-13 13:35:05.4711|3|WARN|Microsoft.AspNetCore.HttpsPolicy.HttpsRedirectionMiddleware|Failed to determine the https port for redirect. 
2019-03-13 13:35:05.8106|1|INFO|Microsoft.AspNetCore.Mvc.Internal.ControllerActionInvoker|Route matched with {action = "Index", controller = "Home"}. Executing action TemplateCoreWebTest.Controllers.HomeController.Index (TemplateCoreWebTest) 
2019-03-13 13:35:05.8514|1|INFO|Microsoft.AspNetCore.Mvc.Internal.ControllerActionInvoker|Executing action method TemplateCoreWebTest.Controllers.HomeController.Index (TemplateCoreWebTest) with arguments () - Validation state: Valid 
2019-03-13 13:35:05.8514|2|INFO|Microsoft.AspNetCore.Mvc.Internal.ControllerActionInvoker|Executed action method TemplateCoreWebTest.Controllers.HomeController.Index (TemplateCoreWebTest), returned result Microsoft.AspNetCore.Mvc.ViewResult in 0.8826ms. 
2019-03-13 13:35:05.9005|1|INFO|Microsoft.AspNetCore.Mvc.ViewFeatures.ViewResultExecutor|Executing ViewResult, running view Index. 
2019-03-13 13:35:06.1918|4|INFO|Microsoft.AspNetCore.Mvc.ViewFeatures.ViewResultExecutor|Executed ViewResult - view Index executed in 318.79ms. 
2019-03-13 13:35:06.2067|2|INFO|Microsoft.AspNetCore.Mvc.Internal.ControllerActionInvoker|Executed action TemplateCoreWebTest.Controllers.HomeController.Index (TemplateCoreWebTest) in 393.4722ms 
2019-03-13 13:35:06.2600|2|INFO|Microsoft.AspNetCore.Hosting.Internal.WebHost|Request finished in 16893.4615ms 200 text/html; charset=utf-8 
2019-03-13 13:35:06.5691|1|INFO|Microsoft.AspNetCore.Hosting.Internal.WebHost|Request starting HTTP/1.1 GET http://localhost:53185/__webpack_hmr   
2019-03-13 13:37:13.1239||INFO|Microsoft.AspNetCore.NodeServices|[34mi[39m [90mя╜вwdmя╜г[39m: Compiling... 
2019-03-13 13:37:13.1239||INFO|Microsoft.AspNetCore.NodeServices|webpack building... 
2019-03-13 13:37:14.5220||INFO|Microsoft.AspNetCore.NodeServices|webpack built 085b4bec6c5da0244622 in 973ms 
2019-03-13 13:37:14.5332||INFO|Microsoft.AspNetCore.NodeServices|[34mi[39m [90mя╜вwdmя╜г[39m: Hash: 085b4bec6c5da0244622
Version: webpack 4.23.1
Time: 973ms
Built at: 2019-03-13 13:37:14
                                              Asset      Size                        Chunks             Chunk Names
        ../img/_/fonts/bower-components/themify.svg  43 bytes                                           
../img/_/fonts/font-awesome/fontawesome-webfont.svg  55 bytes                                           
               ca5b9ecd65709701dd20.hot-update.json  55 bytes                                [emitted]  
   custom_styles.ca5b9ecd65709701dd20.hot-update.js   119 KiB  custom_styles, custom_styles  [emitted]  custom_styles, custom_styles
custom_styles.ca5b9ecd65709701dd20.hot-update.js.gz  17.6 KiB                                [emitted]  
                                   custom_styles.js   289 KiB                 custom_styles  [emitted]  custom_styles
                                custom_styles.js.gz  53.3 KiB                                [emitted]  
                      fonts/fontawesome-webfont.eot   162 KiB                                           
                   fonts/fontawesome-webfont.eot.gz  95.9 KiB                                [emitted]  
                      fonts/fontawesome-webfont.svg   437 KiB                                           
                   fonts/fontawesome-webfont.svg.gz   132 KiB                                [emitted]  
                      fonts/fontawesome-webfont.ttf   162 KiB                                           
                   fonts/fontawesome-webfont.ttf.gz  95.8 KiB                                [emitted]  
                     fonts/fontawesome-webfont.woff  95.7 KiB                                           
                    fonts/fontawesome-webfont.woff2  75.4 KiB                                           
                                  fonts/themify.eot  76.9 KiB                                           
                               fonts/themify.eot.gz  40.1 KiB                                [emitted]  
                                  fonts/themify.svg   229 KiB                                           
                               fonts/themify.svg.gz  71.7 KiB                                [emitted]  
                                  fonts/themify.ttf  76.7 KiB                                           
                               fonts/themify.ttf.gz    40 KiB                                [emitted]  
                                 fonts/themify.woff  54.8 KiB                                           
                              fonts/themify.woff.gz  33.6 KiB                                [emitted]  
                                            main.js   207 KiB                          main  [emitted]  main
                                         main.js.gz  45.2 KiB                                [emitted]  
                                      vendor_src.js   958 KiB                    vendor_src  [emitted]  vendor_src
                                   vendor_src.js.gz   212 KiB                                [emitted]  
                                   vendor_styles.js  1.51 MiB                 vendor_styles  [emitted]  vendor_styles
                                vendor_styles.js.gz   189 KiB                                [emitted]  
Entrypoint vendor_styles = vendor_styles.js
Entrypoint vendor_src = vendor_src.js
Entrypoint custom_styles = custom_styles.js custom_styles.ca5b9ecd65709701dd20.hot-update.js custom_styles.ca5b9ecd65709701dd20.hot-update.js
Entrypoint main = main.js
[0] multi webpack-hot-middleware/client?path=__webpack_hmr&dynamicPublicPath=true ./ClientApp/src/assets/js/vendor_styles.js 40 bytes {vendor_styles}
[1] multi webpack-hot-middleware/client?path=__webpack_hmr&dynamicPublicPath=true script-loader!./ClientApp/src/assets/vendor/js/theme/plugins.js script-loader!./ClientApp/src/assets/vendor/js/theme/event.custom.js script-loader!./ClientApp/src/assets/vendor/js/theme/gmap.js.js script-loader!./ClientApp/src/assets/vendor/js/theme/jquery.gmap.min.js script-loader!./ClientApp/src/assets/vendor/js/theme/jquery.countdown.min.js script-loader!./ClientApp/src/assets/vendor/js/jconfirm/jquery-confirm.min.js script-loader!./ClientApp/src/assets/vendor/js/init.js 112 bytes {vendor_src}
[2] multi webpack-hot-middleware/client?path=__webpack_hmr&dynamicPublicPath=true ./ClientApp/src/assets/js/custom_styles.js 40 bytes {custom_styles}
[3] multi webpack-hot-middleware/client?path=__webpack_hmr&dynamicPublicPath=true ./ClientApp/src/assets/js/index.js 40 bytes {main}
[./ClientApp/src/assets/js/custom_styles.js] 28 bytes {custom_styles}
[./ClientApp/src/assets/js/index.js] 184 bytes {main}
[./ClientApp/src/assets/js/vendor_styles.js] 97 bytes {vendor_styles}
[./node_modules/script-loader/index.js!./ClientApp/src/assets/vendor/js/init.js] ./node_modules/script-loader!./ClientApp/src/assets/vendor/js/init.js 429 bytes {vendor_src}
[./node_modules/script-loader/index.js!./ClientApp/src/assets/vendor/js/jconfirm/jquery-confirm.min.js] ./node_modules/script-loader!./ClientApp/src/assets/vendor/js/jconfirm/jquery-confirm.min.js 453 bytes {vendor_src}
[./node_modules/script-loader/index.js!./ClientApp/src/assets/vendor/js/theme/event.custom.js] ./node_modules/script-loader!./ClientApp/src/assets/vendor/js/theme/event.custom.js 444 bytes {vendor_src}
[./node_modules/script-loader/index.js!./ClientApp/src/assets/vendor/js/theme/gmap.js.js] ./node_modules/script-loader!./ClientApp/src/assets/vendor/js/theme/gmap.js.js 439 bytes {vendor_src}
[./node_modules/script-loader/index.js!./ClientApp/src/assets/vendor/js/theme/jquery.countdown.min.js] ./node_modules/script-loader!./ClientApp/src/assets/vendor/js/theme/jquery.countdown.min.js 452 bytes {vendor_src}
[./node_modules/script-loader/index.js!./ClientApp/src/assets/vendor/js/theme/jquery.gmap.min.js] ./node_modules/script-loader!./ClientApp/src/assets/vendor/js/theme/jquery.gmap.min.js 447 bytes {vendor_src}
[./node_modules/script-loader/index.js!./ClientApp/src/assets/vendor/js/theme/plugins.js] ./node_modules/script-loader!./ClientApp/src/assets/vendor/js/theme/plugins.js 439 bytes {vendor_src}
[./node_modules/webpack-hot-middleware/client.js?path=__webpack_hmr&dynamicPublicPath=true] (webpack)-hot-middleware/client.js?path=__webpack_hmr&dynamicPublicPath=true 7.59 KiB {vendor_styles} {vendor_src} {custom_styles} {main}
    + 43 hidden modules 
2019-03-13 13:37:14.5332||INFO|Microsoft.AspNetCore.NodeServices|[34mi[39m [90mя╜вwdmя╜г[39m: Compiled successfully. 
2019-03-13 13:37:14.5565|1|INFO|Microsoft.AspNetCore.Hosting.Internal.WebHost|Request starting HTTP/1.1 GET http://localhost:53185/ca5b9ecd65709701dd20.hot-update.json   
2019-03-13 13:37:14.5650|2|INFO|Microsoft.AspNetCore.Hosting.Internal.WebHost|Request finished in 9.143ms 200 application/json; charset=UTF-8 
2019-03-13 13:37:14.5650|1|INFO|Microsoft.AspNetCore.Hosting.Internal.WebHost|Request starting HTTP/1.1 GET http://localhost:53185/ca5b9ecd65709701dd20.hot-update.json   
2019-03-13 13:37:14.5799|2|INFO|Microsoft.AspNetCore.Hosting.Internal.WebHost|Request finished in 7.5489ms 200 application/json; charset=UTF-8 
2019-03-13 13:37:14.5799|1|INFO|Microsoft.AspNetCore.Hosting.Internal.WebHost|Request starting HTTP/1.1 GET http://localhost:53185/ca5b9ecd65709701dd20.hot-update.json   
2019-03-13 13:37:14.5799|1|INFO|Microsoft.AspNetCore.Hosting.Internal.WebHost|Request starting HTTP/1.1 GET http://localhost:53185/custom_styles.ca5b9ecd65709701dd20.hot-update.js   
2019-03-13 13:37:14.5926|2|INFO|Microsoft.AspNetCore.Hosting.Internal.WebHost|Request finished in 5.0573ms 200 application/json; charset=UTF-8 
2019-03-13 13:37:14.5926|1|INFO|Microsoft.AspNetCore.Hosting.Internal.WebHost|Request starting HTTP/1.1 GET http://localhost:53185/ca5b9ecd65709701dd20.hot-update.json   
2019-03-13 13:37:14.6156|2|INFO|Microsoft.AspNetCore.Hosting.Internal.WebHost|Request finished in 9.0111ms 200 application/json; charset=UTF-8 
2019-03-13 13:37:14.6242|2|INFO|Microsoft.AspNetCore.Hosting.Internal.WebHost|Request finished in 33.6486ms 200 application/javascript; charset=UTF-8 
2019-03-13 13:37:14.6242|1|INFO|Microsoft.AspNetCore.Hosting.Internal.WebHost|Request starting HTTP/1.1 GET http://localhost:53185/ca5b9ecd65709701dd20.hot-update.json   
2019-03-13 13:37:14.6420|2|INFO|Microsoft.AspNetCore.Hosting.Internal.WebHost|Request finished in 4.6821ms 200 application/json; charset=UTF-8 
2019-03-13 13:37:14.6637|1|INFO|Microsoft.AspNetCore.Hosting.Internal.WebHost|Request starting HTTP/1.1 GET http://localhost:53185/ca5b9ecd65709701dd20.hot-update.json   
2019-03-13 13:37:14.6699|2|INFO|Microsoft.AspNetCore.Hosting.Internal.WebHost|Request finished in 6.1488ms 200 application/json; charset=UTF-8 
2019-03-13 13:37:14.7140|1|INFO|Microsoft.AspNetCore.Hosting.Internal.WebHost|Request starting HTTP/1.1 GET http://localhost:53185/ca5b9ecd65709701dd20.hot-update.json   
2019-03-13 13:37:14.7186|2|INFO|Microsoft.AspNetCore.Hosting.Internal.WebHost|Request finished in 4.5816ms 200 application/json; charset=UTF-8 
2019-03-13 13:37:14.7186|1|INFO|Microsoft.AspNetCore.Hosting.Internal.WebHost|Request starting HTTP/1.1 GET http://localhost:53185/ca5b9ecd65709701dd20.hot-update.json   
2019-03-13 13:37:14.7349|2|INFO|Microsoft.AspNetCore.Hosting.Internal.WebHost|Request finished in 4.3908ms 200 application/json; charset=UTF-8 
2019-03-13 13:37:14.7736|1|INFO|Microsoft.AspNetCore.Hosting.Internal.WebHost|Request starting HTTP/1.1 GET http://localhost:53185/custom_styles.ca5b9ecd65709701dd20.hot-update.js   
2019-03-13 13:37:14.7858|2|INFO|Microsoft.AspNetCore.Hosting.Internal.WebHost|Request finished in 12.1166ms 200 application/javascript; charset=UTF-8 
