2019-03-12 16:17:21.5221||DEBUG|TemplateCoreWebTest.Program|init main 
2019-03-12 16:17:22.1568||INFO|Microsoft.AspNetCore.DataProtection.KeyManagement.XmlKeyManager|User profile is available. Using 'C:\Users\Diana\AppData\Local\ASP.NET\DataProtection-Keys' as key repository and Windows DPAPI to encrypt keys at rest. 
2019-03-12 16:17:26.7881||INFO|Microsoft.AspNetCore.NodeServices|development mode: true 
2019-03-12 16:17:32.1408||ERROR|Microsoft.AspNetCore.NodeServices|clean-webpack-plugin: C:\Users\Diana\Work\Projects\Assan\TemplateCoreWeb\wwwroot\dist has been removed. 
2019-03-12 16:17:33.0521|1|INFO|Microsoft.AspNetCore.Hosting.Internal.WebHost|Request starting HTTP/1.1 GET http://localhost:53185/   
2019-03-12 16:17:33.2182||INFO|Microsoft.AspNetCore.NodeServices|[34mi[39m [90mя╜вwdmя╜г[39m: wait until bundle finished: / 
2019-03-12 16:17:52.0936||INFO|Microsoft.AspNetCore.NodeServices|webpack built 032c2d05fd34c293f197 in 19665ms 
2019-03-12 16:17:52.1789||INFO|Microsoft.AspNetCore.NodeServices|[34mi[39m [90mя╜вwdmя╜г[39m: Hash: 032c2d05fd34c293f197
Version: webpack 4.23.1
Time: 19665ms
Built at: 2019-03-12 16:17:52
                                              Asset      Size         Chunks             Chunk Names
        ../img/_/fonts/bower-components/themify.svg  43 bytes                 [emitted]  
../img/_/fonts/font-awesome/fontawesome-webfont.svg  55 bytes                 [emitted]  
         critical-foft-preload-fallback-optional.js  8.04 KiB                 [emitted]  
                                   custom_styles.js   289 KiB  custom_styles  [emitted]  custom_styles
                                custom_styles.js.gz  53.3 KiB                 [emitted]  
                      fonts/fontawesome-webfont.eot   162 KiB                 [emitted]  
                   fonts/fontawesome-webfont.eot.gz  95.9 KiB                 [emitted]  
                      fonts/fontawesome-webfont.svg   437 KiB                 [emitted]  
                   fonts/fontawesome-webfont.svg.gz   132 KiB                 [emitted]  
                      fonts/fontawesome-webfont.ttf   162 KiB                 [emitted]  
                   fonts/fontawesome-webfont.ttf.gz  95.8 KiB                 [emitted]  
                     fonts/fontawesome-webfont.woff  95.7 KiB                 [emitted]  
                    fonts/fontawesome-webfont.woff2  75.4 KiB                 [emitted]  
                                  fonts/themify.eot  76.9 KiB                 [emitted]  
                               fonts/themify.eot.gz  40.1 KiB                 [emitted]  
                                  fonts/themify.svg   229 KiB                 [emitted]  
                               fonts/themify.svg.gz  71.7 KiB                 [emitted]  
                                  fonts/themify.ttf  76.7 KiB                 [emitted]  
                               fonts/themify.ttf.gz    40 KiB                 [emitted]  
                                 fonts/themify.woff  54.8 KiB                 [emitted]  
                              fonts/themify.woff.gz  33.6 KiB                 [emitted]  
                                            main.js   207 KiB           main  [emitted]  main
                                         main.js.gz  45.2 KiB                 [emitted]  
                                              sw.js  1.46 KiB                 [emitted]  
                                      vendor_src.js   958 KiB     vendor_src  [emitted]  vendor_src
                                   vendor_src.js.gz   212 KiB                 [emitted]  
                                   vendor_styles.js  1.51 MiB  vendor_styles  [emitted]  vendor_styles
                                vendor_styles.js.gz   189 KiB                 [emitted]  
Entrypoint vendor_styles = vendor_styles.js
Entrypoint vendor_src = vendor_src.js
Entrypoint custom_styles = custom_styles.js
Entrypoint main = main.js
[0] multi webpack-hot-middleware/client?path=__webpack_hmr&dynamicPublicPath=true ./ClientApp/src/assets/js/vendor_styles.js 40 bytes {vendor_styles} [built]
[1] multi webpack-hot-middleware/client?path=__webpack_hmr&dynamicPublicPath=true script-loader!./ClientApp/src/assets/vendor/js/theme/plugins.js script-loader!./ClientApp/src/assets/vendor/js/theme/event.custom.js script-loader!./ClientApp/src/assets/vendor/js/theme/gmap.js.js script-loader!./ClientApp/src/assets/vendor/js/theme/jquery.gmap.min.js script-loader!./ClientApp/src/assets/vendor/js/theme/jquery.countdown.min.js script-loader!./ClientApp/src/assets/vendor/js/jconfirm/jquery-confirm.min.js script-loader!./ClientApp/src/assets/vendor/js/init.js 112 bytes {vendor_src} [built]
[2] multi webpack-hot-middleware/client?path=__webpack_hmr&dynamicPublicPath=true ./ClientApp/src/assets/js/custom_styles.js 40 bytes {custom_styles} [built]
[3] multi webpack-hot-middleware/client?path=__webpack_hmr&dynamicPublicPath=true ./ClientApp/src/assets/js/index.js 40 bytes {main} [built]
[./ClientApp/src/assets/js/custom_styles.js] 28 bytes {custom_styles} [built]
[./ClientApp/src/assets/js/index.js] 184 bytes {main} [built]
[./ClientApp/src/assets/js/vendor_styles.js] 97 bytes {vendor_styles} [built]
[./node_modules/script-loader/index.js!./ClientApp/src/assets/vendor/js/init.js] ./node_modules/script-loader!./ClientApp/src/assets/vendor/js/init.js 429 bytes {vendor_src} [built]
[./node_modules/script-loader/index.js!./ClientApp/src/assets/vendor/js/jconfirm/jquery-confirm.min.js] ./node_modules/script-loader!./ClientApp/src/assets/vendor/js/jconfirm/jquery-confirm.min.js 453 bytes {vendor_src} [built]
[./node_modules/script-loader/index.js!./ClientApp/src/assets/vendor/js/theme/event.custom.js] ./node_modules/script-loader!./ClientApp/src/assets/vendor/js/theme/event.custom.js 444 bytes {vendor_src} [built]
[./node_modules/script-loader/index.js!./ClientApp/src/assets/vendor/js/theme/gmap.js.js] ./node_modules/script-loader!./ClientApp/src/assets/vendor/js/theme/gmap.js.js 439 bytes {vendor_src} [built]
[./node_modules/script-loader/index.js!./ClientApp/src/assets/vendor/js/theme/jquery.countdown.min.js] ./node_modules/script-loader!./ClientApp/src/assets/vendor/js/theme/jquery.countdown.min.js 452 bytes {vendor_src} [built]
[./node_modules/script-loader/index.js!./ClientApp/src/assets/vendor/js/theme/jquery.gmap.min.js] ./node_modules/script-loader!./ClientApp/src/assets/vendor/js/theme/jquery.gmap.min.js 447 bytes {vendor_src} [built]
[./node_modules/script-loader/index.js!./ClientApp/src/assets/vendor/js/theme/plugins.js] ./node_modules/script-loader!./ClientApp/src/assets/vendor/js/theme/plugins.js 439 bytes {vendor_src} [built]
[./node_modules/webpack-hot-middleware/client.js?path=__webpack_hmr&dynamicPublicPath=true] (webpack)-hot-middleware/client.js?path=__webpack_hmr&dynamicPublicPath=true 7.59 KiB {vendor_styles} {vendor_src} {custom_styles} {main} [built]
    + 43 hidden modules 
2019-03-12 16:17:52.1789||INFO|Microsoft.AspNetCore.NodeServices|[34mi[39m [90mя╜вwdmя╜г[39m: Compiled successfully. 
2019-03-12 16:17:52.1907|3|WARN|Microsoft.AspNetCore.HttpsPolicy.HttpsRedirectionMiddleware|Failed to determine the https port for redirect. 
2019-03-12 16:17:52.4174|1|INFO|Microsoft.AspNetCore.Mvc.Internal.ControllerActionInvoker|Route matched with {action = "Index", controller = "Home"}. Executing action TemplateCoreWebTest.Controllers.HomeController.Index (TemplateCoreWebTest) 
2019-03-12 16:17:52.4690|1|INFO|Microsoft.AspNetCore.Mvc.Internal.ControllerActionInvoker|Executing action method TemplateCoreWebTest.Controllers.HomeController.Index (TemplateCoreWebTest) with arguments () - Validation state: Valid 
2019-03-12 16:17:52.4754|2|INFO|Microsoft.AspNetCore.Mvc.Internal.ControllerActionInvoker|Executed action method TemplateCoreWebTest.Controllers.HomeController.Index (TemplateCoreWebTest), returned result Microsoft.AspNetCore.Mvc.ViewResult in 0.93ms. 
2019-03-12 16:17:52.5403|1|INFO|Microsoft.AspNetCore.Mvc.ViewFeatures.ViewResultExecutor|Executing ViewResult, running view Index. 
2019-03-12 16:17:52.7053|4|INFO|Microsoft.AspNetCore.Mvc.ViewFeatures.ViewResultExecutor|Executed ViewResult - view Index executed in 214.833ms. 
2019-03-12 16:17:52.7073|2|INFO|Microsoft.AspNetCore.Mvc.Internal.ControllerActionInvoker|Executed action TemplateCoreWebTest.Controllers.HomeController.Index (TemplateCoreWebTest) in 288.1458ms 
2019-03-12 16:17:52.7241|2|INFO|Microsoft.AspNetCore.Hosting.Internal.WebHost|Request finished in 19672.4373ms 200 text/html; charset=utf-8 
2019-03-12 16:17:52.9138|1|INFO|Microsoft.AspNetCore.Hosting.Internal.WebHost|Request starting HTTP/1.1 GET http://localhost:53185/images/logo-light.png   
2019-03-12 16:17:52.9307|6|INFO|Microsoft.AspNetCore.StaticFiles.StaticFileMiddleware|The file /images/logo-light.png was not modified 
2019-03-12 16:17:52.9307|2|INFO|Microsoft.AspNetCore.Hosting.Internal.WebHost|Request finished in 22.6699ms 304 image/png 
2019-03-12 16:17:52.9508|1|INFO|Microsoft.AspNetCore.Hosting.Internal.WebHost|Request starting HTTP/1.1 GET http://localhost:53185/images/event/about.jpg   
2019-03-12 16:17:52.9508|6|INFO|Microsoft.AspNetCore.StaticFiles.StaticFileMiddleware|The file /images/event/about.jpg was not modified 
2019-03-12 16:17:52.9573|2|INFO|Microsoft.AspNetCore.Hosting.Internal.WebHost|Request finished in 6.5183ms 304 image/jpeg 
2019-03-12 16:17:53.1134|1|INFO|Microsoft.AspNetCore.Hosting.Internal.WebHost|Request starting HTTP/1.1 GET http://localhost:53185/__webpack_hmr   
2019-03-12 16:17:53.2566|1|INFO|Microsoft.AspNetCore.Hosting.Internal.WebHost|Request starting HTTP/1.1 GET http://localhost:53185/e634800250294986b6de.hot-update.json   
2019-03-12 16:17:53.2704|1|INFO|Microsoft.AspNetCore.Mvc.Internal.ControllerActionInvoker|Route matched with {action = "Error404", controller = "Home"}. Executing action TemplateCoreWebTest.Controllers.HomeController.Error404 (TemplateCoreWebTest) 
2019-03-12 16:17:53.2704|1|INFO|Microsoft.AspNetCore.Mvc.Internal.ControllerActionInvoker|Executing action method TemplateCoreWebTest.Controllers.HomeController.Error404 (TemplateCoreWebTest) - Validation state: Valid 
2019-03-12 16:17:53.2704|2|INFO|Microsoft.AspNetCore.Mvc.Internal.ControllerActionInvoker|Executed action method TemplateCoreWebTest.Controllers.HomeController.Error404 (TemplateCoreWebTest), returned result Microsoft.AspNetCore.Mvc.ViewResult in 0.3486ms. 
2019-03-12 16:17:53.2860|1|INFO|Microsoft.AspNetCore.Mvc.ViewFeatures.ViewResultExecutor|Executing ViewResult, running view Error404. 
2019-03-12 16:17:53.2860|4|INFO|Microsoft.AspNetCore.Mvc.ViewFeatures.ViewResultExecutor|Executed ViewResult - view Error404 executed in 10.655ms. 
2019-03-12 16:17:53.2860|2|INFO|Microsoft.AspNetCore.Mvc.Internal.ControllerActionInvoker|Executed action TemplateCoreWebTest.Controllers.HomeController.Error404 (TemplateCoreWebTest) in 27.1378ms 
2019-03-12 16:17:53.3028|2|INFO|Microsoft.AspNetCore.Hosting.Internal.WebHost|Request finished in 46.2425ms 404 text/html; charset=utf-8 
2019-03-12 16:17:53.3028|1|INFO|Microsoft.AspNetCore.Hosting.Internal.WebHost|Request starting HTTP/1.1 GET http://localhost:53185/e634800250294986b6de.hot-update.json   
2019-03-12 16:17:53.3179|1|INFO|Microsoft.AspNetCore.Mvc.Internal.ControllerActionInvoker|Route matched with {action = "Error404", controller = "Home"}. Executing action TemplateCoreWebTest.Controllers.HomeController.Error404 (TemplateCoreWebTest) 
2019-03-12 16:17:53.3179|1|INFO|Microsoft.AspNetCore.Mvc.Internal.ControllerActionInvoker|Executing action method TemplateCoreWebTest.Controllers.HomeController.Error404 (TemplateCoreWebTest) - Validation state: Valid 
2019-03-12 16:17:53.3179|2|INFO|Microsoft.AspNetCore.Mvc.Internal.ControllerActionInvoker|Executed action method TemplateCoreWebTest.Controllers.HomeController.Error404 (TemplateCoreWebTest), returned result Microsoft.AspNetCore.Mvc.ViewResult in 0.0193ms. 
2019-03-12 16:17:53.3179|1|INFO|Microsoft.AspNetCore.Mvc.ViewFeatures.ViewResultExecutor|Executing ViewResult, running view Error404. 
2019-03-12 16:17:53.3179|4|INFO|Microsoft.AspNetCore.Mvc.ViewFeatures.ViewResultExecutor|Executed ViewResult - view Error404 executed in 2.6729ms. 
2019-03-12 16:17:53.3179|2|INFO|Microsoft.AspNetCore.Mvc.Internal.ControllerActionInvoker|Executed action TemplateCoreWebTest.Controllers.HomeController.Error404 (TemplateCoreWebTest) in 9.7352ms 
2019-03-12 16:17:53.3321|2|INFO|Microsoft.AspNetCore.Hosting.Internal.WebHost|Request finished in 25.5956ms 404 text/html; charset=utf-8 
2019-03-12 16:17:53.5962|1|INFO|Microsoft.AspNetCore.Hosting.Internal.WebHost|Request starting HTTP/1.1 GET http://localhost:53185/images/event/bg4.jpg   
2019-03-12 16:17:53.6238|2|INFO|Microsoft.AspNetCore.StaticFiles.StaticFileMiddleware|Sending file. Request path: '/images/event/bg4.jpg'. Physical path: 'C:\Users\Diana\Work\Projects\Assan\TemplateCoreWeb\wwwroot\images\event\bg4.jpg' 
2019-03-12 16:17:53.6238|2|INFO|Microsoft.AspNetCore.Hosting.Internal.WebHost|Request finished in 29.0842ms 200 image/jpeg 
2019-03-12 16:24:21.9015|1|INFO|Microsoft.AspNetCore.Hosting.Internal.WebHost|Request starting HTTP/1.1 GET http://localhost:53185/   
2019-03-12 16:24:21.9149|1|INFO|Microsoft.AspNetCore.Mvc.Internal.ControllerActionInvoker|Route matched with {action = "Index", controller = "Home"}. Executing action TemplateCoreWebTest.Controllers.HomeController.Index (TemplateCoreWebTest) 
2019-03-12 16:24:21.9149|1|INFO|Microsoft.AspNetCore.Mvc.Internal.ControllerActionInvoker|Executing action method TemplateCoreWebTest.Controllers.HomeController.Index (TemplateCoreWebTest) with arguments () - Validation state: Valid 
2019-03-12 16:24:21.9149|2|INFO|Microsoft.AspNetCore.Mvc.Internal.ControllerActionInvoker|Executed action method TemplateCoreWebTest.Controllers.HomeController.Index (TemplateCoreWebTest), returned result Microsoft.AspNetCore.Mvc.ViewResult in 0.0335ms. 
2019-03-12 16:24:21.9149|1|INFO|Microsoft.AspNetCore.Mvc.ViewFeatures.ViewResultExecutor|Executing ViewResult, running view Index. 
2019-03-12 16:24:21.9149|4|INFO|Microsoft.AspNetCore.Mvc.ViewFeatures.ViewResultExecutor|Executed ViewResult - view Index executed in 4.7081ms. 
2019-03-12 16:24:21.9302|2|INFO|Microsoft.AspNetCore.Mvc.Internal.ControllerActionInvoker|Executed action TemplateCoreWebTest.Controllers.HomeController.Index (TemplateCoreWebTest) in 13.2809ms 
2019-03-12 16:24:21.9302|2|INFO|Microsoft.AspNetCore.Hosting.Internal.WebHost|Request finished in 32.7373ms 200 text/html; charset=utf-8 
2019-03-12 16:24:21.9970|1|INFO|Microsoft.AspNetCore.Hosting.Internal.WebHost|Request starting HTTP/1.1 GET http://localhost:53185/images/logo-light.png   
2019-03-12 16:24:21.9970|1|INFO|Microsoft.AspNetCore.Hosting.Internal.WebHost|Request starting HTTP/1.1 GET http://localhost:53185/dist/vendor_styles.js   
2019-03-12 16:24:21.9970|1|INFO|Microsoft.AspNetCore.Hosting.Internal.WebHost|Request starting HTTP/1.1 GET http://localhost:53185/images/event/about.jpg   
2019-03-12 16:24:21.9970|1|INFO|Microsoft.AspNetCore.Hosting.Internal.WebHost|Request starting HTTP/1.1 GET http://localhost:53185/dist/custom_styles.js   
2019-03-12 16:24:21.9970|2|INFO|Microsoft.AspNetCore.StaticFiles.StaticFileMiddleware|Sending file. Request path: '/images/logo-light.png'. Physical path: 'C:\Users\Diana\Work\Projects\Assan\TemplateCoreWeb\wwwroot\images\logo-light.png' 
2019-03-12 16:24:22.0787|2|INFO|Microsoft.AspNetCore.Hosting.Internal.WebHost|Request finished in 81.4411ms 200 image/png 
2019-03-12 16:24:22.0787|1|INFO|Microsoft.AspNetCore.Hosting.Internal.WebHost|Request starting HTTP/1.1 GET http://localhost:53185/dist/vendor_src.js   
2019-03-12 16:24:22.0953|2|INFO|Microsoft.AspNetCore.StaticFiles.StaticFileMiddleware|Sending file. Request path: '/dist/custom_styles.js'. Physical path: 'C:\Users\Diana\Work\Projects\Assan\TemplateCoreWeb\wwwroot\dist\custom_styles.js' 
2019-03-12 16:24:22.1156|2|INFO|Microsoft.AspNetCore.Hosting.Internal.WebHost|Request finished in 110.9821ms 200 application/javascript 
2019-03-12 16:24:22.1933|2|INFO|Microsoft.AspNetCore.StaticFiles.StaticFileMiddleware|Sending file. Request path: '/dist/vendor_src.js'. Physical path: 'C:\Users\Diana\Work\Projects\Assan\TemplateCoreWeb\wwwroot\dist\vendor_src.js' 
2019-03-12 16:24:22.2031|2|INFO|Microsoft.AspNetCore.Hosting.Internal.WebHost|Request finished in 119.8975ms 200 application/javascript 
2019-03-12 16:24:22.2955|1|INFO|Microsoft.AspNetCore.Hosting.Internal.WebHost|Request starting HTTP/1.1 GET http://localhost:53185/dist/main.js   
2019-03-12 16:24:22.3155|2|INFO|Microsoft.AspNetCore.StaticFiles.StaticFileMiddleware|Sending file. Request path: '/dist/main.js'. Physical path: 'C:\Users\Diana\Work\Projects\Assan\TemplateCoreWeb\wwwroot\dist\main.js' 
2019-03-12 16:24:22.3201|2|INFO|Microsoft.AspNetCore.Hosting.Internal.WebHost|Request finished in 24.4645ms 200 application/javascript 
2019-03-12 16:24:22.4038|2|INFO|Microsoft.AspNetCore.StaticFiles.StaticFileMiddleware|Sending file. Request path: '/dist/vendor_styles.js'. Physical path: 'C:\Users\Diana\Work\Projects\Assan\TemplateCoreWeb\wwwroot\dist\vendor_styles.js' 
2019-03-12 16:24:22.4038|2|INFO|Microsoft.AspNetCore.Hosting.Internal.WebHost|Request finished in 407.9509ms 200 application/javascript 
2019-03-12 16:24:22.6817|1|INFO|Microsoft.AspNetCore.Hosting.Internal.WebHost|Request starting HTTP/1.1 GET http://localhost:53185/__webpack_hmr   
2019-03-12 16:24:22.7224|2|INFO|Microsoft.AspNetCore.Hosting.Internal.WebHost|Request finished in 389603.9039ms 200 text/event-stream; charset=utf-8 
2019-03-12 16:24:22.8609|1|INFO|Microsoft.AspNetCore.Hosting.Internal.WebHost|Request starting HTTP/1.1 GET http://localhost:53185/images/event/bg4.jpg   
2019-03-12 16:24:22.8695|2|INFO|Microsoft.AspNetCore.StaticFiles.StaticFileMiddleware|Sending file. Request path: '/images/event/bg4.jpg'. Physical path: 'C:\Users\Diana\Work\Projects\Assan\TemplateCoreWeb\wwwroot\images\event\bg4.jpg' 
2019-03-12 16:24:22.8695|2|INFO|Microsoft.AspNetCore.Hosting.Internal.WebHost|Request finished in 17.4852ms 200 image/jpeg 
2019-03-12 16:24:22.8695|1|INFO|Microsoft.AspNetCore.Hosting.Internal.WebHost|Request starting HTTP/1.1 GET http://localhost:53185/dist/fonts/themify.woff   
2019-03-12 16:24:22.8695|1|INFO|Microsoft.AspNetCore.Hosting.Internal.WebHost|Request starting HTTP/1.1 GET http://localhost:53185/dist/fonts/fontawesome-webfont.woff2   
2019-03-12 16:24:22.8970|2|INFO|Microsoft.AspNetCore.StaticFiles.StaticFileMiddleware|Sending file. Request path: '/dist/fonts/themify.woff'. Physical path: 'C:\Users\Diana\Work\Projects\Assan\TemplateCoreWeb\wwwroot\dist\fonts\themify.woff' 
2019-03-12 16:24:22.9018|2|INFO|Microsoft.AspNetCore.StaticFiles.StaticFileMiddleware|Sending file. Request path: '/dist/fonts/fontawesome-webfont.woff2'. Physical path: 'C:\Users\Diana\Work\Projects\Assan\TemplateCoreWeb\wwwroot\dist\fonts\fontawesome-webfont.woff2' 
2019-03-12 16:24:22.9145|2|INFO|Microsoft.AspNetCore.Hosting.Internal.WebHost|Request finished in 33.9993ms 200 application/font-woff 
2019-03-12 16:24:22.9145|2|INFO|Microsoft.AspNetCore.Hosting.Internal.WebHost|Request finished in 35.5929ms 200 font/woff2 
2019-03-12 16:24:24.7230|2|INFO|Microsoft.AspNetCore.StaticFiles.StaticFileMiddleware|Sending file. Request path: '/images/event/about.jpg'. Physical path: 'C:\Users\Diana\Work\Projects\Assan\TemplateCoreWeb\wwwroot\images\event\about.jpg' 
2019-03-12 16:24:24.7310|2|INFO|Microsoft.AspNetCore.Hosting.Internal.WebHost|Request finished in 2727.4687ms 200 image/jpeg 
2019-03-12 16:24:26.0580|1|INFO|Microsoft.AspNetCore.Hosting.Internal.WebHost|Request starting HTTP/1.1 GET http://localhost:53185/favicon-32x32.png   
2019-03-12 16:24:26.0580|2|INFO|Microsoft.AspNetCore.StaticFiles.StaticFileMiddleware|Sending file. Request path: '/favicon-32x32.png'. Physical path: 'C:\Users\Diana\Work\Projects\Assan\TemplateCoreWeb\wwwroot\favicon-32x32.png' 
2019-03-12 16:24:26.0580|2|INFO|Microsoft.AspNetCore.Hosting.Internal.WebHost|Request finished in 9.2538ms 200 image/png 
2019-03-12 16:26:55.8045|1|INFO|Microsoft.AspNetCore.Hosting.Internal.WebHost|Request starting HTTP/1.1 GET http://localhost:53185/   
2019-03-12 16:26:55.8123|1|INFO|Microsoft.AspNetCore.Mvc.Internal.ControllerActionInvoker|Route matched with {action = "Index", controller = "Home"}. Executing action TemplateCoreWebTest.Controllers.HomeController.Index (TemplateCoreWebTest) 
2019-03-12 16:26:55.8123|1|INFO|Microsoft.AspNetCore.Mvc.Internal.ControllerActionInvoker|Executing action method TemplateCoreWebTest.Controllers.HomeController.Index (TemplateCoreWebTest) with arguments () - Validation state: Valid 
2019-03-12 16:26:55.8123|2|INFO|Microsoft.AspNetCore.Mvc.Internal.ControllerActionInvoker|Executed action method TemplateCoreWebTest.Controllers.HomeController.Index (TemplateCoreWebTest), returned result Microsoft.AspNetCore.Mvc.ViewResult in 0.0274ms. 
2019-03-12 16:26:57.6837|1|INFO|Microsoft.AspNetCore.Mvc.ViewFeatures.ViewResultExecutor|Executing ViewResult, running view Index. 
2019-03-12 16:26:57.7315|4|INFO|Microsoft.AspNetCore.Mvc.ViewFeatures.ViewResultExecutor|Executed ViewResult - view Index executed in 1912.7727ms. 
2019-03-12 16:26:57.7315|2|INFO|Microsoft.AspNetCore.Mvc.Internal.ControllerActionInvoker|Executed action TemplateCoreWebTest.Controllers.HomeController.Index (TemplateCoreWebTest) in 1919.2938ms 
2019-03-12 16:26:57.7315|2|INFO|Microsoft.AspNetCore.Hosting.Internal.WebHost|Request finished in 1930.7174ms 200 text/html; charset=utf-8 
2019-03-12 16:26:57.9990|1|INFO|Microsoft.AspNetCore.Hosting.Internal.WebHost|Request starting HTTP/1.1 GET http://localhost:53185/__webpack_hmr   
2019-03-12 16:26:58.0149|2|INFO|Microsoft.AspNetCore.Hosting.Internal.WebHost|Request finished in 155332.7866ms 200 text/event-stream; charset=utf-8 
2019-03-12 16:26:59.6014|1|INFO|Microsoft.AspNetCore.Hosting.Internal.WebHost|Request starting HTTP/1.1 GET http://localhost:53185/favicon-32x32.png   
2019-03-12 16:26:59.6068|2|INFO|Microsoft.AspNetCore.StaticFiles.StaticFileMiddleware|Sending file. Request path: '/favicon-32x32.png'. Physical path: 'C:\Users\Diana\Work\Projects\Assan\TemplateCoreWeb\wwwroot\favicon-32x32.png' 
2019-03-12 16:26:59.6068|2|INFO|Microsoft.AspNetCore.Hosting.Internal.WebHost|Request finished in 9.0766ms 200 image/png 
2019-03-12 16:27:58.4956|1|INFO|Microsoft.AspNetCore.Hosting.Internal.WebHost|Request starting HTTP/1.1 GET http://localhost:53185/   
2019-03-12 16:27:58.4956|1|INFO|Microsoft.AspNetCore.Mvc.Internal.ControllerActionInvoker|Route matched with {action = "Index", controller = "Home"}. Executing action TemplateCoreWebTest.Controllers.HomeController.Index (TemplateCoreWebTest) 
2019-03-12 16:27:58.4956|1|INFO|Microsoft.AspNetCore.Mvc.Internal.ControllerActionInvoker|Executing action method TemplateCoreWebTest.Controllers.HomeController.Index (TemplateCoreWebTest) with arguments () - Validation state: Valid 
2019-03-12 16:27:58.4956|2|INFO|Microsoft.AspNetCore.Mvc.Internal.ControllerActionInvoker|Executed action method TemplateCoreWebTest.Controllers.HomeController.Index (TemplateCoreWebTest), returned result Microsoft.AspNetCore.Mvc.ViewResult in 0.0313ms. 
2019-03-12 16:27:58.8274|1|INFO|Microsoft.AspNetCore.Mvc.ViewFeatures.ViewResultExecutor|Executing ViewResult, running view Index. 
2019-03-12 16:27:58.8605|4|INFO|Microsoft.AspNetCore.Mvc.ViewFeatures.ViewResultExecutor|Executed ViewResult - view Index executed in 349.1689ms. 
2019-03-12 16:27:58.8605|2|INFO|Microsoft.AspNetCore.Mvc.Internal.ControllerActionInvoker|Executed action TemplateCoreWebTest.Controllers.HomeController.Index (TemplateCoreWebTest) in 355.8665ms 
2019-03-12 16:27:58.8605|2|INFO|Microsoft.AspNetCore.Hosting.Internal.WebHost|Request finished in 371.8352ms 200 text/html; charset=utf-8 
2019-03-12 16:27:59.1116|1|INFO|Microsoft.AspNetCore.Hosting.Internal.WebHost|Request starting HTTP/1.1 GET http://localhost:53185/__webpack_hmr   
2019-03-12 16:27:59.1295|2|INFO|Microsoft.AspNetCore.Hosting.Internal.WebHost|Request finished in 61129.6264ms 200 text/event-stream; charset=utf-8 
2019-03-12 16:28:00.5406|1|INFO|Microsoft.AspNetCore.Hosting.Internal.WebHost|Request starting HTTP/1.1 GET http://localhost:53185/favicon-32x32.png   
2019-03-12 16:28:00.5508|2|INFO|Microsoft.AspNetCore.StaticFiles.StaticFileMiddleware|Sending file. Request path: '/favicon-32x32.png'. Physical path: 'C:\Users\Diana\Work\Projects\Assan\TemplateCoreWeb\wwwroot\favicon-32x32.png' 
2019-03-12 16:28:00.5508|2|INFO|Microsoft.AspNetCore.Hosting.Internal.WebHost|Request finished in 13.8623ms 200 image/png 
2019-03-12 16:28:40.9465|1|INFO|Microsoft.AspNetCore.Hosting.Internal.WebHost|Request starting HTTP/1.1 GET http://localhost:53185/   
2019-03-12 16:28:40.9549|1|INFO|Microsoft.AspNetCore.Mvc.Internal.ControllerActionInvoker|Route matched with {action = "Index", controller = "Home"}. Executing action TemplateCoreWebTest.Controllers.HomeController.Index (TemplateCoreWebTest) 
2019-03-12 16:28:40.9549|1|INFO|Microsoft.AspNetCore.Mvc.Internal.ControllerActionInvoker|Executing action method TemplateCoreWebTest.Controllers.HomeController.Index (TemplateCoreWebTest) with arguments () - Validation state: Valid 
2019-03-12 16:28:40.9549|2|INFO|Microsoft.AspNetCore.Mvc.Internal.ControllerActionInvoker|Executed action method TemplateCoreWebTest.Controllers.HomeController.Index (TemplateCoreWebTest), returned result Microsoft.AspNetCore.Mvc.ViewResult in 0.035ms. 
2019-03-12 16:28:41.2521|1|INFO|Microsoft.AspNetCore.Hosting.Internal.WebHost|Request starting HTTP/1.1 GET http://localhost:53185/   
2019-03-12 16:28:41.2521|1|INFO|Microsoft.AspNetCore.Mvc.Internal.ControllerActionInvoker|Route matched with {action = "Index", controller = "Home"}. Executing action TemplateCoreWebTest.Controllers.HomeController.Index (TemplateCoreWebTest) 
2019-03-12 16:28:41.2521|1|INFO|Microsoft.AspNetCore.Mvc.Internal.ControllerActionInvoker|Executing action method TemplateCoreWebTest.Controllers.HomeController.Index (TemplateCoreWebTest) with arguments () - Validation state: Valid 
2019-03-12 16:28:41.2521|2|INFO|Microsoft.AspNetCore.Mvc.Internal.ControllerActionInvoker|Executed action method TemplateCoreWebTest.Controllers.HomeController.Index (TemplateCoreWebTest), returned result Microsoft.AspNetCore.Mvc.ViewResult in 0.0238ms. 
2019-03-12 16:28:41.2834|1|INFO|Microsoft.AspNetCore.Mvc.ViewFeatures.ViewResultExecutor|Executing ViewResult, running view Index. 
2019-03-12 16:28:41.2834|1|INFO|Microsoft.AspNetCore.Mvc.ViewFeatures.ViewResultExecutor|Executing ViewResult, running view Index. 
2019-03-12 16:28:41.3134|4|INFO|Microsoft.AspNetCore.Mvc.ViewFeatures.ViewResultExecutor|Executed ViewResult - view Index executed in 350.0956ms. 
2019-03-12 16:28:41.3134|2|INFO|Microsoft.AspNetCore.Mvc.Internal.ControllerActionInvoker|Executed action TemplateCoreWebTest.Controllers.HomeController.Index (TemplateCoreWebTest) in 358.8247ms 
2019-03-12 16:28:41.3134|4|INFO|Microsoft.AspNetCore.Mvc.ViewFeatures.ViewResultExecutor|Executed ViewResult - view Index executed in 52.9951ms. 
2019-03-12 16:28:41.3134|2|INFO|Microsoft.AspNetCore.Hosting.Internal.WebHost|Request finished in 372.8697ms 200 text/html; charset=utf-8 
2019-03-12 16:28:41.3285|2|INFO|Microsoft.AspNetCore.Mvc.Internal.ControllerActionInvoker|Executed action TemplateCoreWebTest.Controllers.HomeController.Index (TemplateCoreWebTest) in 71.0946ms 
2019-03-12 16:28:41.3648|1|INFO|Microsoft.AspNetCore.Hosting.Internal.WebHost|Request starting HTTP/1.1 GET http://localhost:53185/dist/custom_styles.js   
2019-03-12 16:28:41.3648|1|INFO|Microsoft.AspNetCore.Hosting.Internal.WebHost|Request starting HTTP/1.1 GET http://localhost:53185/images/event/about.jpg   
2019-03-12 16:28:41.3648|1|INFO|Microsoft.AspNetCore.Hosting.Internal.WebHost|Request starting HTTP/1.1 GET http://localhost:53185/images/logo-light.png   
2019-03-12 16:28:41.3648|1|INFO|Microsoft.AspNetCore.Hosting.Internal.WebHost|Request starting HTTP/1.1 GET http://localhost:53185/dist/vendor_styles.js   
2019-03-12 16:28:41.3789|2|INFO|Microsoft.AspNetCore.Hosting.Internal.WebHost|Request finished in 126.7304ms 200 text/html; charset=utf-8 
2019-03-12 16:28:41.4051|2|INFO|Microsoft.AspNetCore.StaticFiles.StaticFileMiddleware|Sending file. Request path: '/dist/custom_styles.js'. Physical path: 'C:\Users\Diana\Work\Projects\Assan\TemplateCoreWeb\wwwroot\dist\custom_styles.js' 
2019-03-12 16:28:41.4477|2|INFO|Microsoft.AspNetCore.StaticFiles.StaticFileMiddleware|Sending file. Request path: '/images/logo-light.png'. Physical path: 'C:\Users\Diana\Work\Projects\Assan\TemplateCoreWeb\wwwroot\images\logo-light.png' 
2019-03-12 16:28:41.5104|1|INFO|Microsoft.AspNetCore.Hosting.Internal.WebHost|Request starting HTTP/1.1 GET http://localhost:53185/dist/vendor_src.js   
2019-03-12 16:28:41.5301|2|INFO|Microsoft.AspNetCore.Hosting.Internal.WebHost|Request finished in 165.1849ms 200 application/javascript 
2019-03-12 16:28:41.5301|2|INFO|Microsoft.AspNetCore.Hosting.Internal.WebHost|Request finished in 167.0903ms 200 image/png 
2019-03-12 16:28:41.6535|2|INFO|Microsoft.AspNetCore.StaticFiles.StaticFileMiddleware|Sending file. Request path: '/dist/vendor_src.js'. Physical path: 'C:\Users\Diana\Work\Projects\Assan\TemplateCoreWeb\wwwroot\dist\vendor_src.js' 
2019-03-12 16:28:41.6535|2|INFO|Microsoft.AspNetCore.Hosting.Internal.WebHost|Request finished in 146.2589ms 200 application/javascript 
2019-03-12 16:28:41.7203|1|INFO|Microsoft.AspNetCore.Hosting.Internal.WebHost|Request starting HTTP/1.1 GET http://localhost:53185/dist/main.js   
2019-03-12 16:28:41.8285|2|INFO|Microsoft.AspNetCore.StaticFiles.StaticFileMiddleware|Sending file. Request path: '/dist/vendor_styles.js'. Physical path: 'C:\Users\Diana\Work\Projects\Assan\TemplateCoreWeb\wwwroot\dist\vendor_styles.js' 
2019-03-12 16:28:41.8285|2|INFO|Microsoft.AspNetCore.StaticFiles.StaticFileMiddleware|Sending file. Request path: '/dist/main.js'. Physical path: 'C:\Users\Diana\Work\Projects\Assan\TemplateCoreWeb\wwwroot\dist\main.js' 
2019-03-12 16:28:41.8285|2|INFO|Microsoft.AspNetCore.Hosting.Internal.WebHost|Request finished in 462.0159ms 200 application/javascript 
2019-03-12 16:28:41.8285|2|INFO|Microsoft.AspNetCore.Hosting.Internal.WebHost|Request finished in 112.3178ms 200 application/javascript 
2019-03-12 16:28:42.0529|1|INFO|Microsoft.AspNetCore.Hosting.Internal.WebHost|Request starting HTTP/1.1 GET http://localhost:53185/__webpack_hmr   
2019-03-12 16:28:42.0818|2|INFO|Microsoft.AspNetCore.Hosting.Internal.WebHost|Request finished in 42969.6253ms 200 text/event-stream; charset=utf-8 
2019-03-12 16:28:42.3442|1|INFO|Microsoft.AspNetCore.Hosting.Internal.WebHost|Request starting HTTP/1.1 GET http://localhost:53185/images/event/bg4.jpg   
2019-03-12 16:28:42.3679|2|INFO|Microsoft.AspNetCore.StaticFiles.StaticFileMiddleware|Sending file. Request path: '/images/event/bg4.jpg'. Physical path: 'C:\Users\Diana\Work\Projects\Assan\TemplateCoreWeb\wwwroot\images\event\bg4.jpg' 
2019-03-12 16:28:42.3907|1|INFO|Microsoft.AspNetCore.Hosting.Internal.WebHost|Request starting HTTP/1.1 GET http://localhost:53185/dist/fonts/themify.woff   
2019-03-12 16:28:42.3907|1|INFO|Microsoft.AspNetCore.Hosting.Internal.WebHost|Request starting HTTP/1.1 GET http://localhost:53185/dist/fonts/fontawesome-webfont.woff2   
2019-03-12 16:28:42.3907|2|INFO|Microsoft.AspNetCore.Hosting.Internal.WebHost|Request finished in 50.0719ms 200 image/jpeg 
2019-03-12 16:28:42.4142|2|INFO|Microsoft.AspNetCore.StaticFiles.StaticFileMiddleware|Sending file. Request path: '/dist/fonts/themify.woff'. Physical path: 'C:\Users\Diana\Work\Projects\Assan\TemplateCoreWeb\wwwroot\dist\fonts\themify.woff' 
2019-03-12 16:28:42.4193|2|INFO|Microsoft.AspNetCore.StaticFiles.StaticFileMiddleware|Sending file. Request path: '/dist/fonts/fontawesome-webfont.woff2'. Physical path: 'C:\Users\Diana\Work\Projects\Assan\TemplateCoreWeb\wwwroot\dist\fonts\fontawesome-webfont.woff2' 
2019-03-12 16:28:42.4348|2|INFO|Microsoft.AspNetCore.Hosting.Internal.WebHost|Request finished in 44.1539ms 200 application/font-woff 
2019-03-12 16:28:42.4575|2|INFO|Microsoft.AspNetCore.Hosting.Internal.WebHost|Request finished in 66.6467ms 200 font/woff2 
2019-03-12 16:28:46.8137|2|INFO|Microsoft.AspNetCore.StaticFiles.StaticFileMiddleware|Sending file. Request path: '/images/event/about.jpg'. Physical path: 'C:\Users\Diana\Work\Projects\Assan\TemplateCoreWeb\wwwroot\images\event\about.jpg' 
2019-03-12 16:28:46.8137|2|INFO|Microsoft.AspNetCore.Hosting.Internal.WebHost|Request finished in 5451.5564ms 200 image/jpeg 
2019-03-12 16:28:46.9110|1|INFO|Microsoft.AspNetCore.Hosting.Internal.WebHost|Request starting HTTP/1.1 GET http://localhost:53185/favicon-32x32.png   
2019-03-12 16:28:46.9110|2|INFO|Microsoft.AspNetCore.StaticFiles.StaticFileMiddleware|Sending file. Request path: '/favicon-32x32.png'. Physical path: 'C:\Users\Diana\Work\Projects\Assan\TemplateCoreWeb\wwwroot\favicon-32x32.png' 
2019-03-12 16:28:46.9189|2|INFO|Microsoft.AspNetCore.Hosting.Internal.WebHost|Request finished in 7.8646ms 200 image/png 
2019-03-12 16:29:23.8929|1|INFO|Microsoft.AspNetCore.Hosting.Internal.WebHost|Request starting HTTP/1.1 GET http://localhost:53185/   
2019-03-12 16:29:23.8929|1|INFO|Microsoft.AspNetCore.Mvc.Internal.ControllerActionInvoker|Route matched with {action = "Index", controller = "Home"}. Executing action TemplateCoreWebTest.Controllers.HomeController.Index (TemplateCoreWebTest) 
2019-03-12 16:29:23.8929|1|INFO|Microsoft.AspNetCore.Mvc.Internal.ControllerActionInvoker|Executing action method TemplateCoreWebTest.Controllers.HomeController.Index (TemplateCoreWebTest) with arguments () - Validation state: Valid 
2019-03-12 16:29:23.9026|2|INFO|Microsoft.AspNetCore.Mvc.Internal.ControllerActionInvoker|Executed action method TemplateCoreWebTest.Controllers.HomeController.Index (TemplateCoreWebTest), returned result Microsoft.AspNetCore.Mvc.ViewResult in 0.0256ms. 
2019-03-12 16:29:24.4122|1|INFO|Microsoft.AspNetCore.Mvc.ViewFeatures.ViewResultExecutor|Executing ViewResult, running view Index. 
2019-03-12 16:29:24.4483|4|INFO|Microsoft.AspNetCore.Mvc.ViewFeatures.ViewResultExecutor|Executed ViewResult - view Index executed in 544.3753ms. 
2019-03-12 16:29:24.4502|2|INFO|Microsoft.AspNetCore.Mvc.Internal.ControllerActionInvoker|Executed action TemplateCoreWebTest.Controllers.HomeController.Index (TemplateCoreWebTest) in 548.9923ms 
2019-03-12 16:29:24.4502|2|INFO|Microsoft.AspNetCore.Hosting.Internal.WebHost|Request finished in 559.2148ms 200 text/html; charset=utf-8 
2019-03-12 16:29:24.7663|1|INFO|Microsoft.AspNetCore.Hosting.Internal.WebHost|Request starting HTTP/1.1 GET http://localhost:53185/__webpack_hmr   
2019-03-12 16:29:24.7892|2|INFO|Microsoft.AspNetCore.Hosting.Internal.WebHost|Request finished in 42735.6597ms 200 text/event-stream; charset=utf-8 
2019-03-12 16:29:26.8411|1|INFO|Microsoft.AspNetCore.Hosting.Internal.WebHost|Request starting HTTP/1.1 GET http://localhost:53185/favicon-32x32.png   
2019-03-12 16:29:26.8836|2|INFO|Microsoft.AspNetCore.StaticFiles.StaticFileMiddleware|Sending file. Request path: '/favicon-32x32.png'. Physical path: 'C:\Users\Diana\Work\Projects\Assan\TemplateCoreWeb\wwwroot\favicon-32x32.png' 
2019-03-12 16:29:26.8836|2|INFO|Microsoft.AspNetCore.Hosting.Internal.WebHost|Request finished in 44.4941ms 200 image/png 
2019-03-12 16:30:08.1190|1|INFO|Microsoft.AspNetCore.Hosting.Internal.WebHost|Request starting HTTP/1.1 GET http://localhost:53185/   
2019-03-12 16:30:08.1247|1|INFO|Microsoft.AspNetCore.Mvc.Internal.ControllerActionInvoker|Route matched with {action = "Index", controller = "Home"}. Executing action TemplateCoreWebTest.Controllers.HomeController.Index (TemplateCoreWebTest) 
2019-03-12 16:30:08.1247|1|INFO|Microsoft.AspNetCore.Mvc.Internal.ControllerActionInvoker|Executing action method TemplateCoreWebTest.Controllers.HomeController.Index (TemplateCoreWebTest) with arguments () - Validation state: Valid 
2019-03-12 16:30:08.1247|2|INFO|Microsoft.AspNetCore.Mvc.Internal.ControllerActionInvoker|Executed action method TemplateCoreWebTest.Controllers.HomeController.Index (TemplateCoreWebTest), returned result Microsoft.AspNetCore.Mvc.ViewResult in 0.038ms. 
2019-03-12 16:30:08.6839|1|INFO|Microsoft.AspNetCore.Mvc.ViewFeatures.ViewResultExecutor|Executing ViewResult, running view Index. 
2019-03-12 16:30:08.7086|4|INFO|Microsoft.AspNetCore.Mvc.ViewFeatures.ViewResultExecutor|Executed ViewResult - view Index executed in 578.5869ms. 
2019-03-12 16:30:08.7086|2|INFO|Microsoft.AspNetCore.Mvc.Internal.ControllerActionInvoker|Executed action TemplateCoreWebTest.Controllers.HomeController.Index (TemplateCoreWebTest) in 584.9987ms 
2019-03-12 16:30:08.7086|2|INFO|Microsoft.AspNetCore.Hosting.Internal.WebHost|Request finished in 594.405ms 200 text/html; charset=utf-8 
2019-03-12 16:30:08.9535|1|INFO|Microsoft.AspNetCore.Hosting.Internal.WebHost|Request starting HTTP/1.1 GET http://localhost:53185/__webpack_hmr   
2019-03-12 16:30:08.9732|2|INFO|Microsoft.AspNetCore.Hosting.Internal.WebHost|Request finished in 44206.0365ms 200 text/event-stream; charset=utf-8 
2019-03-12 16:30:10.7603|1|INFO|Microsoft.AspNetCore.Hosting.Internal.WebHost|Request starting HTTP/1.1 GET http://localhost:53185/favicon-32x32.png   
2019-03-12 16:30:10.7998|2|INFO|Microsoft.AspNetCore.StaticFiles.StaticFileMiddleware|Sending file. Request path: '/favicon-32x32.png'. Physical path: 'C:\Users\Diana\Work\Projects\Assan\TemplateCoreWeb\wwwroot\favicon-32x32.png' 
2019-03-12 16:30:10.7998|2|INFO|Microsoft.AspNetCore.Hosting.Internal.WebHost|Request finished in 46.784ms 200 image/png 
2019-03-12 16:31:19.8747|1|INFO|Microsoft.AspNetCore.Hosting.Internal.WebHost|Request starting HTTP/1.1 GET http://localhost:53185/   
2019-03-12 16:31:19.8747|1|INFO|Microsoft.AspNetCore.Mvc.Internal.ControllerActionInvoker|Route matched with {action = "Index", controller = "Home"}. Executing action TemplateCoreWebTest.Controllers.HomeController.Index (TemplateCoreWebTest) 
2019-03-12 16:31:19.8876|1|INFO|Microsoft.AspNetCore.Mvc.Internal.ControllerActionInvoker|Executing action method TemplateCoreWebTest.Controllers.HomeController.Index (TemplateCoreWebTest) with arguments () - Validation state: Valid 
2019-03-12 16:31:19.8876|2|INFO|Microsoft.AspNetCore.Mvc.Internal.ControllerActionInvoker|Executed action method TemplateCoreWebTest.Controllers.HomeController.Index (TemplateCoreWebTest), returned result Microsoft.AspNetCore.Mvc.ViewResult in 0.0268ms. 
2019-03-12 16:31:20.2059|1|INFO|Microsoft.AspNetCore.Mvc.ViewFeatures.ViewResultExecutor|Executing ViewResult, running view Index. 
2019-03-12 16:31:20.2281|4|INFO|Microsoft.AspNetCore.Mvc.ViewFeatures.ViewResultExecutor|Executed ViewResult - view Index executed in 337.6598ms. 
2019-03-12 16:31:20.2281|2|INFO|Microsoft.AspNetCore.Mvc.Internal.ControllerActionInvoker|Executed action TemplateCoreWebTest.Controllers.HomeController.Index (TemplateCoreWebTest) in 342.5868ms 
2019-03-12 16:31:20.2322|2|INFO|Microsoft.AspNetCore.Hosting.Internal.WebHost|Request finished in 357.4854ms 200 text/html; charset=utf-8 
2019-03-12 16:31:20.2826|1|INFO|Microsoft.AspNetCore.Hosting.Internal.WebHost|Request starting HTTP/1.1 GET http://localhost:53185/dist/custom_styles.js   
2019-03-12 16:31:20.3047|1|INFO|Microsoft.AspNetCore.Hosting.Internal.WebHost|Request starting HTTP/1.1 GET http://localhost:53185/dist/vendor_styles.js   
2019-03-12 16:31:20.3047|1|INFO|Microsoft.AspNetCore.Hosting.Internal.WebHost|Request starting HTTP/1.1 GET http://localhost:53185/dist/vendor_src.js   
2019-03-12 16:31:20.3237|1|INFO|Microsoft.AspNetCore.Hosting.Internal.WebHost|Request starting HTTP/1.1 GET http://localhost:53185/images/logo-light.png   
2019-03-12 16:31:20.3352|2|INFO|Microsoft.AspNetCore.StaticFiles.StaticFileMiddleware|Sending file. Request path: '/dist/custom_styles.js'. Physical path: 'C:\Users\Diana\Work\Projects\Assan\TemplateCoreWeb\wwwroot\dist\custom_styles.js' 
2019-03-12 16:31:20.4104|2|INFO|Microsoft.AspNetCore.Hosting.Internal.WebHost|Request finished in 127.9098ms 200 application/javascript 
2019-03-12 16:31:20.4014|2|INFO|Microsoft.AspNetCore.StaticFiles.StaticFileMiddleware|Sending file. Request path: '/images/logo-light.png'. Physical path: 'C:\Users\Diana\Work\Projects\Assan\TemplateCoreWeb\wwwroot\images\logo-light.png' 
2019-03-12 16:31:20.4426|2|INFO|Microsoft.AspNetCore.Hosting.Internal.WebHost|Request finished in 118.8893ms 200 image/png 
2019-03-12 16:31:20.4684|1|INFO|Microsoft.AspNetCore.Hosting.Internal.WebHost|Request starting HTTP/1.1 GET http://localhost:53185/dist/main.js   
2019-03-12 16:31:20.4684|2|INFO|Microsoft.AspNetCore.StaticFiles.StaticFileMiddleware|Sending file. Request path: '/dist/vendor_src.js'. Physical path: 'C:\Users\Diana\Work\Projects\Assan\TemplateCoreWeb\wwwroot\dist\vendor_src.js' 
2019-03-12 16:31:20.4903|2|INFO|Microsoft.AspNetCore.StaticFiles.StaticFileMiddleware|Sending file. Request path: '/dist/main.js'. Physical path: 'C:\Users\Diana\Work\Projects\Assan\TemplateCoreWeb\wwwroot\dist\main.js' 
2019-03-12 16:31:20.4903|2|INFO|Microsoft.AspNetCore.Hosting.Internal.WebHost|Request finished in 189.3672ms 200 application/javascript 
2019-03-12 16:31:20.5106|2|INFO|Microsoft.AspNetCore.Hosting.Internal.WebHost|Request finished in 42.1607ms 200 application/javascript 
2019-03-12 16:31:20.6978|2|INFO|Microsoft.AspNetCore.StaticFiles.StaticFileMiddleware|Sending file. Request path: '/dist/vendor_styles.js'. Physical path: 'C:\Users\Diana\Work\Projects\Assan\TemplateCoreWeb\wwwroot\dist\vendor_styles.js' 
2019-03-12 16:31:20.7052|2|INFO|Microsoft.AspNetCore.Hosting.Internal.WebHost|Request finished in 400.5243ms 200 application/javascript 
2019-03-12 16:31:20.9072|1|INFO|Microsoft.AspNetCore.Hosting.Internal.WebHost|Request starting HTTP/1.1 GET http://localhost:53185/__webpack_hmr   
2019-03-12 16:31:20.9220|2|INFO|Microsoft.AspNetCore.Hosting.Internal.WebHost|Request finished in 71967.557ms 200 text/event-stream; charset=utf-8 
2019-03-12 16:31:21.1222|1|INFO|Microsoft.AspNetCore.Hosting.Internal.WebHost|Request starting HTTP/1.1 GET http://localhost:53185/images/event/bg4.jpg   
2019-03-12 16:31:21.1222|2|INFO|Microsoft.AspNetCore.StaticFiles.StaticFileMiddleware|Sending file. Request path: '/images/event/bg4.jpg'. Physical path: 'C:\Users\Diana\Work\Projects\Assan\TemplateCoreWeb\wwwroot\images\event\bg4.jpg' 
2019-03-12 16:31:21.1392|2|INFO|Microsoft.AspNetCore.Hosting.Internal.WebHost|Request finished in 17.0143ms 200 image/jpeg 
2019-03-12 16:31:21.1392|1|INFO|Microsoft.AspNetCore.Hosting.Internal.WebHost|Request starting HTTP/1.1 GET http://localhost:53185/dist/fonts/fontawesome-webfont.woff2   
2019-03-12 16:31:21.1392|1|INFO|Microsoft.AspNetCore.Hosting.Internal.WebHost|Request starting HTTP/1.1 GET http://localhost:53185/dist/fonts/themify.woff   
2019-03-12 16:31:21.1647|2|INFO|Microsoft.AspNetCore.StaticFiles.StaticFileMiddleware|Sending file. Request path: '/dist/fonts/fontawesome-webfont.woff2'. Physical path: 'C:\Users\Diana\Work\Projects\Assan\TemplateCoreWeb\wwwroot\dist\fonts\fontawesome-webfont.woff2' 
2019-03-12 16:31:21.1785|2|INFO|Microsoft.AspNetCore.StaticFiles.StaticFileMiddleware|Sending file. Request path: '/dist/fonts/themify.woff'. Physical path: 'C:\Users\Diana\Work\Projects\Assan\TemplateCoreWeb\wwwroot\dist\fonts\themify.woff' 
2019-03-12 16:31:21.1852|2|INFO|Microsoft.AspNetCore.Hosting.Internal.WebHost|Request finished in 44.1551ms 200 font/woff2 
2019-03-12 16:31:21.1852|2|INFO|Microsoft.AspNetCore.Hosting.Internal.WebHost|Request finished in 41.7375ms 200 application/font-woff 
2019-03-12 16:31:21.8242|1|INFO|Microsoft.AspNetCore.Hosting.Internal.WebHost|Request starting HTTP/1.1 GET http://localhost:53185/favicon-32x32.png   
2019-03-12 16:31:21.8421|2|INFO|Microsoft.AspNetCore.StaticFiles.StaticFileMiddleware|Sending file. Request path: '/favicon-32x32.png'. Physical path: 'C:\Users\Diana\Work\Projects\Assan\TemplateCoreWeb\wwwroot\favicon-32x32.png' 
2019-03-12 16:31:21.8421|2|INFO|Microsoft.AspNetCore.Hosting.Internal.WebHost|Request finished in 19.7156ms 200 image/png 
2019-03-12 16:32:01.1049|1|INFO|Microsoft.AspNetCore.Hosting.Internal.WebHost|Request starting HTTP/1.1 GET http://localhost:53185/   
2019-03-12 16:32:01.1151|1|INFO|Microsoft.AspNetCore.Mvc.Internal.ControllerActionInvoker|Route matched with {action = "Index", controller = "Home"}. Executing action TemplateCoreWebTest.Controllers.HomeController.Index (TemplateCoreWebTest) 
2019-03-12 16:32:01.1151|1|INFO|Microsoft.AspNetCore.Mvc.Internal.ControllerActionInvoker|Executing action method TemplateCoreWebTest.Controllers.HomeController.Index (TemplateCoreWebTest) with arguments () - Validation state: Valid 
2019-03-12 16:32:01.1151|2|INFO|Microsoft.AspNetCore.Mvc.Internal.ControllerActionInvoker|Executed action method TemplateCoreWebTest.Controllers.HomeController.Index (TemplateCoreWebTest), returned result Microsoft.AspNetCore.Mvc.ViewResult in 0.0244ms. 
2019-03-12 16:32:01.4432|1|INFO|Microsoft.AspNetCore.Mvc.ViewFeatures.ViewResultExecutor|Executing ViewResult, running view Index. 
2019-03-12 16:32:01.4697|4|INFO|Microsoft.AspNetCore.Mvc.ViewFeatures.ViewResultExecutor|Executed ViewResult - view Index executed in 350.4569ms. 
2019-03-12 16:32:01.4697|2|INFO|Microsoft.AspNetCore.Mvc.Internal.ControllerActionInvoker|Executed action TemplateCoreWebTest.Controllers.HomeController.Index (TemplateCoreWebTest) in 357.0009ms 
2019-03-12 16:32:01.4697|2|INFO|Microsoft.AspNetCore.Hosting.Internal.WebHost|Request finished in 372.1464ms 200 text/html; charset=utf-8 
2019-03-12 16:32:01.5141|1|INFO|Microsoft.AspNetCore.Hosting.Internal.WebHost|Request starting HTTP/1.1 GET http://localhost:53185/dist/custom_styles.js   
2019-03-12 16:32:01.5141|1|INFO|Microsoft.AspNetCore.Hosting.Internal.WebHost|Request starting HTTP/1.1 GET http://localhost:53185/dist/vendor_styles.js   
2019-03-12 16:32:01.5141|1|INFO|Microsoft.AspNetCore.Hosting.Internal.WebHost|Request starting HTTP/1.1 GET http://localhost:53185/images/event/about.jpg   
2019-03-12 16:32:01.5141|1|INFO|Microsoft.AspNetCore.Hosting.Internal.WebHost|Request starting HTTP/1.1 GET http://localhost:53185/images/logo-light.png   
2019-03-12 16:32:01.5424|2|INFO|Microsoft.AspNetCore.StaticFiles.StaticFileMiddleware|Sending file. Request path: '/dist/custom_styles.js'. Physical path: 'C:\Users\Diana\Work\Projects\Assan\TemplateCoreWeb\wwwroot\dist\custom_styles.js' 
2019-03-12 16:32:01.5854|2|INFO|Microsoft.AspNetCore.StaticFiles.StaticFileMiddleware|Sending file. Request path: '/images/logo-light.png'. Physical path: 'C:\Users\Diana\Work\Projects\Assan\TemplateCoreWeb\wwwroot\images\logo-light.png' 
2019-03-12 16:32:01.5963|2|INFO|Microsoft.AspNetCore.Hosting.Internal.WebHost|Request finished in 82.1644ms 200 application/javascript 
2019-03-12 16:32:01.6302|2|INFO|Microsoft.AspNetCore.Hosting.Internal.WebHost|Request finished in 102.2725ms 200 image/png 
2019-03-12 16:32:01.6302|1|INFO|Microsoft.AspNetCore.Hosting.Internal.WebHost|Request starting HTTP/1.1 GET http://localhost:53185/dist/vendor_src.js   
2019-03-12 16:32:01.7403|2|INFO|Microsoft.AspNetCore.StaticFiles.StaticFileMiddleware|Sending file. Request path: '/dist/vendor_src.js'. Physical path: 'C:\Users\Diana\Work\Projects\Assan\TemplateCoreWeb\wwwroot\dist\vendor_src.js' 
2019-03-12 16:32:01.7403|2|INFO|Microsoft.AspNetCore.Hosting.Internal.WebHost|Request finished in 110.8281ms 200 application/javascript 
2019-03-12 16:32:01.8335|2|INFO|Microsoft.AspNetCore.StaticFiles.StaticFileMiddleware|Sending file. Request path: '/dist/vendor_styles.js'. Physical path: 'C:\Users\Diana\Work\Projects\Assan\TemplateCoreWeb\wwwroot\dist\vendor_styles.js' 
2019-03-12 16:32:01.8335|2|INFO|Microsoft.AspNetCore.Hosting.Internal.WebHost|Request finished in 324.4571ms 200 application/javascript 
2019-03-12 16:32:01.9144|1|INFO|Microsoft.AspNetCore.Hosting.Internal.WebHost|Request starting HTTP/1.1 GET http://localhost:53185/dist/main.js   
2019-03-12 16:32:01.9313|2|INFO|Microsoft.AspNetCore.StaticFiles.StaticFileMiddleware|Sending file. Request path: '/dist/main.js'. Physical path: 'C:\Users\Diana\Work\Projects\Assan\TemplateCoreWeb\wwwroot\dist\main.js' 
2019-03-12 16:32:01.9563|2|INFO|Microsoft.AspNetCore.Hosting.Internal.WebHost|Request finished in 41.9063ms 200 application/javascript 
2019-03-12 16:32:02.1334|1|INFO|Microsoft.AspNetCore.Hosting.Internal.WebHost|Request starting HTTP/1.1 GET http://localhost:53185/__webpack_hmr   
2019-03-12 16:32:02.1670|2|INFO|Microsoft.AspNetCore.Hosting.Internal.WebHost|Request finished in 41259.1123ms 200 text/event-stream; charset=utf-8 
2019-03-12 16:32:02.2332|1|INFO|Microsoft.AspNetCore.Hosting.Internal.WebHost|Request starting HTTP/1.1 GET http://localhost:53185/images/event/bg4.jpg   
2019-03-12 16:32:02.2332|2|INFO|Microsoft.AspNetCore.StaticFiles.StaticFileMiddleware|Sending file. Request path: '/images/event/bg4.jpg'. Physical path: 'C:\Users\Diana\Work\Projects\Assan\TemplateCoreWeb\wwwroot\images\event\bg4.jpg' 
2019-03-12 16:32:02.2534|2|INFO|Microsoft.AspNetCore.Hosting.Internal.WebHost|Request finished in 20.2436ms 200 image/jpeg 
2019-03-12 16:32:02.2678|1|INFO|Microsoft.AspNetCore.Hosting.Internal.WebHost|Request starting HTTP/1.1 GET http://localhost:53185/dist/fonts/fontawesome-webfont.woff2   
2019-03-12 16:32:02.2678|2|INFO|Microsoft.AspNetCore.StaticFiles.StaticFileMiddleware|Sending file. Request path: '/dist/fonts/fontawesome-webfont.woff2'. Physical path: 'C:\Users\Diana\Work\Projects\Assan\TemplateCoreWeb\wwwroot\dist\fonts\fontawesome-webfont.woff2' 
2019-03-12 16:32:02.2840|2|INFO|Microsoft.AspNetCore.Hosting.Internal.WebHost|Request finished in 15.3598ms 200 font/woff2 
2019-03-12 16:32:02.6017|1|INFO|Microsoft.AspNetCore.Hosting.Internal.WebHost|Request starting HTTP/1.1 GET http://localhost:53185/dist/fonts/themify.woff   
2019-03-12 16:32:02.6165|2|INFO|Microsoft.AspNetCore.StaticFiles.StaticFileMiddleware|Sending file. Request path: '/dist/fonts/themify.woff'. Physical path: 'C:\Users\Diana\Work\Projects\Assan\TemplateCoreWeb\wwwroot\dist\fonts\themify.woff' 
2019-03-12 16:32:02.6229|2|INFO|Microsoft.AspNetCore.Hosting.Internal.WebHost|Request finished in 21.1356ms 200 application/font-woff 
2019-03-12 16:32:06.1883|2|INFO|Microsoft.AspNetCore.StaticFiles.StaticFileMiddleware|Sending file. Request path: '/images/event/about.jpg'. Physical path: 'C:\Users\Diana\Work\Projects\Assan\TemplateCoreWeb\wwwroot\images\event\about.jpg' 
2019-03-12 16:32:06.1883|2|INFO|Microsoft.AspNetCore.Hosting.Internal.WebHost|Request finished in 4666.0487ms 200 image/jpeg 
2019-03-12 16:32:07.7118|1|INFO|Microsoft.AspNetCore.Hosting.Internal.WebHost|Request starting HTTP/1.1 GET http://localhost:53185/favicon-32x32.png   
2019-03-12 16:32:07.7257|2|INFO|Microsoft.AspNetCore.StaticFiles.StaticFileMiddleware|Sending file. Request path: '/favicon-32x32.png'. Physical path: 'C:\Users\Diana\Work\Projects\Assan\TemplateCoreWeb\wwwroot\favicon-32x32.png' 
2019-03-12 16:32:07.7257|2|INFO|Microsoft.AspNetCore.Hosting.Internal.WebHost|Request finished in 19.6954ms 200 image/png 
2019-03-12 17:22:06.8804|1|INFO|Microsoft.AspNetCore.Hosting.Internal.WebHost|Request starting HTTP/1.1 GET http://localhost:53185/   
2019-03-12 17:22:07.0008|1|INFO|Microsoft.AspNetCore.Mvc.Internal.ControllerActionInvoker|Route matched with {action = "Index", controller = "Home"}. Executing action TemplateCoreWebTest.Controllers.HomeController.Index (TemplateCoreWebTest) 
2019-03-12 17:22:07.0245|1|INFO|Microsoft.AspNetCore.Mvc.Internal.ControllerActionInvoker|Executing action method TemplateCoreWebTest.Controllers.HomeController.Index (TemplateCoreWebTest) with arguments () - Validation state: Valid 
2019-03-12 17:22:07.0245|2|INFO|Microsoft.AspNetCore.Mvc.Internal.ControllerActionInvoker|Executed action method TemplateCoreWebTest.Controllers.HomeController.Index (TemplateCoreWebTest), returned result Microsoft.AspNetCore.Mvc.ViewResult in 0.1316ms. 
2019-03-12 17:22:07.0873|1|INFO|Microsoft.AspNetCore.Mvc.ViewFeatures.ViewResultExecutor|Executing ViewResult, running view Index. 
2019-03-12 17:22:07.1287|4|INFO|Microsoft.AspNetCore.Mvc.ViewFeatures.ViewResultExecutor|Executed ViewResult - view Index executed in 96.0418ms. 
2019-03-12 17:22:07.1326|2|INFO|Microsoft.AspNetCore.Mvc.Internal.ControllerActionInvoker|Executed action TemplateCoreWebTest.Controllers.HomeController.Index (TemplateCoreWebTest) in 129.6663ms 
2019-03-12 17:22:07.1326|2|INFO|Microsoft.AspNetCore.Hosting.Internal.WebHost|Request finished in 260.0474ms 200 text/html; charset=utf-8 
2019-03-12 17:22:07.4900|1|INFO|Microsoft.AspNetCore.Hosting.Internal.WebHost|Request starting HTTP/1.1 GET http://localhost:53185/__webpack_hmr   
2019-03-12 17:22:07.6332|2|INFO|Microsoft.AspNetCore.Hosting.Internal.WebHost|Request finished in 3005460.7831ms 200 text/event-stream; charset=utf-8 
2019-03-12 17:22:09.3138|1|INFO|Microsoft.AspNetCore.Hosting.Internal.WebHost|Request starting HTTP/1.1 GET http://localhost:53185/favicon-32x32.png   
2019-03-12 17:22:09.3287|2|INFO|Microsoft.AspNetCore.StaticFiles.StaticFileMiddleware|Sending file. Request path: '/favicon-32x32.png'. Physical path: 'C:\Users\Diana\Work\Projects\Assan\TemplateCoreWeb\wwwroot\favicon-32x32.png' 
2019-03-12 17:22:09.3287|2|INFO|Microsoft.AspNetCore.Hosting.Internal.WebHost|Request finished in 19.4056ms 200 image/png 
2019-03-12 17:22:19.1781|1|INFO|Microsoft.AspNetCore.Hosting.Internal.WebHost|Request starting HTTP/1.1 GET http://localhost:53185/   
2019-03-12 17:22:19.1934|1|INFO|Microsoft.AspNetCore.Mvc.Internal.ControllerActionInvoker|Route matched with {action = "Index", controller = "Home"}. Executing action TemplateCoreWebTest.Controllers.HomeController.Index (TemplateCoreWebTest) 
2019-03-12 17:22:19.1934|1|INFO|Microsoft.AspNetCore.Mvc.Internal.ControllerActionInvoker|Executing action method TemplateCoreWebTest.Controllers.HomeController.Index (TemplateCoreWebTest) with arguments () - Validation state: Valid 
2019-03-12 17:22:19.1934|2|INFO|Microsoft.AspNetCore.Mvc.Internal.ControllerActionInvoker|Executed action method TemplateCoreWebTest.Controllers.HomeController.Index (TemplateCoreWebTest), returned result Microsoft.AspNetCore.Mvc.ViewResult in 0.0594ms. 
2019-03-12 17:22:21.5986|1|INFO|Microsoft.AspNetCore.Mvc.ViewFeatures.ViewResultExecutor|Executing ViewResult, running view Index. 
2019-03-12 17:22:21.6712|4|INFO|Microsoft.AspNetCore.Mvc.ViewFeatures.ViewResultExecutor|Executed ViewResult - view Index executed in 2466.2564ms. 
2019-03-12 17:22:21.6712|2|INFO|Microsoft.AspNetCore.Mvc.Internal.ControllerActionInvoker|Executed action TemplateCoreWebTest.Controllers.HomeController.Index (TemplateCoreWebTest) in 2477.3319ms 
2019-03-12 17:22:21.6712|2|INFO|Microsoft.AspNetCore.Hosting.Internal.WebHost|Request finished in 2499.1271ms 200 text/html; charset=utf-8 
2019-03-12 17:22:21.7370|1|INFO|Microsoft.AspNetCore.Hosting.Internal.WebHost|Request starting HTTP/1.1 GET http://localhost:53185/dist/vendor_styles.js   
2019-03-12 17:22:21.7423|1|INFO|Microsoft.AspNetCore.Hosting.Internal.WebHost|Request starting HTTP/1.1 GET http://localhost:53185/images/logo-light.png   
2019-03-12 17:22:21.7842|1|INFO|Microsoft.AspNetCore.Hosting.Internal.WebHost|Request starting HTTP/1.1 GET http://localhost:53185/dist/custom_styles.js   
2019-03-12 17:22:21.7842|1|INFO|Microsoft.AspNetCore.Hosting.Internal.WebHost|Request starting HTTP/1.1 GET http://localhost:53185/images/event/about.jpg   
2019-03-12 17:22:21.8015|2|INFO|Microsoft.AspNetCore.StaticFiles.StaticFileMiddleware|Sending file. Request path: '/images/logo-light.png'. Physical path: 'C:\Users\Diana\Work\Projects\Assan\TemplateCoreWeb\wwwroot\images\logo-light.png' 
2019-03-12 17:22:21.8263|2|INFO|Microsoft.AspNetCore.StaticFiles.StaticFileMiddleware|Sending file. Request path: '/dist/custom_styles.js'. Physical path: 'C:\Users\Diana\Work\Projects\Assan\TemplateCoreWeb\wwwroot\dist\custom_styles.js' 
2019-03-12 17:22:21.8698|2|INFO|Microsoft.AspNetCore.Hosting.Internal.WebHost|Request finished in 117.5795ms 200 image/png 
2019-03-12 17:22:21.8698|2|INFO|Microsoft.AspNetCore.Hosting.Internal.WebHost|Request finished in 85.5519ms 200 application/javascript 
2019-03-12 17:22:21.8864|1|INFO|Microsoft.AspNetCore.Hosting.Internal.WebHost|Request starting HTTP/1.1 GET http://localhost:53185/dist/vendor_src.js   
2019-03-12 17:22:21.9855|2|INFO|Microsoft.AspNetCore.StaticFiles.StaticFileMiddleware|Sending file. Request path: '/dist/vendor_src.js'. Physical path: 'C:\Users\Diana\Work\Projects\Assan\TemplateCoreWeb\wwwroot\dist\vendor_src.js' 
2019-03-12 17:22:22.0058|2|INFO|Microsoft.AspNetCore.Hosting.Internal.WebHost|Request finished in 119.4438ms 200 application/javascript 
2019-03-12 17:22:22.2507|1|INFO|Microsoft.AspNetCore.Hosting.Internal.WebHost|Request starting HTTP/1.1 GET http://localhost:53185/dist/main.js   
2019-03-12 17:22:22.2655|2|INFO|Microsoft.AspNetCore.StaticFiles.StaticFileMiddleware|Sending file. Request path: '/dist/main.js'. Physical path: 'C:\Users\Diana\Work\Projects\Assan\TemplateCoreWeb\wwwroot\dist\main.js' 
2019-03-12 17:22:22.2738|2|INFO|Microsoft.AspNetCore.Hosting.Internal.WebHost|Request finished in 22.6132ms 200 application/javascript 
2019-03-12 17:22:22.3180|2|INFO|Microsoft.AspNetCore.StaticFiles.StaticFileMiddleware|Sending file. Request path: '/dist/vendor_styles.js'. Physical path: 'C:\Users\Diana\Work\Projects\Assan\TemplateCoreWeb\wwwroot\dist\vendor_styles.js' 
2019-03-12 17:22:22.3313|2|INFO|Microsoft.AspNetCore.Hosting.Internal.WebHost|Request finished in 594.2812ms 200 application/javascript 
2019-03-12 17:22:22.7628|1|INFO|Microsoft.AspNetCore.Hosting.Internal.WebHost|Request starting HTTP/1.1 GET http://localhost:53185/__webpack_hmr   
2019-03-12 17:22:22.8008|2|INFO|Microsoft.AspNetCore.Hosting.Internal.WebHost|Request finished in 15310.6017ms 200 text/event-stream; charset=utf-8 
2019-03-12 17:22:23.5065|1|INFO|Microsoft.AspNetCore.Hosting.Internal.WebHost|Request starting HTTP/1.1 GET http://localhost:53185/images/event/bg4.jpg   
2019-03-12 17:22:23.5065|1|INFO|Microsoft.AspNetCore.Hosting.Internal.WebHost|Request starting HTTP/1.1 GET http://localhost:53185/dist/fonts/fontawesome-webfont.woff2   
2019-03-12 17:22:23.5357|2|INFO|Microsoft.AspNetCore.StaticFiles.StaticFileMiddleware|Sending file. Request path: '/images/event/bg4.jpg'. Physical path: 'C:\Users\Diana\Work\Projects\Assan\TemplateCoreWeb\wwwroot\images\event\bg4.jpg' 
2019-03-12 17:22:23.5385|1|INFO|Microsoft.AspNetCore.Hosting.Internal.WebHost|Request starting HTTP/1.1 GET http://localhost:53185/dist/fonts/themify.woff   
2019-03-12 17:22:23.5385|2|INFO|Microsoft.AspNetCore.Hosting.Internal.WebHost|Request finished in 40.0791ms 200 image/jpeg 
2019-03-12 17:22:23.5524|2|INFO|Microsoft.AspNetCore.StaticFiles.StaticFileMiddleware|Sending file. Request path: '/dist/fonts/fontawesome-webfont.woff2'. Physical path: 'C:\Users\Diana\Work\Projects\Assan\TemplateCoreWeb\wwwroot\dist\fonts\fontawesome-webfont.woff2' 
2019-03-12 17:22:23.5524|2|INFO|Microsoft.AspNetCore.StaticFiles.StaticFileMiddleware|Sending file. Request path: '/dist/fonts/themify.woff'. Physical path: 'C:\Users\Diana\Work\Projects\Assan\TemplateCoreWeb\wwwroot\dist\fonts\themify.woff' 
2019-03-12 17:22:23.6201|2|INFO|Microsoft.AspNetCore.Hosting.Internal.WebHost|Request finished in 99.0664ms 200 font/woff2 
2019-03-12 17:22:23.6315|2|INFO|Microsoft.AspNetCore.Hosting.Internal.WebHost|Request finished in 92.4723ms 200 application/font-woff 
2019-03-12 17:22:28.8242|2|INFO|Microsoft.AspNetCore.StaticFiles.StaticFileMiddleware|Sending file. Request path: '/images/event/about.jpg'. Physical path: 'C:\Users\Diana\Work\Projects\Assan\TemplateCoreWeb\wwwroot\images\event\about.jpg' 
2019-03-12 17:22:28.8242|2|INFO|Microsoft.AspNetCore.Hosting.Internal.WebHost|Request finished in 7042.4279ms 200 image/jpeg 
2019-03-12 17:22:29.0079|1|INFO|Microsoft.AspNetCore.Hosting.Internal.WebHost|Request starting HTTP/1.1 GET http://localhost:53185/favicon-32x32.png   
2019-03-12 17:22:29.0079|2|INFO|Microsoft.AspNetCore.StaticFiles.StaticFileMiddleware|Sending file. Request path: '/favicon-32x32.png'. Physical path: 'C:\Users\Diana\Work\Projects\Assan\TemplateCoreWeb\wwwroot\favicon-32x32.png' 
2019-03-12 17:22:29.0218|2|INFO|Microsoft.AspNetCore.Hosting.Internal.WebHost|Request finished in 13.8903ms 200 image/png 
2019-03-12 17:24:28.2231||INFO|Microsoft.AspNetCore.NodeServices|[34mi[39m [90mя╜вwdmя╜г[39m: Compiling... 
2019-03-12 17:24:28.2231||INFO|Microsoft.AspNetCore.NodeServices|webpack building... 
2019-03-12 17:24:32.2949||INFO|Microsoft.AspNetCore.NodeServices|webpack built 90f9414168db92c02cc7 in 3609ms 
2019-03-12 17:24:32.3088||INFO|Microsoft.AspNetCore.NodeServices|[34mi[39m [90mя╜вwdmя╜г[39m: Hash: 90f9414168db92c02cc7
Version: webpack 4.23.1
Time: 3609ms
Built at: 2019-03-12 17:24:32
                                              Asset      Size                        Chunks             Chunk Names
        ../img/_/fonts/bower-components/themify.svg  43 bytes                                           
../img/_/fonts/font-awesome/fontawesome-webfont.svg  55 bytes                                           
               032c2d05fd34c293f197.hot-update.json  55 bytes                                [emitted]  
   custom_styles.032c2d05fd34c293f197.hot-update.js   119 KiB  custom_styles, custom_styles  [emitted]  custom_styles, custom_styles
custom_styles.032c2d05fd34c293f197.hot-update.js.gz  17.6 KiB                                [emitted]  
                                   custom_styles.js   289 KiB                 custom_styles  [emitted]  custom_styles
                                custom_styles.js.gz  53.3 KiB                                [emitted]  
                      fonts/fontawesome-webfont.eot   162 KiB                                           
                   fonts/fontawesome-webfont.eot.gz  95.9 KiB                                [emitted]  
                      fonts/fontawesome-webfont.svg   437 KiB                                           
                   fonts/fontawesome-webfont.svg.gz   132 KiB                                [emitted]  
                      fonts/fontawesome-webfont.ttf   162 KiB                                           
                   fonts/fontawesome-webfont.ttf.gz  95.8 KiB                                [emitted]  
                     fonts/fontawesome-webfont.woff  95.7 KiB                                           
                    fonts/fontawesome-webfont.woff2  75.4 KiB                                           
                                  fonts/themify.eot  76.9 KiB                                           
                               fonts/themify.eot.gz  40.1 KiB                                [emitted]  
                                  fonts/themify.svg   229 KiB                                           
                               fonts/themify.svg.gz  71.7 KiB                                [emitted]  
                                  fonts/themify.ttf  76.7 KiB                                           
                               fonts/themify.ttf.gz    40 KiB                                [emitted]  
                                 fonts/themify.woff  54.8 KiB                                           
                              fonts/themify.woff.gz  33.6 KiB                                [emitted]  
                                            main.js   207 KiB                          main  [emitted]  main
                                         main.js.gz  45.2 KiB                                [emitted]  
                                      vendor_src.js   958 KiB                    vendor_src  [emitted]  vendor_src
                                   vendor_src.js.gz   212 KiB                                [emitted]  
                                   vendor_styles.js  1.51 MiB                 vendor_styles  [emitted]  vendor_styles
                                vendor_styles.js.gz   189 KiB                                [emitted]  
Entrypoint vendor_styles = vendor_styles.js
Entrypoint vendor_src = vendor_src.js
Entrypoint custom_styles = custom_styles.js custom_styles.032c2d05fd34c293f197.hot-update.js custom_styles.032c2d05fd34c293f197.hot-update.js
Entrypoint main = main.js
[0] multi webpack-hot-middleware/client?path=__webpack_hmr&dynamicPublicPath=true ./ClientApp/src/assets/js/vendor_styles.js 40 bytes {vendor_styles}
[1] multi webpack-hot-middleware/client?path=__webpack_hmr&dynamicPublicPath=true script-loader!./ClientApp/src/assets/vendor/js/theme/plugins.js script-loader!./ClientApp/src/assets/vendor/js/theme/event.custom.js script-loader!./ClientApp/src/assets/vendor/js/theme/gmap.js.js script-loader!./ClientApp/src/assets/vendor/js/theme/jquery.gmap.min.js script-loader!./ClientApp/src/assets/vendor/js/theme/jquery.countdown.min.js script-loader!./ClientApp/src/assets/vendor/js/jconfirm/jquery-confirm.min.js script-loader!./ClientApp/src/assets/vendor/js/init.js 112 bytes {vendor_src}
[2] multi webpack-hot-middleware/client?path=__webpack_hmr&dynamicPublicPath=true ./ClientApp/src/assets/js/custom_styles.js 40 bytes {custom_styles}
[3] multi webpack-hot-middleware/client?path=__webpack_hmr&dynamicPublicPath=true ./ClientApp/src/assets/js/index.js 40 bytes {main}
[./ClientApp/src/assets/js/custom_styles.js] 28 bytes {custom_styles}
[./ClientApp/src/assets/js/index.js] 184 bytes {main}
[./ClientApp/src/assets/js/vendor_styles.js] 97 bytes {vendor_styles}
[./node_modules/script-loader/index.js!./ClientApp/src/assets/vendor/js/init.js] ./node_modules/script-loader!./ClientApp/src/assets/vendor/js/init.js 429 bytes {vendor_src}
[./node_modules/script-loader/index.js!./ClientApp/src/assets/vendor/js/jconfirm/jquery-confirm.min.js] ./node_modules/script-loader!./ClientApp/src/assets/vendor/js/jconfirm/jquery-confirm.min.js 453 bytes {vendor_src}
[./node_modules/script-loader/index.js!./ClientApp/src/assets/vendor/js/theme/event.custom.js] ./node_modules/script-loader!./ClientApp/src/assets/vendor/js/theme/event.custom.js 444 bytes {vendor_src}
[./node_modules/script-loader/index.js!./ClientApp/src/assets/vendor/js/theme/gmap.js.js] ./node_modules/script-loader!./ClientApp/src/assets/vendor/js/theme/gmap.js.js 439 bytes {vendor_src}
[./node_modules/script-loader/index.js!./ClientApp/src/assets/vendor/js/theme/jquery.countdown.min.js] ./node_modules/script-loader!./ClientApp/src/assets/vendor/js/theme/jquery.countdown.min.js 452 bytes {vendor_src}
[./node_modules/script-loader/index.js!./ClientApp/src/assets/vendor/js/theme/jquery.gmap.min.js] ./node_modules/script-loader!./ClientApp/src/assets/vendor/js/theme/jquery.gmap.min.js 447 bytes {vendor_src}
[./node_modules/script-loader/index.js!./ClientApp/src/assets/vendor/js/theme/plugins.js] ./node_modules/script-loader!./ClientApp/src/assets/vendor/js/theme/plugins.js 439 bytes {vendor_src}
[./node_modules/webpack-hot-middleware/client.js?path=__webpack_hmr&dynamicPublicPath=true] (webpack)-hot-middleware/client.js?path=__webpack_hmr&dynamicPublicPath=true 7.59 KiB {vendor_styles} {vendor_src} {custom_styles} {main}
    + 43 hidden modules 
2019-03-12 17:24:32.3088||INFO|Microsoft.AspNetCore.NodeServices|[34mi[39m [90mя╜вwdmя╜г[39m: Compiled successfully. 
2019-03-12 17:24:32.3234|1|INFO|Microsoft.AspNetCore.Hosting.Internal.WebHost|Request starting HTTP/1.1 GET http://localhost:53185/032c2d05fd34c293f197.hot-update.json   
2019-03-12 17:24:32.3388|2|INFO|Microsoft.AspNetCore.Hosting.Internal.WebHost|Request finished in 15.435ms 200 application/json; charset=UTF-8 
2019-03-12 17:24:32.3388|1|INFO|Microsoft.AspNetCore.Hosting.Internal.WebHost|Request starting HTTP/1.1 GET http://localhost:53185/032c2d05fd34c293f197.hot-update.json   
2019-03-12 17:24:32.3388|2|INFO|Microsoft.AspNetCore.Hosting.Internal.WebHost|Request finished in 5.4778ms 200 application/json; charset=UTF-8 
2019-03-12 17:24:32.3567|1|INFO|Microsoft.AspNetCore.Hosting.Internal.WebHost|Request starting HTTP/1.1 GET http://localhost:53185/032c2d05fd34c293f197.hot-update.json   
2019-03-12 17:24:32.3567|1|INFO|Microsoft.AspNetCore.Hosting.Internal.WebHost|Request starting HTTP/1.1 GET http://localhost:53185/custom_styles.032c2d05fd34c293f197.hot-update.js   
2019-03-12 17:24:32.3567|2|INFO|Microsoft.AspNetCore.Hosting.Internal.WebHost|Request finished in 8.398ms 200 application/json; charset=UTF-8 
2019-03-12 17:24:32.3783|1|INFO|Microsoft.AspNetCore.Hosting.Internal.WebHost|Request starting HTTP/1.1 GET http://localhost:53185/032c2d05fd34c293f197.hot-update.json   
2019-03-12 17:24:32.3832|2|INFO|Microsoft.AspNetCore.Hosting.Internal.WebHost|Request finished in 4.9716ms 200 application/json; charset=UTF-8 
2019-03-12 17:24:32.4019|2|INFO|Microsoft.AspNetCore.Hosting.Internal.WebHost|Request finished in 38.4367ms 200 application/javascript; charset=UTF-8 
2019-03-12 17:24:46.1067|1|INFO|Microsoft.AspNetCore.Hosting.Internal.WebHost|Request starting HTTP/1.1 GET http://localhost:53185/   
2019-03-12 17:24:46.1187|1|INFO|Microsoft.AspNetCore.Mvc.Internal.ControllerActionInvoker|Route matched with {action = "Index", controller = "Home"}. Executing action TemplateCoreWebTest.Controllers.HomeController.Index (TemplateCoreWebTest) 
2019-03-12 17:24:46.1187|1|INFO|Microsoft.AspNetCore.Mvc.Internal.ControllerActionInvoker|Executing action method TemplateCoreWebTest.Controllers.HomeController.Index (TemplateCoreWebTest) with arguments () - Validation state: Valid 
2019-03-12 17:24:46.1187|2|INFO|Microsoft.AspNetCore.Mvc.Internal.ControllerActionInvoker|Executed action method TemplateCoreWebTest.Controllers.HomeController.Index (TemplateCoreWebTest), returned result Microsoft.AspNetCore.Mvc.ViewResult in 0.0316ms. 
2019-03-12 17:24:46.1187|1|INFO|Microsoft.AspNetCore.Mvc.ViewFeatures.ViewResultExecutor|Executing ViewResult, running view Index. 
2019-03-12 17:24:46.1187|4|INFO|Microsoft.AspNetCore.Mvc.ViewFeatures.ViewResultExecutor|Executed ViewResult - view Index executed in 3.1695ms. 
2019-03-12 17:24:46.1324|2|INFO|Microsoft.AspNetCore.Mvc.Internal.ControllerActionInvoker|Executed action TemplateCoreWebTest.Controllers.HomeController.Index (TemplateCoreWebTest) in 11.0492ms 
2019-03-12 17:24:46.1324|2|INFO|Microsoft.AspNetCore.Hosting.Internal.WebHost|Request finished in 27.3023ms 200 text/html; charset=utf-8 
2019-03-12 17:24:46.5428|1|INFO|Microsoft.AspNetCore.Hosting.Internal.WebHost|Request starting HTTP/1.1 GET http://localhost:53185/__webpack_hmr   
2019-03-12 17:24:46.5767|2|INFO|Microsoft.AspNetCore.Hosting.Internal.WebHost|Request finished in 143811.9974ms 200 text/event-stream; charset=utf-8 
2019-03-12 17:24:46.6211|1|INFO|Microsoft.AspNetCore.Hosting.Internal.WebHost|Request starting HTTP/1.1 GET http://localhost:53185/032c2d05fd34c293f197.hot-update.json   
2019-03-12 17:24:46.6211|2|INFO|Microsoft.AspNetCore.Hosting.Internal.WebHost|Request finished in 4.4539ms 200 application/json; charset=UTF-8 
2019-03-12 17:24:46.6382|1|INFO|Microsoft.AspNetCore.Hosting.Internal.WebHost|Request starting HTTP/1.1 GET http://localhost:53185/032c2d05fd34c293f197.hot-update.json   
2019-03-12 17:24:46.6382|2|INFO|Microsoft.AspNetCore.Hosting.Internal.WebHost|Request finished in 6.0646ms 200 application/json; charset=UTF-8 
2019-03-12 17:24:47.3593|1|INFO|Microsoft.AspNetCore.Hosting.Internal.WebHost|Request starting HTTP/1.1 GET http://localhost:53185/custom_styles.032c2d05fd34c293f197.hot-update.js   
2019-03-12 17:24:47.3709|2|INFO|Microsoft.AspNetCore.Hosting.Internal.WebHost|Request finished in 11.6098ms 200 application/javascript; charset=UTF-8 
2019-03-12 17:24:48.6365|1|INFO|Microsoft.AspNetCore.Hosting.Internal.WebHost|Request starting HTTP/1.1 GET http://localhost:53185/favicon-32x32.png   
2019-03-12 17:24:48.6523|2|INFO|Microsoft.AspNetCore.StaticFiles.StaticFileMiddleware|Sending file. Request path: '/favicon-32x32.png'. Physical path: 'C:\Users\Diana\Work\Projects\Assan\TemplateCoreWeb\wwwroot\favicon-32x32.png' 
2019-03-12 17:24:48.6523|2|INFO|Microsoft.AspNetCore.Hosting.Internal.WebHost|Request finished in 21.5352ms 200 image/png 
2019-03-12 17:28:04.4293|1|INFO|Microsoft.AspNetCore.Hosting.Internal.WebHost|Request starting HTTP/1.1 GET http://localhost:53185/   
2019-03-12 17:28:04.4607|1|INFO|Microsoft.AspNetCore.Mvc.Internal.ControllerActionInvoker|Route matched with {action = "Index", controller = "Home"}. Executing action TemplateCoreWebTest.Controllers.HomeController.Index (TemplateCoreWebTest) 
2019-03-12 17:28:04.4607|1|INFO|Microsoft.AspNetCore.Mvc.Internal.ControllerActionInvoker|Executing action method TemplateCoreWebTest.Controllers.HomeController.Index (TemplateCoreWebTest) with arguments () - Validation state: Valid 
2019-03-12 17:28:04.4642|2|INFO|Microsoft.AspNetCore.Mvc.Internal.ControllerActionInvoker|Executed action method TemplateCoreWebTest.Controllers.HomeController.Index (TemplateCoreWebTest), returned result Microsoft.AspNetCore.Mvc.ViewResult in 0.0271ms. 
2019-03-12 17:28:04.9059|1|INFO|Microsoft.AspNetCore.Mvc.ViewFeatures.ViewResultExecutor|Executing ViewResult, running view Index. 
2019-03-12 17:28:04.9429|4|INFO|Microsoft.AspNetCore.Mvc.ViewFeatures.ViewResultExecutor|Executed ViewResult - view Index executed in 477.3337ms. 
2019-03-12 17:28:04.9429|2|INFO|Microsoft.AspNetCore.Mvc.Internal.ControllerActionInvoker|Executed action TemplateCoreWebTest.Controllers.HomeController.Index (TemplateCoreWebTest) in 483.2448ms 
2019-03-12 17:28:04.9598|2|INFO|Microsoft.AspNetCore.Hosting.Internal.WebHost|Request finished in 531.0129ms 200 text/html; charset=utf-8 
2019-03-12 17:28:05.0099|1|INFO|Microsoft.AspNetCore.Hosting.Internal.WebHost|Request starting HTTP/1.1 GET http://localhost:53185/images/logo-light.png   
2019-03-12 17:28:05.0124|1|INFO|Microsoft.AspNetCore.Hosting.Internal.WebHost|Request starting HTTP/1.1 GET http://localhost:53185/images/event/about.jpg   
2019-03-12 17:28:05.0124|2|INFO|Microsoft.AspNetCore.StaticFiles.StaticFileMiddleware|Sending file. Request path: '/images/logo-light.png'. Physical path: 'C:\Users\Diana\Work\Projects\Assan\TemplateCoreWeb\wwwroot\images\logo-light.png' 
2019-03-12 17:28:05.0124|1|INFO|Microsoft.AspNetCore.Hosting.Internal.WebHost|Request starting HTTP/1.1 GET http://localhost:53185/dist/custom_styles.js   
2019-03-12 17:28:05.0124|1|INFO|Microsoft.AspNetCore.Hosting.Internal.WebHost|Request starting HTTP/1.1 GET http://localhost:53185/dist/vendor_styles.js   
2019-03-12 17:28:05.0663|2|INFO|Microsoft.AspNetCore.Hosting.Internal.WebHost|Request finished in 56.1112ms 200 image/png 
2019-03-12 17:28:05.1039|1|INFO|Microsoft.AspNetCore.Hosting.Internal.WebHost|Request starting HTTP/1.1 GET http://localhost:53185/dist/vendor_src.js   
2019-03-12 17:28:05.1166|2|INFO|Microsoft.AspNetCore.StaticFiles.StaticFileMiddleware|Sending file. Request path: '/dist/custom_styles.js'. Physical path: 'C:\Users\Diana\Work\Projects\Assan\TemplateCoreWeb\wwwroot\dist\custom_styles.js' 
2019-03-12 17:28:05.1657|2|INFO|Microsoft.AspNetCore.Hosting.Internal.WebHost|Request finished in 143.7459ms 200 application/javascript 
2019-03-12 17:28:05.2388|2|INFO|Microsoft.AspNetCore.StaticFiles.StaticFileMiddleware|Sending file. Request path: '/dist/vendor_styles.js'. Physical path: 'C:\Users\Diana\Work\Projects\Assan\TemplateCoreWeb\wwwroot\dist\vendor_styles.js' 
2019-03-12 17:28:05.2516|2|INFO|Microsoft.AspNetCore.Hosting.Internal.WebHost|Request finished in 229.5744ms 200 application/javascript 
2019-03-12 17:28:05.2516|2|INFO|Microsoft.AspNetCore.StaticFiles.StaticFileMiddleware|Sending file. Request path: '/dist/vendor_src.js'. Physical path: 'C:\Users\Diana\Work\Projects\Assan\TemplateCoreWeb\wwwroot\dist\vendor_src.js' 
2019-03-12 17:28:05.3239|2|INFO|Microsoft.AspNetCore.Hosting.Internal.WebHost|Request finished in 219.9665ms 200 application/javascript 
2019-03-12 17:28:05.8794|1|INFO|Microsoft.AspNetCore.Hosting.Internal.WebHost|Request starting HTTP/1.1 GET http://localhost:53185/__webpack_hmr   
2019-03-12 17:28:05.9117|1|INFO|Microsoft.AspNetCore.Hosting.Internal.WebHost|Request starting HTTP/1.1 GET http://localhost:53185/dist/main.js   
2019-03-12 17:28:05.9288|2|INFO|Microsoft.AspNetCore.StaticFiles.StaticFileMiddleware|Sending file. Request path: '/dist/main.js'. Physical path: 'C:\Users\Diana\Work\Projects\Assan\TemplateCoreWeb\wwwroot\dist\main.js' 
2019-03-12 17:28:05.9445|2|INFO|Microsoft.AspNetCore.Hosting.Internal.WebHost|Request finished in 199399.1116ms 200 text/event-stream; charset=utf-8 
2019-03-12 17:28:05.9592|2|INFO|Microsoft.AspNetCore.Hosting.Internal.WebHost|Request finished in 47.5305ms 200 application/javascript 
2019-03-12 17:28:06.3587|1|INFO|Microsoft.AspNetCore.Hosting.Internal.WebHost|Request starting HTTP/1.1 GET http://localhost:53185/images/event/bg4.jpg   
2019-03-12 17:28:06.3726|2|INFO|Microsoft.AspNetCore.StaticFiles.StaticFileMiddleware|Sending file. Request path: '/images/event/bg4.jpg'. Physical path: 'C:\Users\Diana\Work\Projects\Assan\TemplateCoreWeb\wwwroot\images\event\bg4.jpg' 
2019-03-12 17:28:06.3877|2|INFO|Microsoft.AspNetCore.Hosting.Internal.WebHost|Request finished in 28.8795ms 200 image/jpeg 
2019-03-12 17:28:06.3877|1|INFO|Microsoft.AspNetCore.Hosting.Internal.WebHost|Request starting HTTP/1.1 GET http://localhost:53185/dist/fonts/fontawesome-webfont.woff2   
2019-03-12 17:28:06.3877|1|INFO|Microsoft.AspNetCore.Hosting.Internal.WebHost|Request starting HTTP/1.1 GET http://localhost:53185/dist/fonts/themify.woff   
2019-03-12 17:28:06.4593|2|INFO|Microsoft.AspNetCore.StaticFiles.StaticFileMiddleware|Sending file. Request path: '/dist/fonts/fontawesome-webfont.woff2'. Physical path: 'C:\Users\Diana\Work\Projects\Assan\TemplateCoreWeb\wwwroot\dist\fonts\fontawesome-webfont.woff2' 
2019-03-12 17:28:06.4796|2|INFO|Microsoft.AspNetCore.StaticFiles.StaticFileMiddleware|Sending file. Request path: '/dist/fonts/themify.woff'. Physical path: 'C:\Users\Diana\Work\Projects\Assan\TemplateCoreWeb\wwwroot\dist\fonts\themify.woff' 
2019-03-12 17:28:06.4943|2|INFO|Microsoft.AspNetCore.Hosting.Internal.WebHost|Request finished in 102.3244ms 200 font/woff2 
2019-03-12 17:28:06.5102|2|INFO|Microsoft.AspNetCore.Hosting.Internal.WebHost|Request finished in 116.7237ms 200 application/font-woff 
2019-03-12 17:28:12.6646|2|INFO|Microsoft.AspNetCore.StaticFiles.StaticFileMiddleware|Sending file. Request path: '/images/event/about.jpg'. Physical path: 'C:\Users\Diana\Work\Projects\Assan\TemplateCoreWeb\wwwroot\images\event\about.jpg' 
2019-03-12 17:28:12.6666|2|INFO|Microsoft.AspNetCore.Hosting.Internal.WebHost|Request finished in 7654.0486ms 200 image/jpeg 
2019-03-12 17:28:13.6149|1|INFO|Microsoft.AspNetCore.Hosting.Internal.WebHost|Request starting HTTP/1.1 GET http://localhost:53185/favicon-32x32.png   
2019-03-12 17:28:13.6241|2|INFO|Microsoft.AspNetCore.StaticFiles.StaticFileMiddleware|Sending file. Request path: '/favicon-32x32.png'. Physical path: 'C:\Users\Diana\Work\Projects\Assan\TemplateCoreWeb\wwwroot\favicon-32x32.png' 
2019-03-12 17:28:13.6241|2|INFO|Microsoft.AspNetCore.Hosting.Internal.WebHost|Request finished in 11.8757ms 200 image/png 
2019-03-12 17:28:18.4677|1|INFO|Microsoft.AspNetCore.Hosting.Internal.WebHost|Request starting HTTP/1.1 GET http://localhost:53185/   
2019-03-12 17:28:18.4677|1|INFO|Microsoft.AspNetCore.Mvc.Internal.ControllerActionInvoker|Route matched with {action = "Index", controller = "Home"}. Executing action TemplateCoreWebTest.Controllers.HomeController.Index (TemplateCoreWebTest) 
2019-03-12 17:28:18.4977|1|INFO|Microsoft.AspNetCore.Mvc.Internal.ControllerActionInvoker|Executing action method TemplateCoreWebTest.Controllers.HomeController.Index (TemplateCoreWebTest) with arguments () - Validation state: Valid 
2019-03-12 17:28:18.4977|2|INFO|Microsoft.AspNetCore.Mvc.Internal.ControllerActionInvoker|Executed action method TemplateCoreWebTest.Controllers.HomeController.Index (TemplateCoreWebTest), returned result Microsoft.AspNetCore.Mvc.ViewResult in 0.0655ms. 
2019-03-12 17:28:19.2777|1|INFO|Microsoft.AspNetCore.Mvc.ViewFeatures.ViewResultExecutor|Executing ViewResult, running view Index. 
2019-03-12 17:28:19.3108|4|INFO|Microsoft.AspNetCore.Mvc.ViewFeatures.ViewResultExecutor|Executed ViewResult - view Index executed in 807.3104ms. 
2019-03-12 17:28:19.3108|2|INFO|Microsoft.AspNetCore.Mvc.Internal.ControllerActionInvoker|Executed action TemplateCoreWebTest.Controllers.HomeController.Index (TemplateCoreWebTest) in 816.1147ms 
2019-03-12 17:28:19.3278|2|INFO|Microsoft.AspNetCore.Hosting.Internal.WebHost|Request finished in 860.068ms 200 text/html; charset=utf-8 
2019-03-12 17:28:19.7593|1|INFO|Microsoft.AspNetCore.Hosting.Internal.WebHost|Request starting HTTP/1.1 GET http://localhost:53185/__webpack_hmr   
2019-03-12 17:28:19.7973|2|INFO|Microsoft.AspNetCore.Hosting.Internal.WebHost|Request finished in 13917.4902ms 200 text/event-stream; charset=utf-8 
2019-03-12 17:28:21.5924|1|INFO|Microsoft.AspNetCore.Hosting.Internal.WebHost|Request starting HTTP/1.1 GET http://localhost:53185/favicon-32x32.png   
2019-03-12 17:28:21.6278|2|INFO|Microsoft.AspNetCore.StaticFiles.StaticFileMiddleware|Sending file. Request path: '/favicon-32x32.png'. Physical path: 'C:\Users\Diana\Work\Projects\Assan\TemplateCoreWeb\wwwroot\favicon-32x32.png' 
2019-03-12 17:28:21.6900|2|INFO|Microsoft.AspNetCore.Hosting.Internal.WebHost|Request finished in 97.5922ms 200 image/png 
2019-03-12 17:28:57.4238|1|INFO|Microsoft.AspNetCore.Hosting.Internal.WebHost|Request starting HTTP/1.1 GET http://localhost:53185/   
2019-03-12 17:28:57.4470|1|INFO|Microsoft.AspNetCore.Mvc.Internal.ControllerActionInvoker|Route matched with {action = "Index", controller = "Home"}. Executing action TemplateCoreWebTest.Controllers.HomeController.Index (TemplateCoreWebTest) 
2019-03-12 17:28:57.4534|1|INFO|Microsoft.AspNetCore.Mvc.Internal.ControllerActionInvoker|Executing action method TemplateCoreWebTest.Controllers.HomeController.Index (TemplateCoreWebTest) with arguments () - Validation state: Valid 
2019-03-12 17:28:57.4534|2|INFO|Microsoft.AspNetCore.Mvc.Internal.ControllerActionInvoker|Executed action method TemplateCoreWebTest.Controllers.HomeController.Index (TemplateCoreWebTest), returned result Microsoft.AspNetCore.Mvc.ViewResult in 0.0283ms. 
2019-03-12 17:28:57.4651|1|INFO|Microsoft.AspNetCore.Mvc.ViewFeatures.ViewResultExecutor|Executing ViewResult, running view Index. 
2019-03-12 17:28:57.4651|4|INFO|Microsoft.AspNetCore.Mvc.ViewFeatures.ViewResultExecutor|Executed ViewResult - view Index executed in 6.3366ms. 
2019-03-12 17:28:57.4651|2|INFO|Microsoft.AspNetCore.Mvc.Internal.ControllerActionInvoker|Executed action TemplateCoreWebTest.Controllers.HomeController.Index (TemplateCoreWebTest) in 23.4237ms 
2019-03-12 17:28:57.5204|1|INFO|Microsoft.AspNetCore.Hosting.Internal.WebHost|Request starting HTTP/1.1 GET http://localhost:53185/dist/custom_styles.js   
2019-03-12 17:28:57.5204|2|INFO|Microsoft.AspNetCore.Hosting.Internal.WebHost|Request finished in 99.8727ms 200 text/html; charset=utf-8 
2019-03-12 17:28:57.5344|1|INFO|Microsoft.AspNetCore.Hosting.Internal.WebHost|Request starting HTTP/1.1 GET http://localhost:53185/dist/vendor_styles.js   
2019-03-12 17:28:57.5344|2|INFO|Microsoft.AspNetCore.StaticFiles.StaticFileMiddleware|Sending file. Request path: '/dist/custom_styles.js'. Physical path: 'C:\Users\Diana\Work\Projects\Assan\TemplateCoreWeb\wwwroot\dist\custom_styles.js' 
2019-03-12 17:28:57.5897|2|INFO|Microsoft.AspNetCore.Hosting.Internal.WebHost|Request finished in 68.7869ms 200 application/javascript 
2019-03-12 17:28:57.5897|1|INFO|Microsoft.AspNetCore.Hosting.Internal.WebHost|Request starting HTTP/1.1 GET http://localhost:53185/images/logo-light.png   
2019-03-12 17:28:57.5897|1|INFO|Microsoft.AspNetCore.Hosting.Internal.WebHost|Request starting HTTP/1.1 GET http://localhost:53185/images/event/about.jpg   
2019-03-12 17:28:57.6508|2|INFO|Microsoft.AspNetCore.StaticFiles.StaticFileMiddleware|Sending file. Request path: '/images/logo-light.png'. Physical path: 'C:\Users\Diana\Work\Projects\Assan\TemplateCoreWeb\wwwroot\images\logo-light.png' 
2019-03-12 17:28:57.6780|2|INFO|Microsoft.AspNetCore.Hosting.Internal.WebHost|Request finished in 81.1966ms 200 image/png 
2019-03-12 17:28:57.8891|1|INFO|Microsoft.AspNetCore.Hosting.Internal.WebHost|Request starting HTTP/1.1 GET http://localhost:53185/dist/vendor_src.js   
2019-03-12 17:28:57.9996|2|INFO|Microsoft.AspNetCore.StaticFiles.StaticFileMiddleware|Sending file. Request path: '/dist/vendor_styles.js'. Physical path: 'C:\Users\Diana\Work\Projects\Assan\TemplateCoreWeb\wwwroot\dist\vendor_styles.js' 
2019-03-12 17:28:58.0394|2|INFO|Microsoft.AspNetCore.Hosting.Internal.WebHost|Request finished in 505.0357ms 200 application/javascript 
2019-03-12 17:28:58.2228|2|INFO|Microsoft.AspNetCore.StaticFiles.StaticFileMiddleware|Sending file. Request path: '/dist/vendor_src.js'. Physical path: 'C:\Users\Diana\Work\Projects\Assan\TemplateCoreWeb\wwwroot\dist\vendor_src.js' 
2019-03-12 17:28:58.2324|2|INFO|Microsoft.AspNetCore.Hosting.Internal.WebHost|Request finished in 343.2355ms 200 application/javascript 
2019-03-12 17:28:58.7153|1|INFO|Microsoft.AspNetCore.Hosting.Internal.WebHost|Request starting HTTP/1.1 GET http://localhost:53185/dist/main.js   
2019-03-12 17:28:58.7395|2|INFO|Microsoft.AspNetCore.StaticFiles.StaticFileMiddleware|Sending file. Request path: '/dist/main.js'. Physical path: 'C:\Users\Diana\Work\Projects\Assan\TemplateCoreWeb\wwwroot\dist\main.js' 
2019-03-12 17:28:58.7521|2|INFO|Microsoft.AspNetCore.Hosting.Internal.WebHost|Request finished in 36.8021ms 200 application/javascript 
2019-03-12 17:28:58.9186|1|INFO|Microsoft.AspNetCore.Hosting.Internal.WebHost|Request starting HTTP/1.1 GET http://localhost:53185/images/event/bg4.jpg   
2019-03-12 17:28:58.9365|1|INFO|Microsoft.AspNetCore.Hosting.Internal.WebHost|Request starting HTTP/1.1 GET http://localhost:53185/dist/fonts/fontawesome-webfont.woff2   
2019-03-12 17:28:58.9365|1|INFO|Microsoft.AspNetCore.Hosting.Internal.WebHost|Request starting HTTP/1.1 GET http://localhost:53185/dist/fonts/themify.woff   
2019-03-12 17:28:58.9653|2|INFO|Microsoft.AspNetCore.StaticFiles.StaticFileMiddleware|Sending file. Request path: '/dist/fonts/fontawesome-webfont.woff2'. Physical path: 'C:\Users\Diana\Work\Projects\Assan\TemplateCoreWeb\wwwroot\dist\fonts\fontawesome-webfont.woff2' 
2019-03-12 17:28:58.9653|2|INFO|Microsoft.AspNetCore.StaticFiles.StaticFileMiddleware|Sending file. Request path: '/images/event/bg4.jpg'. Physical path: 'C:\Users\Diana\Work\Projects\Assan\TemplateCoreWeb\wwwroot\images\event\bg4.jpg' 
2019-03-12 17:28:58.9858|2|INFO|Microsoft.AspNetCore.StaticFiles.StaticFileMiddleware|Sending file. Request path: '/dist/fonts/themify.woff'. Physical path: 'C:\Users\Diana\Work\Projects\Assan\TemplateCoreWeb\wwwroot\dist\fonts\themify.woff' 
2019-03-12 17:28:58.9858|2|INFO|Microsoft.AspNetCore.Hosting.Internal.WebHost|Request finished in 52.3672ms 200 font/woff2 
2019-03-12 17:28:58.9858|2|INFO|Microsoft.AspNetCore.Hosting.Internal.WebHost|Request finished in 74.5775ms 200 image/jpeg 
2019-03-12 17:28:58.9978|2|INFO|Microsoft.AspNetCore.Hosting.Internal.WebHost|Request finished in 61.2588ms 200 application/font-woff 
2019-03-12 17:29:03.2371|2|INFO|Microsoft.AspNetCore.Hosting.Internal.WebHost|Request finished in 43476.7753ms 200 text/event-stream; charset=utf-8 
2019-03-12 17:29:05.9985|2|INFO|Microsoft.AspNetCore.StaticFiles.StaticFileMiddleware|Sending file. Request path: '/images/event/about.jpg'. Physical path: 'C:\Users\Diana\Work\Projects\Assan\TemplateCoreWeb\wwwroot\images\event\about.jpg' 
2019-03-12 17:29:05.9985|2|INFO|Microsoft.AspNetCore.Hosting.Internal.WebHost|Request finished in 8405.1243ms 200 image/jpeg 
2019-03-12 17:29:06.6232|1|INFO|Microsoft.AspNetCore.Hosting.Internal.WebHost|Request starting HTTP/1.1 GET http://localhost:53185/favicon-32x32.png   
2019-03-12 17:29:06.6516|2|INFO|Microsoft.AspNetCore.StaticFiles.StaticFileMiddleware|Sending file. Request path: '/favicon-32x32.png'. Physical path: 'C:\Users\Diana\Work\Projects\Assan\TemplateCoreWeb\wwwroot\favicon-32x32.png' 
2019-03-12 17:29:06.6516|2|INFO|Microsoft.AspNetCore.Hosting.Internal.WebHost|Request finished in 38.9426ms 200 image/png 
2019-03-12 18:08:16.7101|1|INFO|Microsoft.AspNetCore.Hosting.Internal.WebHost|Request starting HTTP/1.1 GET http://localhost:53185/   
2019-03-12 18:08:16.7354|1|INFO|Microsoft.AspNetCore.Mvc.Internal.ControllerActionInvoker|Route matched with {action = "Index", controller = "Home"}. Executing action TemplateCoreWebTest.Controllers.HomeController.Index (TemplateCoreWebTest) 
2019-03-12 18:08:16.7394|1|INFO|Microsoft.AspNetCore.Mvc.Internal.ControllerActionInvoker|Executing action method TemplateCoreWebTest.Controllers.HomeController.Index (TemplateCoreWebTest) with arguments () - Validation state: Valid 
2019-03-12 18:08:16.7394|2|INFO|Microsoft.AspNetCore.Mvc.Internal.ControllerActionInvoker|Executed action method TemplateCoreWebTest.Controllers.HomeController.Index (TemplateCoreWebTest), returned result Microsoft.AspNetCore.Mvc.ViewResult in 0.0938ms. 
2019-03-12 18:08:17.2034|1|INFO|Microsoft.AspNetCore.Mvc.ViewFeatures.ViewResultExecutor|Executing ViewResult, running view Index. 
2019-03-12 18:08:17.2366|4|INFO|Microsoft.AspNetCore.Mvc.ViewFeatures.ViewResultExecutor|Executed ViewResult - view Index executed in 489.0453ms. 
2019-03-12 18:08:17.2412|2|INFO|Microsoft.AspNetCore.Mvc.Internal.ControllerActionInvoker|Executed action TemplateCoreWebTest.Controllers.HomeController.Index (TemplateCoreWebTest) in 502.4201ms 
2019-03-12 18:08:17.2412|2|INFO|Microsoft.AspNetCore.Hosting.Internal.WebHost|Request finished in 536.2532ms 200 text/html; charset=utf-8 
2019-03-12 18:08:17.3539|1|INFO|Microsoft.AspNetCore.Hosting.Internal.WebHost|Request starting HTTP/1.1 GET http://localhost:53185/images/event/about.jpg   
2019-03-12 18:08:17.3649|1|INFO|Microsoft.AspNetCore.Hosting.Internal.WebHost|Request starting HTTP/1.1 GET http://localhost:53185/dist/vendor_styles.js   
2019-03-12 18:08:17.3649|1|INFO|Microsoft.AspNetCore.Hosting.Internal.WebHost|Request starting HTTP/1.1 GET http://localhost:53185/images/logo-light.png   
2019-03-12 18:08:17.4237|1|INFO|Microsoft.AspNetCore.Hosting.Internal.WebHost|Request starting HTTP/1.1 GET http://localhost:53185/dist/custom_styles.js   
2019-03-12 18:08:17.4403|2|INFO|Microsoft.AspNetCore.StaticFiles.StaticFileMiddleware|Sending file. Request path: '/images/logo-light.png'. Physical path: 'C:\Users\Diana\Work\Projects\Assan\TemplateCoreWeb\wwwroot\images\logo-light.png' 
2019-03-12 18:08:17.4446|2|INFO|Microsoft.AspNetCore.StaticFiles.StaticFileMiddleware|Sending file. Request path: '/dist/vendor_styles.js'. Physical path: 'C:\Users\Diana\Work\Projects\Assan\TemplateCoreWeb\wwwroot\dist\vendor_styles.js' 
2019-03-12 18:08:17.5172|2|INFO|Microsoft.AspNetCore.Hosting.Internal.WebHost|Request finished in 152.3242ms 200 application/javascript 
2019-03-12 18:08:17.4962|2|INFO|Microsoft.AspNetCore.Hosting.Internal.WebHost|Request finished in 114.1926ms 200 image/png 
2019-03-12 18:08:17.4446|2|INFO|Microsoft.AspNetCore.StaticFiles.StaticFileMiddleware|Sending file. Request path: '/dist/custom_styles.js'. Physical path: 'C:\Users\Diana\Work\Projects\Assan\TemplateCoreWeb\wwwroot\dist\custom_styles.js' 
2019-03-12 18:08:17.5693|2|INFO|Microsoft.AspNetCore.Hosting.Internal.WebHost|Request finished in 145.6664ms 200 application/javascript 
2019-03-12 18:08:17.6663|1|INFO|Microsoft.AspNetCore.Hosting.Internal.WebHost|Request starting HTTP/1.1 GET http://localhost:53185/dist/vendor_src.js   
2019-03-12 18:08:17.7347|2|INFO|Microsoft.AspNetCore.StaticFiles.StaticFileMiddleware|Sending file. Request path: '/dist/vendor_src.js'. Physical path: 'C:\Users\Diana\Work\Projects\Assan\TemplateCoreWeb\wwwroot\dist\vendor_src.js' 
2019-03-12 18:08:17.7388|2|INFO|Microsoft.AspNetCore.Hosting.Internal.WebHost|Request finished in 72.5577ms 200 application/javascript 
2019-03-12 18:08:18.0124|1|INFO|Microsoft.AspNetCore.Hosting.Internal.WebHost|Request starting HTTP/1.1 GET http://localhost:53185/dist/main.js   
2019-03-12 18:08:18.0219|2|INFO|Microsoft.AspNetCore.StaticFiles.StaticFileMiddleware|Sending file. Request path: '/dist/main.js'. Physical path: 'C:\Users\Diana\Work\Projects\Assan\TemplateCoreWeb\wwwroot\dist\main.js' 
2019-03-12 18:08:18.0219|2|INFO|Microsoft.AspNetCore.Hosting.Internal.WebHost|Request finished in 13.7038ms 200 application/javascript 
2019-03-12 18:08:19.0999|1|INFO|Microsoft.AspNetCore.Hosting.Internal.WebHost|Request starting HTTP/1.1 GET http://localhost:53185/images/event/bg4.jpg   
2019-03-12 18:08:19.0999|2|INFO|Microsoft.AspNetCore.StaticFiles.StaticFileMiddleware|Sending file. Request path: '/images/event/bg4.jpg'. Physical path: 'C:\Users\Diana\Work\Projects\Assan\TemplateCoreWeb\wwwroot\images\event\bg4.jpg' 
2019-03-12 18:08:19.1160|2|INFO|Microsoft.AspNetCore.Hosting.Internal.WebHost|Request finished in 16.0924ms 200 image/jpeg 
2019-03-12 18:08:20.0081|1|INFO|Microsoft.AspNetCore.Hosting.Internal.WebHost|Request starting HTTP/1.1 GET http://localhost:53185/dist/fonts/fontawesome-webfont.woff2   
2019-03-12 18:08:20.0081|2|INFO|Microsoft.AspNetCore.StaticFiles.StaticFileMiddleware|Sending file. Request path: '/dist/fonts/fontawesome-webfont.woff2'. Physical path: 'C:\Users\Diana\Work\Projects\Assan\TemplateCoreWeb\wwwroot\dist\fonts\fontawesome-webfont.woff2' 
2019-03-12 18:08:20.0234|2|INFO|Microsoft.AspNetCore.Hosting.Internal.WebHost|Request finished in 15.0398ms 200 font/woff2 
2019-03-12 18:08:20.0422|1|INFO|Microsoft.AspNetCore.Hosting.Internal.WebHost|Request starting HTTP/1.1 GET http://localhost:53185/dist/fonts/themify.woff   
2019-03-12 18:08:20.0422|2|INFO|Microsoft.AspNetCore.StaticFiles.StaticFileMiddleware|Sending file. Request path: '/dist/fonts/themify.woff'. Physical path: 'C:\Users\Diana\Work\Projects\Assan\TemplateCoreWeb\wwwroot\dist\fonts\themify.woff' 
2019-03-12 18:08:20.0603|2|INFO|Microsoft.AspNetCore.Hosting.Internal.WebHost|Request finished in 18.0632ms 200 application/font-woff 
2019-03-12 18:08:20.5913|2|INFO|Microsoft.AspNetCore.StaticFiles.StaticFileMiddleware|Sending file. Request path: '/images/event/about.jpg'. Physical path: 'C:\Users\Diana\Work\Projects\Assan\TemplateCoreWeb\wwwroot\images\event\about.jpg' 
2019-03-12 18:08:20.5913|2|INFO|Microsoft.AspNetCore.Hosting.Internal.WebHost|Request finished in 3243.667ms 200 image/jpeg 
2019-03-12 18:08:21.2842|1|INFO|Microsoft.AspNetCore.Hosting.Internal.WebHost|Request starting HTTP/1.1 GET http://localhost:53185/favicon-32x32.png   
2019-03-12 18:08:21.2930|2|INFO|Microsoft.AspNetCore.StaticFiles.StaticFileMiddleware|Sending file. Request path: '/favicon-32x32.png'. Physical path: 'C:\Users\Diana\Work\Projects\Assan\TemplateCoreWeb\wwwroot\favicon-32x32.png' 
2019-03-12 18:08:21.2930|2|INFO|Microsoft.AspNetCore.Hosting.Internal.WebHost|Request finished in 14.3866ms 200 image/png 
2019-03-12 18:08:21.3228|1|INFO|Microsoft.AspNetCore.Hosting.Internal.WebHost|Request starting HTTP/1.1 GET http://localhost:53185/favicon-16x16.png   
2019-03-12 18:08:21.3228|2|INFO|Microsoft.AspNetCore.StaticFiles.StaticFileMiddleware|Sending file. Request path: '/favicon-16x16.png'. Physical path: 'C:\Users\Diana\Work\Projects\Assan\TemplateCoreWeb\wwwroot\favicon-16x16.png' 
2019-03-12 18:08:21.3346|2|INFO|Microsoft.AspNetCore.Hosting.Internal.WebHost|Request finished in 11.2177ms 200 image/png 
