2019-02-25 10:37:35.1181||DEBUG|TemplateCoreWebTest.Program|init main 
2019-02-25 10:37:35.7340||INFO|Microsoft.AspNetCore.DataProtection.KeyManagement.XmlKeyManager|User profile is available. Using 'C:\Users\Diana\AppData\Local\ASP.NET\DataProtection-Keys' as key repository and Windows DPAPI to encrypt keys at rest. 
2019-02-25 10:37:38.3188||INFO|Microsoft.AspNetCore.NodeServices|development mode: true 
2019-02-25 10:37:40.0205||ERROR|Microsoft.AspNetCore.NodeServices|clean-webpack-plugin: C:\Users\Diana\Work\Projects\Assan\TemplateCoreWeb\wwwroot\dist has been removed. 
2019-02-25 10:37:40.7038|1|INFO|Microsoft.AspNetCore.Hosting.Internal.WebHost|Request starting HTTP/1.1 GET http://localhost:53185/   
2019-02-25 10:37:41.2601||INFO|Microsoft.AspNetCore.NodeServices|[34mi[39m [90mя╜вwdmя╜г[39m: wait until bundle finished: / 
2019-02-25 10:37:53.7497||INFO|Microsoft.AspNetCore.NodeServices|webpack built 032c2d05fd34c293f197 in 13404ms 
2019-02-25 10:37:53.8564||INFO|Microsoft.AspNetCore.NodeServices|[34mi[39m [90mя╜вwdmя╜г[39m: Hash: 032c2d05fd34c293f197
Version: webpack 4.23.1
Time: 13404ms
Built at: 2019-02-25 10:37:53
                                              Asset      Size         Chunks             Chunk Names
        ../img/_/fonts/bower-components/themify.svg  43 bytes                 [emitted]  
../img/_/fonts/font-awesome/fontawesome-webfont.svg  55 bytes                 [emitted]  
         critical-foft-preload-fallback-optional.js  8.04 KiB                 [emitted]  
                                   custom_styles.js   289 KiB  custom_styles  [emitted]  custom_styles
                                custom_styles.js.gz  53.3 KiB                 [emitted]  
                      fonts/fontawesome-webfont.eot   162 KiB                 [emitted]  
                   fonts/fontawesome-webfont.eot.gz  95.9 KiB                 [emitted]  
                      fonts/fontawesome-webfont.svg   437 KiB                 [emitted]  
                   fonts/fontawesome-webfont.svg.gz   132 KiB                 [emitted]  
                      fonts/fontawesome-webfont.ttf   162 KiB                 [emitted]  
                   fonts/fontawesome-webfont.ttf.gz  95.8 KiB                 [emitted]  
                     fonts/fontawesome-webfont.woff  95.7 KiB                 [emitted]  
                    fonts/fontawesome-webfont.woff2  75.4 KiB                 [emitted]  
                                  fonts/themify.eot  76.9 KiB                 [emitted]  
                               fonts/themify.eot.gz  40.1 KiB                 [emitted]  
                                  fonts/themify.svg   229 KiB                 [emitted]  
                               fonts/themify.svg.gz  71.7 KiB                 [emitted]  
                                  fonts/themify.ttf  76.7 KiB                 [emitted]  
                               fonts/themify.ttf.gz    40 KiB                 [emitted]  
                                 fonts/themify.woff  54.8 KiB                 [emitted]  
                              fonts/themify.woff.gz  33.6 KiB                 [emitted]  
                                            main.js   207 KiB           main  [emitted]  main
                                         main.js.gz  45.2 KiB                 [emitted]  
                                              sw.js  1.46 KiB                 [emitted]  
                                      vendor_src.js   958 KiB     vendor_src  [emitted]  vendor_src
                                   vendor_src.js.gz   212 KiB                 [emitted]  
                                   vendor_styles.js  1.51 MiB  vendor_styles  [emitted]  vendor_styles
                                vendor_styles.js.gz   189 KiB                 [emitted]  
Entrypoint vendor_styles = vendor_styles.js
Entrypoint vendor_src = vendor_src.js
Entrypoint custom_styles = custom_styles.js
Entrypoint main = main.js
[0] multi webpack-hot-middleware/client?path=__webpack_hmr&dynamicPublicPath=true ./ClientApp/src/assets/js/vendor_styles.js 40 bytes {vendor_styles} [built]
[1] multi webpack-hot-middleware/client?path=__webpack_hmr&dynamicPublicPath=true script-loader!./ClientApp/src/assets/vendor/js/theme/plugins.js script-loader!./ClientApp/src/assets/vendor/js/theme/event.custom.js script-loader!./ClientApp/src/assets/vendor/js/theme/gmap.js.js script-loader!./ClientApp/src/assets/vendor/js/theme/jquery.gmap.min.js script-loader!./ClientApp/src/assets/vendor/js/theme/jquery.countdown.min.js script-loader!./ClientApp/src/assets/vendor/js/jconfirm/jquery-confirm.min.js script-loader!./ClientApp/src/assets/vendor/js/init.js 112 bytes {vendor_src} [built]
[2] multi webpack-hot-middleware/client?path=__webpack_hmr&dynamicPublicPath=true ./ClientApp/src/assets/js/custom_styles.js 40 bytes {custom_styles} [built]
[3] multi webpack-hot-middleware/client?path=__webpack_hmr&dynamicPublicPath=true ./ClientApp/src/assets/js/index.js 40 bytes {main} [built]
[./ClientApp/src/assets/js/custom_styles.js] 28 bytes {custom_styles} [built]
[./ClientApp/src/assets/js/index.js] 184 bytes {main} [built]
[./ClientApp/src/assets/js/vendor_styles.js] 97 bytes {vendor_styles} [built]
[./node_modules/script-loader/index.js!./ClientApp/src/assets/vendor/js/init.js] ./node_modules/script-loader!./ClientApp/src/assets/vendor/js/init.js 429 bytes {vendor_src} [built]
[./node_modules/script-loader/index.js!./ClientApp/src/assets/vendor/js/jconfirm/jquery-confirm.min.js] ./node_modules/script-loader!./ClientApp/src/assets/vendor/js/jconfirm/jquery-confirm.min.js 453 bytes {vendor_src} [built]
[./node_modules/script-loader/index.js!./ClientApp/src/assets/vendor/js/theme/event.custom.js] ./node_modules/script-loader!./ClientApp/src/assets/vendor/js/theme/event.custom.js 444 bytes {vendor_src} [built]
[./node_modules/script-loader/index.js!./ClientApp/src/assets/vendor/js/theme/gmap.js.js] ./node_modules/script-loader!./ClientApp/src/assets/vendor/js/theme/gmap.js.js 439 bytes {vendor_src} [built]
[./node_modules/script-loader/index.js!./ClientApp/src/assets/vendor/js/theme/jquery.countdown.min.js] ./node_modules/script-loader!./ClientApp/src/assets/vendor/js/theme/jquery.countdown.min.js 452 bytes {vendor_src} [built]
[./node_modules/script-loader/index.js!./ClientApp/src/assets/vendor/js/theme/jquery.gmap.min.js] ./node_modules/script-loader!./ClientApp/src/assets/vendor/js/theme/jquery.gmap.min.js 447 bytes {vendor_src} [built]
[./node_modules/script-loader/index.js!./ClientApp/src/assets/vendor/js/theme/plugins.js] ./node_modules/script-loader!./ClientApp/src/assets/vendor/js/theme/plugins.js 439 bytes {vendor_src} [built]
[./node_modules/webpack-hot-middleware/client.js?path=__webpack_hmr&dynamicPublicPath=true] (webpack)-hot-middleware/client.js?path=__webpack_hmr&dynamicPublicPath=true 7.59 KiB {vendor_styles} {vendor_src} {custom_styles} {main} [built]
    + 43 hidden modules 
2019-02-25 10:37:53.8564||INFO|Microsoft.AspNetCore.NodeServices|[34mi[39m [90mя╜вwdmя╜г[39m: Compiled successfully. 
2019-02-25 10:37:53.8752|3|WARN|Microsoft.AspNetCore.HttpsPolicy.HttpsRedirectionMiddleware|Failed to determine the https port for redirect. 
2019-02-25 10:37:54.1271|1|INFO|Microsoft.AspNetCore.Mvc.Internal.ControllerActionInvoker|Route matched with {action = "Index", controller = "Home"}. Executing action TemplateCoreWebTest.Controllers.HomeController.Index (TemplateCoreWebTest) 
2019-02-25 10:37:54.1687|1|INFO|Microsoft.AspNetCore.Mvc.Internal.ControllerActionInvoker|Executing action method TemplateCoreWebTest.Controllers.HomeController.Index (TemplateCoreWebTest) with arguments () - Validation state: Valid 
2019-02-25 10:37:54.1742|2|INFO|Microsoft.AspNetCore.Mvc.Internal.ControllerActionInvoker|Executed action method TemplateCoreWebTest.Controllers.HomeController.Index (TemplateCoreWebTest), returned result Microsoft.AspNetCore.Mvc.ViewResult in 0.8062ms. 
2019-02-25 10:37:54.2125|1|INFO|Microsoft.AspNetCore.Mvc.ViewFeatures.ViewResultExecutor|Executing ViewResult, running view Index. 
2019-02-25 10:37:54.3874|4|INFO|Microsoft.AspNetCore.Mvc.ViewFeatures.ViewResultExecutor|Executed ViewResult - view Index executed in 197.3182ms. 
2019-02-25 10:37:54.3874|2|INFO|Microsoft.AspNetCore.Mvc.Internal.ControllerActionInvoker|Executed action TemplateCoreWebTest.Controllers.HomeController.Index (TemplateCoreWebTest) in 261.9854ms 
2019-02-25 10:37:54.4134|2|INFO|Microsoft.AspNetCore.Hosting.Internal.WebHost|Request finished in 13709.4293ms 200 text/html; charset=utf-8 
2019-02-25 10:37:54.5043|1|INFO|Microsoft.AspNetCore.Hosting.Internal.WebHost|Request starting HTTP/1.1 GET http://localhost:53185/dist/vendor_styles.js   
2019-02-25 10:37:54.5226|1|INFO|Microsoft.AspNetCore.Hosting.Internal.WebHost|Request starting HTTP/1.1 GET http://localhost:53185/images/logo-light.png   
2019-02-25 10:37:54.5345|1|INFO|Microsoft.AspNetCore.Hosting.Internal.WebHost|Request starting HTTP/1.1 GET http://localhost:53185/dist/custom_styles.js   
2019-02-25 10:37:54.5345|1|INFO|Microsoft.AspNetCore.Hosting.Internal.WebHost|Request starting HTTP/1.1 GET http://localhost:53185/images/event/about.jpg   
2019-02-25 10:37:54.5776|6|INFO|Microsoft.AspNetCore.StaticFiles.StaticFileMiddleware|The file /images/logo-light.png was not modified 
2019-02-25 10:37:54.5857|6|INFO|Microsoft.AspNetCore.StaticFiles.StaticFileMiddleware|The file /images/event/about.jpg was not modified 
2019-02-25 10:37:54.5857|2|INFO|Microsoft.AspNetCore.Hosting.Internal.WebHost|Request finished in 51.206ms 304 image/jpeg 
2019-02-25 10:37:54.5857|2|INFO|Microsoft.AspNetCore.Hosting.Internal.WebHost|Request finished in 64.7341ms 304 image/png 
2019-02-25 10:37:54.6205|2|INFO|Microsoft.AspNetCore.StaticFiles.StaticFileMiddleware|Sending file. Request path: '/dist/custom_styles.js'. Physical path: 'C:\Users\Diana\Work\Projects\Assan\TemplateCoreWeb\wwwroot\dist\custom_styles.js' 
2019-02-25 10:37:54.6411|1|INFO|Microsoft.AspNetCore.Hosting.Internal.WebHost|Request starting HTTP/1.1 GET http://localhost:53185/dist/vendor_src.js   
2019-02-25 10:37:54.6629|2|INFO|Microsoft.AspNetCore.Hosting.Internal.WebHost|Request finished in 128.467ms 200 application/javascript 
2019-02-25 10:37:54.7604|1|INFO|Microsoft.AspNetCore.Hosting.Internal.WebHost|Request starting HTTP/1.1 GET http://localhost:53185/dist/main.js   
2019-02-25 10:37:54.7732|2|INFO|Microsoft.AspNetCore.StaticFiles.StaticFileMiddleware|Sending file. Request path: '/dist/main.js'. Physical path: 'C:\Users\Diana\Work\Projects\Assan\TemplateCoreWeb\wwwroot\dist\main.js' 
2019-02-25 10:37:54.8019|2|INFO|Microsoft.AspNetCore.Hosting.Internal.WebHost|Request finished in 41.7719ms 200 application/javascript 
2019-02-25 10:37:54.8551|2|INFO|Microsoft.AspNetCore.StaticFiles.StaticFileMiddleware|Sending file. Request path: '/dist/vendor_src.js'. Physical path: 'C:\Users\Diana\Work\Projects\Assan\TemplateCoreWeb\wwwroot\dist\vendor_src.js' 
2019-02-25 10:37:54.8551|2|INFO|Microsoft.AspNetCore.Hosting.Internal.WebHost|Request finished in 217.9974ms 200 application/javascript 
2019-02-25 10:37:54.9345|2|INFO|Microsoft.AspNetCore.StaticFiles.StaticFileMiddleware|Sending file. Request path: '/dist/vendor_styles.js'. Physical path: 'C:\Users\Diana\Work\Projects\Assan\TemplateCoreWeb\wwwroot\dist\vendor_styles.js' 
2019-02-25 10:37:54.9401|2|INFO|Microsoft.AspNetCore.Hosting.Internal.WebHost|Request finished in 435.8519ms 200 application/javascript 
2019-02-25 10:37:55.1729|1|INFO|Microsoft.AspNetCore.Hosting.Internal.WebHost|Request starting HTTP/1.1 GET http://localhost:53185/__webpack_hmr   
2019-02-25 10:37:55.3367|1|INFO|Microsoft.AspNetCore.Hosting.Internal.WebHost|Request starting HTTP/1.1 GET http://localhost:53185/images/event/bg4.jpg   
2019-02-25 10:37:55.3367|6|INFO|Microsoft.AspNetCore.StaticFiles.StaticFileMiddleware|The file /images/event/bg4.jpg was not modified 
2019-02-25 10:37:55.3367|2|INFO|Microsoft.AspNetCore.Hosting.Internal.WebHost|Request finished in 7.2823ms 304 image/jpeg 
2019-02-25 10:37:55.3704|1|INFO|Microsoft.AspNetCore.Hosting.Internal.WebHost|Request starting HTTP/1.1 GET http://localhost:53185/dist/fonts/fontawesome-webfont.woff2   
2019-02-25 10:37:55.3766|1|INFO|Microsoft.AspNetCore.Hosting.Internal.WebHost|Request starting HTTP/1.1 GET http://localhost:53185/dist/fonts/themify.woff   
2019-02-25 10:37:55.3766|2|INFO|Microsoft.AspNetCore.StaticFiles.StaticFileMiddleware|Sending file. Request path: '/dist/fonts/fontawesome-webfont.woff2'. Physical path: 'C:\Users\Diana\Work\Projects\Assan\TemplateCoreWeb\wwwroot\dist\fonts\fontawesome-webfont.woff2' 
2019-02-25 10:37:55.3766|2|INFO|Microsoft.AspNetCore.StaticFiles.StaticFileMiddleware|Sending file. Request path: '/dist/fonts/themify.woff'. Physical path: 'C:\Users\Diana\Work\Projects\Assan\TemplateCoreWeb\wwwroot\dist\fonts\themify.woff' 
2019-02-25 10:37:55.3766|2|INFO|Microsoft.AspNetCore.Hosting.Internal.WebHost|Request finished in 17.0759ms 200 font/woff2 
2019-02-25 10:37:55.3766|2|INFO|Microsoft.AspNetCore.Hosting.Internal.WebHost|Request finished in 14.9988ms 200 application/font-woff 
2019-02-25 10:37:56.4231|1|INFO|Microsoft.AspNetCore.Hosting.Internal.WebHost|Request starting HTTP/1.1 GET http://localhost:53185/manifest.json   
2019-02-25 10:37:56.4313|6|INFO|Microsoft.AspNetCore.StaticFiles.StaticFileMiddleware|The file /manifest.json was not modified 
2019-02-25 10:37:56.4313|2|INFO|Microsoft.AspNetCore.Hosting.Internal.WebHost|Request finished in 10.546ms 304 application/json 
2019-02-25 14:56:34.6922||DEBUG|TemplateCoreWebTest.Program|init main 
2019-02-25 14:56:35.1799||INFO|Microsoft.AspNetCore.DataProtection.KeyManagement.XmlKeyManager|User profile is available. Using 'C:\Users\Diana\AppData\Local\ASP.NET\DataProtection-Keys' as key repository and Windows DPAPI to encrypt keys at rest. 
2019-02-25 14:56:38.5489||INFO|Microsoft.AspNetCore.NodeServices|development mode: true 
2019-02-25 14:56:40.3704||ERROR|Microsoft.AspNetCore.NodeServices|clean-webpack-plugin: C:\Users\Diana\Work\Projects\Assan\TemplateCoreWeb\wwwroot\dist has been removed. 
2019-02-25 14:56:40.9724|1|INFO|Microsoft.AspNetCore.Hosting.Internal.WebHost|Request starting HTTP/1.1 GET http://localhost:53185/   
2019-02-25 14:56:41.7451||INFO|Microsoft.AspNetCore.NodeServices|[34mi[39m [90mя╜вwdmя╜г[39m: wait until bundle finished: / 
2019-02-25 14:56:55.6874||INFO|Microsoft.AspNetCore.NodeServices|webpack built 032c2d05fd34c293f197 in 15131ms 
2019-02-25 14:56:55.7950||INFO|Microsoft.AspNetCore.NodeServices|[34mi[39m [90mя╜вwdmя╜г[39m: Hash: 032c2d05fd34c293f197
Version: webpack 4.23.1
Time: 15131ms
Built at: 2019-02-25 14:56:55
                                              Asset      Size         Chunks             Chunk Names
        ../img/_/fonts/bower-components/themify.svg  43 bytes                 [emitted]  
../img/_/fonts/font-awesome/fontawesome-webfont.svg  55 bytes                 [emitted]  
         critical-foft-preload-fallback-optional.js  8.04 KiB                 [emitted]  
                                   custom_styles.js   289 KiB  custom_styles  [emitted]  custom_styles
                                custom_styles.js.gz  53.3 KiB                 [emitted]  
                      fonts/fontawesome-webfont.eot   162 KiB                 [emitted]  
                   fonts/fontawesome-webfont.eot.gz  95.9 KiB                 [emitted]  
                      fonts/fontawesome-webfont.svg   437 KiB                 [emitted]  
                   fonts/fontawesome-webfont.svg.gz   132 KiB                 [emitted]  
                      fonts/fontawesome-webfont.ttf   162 KiB                 [emitted]  
                   fonts/fontawesome-webfont.ttf.gz  95.8 KiB                 [emitted]  
                     fonts/fontawesome-webfont.woff  95.7 KiB                 [emitted]  
                    fonts/fontawesome-webfont.woff2  75.4 KiB                 [emitted]  
                                  fonts/themify.eot  76.9 KiB                 [emitted]  
                               fonts/themify.eot.gz  40.1 KiB                 [emitted]  
                                  fonts/themify.svg   229 KiB                 [emitted]  
                               fonts/themify.svg.gz  71.7 KiB                 [emitted]  
                                  fonts/themify.ttf  76.7 KiB                 [emitted]  
                               fonts/themify.ttf.gz    40 KiB                 [emitted]  
                                 fonts/themify.woff  54.8 KiB                 [emitted]  
                              fonts/themify.woff.gz  33.6 KiB                 [emitted]  
                                            main.js   207 KiB           main  [emitted]  main
                                         main.js.gz  45.2 KiB                 [emitted]  
                                              sw.js  1.46 KiB                 [emitted]  
                                      vendor_src.js   958 KiB     vendor_src  [emitted]  vendor_src
                                   vendor_src.js.gz   212 KiB                 [emitted]  
                                   vendor_styles.js  1.51 MiB  vendor_styles  [emitted]  vendor_styles
                                vendor_styles.js.gz   189 KiB                 [emitted]  
Entrypoint vendor_styles = vendor_styles.js
Entrypoint vendor_src = vendor_src.js
Entrypoint custom_styles = custom_styles.js
Entrypoint main = main.js
[0] multi webpack-hot-middleware/client?path=__webpack_hmr&dynamicPublicPath=true ./ClientApp/src/assets/js/vendor_styles.js 40 bytes {vendor_styles} [built]
[1] multi webpack-hot-middleware/client?path=__webpack_hmr&dynamicPublicPath=true script-loader!./ClientApp/src/assets/vendor/js/theme/plugins.js script-loader!./ClientApp/src/assets/vendor/js/theme/event.custom.js script-loader!./ClientApp/src/assets/vendor/js/theme/gmap.js.js script-loader!./ClientApp/src/assets/vendor/js/theme/jquery.gmap.min.js script-loader!./ClientApp/src/assets/vendor/js/theme/jquery.countdown.min.js script-loader!./ClientApp/src/assets/vendor/js/jconfirm/jquery-confirm.min.js script-loader!./ClientApp/src/assets/vendor/js/init.js 112 bytes {vendor_src} [built]
[2] multi webpack-hot-middleware/client?path=__webpack_hmr&dynamicPublicPath=true ./ClientApp/src/assets/js/custom_styles.js 40 bytes {custom_styles} [built]
[3] multi webpack-hot-middleware/client?path=__webpack_hmr&dynamicPublicPath=true ./ClientApp/src/assets/js/index.js 40 bytes {main} [built]
[./ClientApp/src/assets/js/custom_styles.js] 28 bytes {custom_styles} [built]
[./ClientApp/src/assets/js/index.js] 184 bytes {main} [built]
[./ClientApp/src/assets/js/vendor_styles.js] 97 bytes {vendor_styles} [built]
[./node_modules/script-loader/index.js!./ClientApp/src/assets/vendor/js/init.js] ./node_modules/script-loader!./ClientApp/src/assets/vendor/js/init.js 429 bytes {vendor_src} [built]
[./node_modules/script-loader/index.js!./ClientApp/src/assets/vendor/js/jconfirm/jquery-confirm.min.js] ./node_modules/script-loader!./ClientApp/src/assets/vendor/js/jconfirm/jquery-confirm.min.js 453 bytes {vendor_src} [built]
[./node_modules/script-loader/index.js!./ClientApp/src/assets/vendor/js/theme/event.custom.js] ./node_modules/script-loader!./ClientApp/src/assets/vendor/js/theme/event.custom.js 444 bytes {vendor_src} [built]
[./node_modules/script-loader/index.js!./ClientApp/src/assets/vendor/js/theme/gmap.js.js] ./node_modules/script-loader!./ClientApp/src/assets/vendor/js/theme/gmap.js.js 439 bytes {vendor_src} [built]
[./node_modules/script-loader/index.js!./ClientApp/src/assets/vendor/js/theme/jquery.countdown.min.js] ./node_modules/script-loader!./ClientApp/src/assets/vendor/js/theme/jquery.countdown.min.js 452 bytes {vendor_src} [built]
[./node_modules/script-loader/index.js!./ClientApp/src/assets/vendor/js/theme/jquery.gmap.min.js] ./node_modules/script-loader!./ClientApp/src/assets/vendor/js/theme/jquery.gmap.min.js 447 bytes {vendor_src} [built]
[./node_modules/script-loader/index.js!./ClientApp/src/assets/vendor/js/theme/plugins.js] ./node_modules/script-loader!./ClientApp/src/assets/vendor/js/theme/plugins.js 439 bytes {vendor_src} [built]
[./node_modules/webpack-hot-middleware/client.js?path=__webpack_hmr&dynamicPublicPath=true] (webpack)-hot-middleware/client.js?path=__webpack_hmr&dynamicPublicPath=true 7.59 KiB {vendor_styles} {vendor_src} {custom_styles} {main} [built]
    + 43 hidden modules 
2019-02-25 14:56:55.7950||INFO|Microsoft.AspNetCore.NodeServices|[34mi[39m [90mя╜вwdmя╜г[39m: Compiled successfully. 
2019-02-25 14:56:55.8169|3|WARN|Microsoft.AspNetCore.HttpsPolicy.HttpsRedirectionMiddleware|Failed to determine the https port for redirect. 
2019-02-25 14:56:56.0859|1|INFO|Microsoft.AspNetCore.Mvc.Internal.ControllerActionInvoker|Route matched with {action = "Index", controller = "Home"}. Executing action TemplateCoreWebTest.Controllers.HomeController.Index (TemplateCoreWebTest) 
2019-02-25 14:56:56.1273|1|INFO|Microsoft.AspNetCore.Mvc.Internal.ControllerActionInvoker|Executing action method TemplateCoreWebTest.Controllers.HomeController.Index (TemplateCoreWebTest) with arguments () - Validation state: Valid 
2019-02-25 14:56:56.1273|2|INFO|Microsoft.AspNetCore.Mvc.Internal.ControllerActionInvoker|Executed action method TemplateCoreWebTest.Controllers.HomeController.Index (TemplateCoreWebTest), returned result Microsoft.AspNetCore.Mvc.ViewResult in 0.8092ms. 
2019-02-25 14:56:56.1755|1|INFO|Microsoft.AspNetCore.Mvc.ViewFeatures.ViewResultExecutor|Executing ViewResult, running view Index. 
2019-02-25 14:56:56.3545|4|INFO|Microsoft.AspNetCore.Mvc.ViewFeatures.ViewResultExecutor|Executed ViewResult - view Index executed in 208.0678ms. 
2019-02-25 14:56:56.3545|2|INFO|Microsoft.AspNetCore.Mvc.Internal.ControllerActionInvoker|Executed action TemplateCoreWebTest.Controllers.HomeController.Index (TemplateCoreWebTest) in 269.0211ms 
2019-02-25 14:56:56.3857|2|INFO|Microsoft.AspNetCore.Hosting.Internal.WebHost|Request finished in 15413.727ms 200 text/html; charset=utf-8 
2019-02-25 14:56:56.7498|1|INFO|Microsoft.AspNetCore.Hosting.Internal.WebHost|Request starting HTTP/1.1 GET http://localhost:53185/__webpack_hmr   
2019-02-25 15:09:51.5544||DEBUG|TemplateCoreWebTest.Program|init main 
2019-02-25 15:09:52.0512||INFO|Microsoft.AspNetCore.DataProtection.KeyManagement.XmlKeyManager|User profile is available. Using 'C:\Users\Diana\AppData\Local\ASP.NET\DataProtection-Keys' as key repository and Windows DPAPI to encrypt keys at rest. 
2019-02-25 15:09:54.9534||INFO|Microsoft.AspNetCore.NodeServices|development mode: true 
2019-02-25 15:09:57.1443||ERROR|Microsoft.AspNetCore.NodeServices|clean-webpack-plugin: C:\Users\Diana\Work\Projects\Assan\TemplateCoreWeb\wwwroot\dist has been removed. 
2019-02-25 15:09:57.9829|1|INFO|Microsoft.AspNetCore.Hosting.Internal.WebHost|Request starting HTTP/1.1 GET http://localhost:53185/   
2019-02-25 15:09:58.9733||INFO|Microsoft.AspNetCore.NodeServices|[34mi[39m [90mя╜вwdmя╜г[39m: wait until bundle finished: / 
2019-02-25 15:10:06.4960|1|INFO|Microsoft.AspNetCore.Hosting.Internal.WebHost|Request starting HTTP/1.1 GET http://localhost:53185/__webpack_hmr   
2019-02-25 15:10:07.5871||INFO|Microsoft.AspNetCore.NodeServices|[34mi[39m [90mя╜вwdmя╜г[39m: wait until bundle finished: /__webpack_hmr 
2019-02-25 15:10:18.2292||INFO|Microsoft.AspNetCore.NodeServices|webpack built 032c2d05fd34c293f197 in 20639ms 
2019-02-25 15:10:18.3984||INFO|Microsoft.AspNetCore.NodeServices|[34mi[39m [90mя╜вwdmя╜г[39m: Hash: 032c2d05fd34c293f197
Version: webpack 4.23.1
Time: 20639ms
Built at: 2019-02-25 15:10:17
                                              Asset      Size         Chunks             Chunk Names
        ../img/_/fonts/bower-components/themify.svg  43 bytes                 [emitted]  
../img/_/fonts/font-awesome/fontawesome-webfont.svg  55 bytes                 [emitted]  
         critical-foft-preload-fallback-optional.js  8.04 KiB                 [emitted]  
                                   custom_styles.js   289 KiB  custom_styles  [emitted]  custom_styles
                                custom_styles.js.gz  53.3 KiB                 [emitted]  
                      fonts/fontawesome-webfont.eot   162 KiB                 [emitted]  
                   fonts/fontawesome-webfont.eot.gz  95.9 KiB                 [emitted]  
                      fonts/fontawesome-webfont.svg   437 KiB                 [emitted]  
                   fonts/fontawesome-webfont.svg.gz   132 KiB                 [emitted]  
                      fonts/fontawesome-webfont.ttf   162 KiB                 [emitted]  
                   fonts/fontawesome-webfont.ttf.gz  95.8 KiB                 [emitted]  
                     fonts/fontawesome-webfont.woff  95.7 KiB                 [emitted]  
                    fonts/fontawesome-webfont.woff2  75.4 KiB                 [emitted]  
                                  fonts/themify.eot  76.9 KiB                 [emitted]  
                               fonts/themify.eot.gz  40.1 KiB                 [emitted]  
                                  fonts/themify.svg   229 KiB                 [emitted]  
                               fonts/themify.svg.gz  71.7 KiB                 [emitted]  
                                  fonts/themify.ttf  76.7 KiB                 [emitted]  
                               fonts/themify.ttf.gz    40 KiB                 [emitted]  
                                 fonts/themify.woff  54.8 KiB                 [emitted]  
                              fonts/themify.woff.gz  33.6 KiB                 [emitted]  
                                            main.js   207 KiB           main  [emitted]  main
                                         main.js.gz  45.2 KiB                 [emitted]  
                                              sw.js  1.46 KiB                 [emitted]  
                                      vendor_src.js   958 KiB     vendor_src  [emitted]  vendor_src
                                   vendor_src.js.gz   212 KiB                 [emitted]  
                                   vendor_styles.js  1.51 MiB  vendor_styles  [emitted]  vendor_styles
                                vendor_styles.js.gz   189 KiB                 [emitted]  
Entrypoint vendor_styles = vendor_styles.js
Entrypoint vendor_src = vendor_src.js
Entrypoint custom_styles = custom_styles.js
Entrypoint main = main.js
[0] multi webpack-hot-middleware/client?path=__webpack_hmr&dynamicPublicPath=true ./ClientApp/src/assets/js/vendor_styles.js 40 bytes {vendor_styles} [built]
[1] multi webpack-hot-middleware/client?path=__webpack_hmr&dynamicPublicPath=true script-loader!./ClientApp/src/assets/vendor/js/theme/plugins.js script-loader!./ClientApp/src/assets/vendor/js/theme/event.custom.js script-loader!./ClientApp/src/assets/vendor/js/theme/gmap.js.js script-loader!./ClientApp/src/assets/vendor/js/theme/jquery.gmap.min.js script-loader!./ClientApp/src/assets/vendor/js/theme/jquery.countdown.min.js script-loader!./ClientApp/src/assets/vendor/js/jconfirm/jquery-confirm.min.js script-loader!./ClientApp/src/assets/vendor/js/init.js 112 bytes {vendor_src} [built]
[2] multi webpack-hot-middleware/client?path=__webpack_hmr&dynamicPublicPath=true ./ClientApp/src/assets/js/custom_styles.js 40 bytes {custom_styles} [built]
[3] multi webpack-hot-middleware/client?path=__webpack_hmr&dynamicPublicPath=true ./ClientApp/src/assets/js/index.js 40 bytes {main} [built]
[./ClientApp/src/assets/js/custom_styles.js] 28 bytes {custom_styles} [built]
[./ClientApp/src/assets/js/index.js] 184 bytes {main} [built]
[./ClientApp/src/assets/js/vendor_styles.js] 97 bytes {vendor_styles} [built]
[./node_modules/script-loader/index.js!./ClientApp/src/assets/vendor/js/init.js] ./node_modules/script-loader!./ClientApp/src/assets/vendor/js/init.js 429 bytes {vendor_src} [built]
[./node_modules/script-loader/index.js!./ClientApp/src/assets/vendor/js/jconfirm/jquery-confirm.min.js] ./node_modules/script-loader!./ClientApp/src/assets/vendor/js/jconfirm/jquery-confirm.min.js 453 bytes {vendor_src} [built]
[./node_modules/script-loader/index.js!./ClientApp/src/assets/vendor/js/theme/event.custom.js] ./node_modules/script-loader!./ClientApp/src/assets/vendor/js/theme/event.custom.js 444 bytes {vendor_src} [built]
[./node_modules/script-loader/index.js!./ClientApp/src/assets/vendor/js/theme/gmap.js.js] ./node_modules/script-loader!./ClientApp/src/assets/vendor/js/theme/gmap.js.js 439 bytes {vendor_src} [built]
[./node_modules/script-loader/index.js!./ClientApp/src/assets/vendor/js/theme/jquery.countdown.min.js] ./node_modules/script-loader!./ClientApp/src/assets/vendor/js/theme/jquery.countdown.min.js 452 bytes {vendor_src} [built]
[./node_modules/script-loader/index.js!./ClientApp/src/assets/vendor/js/theme/jquery.gmap.min.js] ./node_modules/script-loader!./ClientApp/src/assets/vendor/js/theme/jquery.gmap.min.js 447 bytes {vendor_src} [built]
[./node_modules/script-loader/index.js!./ClientApp/src/assets/vendor/js/theme/plugins.js] ./node_modules/script-loader!./ClientApp/src/assets/vendor/js/theme/plugins.js 439 bytes {vendor_src} [built]
[./node_modules/webpack-hot-middleware/client.js?path=__webpack_hmr&dynamicPublicPath=true] (webpack)-hot-middleware/client.js?path=__webpack_hmr&dynamicPublicPath=true 7.59 KiB {vendor_styles} {vendor_src} {custom_styles} {main} [built]
    + 43 hidden modules 
2019-02-25 15:10:18.4223|3|WARN|Microsoft.AspNetCore.HttpsPolicy.HttpsRedirectionMiddleware|Failed to determine the https port for redirect. 
2019-02-25 15:10:18.4223||INFO|Microsoft.AspNetCore.NodeServices|[34mi[39m [90mя╜вwdmя╜г[39m: Compiled successfully. 
2019-02-25 15:10:19.0062|1|INFO|Microsoft.AspNetCore.Mvc.Internal.ControllerActionInvoker|Route matched with {action = "Index", controller = "Home"}. Executing action TemplateCoreWebTest.Controllers.HomeController.Index (TemplateCoreWebTest) 
2019-02-25 15:10:19.0779|1|INFO|Microsoft.AspNetCore.Mvc.Internal.ControllerActionInvoker|Executing action method TemplateCoreWebTest.Controllers.HomeController.Index (TemplateCoreWebTest) with arguments () - Validation state: Valid 
2019-02-25 15:10:19.0779|2|INFO|Microsoft.AspNetCore.Mvc.Internal.ControllerActionInvoker|Executed action method TemplateCoreWebTest.Controllers.HomeController.Index (TemplateCoreWebTest), returned result Microsoft.AspNetCore.Mvc.ViewResult in 0.984ms. 
2019-02-25 15:10:19.1428|1|INFO|Microsoft.AspNetCore.Mvc.ViewFeatures.ViewResultExecutor|Executing ViewResult, running view Index. 
2019-02-25 15:10:19.4238|4|INFO|Microsoft.AspNetCore.Mvc.ViewFeatures.ViewResultExecutor|Executed ViewResult - view Index executed in 318.9614ms. 
2019-02-25 15:10:19.4238|2|INFO|Microsoft.AspNetCore.Mvc.Internal.ControllerActionInvoker|Executed action TemplateCoreWebTest.Controllers.HomeController.Index (TemplateCoreWebTest) in 418.2392ms 
2019-02-25 15:10:19.5054|2|INFO|Microsoft.AspNetCore.Hosting.Internal.WebHost|Request finished in 21521.6676ms 200 text/html; charset=utf-8 
2019-02-25 15:10:19.9297|1|INFO|Microsoft.AspNetCore.Hosting.Internal.WebHost|Request starting HTTP/1.1 GET http://localhost:53185/__webpack_hmr   
2019-02-25 15:10:51.4018|1|INFO|Microsoft.AspNetCore.Hosting.Internal.WebHost|Request starting HTTP/1.1 GET http://localhost:53185/   
2019-02-25 15:10:51.4143|1|INFO|Microsoft.AspNetCore.Mvc.Internal.ControllerActionInvoker|Route matched with {action = "Index", controller = "Home"}. Executing action TemplateCoreWebTest.Controllers.HomeController.Index (TemplateCoreWebTest) 
2019-02-25 15:10:51.4143|1|INFO|Microsoft.AspNetCore.Mvc.Internal.ControllerActionInvoker|Executing action method TemplateCoreWebTest.Controllers.HomeController.Index (TemplateCoreWebTest) with arguments () - Validation state: Valid 
2019-02-25 15:10:51.4143|2|INFO|Microsoft.AspNetCore.Mvc.Internal.ControllerActionInvoker|Executed action method TemplateCoreWebTest.Controllers.HomeController.Index (TemplateCoreWebTest), returned result Microsoft.AspNetCore.Mvc.ViewResult in 0.0703ms. 
2019-02-25 15:10:51.4209|1|INFO|Microsoft.AspNetCore.Mvc.ViewFeatures.ViewResultExecutor|Executing ViewResult, running view Index. 
2019-02-25 15:10:53.2776|4|INFO|Microsoft.AspNetCore.Mvc.ViewFeatures.ViewResultExecutor|Executed ViewResult - view Index executed in 1856.8039ms. 
2019-02-25 15:10:53.2816|2|INFO|Microsoft.AspNetCore.Mvc.Internal.ControllerActionInvoker|Executed action TemplateCoreWebTest.Controllers.HomeController.Index (TemplateCoreWebTest) in 1865.3146ms 
2019-02-25 15:10:53.2816|2|INFO|Microsoft.AspNetCore.Hosting.Internal.WebHost|Request finished in 1882.7376ms 200 text/html; charset=utf-8 
2019-02-25 15:10:53.3240|1|INFO|Microsoft.AspNetCore.Hosting.Internal.WebHost|Request starting HTTP/1.1 GET http://localhost:53185/dist/vendor_styles.js   
2019-02-25 15:10:53.3371|1|INFO|Microsoft.AspNetCore.Hosting.Internal.WebHost|Request starting HTTP/1.1 GET http://localhost:53185/images/logo-light.png   
2019-02-25 15:10:53.3371|1|INFO|Microsoft.AspNetCore.Hosting.Internal.WebHost|Request starting HTTP/1.1 GET http://localhost:53185/dist/custom_styles.js   
2019-02-25 15:10:53.3371|1|INFO|Microsoft.AspNetCore.Hosting.Internal.WebHost|Request starting HTTP/1.1 GET http://localhost:53185/images/event/about.jpg   
2019-02-25 15:10:53.4005|2|INFO|Microsoft.AspNetCore.StaticFiles.StaticFileMiddleware|Sending file. Request path: '/images/logo-light.png'. Physical path: 'C:\Users\Diana\Work\Projects\Assan\TemplateCoreWeb\wwwroot\images\logo-light.png' 
2019-02-25 15:10:53.4005|2|INFO|Microsoft.AspNetCore.Hosting.Internal.WebHost|Request finished in 65.79ms 200 image/png 
2019-02-25 15:10:53.4110|2|INFO|Microsoft.AspNetCore.StaticFiles.StaticFileMiddleware|Sending file. Request path: '/dist/custom_styles.js'. Physical path: 'C:\Users\Diana\Work\Projects\Assan\TemplateCoreWeb\wwwroot\dist\custom_styles.js' 
2019-02-25 15:10:53.4230|2|INFO|Microsoft.AspNetCore.Hosting.Internal.WebHost|Request finished in 85.8676ms 200 application/javascript 
2019-02-25 15:10:53.4684|2|INFO|Microsoft.AspNetCore.StaticFiles.StaticFileMiddleware|Sending file. Request path: '/dist/vendor_styles.js'. Physical path: 'C:\Users\Diana\Work\Projects\Assan\TemplateCoreWeb\wwwroot\dist\vendor_styles.js' 
2019-02-25 15:10:53.4684|1|INFO|Microsoft.AspNetCore.Hosting.Internal.WebHost|Request starting HTTP/1.1 GET http://localhost:53185/dist/vendor_src.js   
2019-02-25 15:10:53.4957|2|INFO|Microsoft.AspNetCore.Hosting.Internal.WebHost|Request finished in 171.5753ms 200 application/javascript 
2019-02-25 15:10:53.5642|2|INFO|Microsoft.AspNetCore.StaticFiles.StaticFileMiddleware|Sending file. Request path: '/dist/vendor_src.js'. Physical path: 'C:\Users\Diana\Work\Projects\Assan\TemplateCoreWeb\wwwroot\dist\vendor_src.js' 
2019-02-25 15:10:53.5857|2|INFO|Microsoft.AspNetCore.Hosting.Internal.WebHost|Request finished in 110.8064ms 200 application/javascript 
2019-02-25 15:10:53.8895|1|INFO|Microsoft.AspNetCore.Hosting.Internal.WebHost|Request starting HTTP/1.1 GET http://localhost:53185/dist/main.js   
2019-02-25 15:10:53.9536|2|INFO|Microsoft.AspNetCore.StaticFiles.StaticFileMiddleware|Sending file. Request path: '/dist/main.js'. Physical path: 'C:\Users\Diana\Work\Projects\Assan\TemplateCoreWeb\wwwroot\dist\main.js' 
2019-02-25 15:10:53.9831|2|INFO|Microsoft.AspNetCore.Hosting.Internal.WebHost|Request finished in 93.1252ms 200 application/javascript 
2019-02-25 15:10:54.2416|1|INFO|Microsoft.AspNetCore.Hosting.Internal.WebHost|Request starting HTTP/1.1 GET http://localhost:53185/__webpack_hmr   
2019-02-25 15:10:54.2907|2|INFO|Microsoft.AspNetCore.Hosting.Internal.WebHost|Request finished in 34359.7104ms 200 text/event-stream; charset=utf-8 
2019-02-25 15:10:54.5045|1|INFO|Microsoft.AspNetCore.Hosting.Internal.WebHost|Request starting HTTP/1.1 GET http://localhost:53185/images/event/bg4.jpg   
2019-02-25 15:10:54.5174|2|INFO|Microsoft.AspNetCore.StaticFiles.StaticFileMiddleware|Sending file. Request path: '/images/event/bg4.jpg'. Physical path: 'C:\Users\Diana\Work\Projects\Assan\TemplateCoreWeb\wwwroot\images\event\bg4.jpg' 
2019-02-25 15:10:54.5174|2|INFO|Microsoft.AspNetCore.Hosting.Internal.WebHost|Request finished in 17.9428ms 200 image/jpeg 
2019-02-25 15:10:54.5300|1|INFO|Microsoft.AspNetCore.Hosting.Internal.WebHost|Request starting HTTP/1.1 GET http://localhost:53185/dist/fonts/fontawesome-webfont.woff2   
2019-02-25 15:10:54.5300|1|INFO|Microsoft.AspNetCore.Hosting.Internal.WebHost|Request starting HTTP/1.1 GET http://localhost:53185/dist/fonts/themify.woff   
2019-02-25 15:10:54.5300|2|INFO|Microsoft.AspNetCore.StaticFiles.StaticFileMiddleware|Sending file. Request path: '/dist/fonts/fontawesome-webfont.woff2'. Physical path: 'C:\Users\Diana\Work\Projects\Assan\TemplateCoreWeb\wwwroot\dist\fonts\fontawesome-webfont.woff2' 
2019-02-25 15:10:54.5540|2|INFO|Microsoft.AspNetCore.StaticFiles.StaticFileMiddleware|Sending file. Request path: '/dist/fonts/themify.woff'. Physical path: 'C:\Users\Diana\Work\Projects\Assan\TemplateCoreWeb\wwwroot\dist\fonts\themify.woff' 
2019-02-25 15:10:54.5654|2|INFO|Microsoft.AspNetCore.Hosting.Internal.WebHost|Request finished in 33.8765ms 200 font/woff2 
2019-02-25 15:10:54.5784|2|INFO|Microsoft.AspNetCore.Hosting.Internal.WebHost|Request finished in 41.7976ms 200 application/font-woff 
2019-02-25 15:10:56.6492|2|INFO|Microsoft.AspNetCore.StaticFiles.StaticFileMiddleware|Sending file. Request path: '/images/event/about.jpg'. Physical path: 'C:\Users\Diana\Work\Projects\Assan\TemplateCoreWeb\wwwroot\images\event\about.jpg' 
2019-02-25 15:10:56.6548|2|INFO|Microsoft.AspNetCore.Hosting.Internal.WebHost|Request finished in 3317.0162ms 200 image/jpeg 
2019-02-25 15:10:58.2999|1|INFO|Microsoft.AspNetCore.Hosting.Internal.WebHost|Request starting HTTP/1.1 GET http://localhost:53185/favicon-32x32.png   
2019-02-25 15:10:58.2999|2|INFO|Microsoft.AspNetCore.StaticFiles.StaticFileMiddleware|Sending file. Request path: '/favicon-32x32.png'. Physical path: 'C:\Users\Diana\Work\Projects\Assan\TemplateCoreWeb\wwwroot\favicon-32x32.png' 
2019-02-25 15:10:58.3134|2|INFO|Microsoft.AspNetCore.Hosting.Internal.WebHost|Request finished in 13.8659ms 200 image/png 
2019-02-25 15:10:58.3134|1|INFO|Microsoft.AspNetCore.Hosting.Internal.WebHost|Request starting HTTP/1.1 GET http://localhost:53185/favicon-16x16.png   
2019-02-25 15:10:58.3352|6|INFO|Microsoft.AspNetCore.StaticFiles.StaticFileMiddleware|The file /favicon-16x16.png was not modified 
2019-02-25 15:10:58.3470|2|INFO|Microsoft.AspNetCore.Hosting.Internal.WebHost|Request finished in 21.5497ms 304 image/png 
2019-02-25 15:39:00.6330|1|INFO|Microsoft.AspNetCore.Hosting.Internal.WebHost|Request starting HTTP/1.1 GET http://localhost:53185/   
2019-02-25 15:39:00.7318|1|INFO|Microsoft.AspNetCore.Mvc.Internal.ControllerActionInvoker|Route matched with {action = "Index", controller = "Home"}. Executing action TemplateCoreWebTest.Controllers.HomeController.Index (TemplateCoreWebTest) 
2019-02-25 15:39:00.7460|1|INFO|Microsoft.AspNetCore.Mvc.Internal.ControllerActionInvoker|Executing action method TemplateCoreWebTest.Controllers.HomeController.Index (TemplateCoreWebTest) with arguments () - Validation state: Valid 
2019-02-25 15:39:00.7460|2|INFO|Microsoft.AspNetCore.Mvc.Internal.ControllerActionInvoker|Executed action method TemplateCoreWebTest.Controllers.HomeController.Index (TemplateCoreWebTest), returned result Microsoft.AspNetCore.Mvc.ViewResult in 0.4283ms. 
2019-02-25 15:39:00.7746|1|INFO|Microsoft.AspNetCore.Mvc.ViewFeatures.ViewResultExecutor|Executing ViewResult, running view Index. 
2019-02-25 15:39:00.7974|4|INFO|Microsoft.AspNetCore.Mvc.ViewFeatures.ViewResultExecutor|Executed ViewResult - view Index executed in 45.972ms. 
2019-02-25 15:39:00.7974|2|INFO|Microsoft.AspNetCore.Mvc.Internal.ControllerActionInvoker|Executed action TemplateCoreWebTest.Controllers.HomeController.Index (TemplateCoreWebTest) in 65.5358ms 
2019-02-25 15:39:00.7974|2|INFO|Microsoft.AspNetCore.Hosting.Internal.WebHost|Request finished in 170.2006ms 200 text/html; charset=utf-8 
2019-02-25 15:39:01.2062|1|INFO|Microsoft.AspNetCore.Hosting.Internal.WebHost|Request starting HTTP/1.1 GET http://localhost:53185/__webpack_hmr   
2019-02-25 15:39:01.2785|2|INFO|Microsoft.AspNetCore.Hosting.Internal.WebHost|Request finished in 1734753.0619ms 200 text/event-stream; charset=utf-8 
2019-02-25 15:52:57.7526|2|INFO|Microsoft.AspNetCore.Hosting.Internal.WebHost|Request finished in 2523472.1436ms 200 text/event-stream; charset=utf-8 
