2019-02-15 13:51:39.2852||DEBUG|TemplateCoreWebTest.Program|init main |url: |action: 
2019-02-15 13:51:45.1097||ERROR|Microsoft.AspNetCore.NodeServices|clean-webpack-plugin: C:\Users\Diana\Work\Projects\Assan\TemplateCoreWeb\wwwroot\dist has been removed. |url: |action: 
2019-02-15 13:52:04.5705|3|WARN|Microsoft.AspNetCore.HttpsPolicy.HttpsRedirectionMiddleware|Failed to determine the https port for redirect. |url: http://localhost/|action: 
2019-02-15 14:20:36.1754||DEBUG|TemplateCoreWebTest.Program|init main |url: |action: 
2019-02-15 14:20:45.2213||ERROR|Microsoft.AspNetCore.NodeServices|clean-webpack-plugin: C:\Users\Diana\Work\Projects\Assan\TemplateCoreWeb\wwwroot\dist has been removed. |url: |action: 
2019-02-15 14:21:06.6433|3|WARN|Microsoft.AspNetCore.HttpsPolicy.HttpsRedirectionMiddleware|Failed to determine the https port for redirect. |url: http://localhost/|action: 
2019-02-15 14:37:22.8899||DEBUG|TemplateCoreWebTest.Program|init main |url: |action: 
2019-02-15 14:37:27.9175||ERROR|Microsoft.AspNetCore.NodeServices|clean-webpack-plugin: C:\Users\Diana\Work\Projects\Assan\TemplateCoreWeb\wwwroot\dist has been removed. |url: |action: 
2019-02-15 14:37:52.1037|3|WARN|Microsoft.AspNetCore.HttpsPolicy.HttpsRedirectionMiddleware|Failed to determine the https port for redirect. |url: http://localhost/|action: 
2019-02-15 14:39:47.9754||DEBUG|TemplateCoreWebTest.Program|init main |url: |action: 
2019-02-15 14:39:52.9083||ERROR|Microsoft.AspNetCore.NodeServices|clean-webpack-plugin: C:\Users\Diana\Work\Projects\Assan\TemplateCoreWeb\wwwroot\dist has been removed. |url: |action: 
2019-02-15 14:40:08.0263|3|WARN|Microsoft.AspNetCore.HttpsPolicy.HttpsRedirectionMiddleware|Failed to determine the https port for redirect. |url: http://localhost/|action: 
2019-02-15 15:00:53.2530||DEBUG|TemplateCoreWebTest.Program|init main |url: |action: 
2019-02-15 15:00:58.0564||ERROR|Microsoft.AspNetCore.NodeServices|clean-webpack-plugin: C:\Users\Diana\Work\Projects\Assan\TemplateCoreWeb\wwwroot\dist has been removed. |url: |action: 
2019-02-15 15:01:12.4970|3|WARN|Microsoft.AspNetCore.HttpsPolicy.HttpsRedirectionMiddleware|Failed to determine the https port for redirect. |url: http://localhost/|action: 
2019-02-15 15:57:37.8436||DEBUG|TemplateCoreWebTest.Program|init main |url: |action: 
2019-02-15 15:57:44.5535||ERROR|Microsoft.AspNetCore.NodeServices|clean-webpack-plugin: C:\Users\Diana\Work\Projects\Assan\TemplateCoreWeb\wwwroot\dist has been removed. |url: |action: 
2019-02-15 15:58:04.7380|3|WARN|Microsoft.AspNetCore.HttpsPolicy.HttpsRedirectionMiddleware|Failed to determine the https port for redirect. |url: http://localhost/|action: 
2019-02-15 15:59:39.2692||DEBUG|TemplateCoreWebTest.Program|init main |url: |action: 
2019-02-15 15:59:45.5083||ERROR|Microsoft.AspNetCore.NodeServices|clean-webpack-plugin: C:\Users\Diana\Work\Projects\Assan\TemplateCoreWeb\wwwroot\dist has been removed. |url: |action: 
2019-02-15 16:00:01.1833|3|WARN|Microsoft.AspNetCore.HttpsPolicy.HttpsRedirectionMiddleware|Failed to determine the https port for redirect. |url: http://localhost/|action: 
2019-02-15 16:15:38.9952||DEBUG|TemplateCoreWebTest.Program|init main |url: |action: 
2019-02-15 16:15:43.9486||ERROR|Microsoft.AspNetCore.NodeServices|clean-webpack-plugin: C:\Users\Diana\Work\Projects\Assan\TemplateCoreWeb\wwwroot\dist has been removed. |url: |action: 
2019-02-15 16:15:59.0370|3|WARN|Microsoft.AspNetCore.HttpsPolicy.HttpsRedirectionMiddleware|Failed to determine the https port for redirect. |url: http://localhost/|action: 
2019-02-15 16:41:22.9868||DEBUG|TemplateCoreWebTest.Program|init main |url: |action: 
2019-02-15 16:41:28.0017||ERROR|Microsoft.AspNetCore.NodeServices|clean-webpack-plugin: C:\Users\Diana\Work\Projects\Assan\TemplateCoreWeb\wwwroot\dist has been removed. |url: |action: 
2019-02-15 16:41:43.4286|3|WARN|Microsoft.AspNetCore.HttpsPolicy.HttpsRedirectionMiddleware|Failed to determine the https port for redirect. |url: http://localhost/|action: 
2019-02-15 16:49:45.7760|1|ERROR|Microsoft.AspNetCore.Diagnostics.DeveloperExceptionPageMiddleware|An unhandled exception has occurred while executing the request. Microsoft.AspNetCore.Mvc.Razor.Compilation.CompilationFailedException: One or more compilation failures occurred:
C:\Users\Diana\Work\Projects\Assan\TemplateCoreWeb\Views\Home\Index.cshtml(548,47): Error RZ1003: A space or line break was encountered after the "@" character.  Only valid identifiers, keywords, comments, "(" and "{" are valid at the start of a code block and they must occur immediately following "@" with no space in between.
   at Microsoft.AspNetCore.Mvc.Razor.Internal.RazorViewCompiler.CompileAndEmit(String relativePath)
   at Microsoft.AspNetCore.Mvc.Razor.Internal.RazorViewCompiler.OnCacheMiss(String normalizedPath)
--- End of stack trace from previous location where exception was thrown ---
   at Microsoft.AspNetCore.Mvc.Razor.Internal.DefaultRazorPageFactoryProvider.CreateFactory(String relativePath)
   at Microsoft.AspNetCore.Mvc.Razor.RazorViewEngine.CreateCacheResult(HashSet`1 expirationTokens, String relativePath, Boolean isMainPage)
   at Microsoft.AspNetCore.Mvc.Razor.RazorViewEngine.OnCacheMiss(ViewLocationExpanderContext expanderContext, ViewLocationCacheKey cacheKey)
   at Microsoft.AspNetCore.Mvc.Razor.RazorViewEngine.LocatePageFromViewLocations(ActionContext actionContext, String pageName, Boolean isMainPage)
   at Microsoft.AspNetCore.Mvc.Razor.RazorViewEngine.FindView(ActionContext context, String viewName, Boolean isMainPage)
   at Microsoft.AspNetCore.Mvc.ViewEngines.CompositeViewEngine.FindView(ActionContext context, String viewName, Boolean isMainPage)
   at Microsoft.AspNetCore.Mvc.ViewFeatures.ViewResultExecutor.FindView(ActionContext actionContext, ViewResult viewResult)
   at Microsoft.AspNetCore.Mvc.ViewFeatures.ViewResultExecutor.ExecuteAsync(ActionContext context, ViewResult result)
   at Microsoft.AspNetCore.Mvc.ViewResult.ExecuteResultAsync(ActionContext context)
   at Microsoft.AspNetCore.Mvc.Internal.ResourceInvoker.InvokeResultAsync(IActionResult result)
   at Microsoft.AspNetCore.Mvc.Internal.ResourceInvoker.InvokeNextResultFilterAsync[TFilter,TFilterAsync]()
   at Microsoft.AspNetCore.Mvc.Internal.ResourceInvoker.Rethrow(ResultExecutedContext context)
   at Microsoft.AspNetCore.Mvc.Internal.ResourceInvoker.ResultNext[TFilter,TFilterAsync](State& next, Scope& scope, Object& state, Boolean& isCompleted)
   at Microsoft.AspNetCore.Mvc.Internal.ResourceInvoker.InvokeResultFilters()
   at Microsoft.AspNetCore.Mvc.Internal.ResourceInvoker.InvokeNextResourceFilter()
   at Microsoft.AspNetCore.Mvc.Internal.ResourceInvoker.Rethrow(ResourceExecutedContext context)
   at Microsoft.AspNetCore.Mvc.Internal.ResourceInvoker.Next(State& next, Scope& scope, Object& state, Boolean& isCompleted)
   at Microsoft.AspNetCore.Mvc.Internal.ResourceInvoker.InvokeFilterPipelineAsync()
   at Microsoft.AspNetCore.Mvc.Internal.ResourceInvoker.InvokeAsync()
   at Microsoft.AspNetCore.Builder.RouterMiddleware.Invoke(HttpContext httpContext)
   at Microsoft.AspNetCore.Diagnostics.StatusCodePagesMiddleware.Invoke(HttpContext context)
   at Microsoft.AspNetCore.Session.SessionMiddleware.Invoke(HttpContext context)
   at Microsoft.AspNetCore.Session.SessionMiddleware.Invoke(HttpContext context)
   at Microsoft.AspNetCore.StaticFiles.StaticFileMiddleware.Invoke(HttpContext context)
   at Microsoft.AspNetCore.SpaServices.Webpack.ConditionalProxyMiddleware.Invoke(HttpContext context)
   at Microsoft.AspNetCore.SpaServices.Webpack.ConditionalProxyMiddleware.Invoke(HttpContext context)
   at Microsoft.AspNetCore.Diagnostics.DeveloperExceptionPageMiddleware.Invoke(HttpContext context)|url: http://localhost/|action: Index
2019-02-15 16:51:25.3696||DEBUG|TemplateCoreWebTest.Program|init main |url: |action: 
2019-02-15 16:51:31.5456||ERROR|Microsoft.AspNetCore.NodeServices|clean-webpack-plugin: C:\Users\Diana\Work\Projects\Assan\TemplateCoreWeb\wwwroot\dist has been removed. |url: |action: 
2019-02-15 16:51:49.0743|3|WARN|Microsoft.AspNetCore.HttpsPolicy.HttpsRedirectionMiddleware|Failed to determine the https port for redirect. |url: http://localhost/|action: 
2019-02-15 17:42:37.6321||DEBUG|TemplateCoreWebTest.Program|init main |url: |action: 
2019-02-15 17:42:43.1904||ERROR|Microsoft.AspNetCore.NodeServices|clean-webpack-plugin: C:\Users\Diana\Work\Projects\Assan\TemplateCoreWeb\wwwroot\dist has been removed. |url: |action: 
2019-02-15 17:42:57.0230|3|WARN|Microsoft.AspNetCore.HttpsPolicy.HttpsRedirectionMiddleware|Failed to determine the https port for redirect. |url: http://localhost/|action: 
2019-02-15 18:14:44.4220||DEBUG|TemplateCoreWebTest.Program|init main |url: |action: 
2019-02-15 18:14:52.9490||ERROR|Microsoft.AspNetCore.NodeServices|clean-webpack-plugin: C:\Users\Diana\Work\Projects\Assan\TemplateCoreWeb\wwwroot\dist has been removed. |url: |action: 
2019-02-15 18:15:11.9726|3|WARN|Microsoft.AspNetCore.HttpsPolicy.HttpsRedirectionMiddleware|Failed to determine the https port for redirect. |url: http://localhost/|action: 
