2019-01-23 13:21:28.8653||DEBUG|TemplateCoreWebTest.Program|init main |url: |action: 
2019-01-23 13:21:39.6252||ERROR|Microsoft.AspNetCore.NodeServices|clean-webpack-plugin: C:\Users\Diana\Work\Projects\Weeding\TemplateCoreWeb\wwwroot\dist has been removed. |url: |action: 
2019-01-23 13:22:00.3158||DEBUG|TemplateCoreWebTest.Program|init main |url: |action: 
2019-01-23 13:22:08.1761||ERROR|Microsoft.AspNetCore.NodeServices|clean-webpack-plugin: C:\Users\Diana\Work\Projects\Weeding\TemplateCoreWeb\wwwroot\dist has been removed. |url: |action: 
2019-01-23 13:22:17.9782|3|WARN|Microsoft.AspNetCore.HttpsPolicy.HttpsRedirectionMiddleware|Failed to determine the https port for redirect. |url: http://localhost/|action: 
2019-01-23 14:34:25.4476||INFO|AWSSDK|Found AWS credentials for the profile development |url: http://localhost/api/send-feedback|action: SendFeedback
2019-01-23 14:34:25.8928||WARN|TemplateCoreWebTest.Services.GoogleRecaptcha.GoogleRecaptcha|Captcha validation failed: |url: http://localhost/api/send-feedback|action: SendFeedback
2019-01-23 14:49:41.2456||DEBUG|TemplateCoreWebTest.Program|init main |url: |action: 
2019-01-23 14:49:46.0885||ERROR|Microsoft.AspNetCore.NodeServices|clean-webpack-plugin: C:\Users\Diana\Work\Projects\Weeding\TemplateCoreWeb\wwwroot\dist has been removed. |url: |action: 
2019-01-23 14:49:56.5748|3|WARN|Microsoft.AspNetCore.HttpsPolicy.HttpsRedirectionMiddleware|Failed to determine the https port for redirect. |url: http://localhost/|action: 
2019-01-23 14:50:22.1113||DEBUG|TemplateCoreWebTest.Program|init main |url: |action: 
2019-01-23 14:50:30.1654||ERROR|Microsoft.AspNetCore.NodeServices|clean-webpack-plugin: C:\Users\Diana\Work\Projects\Weeding\TemplateCoreWeb\wwwroot\dist has been removed. |url: |action: 
2019-01-23 14:50:43.0828|3|WARN|Microsoft.AspNetCore.HttpsPolicy.HttpsRedirectionMiddleware|Failed to determine the https port for redirect. |url: http://localhost/|action: 
2019-01-23 14:51:28.1667||DEBUG|TemplateCoreWebTest.Program|init main |url: |action: 
2019-01-23 14:51:33.0402||ERROR|Microsoft.AspNetCore.NodeServices|clean-webpack-plugin: C:\Users\Diana\Work\Projects\Weeding\TemplateCoreWeb\wwwroot\dist has been removed. |url: |action: 
2019-01-23 14:51:43.3819|3|WARN|Microsoft.AspNetCore.HttpsPolicy.HttpsRedirectionMiddleware|Failed to determine the https port for redirect. |url: http://localhost/|action: 
2019-01-23 15:36:02.7753||DEBUG|TemplateCoreWebTest.Program|init main |url: |action: 
2019-01-23 15:36:21.4441||ERROR|Microsoft.AspNetCore.NodeServices|clean-webpack-plugin: C:\Users\Diana\Work\Projects\Weeding\TemplateCoreWeb\wwwroot\dist has been removed. |url: |action: 
2019-01-23 15:36:51.0550|3|WARN|Microsoft.AspNetCore.HttpsPolicy.HttpsRedirectionMiddleware|Failed to determine the https port for redirect. |url: http://localhost/|action: 
2019-01-23 15:39:20.1095||DEBUG|TemplateCoreWebTest.Program|init main |url: |action: 
2019-01-23 15:39:31.7911||ERROR|Microsoft.AspNetCore.NodeServices|clean-webpack-plugin: C:\Users\Diana\Work\Projects\Weeding\TemplateCoreWeb\wwwroot\dist has been removed. |url: |action: 
2019-01-23 15:39:59.2115|3|WARN|Microsoft.AspNetCore.HttpsPolicy.HttpsRedirectionMiddleware|Failed to determine the https port for redirect. |url: http://localhost/|action: 
2019-01-23 15:58:17.4389||DEBUG|TemplateCoreWebTest.Program|init main |url: |action: 
2019-01-23 15:58:32.5462||ERROR|Microsoft.AspNetCore.NodeServices|clean-webpack-plugin: C:\Users\Diana\Work\Projects\Weeding\TemplateCoreWeb\wwwroot\dist has been removed. |url: |action: 
2019-01-23 15:58:54.4784|3|WARN|Microsoft.AspNetCore.HttpsPolicy.HttpsRedirectionMiddleware|Failed to determine the https port for redirect. |url: http://localhost/|action: 
2019-01-23 16:02:08.4186||DEBUG|TemplateCoreWebTest.Program|init main |url: |action: 
2019-01-23 16:02:15.0561||ERROR|Microsoft.AspNetCore.NodeServices|clean-webpack-plugin: C:\Users\Diana\Work\Projects\Weeding\TemplateCoreWeb\wwwroot\dist has been removed. |url: |action: 
2019-01-23 16:02:33.0766|3|WARN|Microsoft.AspNetCore.HttpsPolicy.HttpsRedirectionMiddleware|Failed to determine the https port for redirect. |url: http://localhost/|action: 
2019-01-23 16:24:18.9777||DEBUG|TemplateCoreWebTest.Program|init main |url: |action: 
2019-01-23 16:24:24.5013||ERROR|Microsoft.AspNetCore.NodeServices|clean-webpack-plugin: C:\Users\Diana\Work\Projects\Weeding\TemplateCoreWeb\wwwroot\dist has been removed. |url: |action: 
2019-01-23 16:24:35.6586|3|WARN|Microsoft.AspNetCore.HttpsPolicy.HttpsRedirectionMiddleware|Failed to determine the https port for redirect. |url: http://localhost/|action: 
2019-01-23 16:33:10.5694||INFO|AWSSDK|Found AWS credentials for the profile development |url: http://localhost/api/send-feedback|action: SendFeedback
2019-01-23 16:33:10.9830||WARN|TemplateCoreWebTest.Services.GoogleRecaptcha.GoogleRecaptcha|Captcha validation failed: |url: http://localhost/api/send-feedback|action: SendFeedback
2019-01-23 16:44:23.9801||DEBUG|TemplateCoreWebTest.Program|init main |url: |action: 
2019-01-23 16:44:29.2694||ERROR|Microsoft.AspNetCore.NodeServices|clean-webpack-plugin: C:\Users\Diana\Work\Projects\Weeding\TemplateCoreWeb\wwwroot\dist has been removed. |url: |action: 
2019-01-23 16:44:41.7706|3|WARN|Microsoft.AspNetCore.HttpsPolicy.HttpsRedirectionMiddleware|Failed to determine the https port for redirect. |url: http://localhost/|action: 
2019-01-23 16:45:39.3350||DEBUG|TemplateCoreWebTest.Program|init main |url: |action: 
2019-01-23 16:45:55.3133||DEBUG|TemplateCoreWebTest.Program|init main |url: |action: 
2019-01-23 16:46:00.9589||ERROR|Microsoft.AspNetCore.NodeServices|clean-webpack-plugin: C:\Users\Diana\Work\Projects\Weeding\TemplateCoreWeb\wwwroot\dist has been removed. |url: |action: 
2019-01-23 16:46:12.3030|3|WARN|Microsoft.AspNetCore.HttpsPolicy.HttpsRedirectionMiddleware|Failed to determine the https port for redirect. |url: http://localhost/|action: 
2019-01-23 16:47:57.9547||DEBUG|TemplateCoreWebTest.Program|init main |url: |action: 
2019-01-23 16:48:25.5295||ERROR|Microsoft.AspNetCore.NodeServices|clean-webpack-plugin: C:\Users\Diana\Work\Projects\Weeding\TemplateCoreWeb\wwwroot\dist has been removed. |url: |action: 
2019-01-23 16:49:03.3567||DEBUG|TemplateCoreWebTest.Program|init main |url: |action: 
2019-01-23 16:49:09.4567||ERROR|Microsoft.AspNetCore.NodeServices|clean-webpack-plugin: C:\Users\Diana\Work\Projects\Weeding\TemplateCoreWeb\wwwroot\dist has been removed. |url: |action: 
2019-01-23 16:49:25.6644|3|WARN|Microsoft.AspNetCore.HttpsPolicy.HttpsRedirectionMiddleware|Failed to determine the https port for redirect. |url: http://localhost/|action: 
2019-01-23 16:56:03.8568||DEBUG|TemplateCoreWebTest.Program|init main |url: |action: 
2019-01-23 16:56:11.7529||ERROR|Microsoft.AspNetCore.NodeServices|clean-webpack-plugin: C:\Users\Diana\Work\Projects\Weeding\TemplateCoreWeb\wwwroot\dist has been removed. |url: |action: 
2019-01-23 16:56:26.7228|3|WARN|Microsoft.AspNetCore.HttpsPolicy.HttpsRedirectionMiddleware|Failed to determine the https port for redirect. |url: http://localhost/|action: 
2019-01-23 16:57:15.5975||DEBUG|TemplateCoreWebTest.Program|init main |url: |action: 
2019-01-23 16:57:20.4430||ERROR|Microsoft.AspNetCore.NodeServices|clean-webpack-plugin: C:\Users\Diana\Work\Projects\Weeding\TemplateCoreWeb\wwwroot\dist has been removed. |url: |action: 
2019-01-23 16:57:32.3723|3|WARN|Microsoft.AspNetCore.HttpsPolicy.HttpsRedirectionMiddleware|Failed to determine the https port for redirect. |url: http://localhost/|action: 
2019-01-23 17:13:03.3791||DEBUG|TemplateCoreWebTest.Program|init main |url: |action: 
2019-01-23 17:13:09.7559||ERROR|Microsoft.AspNetCore.NodeServices|clean-webpack-plugin: C:\Users\Diana\Work\Projects\Weeding\TemplateCoreWeb\wwwroot\dist has been removed. |url: |action: 
2019-01-23 17:13:15.4292||DEBUG|TemplateCoreWebTest.Program|init main |url: |action: 
2019-01-23 17:13:23.1056||ERROR|Microsoft.AspNetCore.NodeServices|clean-webpack-plugin: C:\Users\Diana\Work\Projects\Weeding\TemplateCoreWeb\wwwroot\dist has been removed. |url: |action: 
2019-01-23 17:13:38.7785|3|WARN|Microsoft.AspNetCore.HttpsPolicy.HttpsRedirectionMiddleware|Failed to determine the https port for redirect. |url: http://localhost/|action: 
2019-01-23 17:27:22.9952||DEBUG|TemplateCoreWebTest.Program|init main |url: |action: 
2019-01-23 17:27:34.4373||ERROR|Microsoft.AspNetCore.NodeServices|clean-webpack-plugin: C:\Users\Diana\Work\Projects\Weeding\TemplateCoreWeb\wwwroot\dist has been removed. |url: |action: 
2019-01-23 17:27:52.6591|3|WARN|Microsoft.AspNetCore.HttpsPolicy.HttpsRedirectionMiddleware|Failed to determine the https port for redirect. |url: http://localhost/|action: 
2019-01-23 17:37:01.5627||DEBUG|TemplateCoreWebTest.Program|init main |url: |action: 
2019-01-23 17:37:07.1995||ERROR|Microsoft.AspNetCore.NodeServices|clean-webpack-plugin: C:\Users\Diana\Work\Projects\Weeding\TemplateCoreWeb\wwwroot\dist has been removed. |url: |action: 
2019-01-23 17:37:18.4118|3|WARN|Microsoft.AspNetCore.HttpsPolicy.HttpsRedirectionMiddleware|Failed to determine the https port for redirect. |url: http://localhost/|action: 
2019-01-23 17:40:16.2274||DEBUG|TemplateCoreWebTest.Program|init main |url: |action: 
2019-01-23 17:40:22.6006||ERROR|Microsoft.AspNetCore.NodeServices|clean-webpack-plugin: C:\Users\Diana\Work\Projects\Weeding\TemplateCoreWeb\wwwroot\dist has been removed. |url: |action: 
2019-01-23 17:40:33.2007|3|WARN|Microsoft.AspNetCore.HttpsPolicy.HttpsRedirectionMiddleware|Failed to determine the https port for redirect. |url: http://localhost/|action: 
2019-01-23 17:56:37.4682||INFO|AWSSDK|Found AWS credentials for the profile development |url: http://localhost/api/send-feedback|action: SendFeedback
2019-01-23 17:56:37.8108||WARN|TemplateCoreWebTest.Services.GoogleRecaptcha.GoogleRecaptcha|Captcha validation failed: |url: http://localhost/api/send-feedback|action: SendFeedback
2019-01-23 18:14:26.9667||DEBUG|TemplateCoreWebTest.Program|init main |url: |action: 
2019-01-23 18:14:33.1847||ERROR|Microsoft.AspNetCore.NodeServices|clean-webpack-plugin: C:\Users\Diana\Work\Projects\Weeding\TemplateCoreWeb\wwwroot\dist has been removed. |url: |action: 
2019-01-23 18:14:46.0652|3|WARN|Microsoft.AspNetCore.HttpsPolicy.HttpsRedirectionMiddleware|Failed to determine the https port for redirect. |url: http://localhost/|action: 
2019-01-23 18:15:15.4586||INFO|AWSSDK|Found AWS credentials for the profile development |url: http://localhost/api/send-feedback|action: SendFeedback
2019-01-23 18:15:15.8449||WARN|TemplateCoreWebTest.Services.GoogleRecaptcha.GoogleRecaptcha|Captcha validation failed: |url: http://localhost/api/send-feedback|action: SendFeedback
2019-01-23 18:19:05.3120||DEBUG|TemplateCoreWebTest.Program|init main |url: |action: 
2019-01-23 18:19:10.4617||ERROR|Microsoft.AspNetCore.NodeServices|clean-webpack-plugin: C:\Users\Diana\Work\Projects\Weeding\TemplateCoreWeb\wwwroot\dist has been removed. |url: |action: 
2019-01-23 18:19:24.8529|3|WARN|Microsoft.AspNetCore.HttpsPolicy.HttpsRedirectionMiddleware|Failed to determine the https port for redirect. |url: http://localhost/|action: 
2019-01-23 18:20:06.5814||INFO|AWSSDK|Found AWS credentials for the profile development |url: http://localhost/api/send-feedback|action: SendFeedback
2019-01-23 18:20:07.1140||WARN|TemplateCoreWebTest.Services.GoogleRecaptcha.GoogleRecaptcha|Captcha validation failed: |url: http://localhost/api/send-feedback|action: SendFeedback
2019-01-23 18:21:12.5613||ERROR|Microsoft.AspNetCore.NodeServices|[31m├Ч[39m [90mя╜вwdmя╜г[39m: Hash: 3df7ee5b8d28473111c2
Version: webpack 4.23.1
Time: 587ms
Built at: 2019-01-23 18:21:12
                                                               Asset       Size                        Chunks             Chunk Names
../img/_/fonts/glyphicons-halflings/glyphicons-halflings-regular.svg   64 bytes                                           
                                                     ../img/drag.png   49.2 KiB                                           
                                                  ../img/drag.png.gz   35.2 KiB                                [emitted]  
                                363cd9c410bdf9916ec1.hot-update.json   55 bytes                                [emitted]  
                    custom_styles.363cd9c410bdf9916ec1.hot-update.js   1.38 KiB  custom_styles, custom_styles  [emitted]  custom_styles, custom_styles
                 custom_styles.363cd9c410bdf9916ec1.hot-update.js.gz  524 bytes                                [emitted]  
                                                    custom_styles.js    163 KiB                 custom_styles  [emitted]  custom_styles
                                                 custom_styles.js.gz   34.6 KiB                                [emitted]  
                              fonts/glyphicons-halflings-regular.eot   19.9 KiB                                           
                              fonts/glyphicons-halflings-regular.svg   61.7 KiB                                           
                           fonts/glyphicons-halflings-regular.svg.gz   16.4 KiB                                [emitted]  
                              fonts/glyphicons-halflings-regular.ttf   40.3 KiB                                           
                           fonts/glyphicons-halflings-regular.ttf.gz   22.7 KiB                                [emitted]  
                             fonts/glyphicons-halflings-regular.woff   22.8 KiB                                           
                            fonts/glyphicons-halflings-regular.woff2   17.6 KiB                                           
                                                             main.js    207 KiB                          main  [emitted]  main
                                                          main.js.gz   45.2 KiB                                [emitted]  
                                                       vendor_src.js    828 KiB                    vendor_src  [emitted]  vendor_src
                                                    vendor_src.js.gz    187 KiB                                [emitted]  
                                                    vendor_styles.js   1.12 MiB                 vendor_styles  [emitted]  vendor_styles
                                                 vendor_styles.js.gz    172 KiB                                [emitted]  
Entrypoint vendor_styles = vendor_styles.js
Entrypoint vendor_src = vendor_src.js
Entrypoint custom_styles = custom_styles.js custom_styles.363cd9c410bdf9916ec1.hot-update.js custom_styles.363cd9c410bdf9916ec1.hot-update.js
Entrypoint main = main.js
[0] multi webpack-hot-middleware/client?path=__webpack_hmr&dynamicPublicPath=true ./ClientApp/src/assets/js/vendor_styles.js 40 bytes {vendor_styles}
[1] multi webpack-hot-middleware/client?path=__webpack_hmr&dynamicPublicPath=true script-loader!./ClientApp/src/assets/vendor/js/jquery/jquery.js script-loader!./ClientApp/src/assets/vendor/js/bootstrap/bootstrap.min.js script-loader!./ClientApp/src/assets/vendor/js/plugins/plugins.js script-loader!./ClientApp/src/assets/vendor/js/jconfirm/jquery-confirm.min.js script-loader!./ClientApp/src/assets/vendor/js/init.js 88 bytes {vendor_src}
[2] multi webpack-hot-middleware/client?path=__webpack_hmr&dynamicPublicPath=true ./ClientApp/src/assets/js/custom_styles.js 40 bytes {custom_styles}
[3] multi webpack-hot-middleware/client?path=__webpack_hmr&dynamicPublicPath=true ./ClientApp/src/assets/js/index.js 40 bytes {main}
[./ClientApp/src/assets/js/custom_styles.js] 28 bytes {custom_styles}
[./ClientApp/src/assets/js/index.js] 184 bytes {main}
[./ClientApp/src/assets/js/vendor_styles.js] 241 bytes {vendor_styles}
[./ClientApp/src/assets/scss/style.scss] 1.29 KiB {custom_styles}
[./ClientApp/src/assets/vendor/css/animate/animate.css] 1.34 KiB {vendor_styles}
[./node_modules/script-loader/index.js!./ClientApp/src/assets/vendor/js/bootstrap/bootstrap.min.js] ./node_modules/script-loader!./ClientApp/src/assets/vendor/js/bootstrap/bootstrap.min.js 457 bytes {vendor_src}
[./node_modules/script-loader/index.js!./ClientApp/src/assets/vendor/js/init.js] ./node_modules/script-loader!./ClientApp/src/assets/vendor/js/init.js 437 bytes {vendor_src}
[./node_modules/script-loader/index.js!./ClientApp/src/assets/vendor/js/jconfirm/jquery-confirm.min.js] ./node_modules/script-loader!./ClientApp/src/assets/vendor/js/jconfirm/jquery-confirm.min.js 461 bytes {vendor_src}
[./node_modules/script-loader/index.js!./ClientApp/src/assets/vendor/js/jquery/jquery.js] ./node_modules/script-loader!./ClientApp/src/assets/vendor/js/jquery/jquery.js 447 bytes {vendor_src}
[./node_modules/script-loader/index.js!./ClientApp/src/assets/vendor/js/plugins/plugins.js] ./node_modules/script-loader!./ClientApp/src/assets/vendor/js/plugins/plugins.js 449 bytes {vendor_src}
[./node_modules/webpack-hot-middleware/client.js?path=__webpack_hmr&dynamicPublicPath=true] (webpack)-hot-middleware/client.js?path=__webpack_hmr&dynamicPublicPath=true 7.59 KiB {vendor_styles} {vendor_src} {custom_styles} {main}
    + 42 hidden modules

ERROR in ./ClientApp/src/assets/scss/style.scss (./node_modules/css-loader??ref--5-1!./node_modules/sass-loader/lib/loader.js??ref--5-2!./ClientApp/src/assets/scss/style.scss)
Module build failed (from ./node_modules/sass-loader/lib/loader.js):
 |url: |action: 
2019-01-23 18:21:12.5706||ERROR|Microsoft.AspNetCore.NodeServices|
        @extend .box-shadow-v2; |url: |action: 
2019-01-23 18:21:12.5706||ERROR|Microsoft.AspNetCore.NodeServices|
       ^ |url: |action: 
2019-01-23 18:21:12.5706||ERROR|Microsoft.AspNetCore.NodeServices|
      The target selector was not found.
Use "@extend .box-shadow-v2 !optional" to avoid this error.
  ClientApp\src\assets\scss\component\_jquery-confirm.scss 6:9  root stylesheet |url: |action: 
2019-01-23 18:21:12.5706||ERROR|Microsoft.AspNetCore.NodeServices|
      in C:\Users\Diana\Work\Projects\Weeding\TemplateCoreWeb\ClientApp\src\assets\scss\component\_jquery-confirm.scss (line 6, column 9)
 @ ./ClientApp/src/assets/scss/style.scss 2:14-155 21:1-42:3 22:19-160
 @ ./ClientApp/src/assets/js/custom_styles.js
 @ multi webpack-hot-middleware/client?path=__webpack_hmr&dynamicPublicPath=true ./ClientApp/src/assets/js/custom_styles.js |url: |action: 
