2018-10-25 14:53:56.1336||DEBUG|TemplateCoreWeb.Program|init main |url: |action: 
2018-10-25 14:59:14.6358||DEBUG|TemplateCoreWeb.Program|init main |url: |action: 
2018-10-25 14:59:23.1831||DEBUG|TemplateCoreWeb.Program|init main |url: |action: 
2018-10-25 14:59:30.9880||ERROR|Microsoft.AspNetCore.NodeServices|clean-webpack-plugin: C:\Users\Rodion\Documents\Visual Studio 2017\Projects\TemplateCoreWeb\TemplateCoreWeb\wwwroot\dist has been removed. |url: |action: 
2018-10-25 15:00:45.0555||DEBUG|TemplateCoreWeb.Program|init main |url: |action: 
2018-10-25 15:00:50.8721||ERROR|Microsoft.AspNetCore.NodeServices|clean-webpack-plugin: C:\Users\Rodion\Documents\Visual Studio 2017\Projects\TemplateCoreWeb\TemplateCoreWeb\wwwroot\dist has been removed. |url: |action: 
2018-10-25 15:00:51.2111|6|FATAL|Microsoft.AspNetCore.Hosting.Internal.WebHost|Application startup exception System.InvalidOperationException: Unable to find the required services. Please add all the required services by calling 'IServiceCollection.AddMvc' inside the call to 'ConfigureServices(...)' in the application startup code.
   at Microsoft.AspNetCore.Builder.MvcApplicationBuilderExtensions.UseMvc(IApplicationBuilder app, Action`1 configureRoutes)
   at Microsoft.AspNetCore.Builder.MvcApplicationBuilderExtensions.UseMvc(IApplicationBuilder app)
   at TemplateCoreWeb.Startup.Configure(IApplicationBuilder app, IHostingEnvironment env) in C:\Users\Rodion\Documents\Visual Studio 2017\Projects\TemplateCoreWeb\TemplateCoreWeb\Startup.cs:line 90
--- End of stack trace from previous location where exception was thrown ---
   at Microsoft.AspNetCore.Hosting.ConventionBasedStartup.Configure(IApplicationBuilder app)
   at Microsoft.AspNetCore.Server.IISIntegration.IISSetupFilter.<>c__DisplayClass4_0.<Configure>b__0(IApplicationBuilder app)
   at Microsoft.AspNetCore.HostFilteringStartupFilter.<>c__DisplayClass0_0.<Configure>b__0(IApplicationBuilder app)
   at Microsoft.AspNetCore.Hosting.Internal.AutoRequestServicesStartupFilter.<>c__DisplayClass0_0.<Configure>b__0(IApplicationBuilder builder)
   at Microsoft.AspNetCore.Hosting.Internal.WebHost.BuildApplication()|url: |action: 
2018-10-25 15:01:04.9867||DEBUG|TemplateCoreWeb.Program|init main |url: |action: 
2018-10-25 15:01:14.3570||ERROR|Microsoft.AspNetCore.NodeServices|clean-webpack-plugin: C:\Users\Rodion\Documents\Visual Studio 2017\Projects\TemplateCoreWeb\TemplateCoreWeb\wwwroot\dist has been removed. |url: |action: 
2018-10-25 15:01:14.8947|6|FATAL|Microsoft.AspNetCore.Hosting.Internal.WebHost|Application startup exception System.InvalidOperationException: Unable to resolve service for type 'Microsoft.AspNetCore.Session.ISessionStore' while attempting to activate 'Microsoft.AspNetCore.Session.SessionMiddleware'.
   at Microsoft.Extensions.Internal.ActivatorUtilities.ConstructorMatcher.CreateInstance(IServiceProvider provider)
   at Microsoft.Extensions.Internal.ActivatorUtilities.CreateInstance(IServiceProvider provider, Type instanceType, Object[] parameters)
   at Microsoft.AspNetCore.Builder.UseMiddlewareExtensions.<>c__DisplayClass4_0.<UseMiddleware>b__0(RequestDelegate next)
   at Microsoft.AspNetCore.Builder.Internal.ApplicationBuilder.Build()
   at Microsoft.AspNetCore.Hosting.Internal.WebHost.BuildApplication()|url: |action: 
2018-10-25 15:02:12.3999||DEBUG|TemplateCoreWeb.Program|init main |url: |action: 
2018-10-25 15:02:20.8043||ERROR|Microsoft.AspNetCore.NodeServices|clean-webpack-plugin: C:\Users\Rodion\Documents\Visual Studio 2017\Projects\TemplateCoreWeb\TemplateCoreWeb\wwwroot\dist has been removed. |url: |action: 
2018-10-25 15:02:21.7334|6|FATAL|Microsoft.AspNetCore.Hosting.Internal.WebHost|Application startup exception System.InvalidOperationException: Unable to resolve service for type 'Microsoft.AspNetCore.Session.ISessionStore' while attempting to activate 'Microsoft.AspNetCore.Session.SessionMiddleware'.
   at Microsoft.Extensions.Internal.ActivatorUtilities.ConstructorMatcher.CreateInstance(IServiceProvider provider)
   at Microsoft.Extensions.Internal.ActivatorUtilities.CreateInstance(IServiceProvider provider, Type instanceType, Object[] parameters)
   at Microsoft.AspNetCore.Builder.UseMiddlewareExtensions.<>c__DisplayClass4_0.<UseMiddleware>b__0(RequestDelegate next)
   at Microsoft.AspNetCore.Builder.Internal.ApplicationBuilder.Build()
   at Microsoft.AspNetCore.Hosting.Internal.WebHost.BuildApplication()|url: |action: 
2018-10-25 15:02:22.3684|13|ERROR|Microsoft.AspNetCore.Server.Kestrel|Connection id "0HLHQE6S8FFB4", Request id "0HLHQE6S8FFB4:00000001": An unhandled exception was thrown by the application. System.ObjectDisposedException: Cannot write to the response body, the response has completed.
Object name: 'HttpResponseStream'.
   at Microsoft.AspNetCore.Server.Kestrel.Core.Internal.Http.HttpResponseStream.ValidateState(CancellationToken cancellationToken)
   at Microsoft.AspNetCore.Server.Kestrel.Core.Internal.Http.HttpResponseStream.WriteAsync(Byte[] buffer, Int32 offset, Int32 count, CancellationToken cancellationToken)
   at Microsoft.AspNetCore.Server.Kestrel.Core.Internal.Http.HttpResponseStream.Write(Byte[] buffer, Int32 offset, Int32 count)
   at System.IO.StreamWriter.Flush(Boolean flushStream, Boolean flushEncoder)
   at System.IO.StreamWriter.Write(String value)
   at Microsoft.AspNetCore.Hosting.Views.ErrorPage.ExecuteAsync()
   at Microsoft.Extensions.RazorViews.BaseView.ExecuteAsync(HttpContext context)
   at Microsoft.AspNetCore.Server.Kestrel.Core.Internal.Http.HttpProtocol.ProcessRequests[TContext](IHttpApplication`1 application)|url: http://localhost/|action: 
2018-10-25 15:04:24.7788||DEBUG|TemplateCoreWeb.Program|init main |url: |action: 
2018-10-25 15:04:32.7203||ERROR|Microsoft.AspNetCore.NodeServices|clean-webpack-plugin: C:\Users\Rodion\Documents\Visual Studio 2017\Projects\TemplateCoreWeb\TemplateCoreWeb\wwwroot\dist has been removed. |url: |action: 
2018-10-25 15:04:43.2433|3|WARN|Microsoft.AspNetCore.HttpsPolicy.HttpsRedirectionMiddleware|Failed to determine the https port for redirect. |url: http://localhost/|action: 
2018-10-25 15:05:17.0137||WARN|Microsoft.AspNetCore.Server.Kestrel|Connection processing ended abnormally. Microsoft.AspNetCore.Connections.ConnectionAbortedException: The connection was aborted
   at System.IO.Pipelines.PipeCompletion.ThrowLatchedException()
   at System.IO.Pipelines.Pipe.GetReadResult(ReadResult& result)
   at System.IO.Pipelines.Pipe.GetReadAsyncResult()
   at System.IO.Pipelines.Pipe.DefaultPipeReader.GetResult(Int16 token)
   at Microsoft.AspNetCore.Server.Kestrel.Core.Internal.Http.HttpProtocol.ProcessRequests[TContext](IHttpApplication`1 application)
   at Microsoft.AspNetCore.Server.Kestrel.Core.Internal.Http.HttpProtocol.ProcessRequestsAsync[TContext](IHttpApplication`1 application)|url: |action: 
2018-10-25 15:06:08.0788|1|ERROR|Microsoft.AspNetCore.Diagnostics.DeveloperExceptionPageMiddleware|An unhandled exception has occurred while executing the request. System.InvalidOperationException: No service for type 'Microsoft.AspNetCore.Mvc.Localization.IViewLocalizer' has been registered.
   at Microsoft.Extensions.DependencyInjection.ServiceProviderServiceExtensions.GetRequiredService(IServiceProvider provider, Type serviceType)
   at Microsoft.AspNetCore.Mvc.Razor.Internal.RazorPagePropertyActivator.<>c__DisplayClass8_0.<CreateActivateInfo>b__1(ViewContext context)
   at Microsoft.Extensions.Internal.PropertyActivator`1.Activate(Object instance, TContext context)
   at Microsoft.AspNetCore.Mvc.Razor.Internal.RazorPagePropertyActivator.Activate(Object page, ViewContext context)
   at Microsoft.AspNetCore.Mvc.Razor.RazorPageActivator.Activate(IRazorPage page, ViewContext context)
   at Microsoft.AspNetCore.Mvc.Razor.RazorView.RenderPageCoreAsync(IRazorPage page, ViewContext context)
   at Microsoft.AspNetCore.Mvc.Razor.RazorView.RenderPageAsync(IRazorPage page, ViewContext context, Boolean invokeViewStarts)
   at Microsoft.AspNetCore.Mvc.Razor.RazorView.RenderAsync(ViewContext context)
   at Microsoft.AspNetCore.Mvc.ViewFeatures.ViewExecutor.ExecuteAsync(ViewContext viewContext, String contentType, Nullable`1 statusCode)
   at Microsoft.AspNetCore.Mvc.ViewFeatures.ViewExecutor.ExecuteAsync(ActionContext actionContext, IView view, ViewDataDictionary viewData, ITempDataDictionary tempData, String contentType, Nullable`1 statusCode)
   at Microsoft.AspNetCore.Mvc.ViewFeatures.ViewResultExecutor.ExecuteAsync(ActionContext context, ViewResult result)
   at Microsoft.AspNetCore.Mvc.ViewResult.ExecuteResultAsync(ActionContext context)
   at Microsoft.AspNetCore.Mvc.Internal.ResourceInvoker.InvokeResultAsync(IActionResult result)
   at Microsoft.AspNetCore.Mvc.Internal.ResourceInvoker.InvokeNextResultFilterAsync[TFilter,TFilterAsync]()
   at Microsoft.AspNetCore.Mvc.Internal.ResourceInvoker.Rethrow(ResultExecutedContext context)
   at Microsoft.AspNetCore.Mvc.Internal.ResourceInvoker.ResultNext[TFilter,TFilterAsync](State& next, Scope& scope, Object& state, Boolean& isCompleted)
   at Microsoft.AspNetCore.Mvc.Internal.ResourceInvoker.InvokeResultFilters()
   at Microsoft.AspNetCore.Mvc.Internal.ResourceInvoker.InvokeNextResourceFilter()
   at Microsoft.AspNetCore.Mvc.Internal.ResourceInvoker.Rethrow(ResourceExecutedContext context)
   at Microsoft.AspNetCore.Mvc.Internal.ResourceInvoker.Next(State& next, Scope& scope, Object& state, Boolean& isCompleted)
   at Microsoft.AspNetCore.Mvc.Internal.ResourceInvoker.InvokeFilterPipelineAsync()
   at Microsoft.AspNetCore.Mvc.Internal.ResourceInvoker.InvokeAsync()
   at Microsoft.AspNetCore.Builder.RouterMiddleware.Invoke(HttpContext httpContext)
   at Microsoft.AspNetCore.Diagnostics.StatusCodePagesMiddleware.Invoke(HttpContext context)
   at Microsoft.AspNetCore.Session.SessionMiddleware.Invoke(HttpContext context)
   at Microsoft.AspNetCore.Session.SessionMiddleware.Invoke(HttpContext context)
   at Microsoft.AspNetCore.StaticFiles.StaticFileMiddleware.Invoke(HttpContext context)
   at Microsoft.AspNetCore.SpaServices.Webpack.ConditionalProxyMiddleware.Invoke(HttpContext context)
   at Microsoft.AspNetCore.SpaServices.Webpack.ConditionalProxyMiddleware.Invoke(HttpContext context)
   at Microsoft.AspNetCore.Diagnostics.DeveloperExceptionPageMiddleware.Invoke(HttpContext context)|url: http://localhost/contact|action: Contact
