2018-11-15 12:06:34.6252||DEBUG|TemplateCoreWeb.Program|init main 
2018-11-15 12:06:39.3017||INFO|Microsoft.AspNetCore.DataProtection.KeyManagement.XmlKeyManager|User profile is available. Using 'C:\Users\Rodion\AppData\Local\ASP.NET\DataProtection-Keys' as key repository and Windows DPAPI to encrypt keys at rest. 
2018-11-15 12:06:46.7687||INFO|Microsoft.AspNetCore.NodeServices|development mode: true 
2018-11-15 12:06:52.6269||ERROR|Microsoft.AspNetCore.NodeServices|clean-webpack-plugin: C:\Users\Rodion\Documents\Visual Studio 2017\Projects\TemplateCoreWeb\TemplateCoreWeb\wwwroot\dist has been removed. 
2018-11-15 12:07:00.2309|1|INFO|Microsoft.AspNetCore.Hosting.Internal.WebHost|Request starting HTTP/1.1 DEBUG http://localhost:53185/  0 
2018-11-15 12:07:00.2309|1|INFO|Microsoft.AspNetCore.Hosting.Internal.WebHost|Request starting HTTP/1.1 GET http://localhost:53185/   
2018-11-15 12:07:00.5800|2|INFO|Microsoft.AspNetCore.Hosting.Internal.WebHost|Request finished in 325.0627ms 200  
2018-11-15 12:07:04.5241||INFO|Microsoft.AspNetCore.NodeServices|[34mi[39m [90mя╜вwdmя╜г[39m: wait until bundle finished: / 
2018-11-15 12:07:21.8807||INFO|Microsoft.AspNetCore.NodeServices|webpack built e360652e3e399af95e77 in 25931ms 
2018-11-15 12:07:22.5889||INFO|Microsoft.AspNetCore.NodeServices|[34mi[39m [90mя╜вwdmя╜г[39m: Hash: e360652e3e399af95e77
Version: webpack 4.23.1
Time: 25931ms
Built at: 2018-11-15 12:07:20
                                     Asset      Size         Chunks             Chunk Names
critical-foft-preload-fallback-optional.js  8.04 KiB                 [emitted]  
                          custom_styles.js   573 KiB  custom_styles  [emitted]  custom_styles
                       custom_styles.js.gz  91.8 KiB                 [emitted]  
                fonts/Linearicons-Free.eot  54.5 KiB                 [emitted]  
             fonts/Linearicons-Free.eot.gz  25.2 KiB                 [emitted]  
                fonts/Linearicons-Free.svg   201 KiB                 [emitted]  
             fonts/Linearicons-Free.svg.gz  54.7 KiB                 [emitted]  
                fonts/Linearicons-Free.ttf  54.3 KiB                 [emitted]  
             fonts/Linearicons-Free.ttf.gz  25.1 KiB                 [emitted]  
               fonts/Linearicons-Free.woff  54.4 KiB                 [emitted]  
            fonts/Linearicons-Free.woff.gz  25.2 KiB                 [emitted]  
              fonts/Linearicons-Free.woff2  21.3 KiB                 [emitted]  
                fonts/Stroke-Gap-Icons.eot  44.7 KiB                 [emitted]  
             fonts/Stroke-Gap-Icons.eot.gz  20.1 KiB                 [emitted]  
                           fonts/dosis.ttf  29.7 KiB                 [emitted]  
                        fonts/dosis.ttf.gz  15.3 KiB                 [emitted]  
                          fonts/dosis.woff  15.4 KiB                 [emitted]  
                         fonts/dosis.woff2  12.5 KiB                 [emitted]  
                     fonts/dosismedium.ttf  28.5 KiB                 [emitted]  
                  fonts/dosismedium.ttf.gz  15.1 KiB                 [emitted]  
                    fonts/dosismedium.woff  15.2 KiB                 [emitted]  
                   fonts/dosismedium.woff2  12.3 KiB                 [emitted]  
            fonts/dosissemibold-subset.ttf  19.4 KiB                 [emitted]  
         fonts/dosissemibold-subset.ttf.gz  11.7 KiB                 [emitted]  
          fonts/dosissemibold-subset.woff2  9.57 KiB                 [emitted]  
    fonts/dosissemibold-subset.zopfli.woff  11.7 KiB                 [emitted]  
                   fonts/dosissemibold.ttf  28.6 KiB                 [emitted]  
                fonts/dosissemibold.ttf.gz  15.1 KiB                 [emitted]  
                  fonts/dosissemibold.woff  15.3 KiB                 [emitted]  
                 fonts/dosissemibold.woff2  12.4 KiB                 [emitted]  
             fonts/fontawesome-webfont.eot   162 KiB                 [emitted]  
          fonts/fontawesome-webfont.eot.gz  95.9 KiB                 [emitted]  
             fonts/fontawesome-webfont.svg   434 KiB                 [emitted]  
          fonts/fontawesome-webfont.svg.gz   131 KiB                 [emitted]  
             fonts/fontawesome-webfont.ttf   162 KiB                 [emitted]  
          fonts/fontawesome-webfont.ttf.gz  95.8 KiB                 [emitted]  
            fonts/fontawesome-webfont.woff  95.7 KiB                 [emitted]  
           fonts/fontawesome-webfont.woff2  75.4 KiB                 [emitted]  
                 fonts/opensans-subset.ttf  16.6 KiB                 [emitted]  
              fonts/opensans-subset.ttf.gz  10.8 KiB                 [emitted]  
               fonts/opensans-subset.woff2  8.66 KiB                 [emitted]  
         fonts/opensans-subset.zopfli.woff  10.9 KiB                 [emitted]  
                        fonts/opensans.ttf  51.2 KiB                 [emitted]  
                     fonts/opensans.ttf.gz  31.2 KiB                 [emitted]  
                       fonts/opensans.woff  31.1 KiB                 [emitted]  
                      fonts/opensans.woff2  24.3 KiB                 [emitted]  
                    fonts/opensansbold.ttf  52.8 KiB                 [emitted]  
                 fonts/opensansbold.ttf.gz  30.8 KiB                 [emitted]  
                   fonts/opensansbold.woff  30.8 KiB                 [emitted]  
                  fonts/opensansbold.woff2  23.9 KiB                 [emitted]  
                fonts/opensanssemibold.ttf  52.1 KiB                 [emitted]  
             fonts/opensanssemibold.ttf.gz  31.5 KiB                 [emitted]  
               fonts/opensanssemibold.woff  31.4 KiB                 [emitted]  
              fonts/opensanssemibold.woff2  24.4 KiB                 [emitted]  
                                   main.js   224 KiB           main  [emitted]  main
                                main.js.gz  49.4 KiB                 [emitted]  
                                     sw.js  2.14 KiB                 [emitted]  
                             vendor_src.js   632 KiB     vendor_src  [emitted]  vendor_src
                          vendor_src.js.gz   138 KiB                 [emitted]  
                          vendor_styles.js  1.35 MiB  vendor_styles  [emitted]  vendor_styles
                       vendor_styles.js.gz   332 KiB                 [emitted]  
Entrypoint vendor_styles = vendor_styles.js
Entrypoint vendor_src = vendor_src.js
Entrypoint custom_styles = custom_styles.js
Entrypoint main = main.js
[0] multi webpack-hot-middleware/client?path=__webpack_hmr&dynamicPublicPath=true ./ClientApp/src/assets/js/vendor_styles.js 40 bytes {vendor_styles} [built]
[1] multi webpack-hot-middleware/client?path=__webpack_hmr&dynamicPublicPath=true script-loader!./ClientApp/src/assets/vendor/jquery/dist/jquery.min.js script-loader!./ClientApp/src/assets/vendor/popper.js/dist/popper.min.js script-loader!./ClientApp/src/assets/vendor/bootstrap/dist/js/bootstrap.min.js script-loader!./ClientApp/src/assets/vendor/slick-carousel/slick/slick.min.js script-loader!./ClientApp/src/assets/vendor/fancybox/dist/jquery.fancybox.min.js script-loader!./ClientApp/src/assets/vendor/imagesloaded/imagesloaded.pkgd.min.js script-loader!./ClientApp/src/assets/vendor/isotope/dist/isotope.pkgd.min.js script-loader!./ClientApp/src/assets/vendor/smoothscroll/smoothscroll.js script-loader!./ClientApp/src/assets/vendor/vide/dist/jquery.vide.min.js 136 bytes {vendor_src} [built]
[2] multi webpack-hot-middleware/client?path=__webpack_hmr&dynamicPublicPath=true ./ClientApp/src/assets/js/custom_styles.js 40 bytes {custom_styles} [built]
[3] multi webpack-hot-middleware/client?path=__webpack_hmr&dynamicPublicPath=true ./ClientApp/src/assets/js/index.js 40 bytes {main} [built]
[./ClientApp/src/assets/js/custom_styles.js] 28 bytes {custom_styles} [built]
[./ClientApp/src/assets/js/index.js] 272 bytes {main} [built]
[./ClientApp/src/assets/js/vendor_styles.js] 446 bytes {vendor_styles} [built]
[./node_modules/script-loader/index.js!./ClientApp/src/assets/vendor/bootstrap/dist/js/bootstrap.min.js] ./node_modules/script-loader!./ClientApp/src/assets/vendor/bootstrap/dist/js/bootstrap.min.js 599 bytes {vendor_src} [built]
[./node_modules/script-loader/index.js!./ClientApp/src/assets/vendor/fancybox/dist/jquery.fancybox.min.js] ./node_modules/script-loader!./ClientApp/src/assets/vendor/fancybox/dist/jquery.fancybox.min.js 600 bytes {vendor_src} [built]
[./node_modules/script-loader/index.js!./ClientApp/src/assets/vendor/imagesloaded/imagesloaded.pkgd.min.js] ./node_modules/script-loader!./ClientApp/src/assets/vendor/imagesloaded/imagesloaded.pkgd.min.js 600 bytes {vendor_src} [built]
[./node_modules/script-loader/index.js!./ClientApp/src/assets/vendor/isotope/dist/isotope.pkgd.min.js] ./node_modules/script-loader!./ClientApp/src/assets/vendor/isotope/dist/isotope.pkgd.min.js 596 bytes {vendor_src} [built]
[./node_modules/script-loader/index.js!./ClientApp/src/assets/vendor/jquery/dist/jquery.min.js] ./node_modules/script-loader!./ClientApp/src/assets/vendor/jquery/dist/jquery.min.js 589 bytes {vendor_src} [built]
[./node_modules/script-loader/index.js!./ClientApp/src/assets/vendor/popper.js/dist/popper.min.js] ./node_modules/script-loader!./ClientApp/src/assets/vendor/popper.js/dist/popper.min.js 592 bytes {vendor_src} [built]
[./node_modules/script-loader/index.js!./ClientApp/src/assets/vendor/slick-carousel/slick/slick.min.js] ./node_modules/script-loader!./ClientApp/src/assets/vendor/slick-carousel/slick/slick.min.js 597 bytes {vendor_src} [built]
[./node_modules/script-loader/index.js!./ClientApp/src/assets/vendor/smoothscroll/smoothscroll.js] ./node_modules/script-loader!./ClientApp/src/assets/vendor/smoothscroll/smoothscroll.js 591 bytes {vendor_src} [built]
    + 85 hidden modules 
2018-11-15 12:07:22.6147|3|WARN|Microsoft.AspNetCore.HttpsPolicy.HttpsRedirectionMiddleware|Failed to determine the https port for redirect. 
2018-11-15 12:07:22.6274||INFO|Microsoft.AspNetCore.NodeServices|[34mi[39m [90mя╜вwdmя╜г[39m: Compiled successfully. 
2018-11-15 12:07:26.0994|1|INFO|Microsoft.AspNetCore.Mvc.Internal.ControllerActionInvoker|Route matched with {action = "Index", controller = "Home"}. Executing action TemplateCoreWeb.Controllers.HomeController.Index (TemplateCoreWeb) 
2018-11-15 12:07:26.2113|1|INFO|Microsoft.AspNetCore.Mvc.Internal.ControllerActionInvoker|Executing action method TemplateCoreWeb.Controllers.HomeController.Index (TemplateCoreWeb) with arguments () - Validation state: Valid 
2018-11-15 12:07:26.2113|2|INFO|Microsoft.AspNetCore.Mvc.Internal.ControllerActionInvoker|Executed action method TemplateCoreWeb.Controllers.HomeController.Index (TemplateCoreWeb), returned result Microsoft.AspNetCore.Mvc.ViewResult in 0.5959ms. 
2018-11-15 12:07:26.3124|1|INFO|Microsoft.AspNetCore.Mvc.ViewFeatures.ViewResultExecutor|Executing ViewResult, running view Index. 
2018-11-15 12:07:26.5962|4|INFO|Microsoft.AspNetCore.Mvc.ViewFeatures.ViewResultExecutor|Executed ViewResult - view Index executed in 360.8661ms. 
2018-11-15 12:07:26.6083|2|INFO|Microsoft.AspNetCore.Mvc.Internal.ControllerActionInvoker|Executed action TemplateCoreWeb.Controllers.HomeController.Index (TemplateCoreWeb) in 492.9811ms 
2018-11-15 12:07:26.6396|2|INFO|Microsoft.AspNetCore.Hosting.Internal.WebHost|Request finished in 26409.8372ms 200 text/html; charset=utf-8 
2018-11-15 12:07:27.7516|1|INFO|Microsoft.AspNetCore.Hosting.Internal.WebHost|Request starting HTTP/1.1 GET http://localhost:53185/dist/fonts/dosissemibold-subset.woff2   
2018-11-15 12:07:27.7856|2|INFO|Microsoft.AspNetCore.StaticFiles.StaticFileMiddleware|Sending file. Request path: '/dist/fonts/dosissemibold-subset.woff2'. Physical path: 'C:\Users\Rodion\Documents\Visual Studio 2017\Projects\TemplateCoreWeb\TemplateCoreWeb\wwwroot\dist\fonts\dosissemibold-subset.woff2' 
2018-11-15 12:07:27.7856|2|INFO|Microsoft.AspNetCore.Hosting.Internal.WebHost|Request finished in 37.5039ms 200 font/woff2 
2018-11-15 12:07:27.8214|1|INFO|Microsoft.AspNetCore.Hosting.Internal.WebHost|Request starting HTTP/1.1 GET http://localhost:53185/dist/fonts/opensans-subset.woff2   
2018-11-15 12:07:27.8214|1|INFO|Microsoft.AspNetCore.Hosting.Internal.WebHost|Request starting HTTP/1.1 GET http://localhost:53185/img/logo_nordic.svg   
2018-11-15 12:07:27.8348|1|INFO|Microsoft.AspNetCore.Hosting.Internal.WebHost|Request starting HTTP/1.1 GET http://localhost:53185/dist/custom_styles.js   
2018-11-15 12:07:27.8348|2|INFO|Microsoft.AspNetCore.StaticFiles.StaticFileMiddleware|Sending file. Request path: '/dist/fonts/opensans-subset.woff2'. Physical path: 'C:\Users\Rodion\Documents\Visual Studio 2017\Projects\TemplateCoreWeb\TemplateCoreWeb\wwwroot\dist\fonts\opensans-subset.woff2' 
2018-11-15 12:07:27.8422|2|INFO|Microsoft.AspNetCore.Hosting.Internal.WebHost|Request finished in 21.0604ms 200 font/woff2 
2018-11-15 12:07:27.8422|1|INFO|Microsoft.AspNetCore.Hosting.Internal.WebHost|Request starting HTTP/1.1 GET http://localhost:53185/dist/vendor_styles.js   
2018-11-15 12:07:27.8422|1|INFO|Microsoft.AspNetCore.Hosting.Internal.WebHost|Request starting HTTP/1.1 GET http://localhost:53185/img/home/webdesign1x.png   
2018-11-15 12:07:27.8875|2|INFO|Microsoft.AspNetCore.StaticFiles.StaticFileMiddleware|Sending file. Request path: '/img/home/webdesign1x.png'. Physical path: 'C:\Users\Rodion\Documents\Visual Studio 2017\Projects\TemplateCoreWeb\TemplateCoreWeb\wwwroot\img\home\webdesign1x.png' 
2018-11-15 12:07:27.8932|2|INFO|Microsoft.AspNetCore.Hosting.Internal.WebHost|Request finished in 48.7571ms 200 image/png 
2018-11-15 12:07:27.8932|2|INFO|Microsoft.AspNetCore.StaticFiles.StaticFileMiddleware|Sending file. Request path: '/img/logo_nordic.svg'. Physical path: 'C:\Users\Rodion\Documents\Visual Studio 2017\Projects\TemplateCoreWeb\TemplateCoreWeb\wwwroot\img\logo_nordic.svg' 
2018-11-15 12:07:27.8932|2|INFO|Microsoft.AspNetCore.Hosting.Internal.WebHost|Request finished in 72.7039ms 200 image/svg+xml 
2018-11-15 12:07:27.9070|2|INFO|Microsoft.AspNetCore.StaticFiles.StaticFileMiddleware|Sending file. Request path: '/dist/vendor_styles.js'. Physical path: 'C:\Users\Rodion\Documents\Visual Studio 2017\Projects\TemplateCoreWeb\TemplateCoreWeb\wwwroot\dist\vendor_styles.js' 
2018-11-15 12:07:27.9070|2|INFO|Microsoft.AspNetCore.Hosting.Internal.WebHost|Request finished in 69.4227ms 200 application/javascript 
2018-11-15 12:07:27.9070|2|INFO|Microsoft.AspNetCore.StaticFiles.StaticFileMiddleware|Sending file. Request path: '/dist/custom_styles.js'. Physical path: 'C:\Users\Rodion\Documents\Visual Studio 2017\Projects\TemplateCoreWeb\TemplateCoreWeb\wwwroot\dist\custom_styles.js' 
2018-11-15 12:07:27.9070|2|INFO|Microsoft.AspNetCore.Hosting.Internal.WebHost|Request finished in 84.4284ms 200 application/javascript 
2018-11-15 12:07:35.5067|1|INFO|Microsoft.AspNetCore.Hosting.Internal.WebHost|Request starting HTTP/1.1 GET http://localhost:53185/img/home/content1x.png   
2018-11-15 12:07:35.5310|1|INFO|Microsoft.AspNetCore.Hosting.Internal.WebHost|Request starting HTTP/1.1 GET http://localhost:53185/dist/fonts/dosissemibold.woff2   
2018-11-15 12:07:35.5291|1|INFO|Microsoft.AspNetCore.Hosting.Internal.WebHost|Request starting HTTP/1.1 GET http://localhost:53185/img/home/webdevelopment1x.png   
2018-11-15 12:07:35.5310|1|INFO|Microsoft.AspNetCore.Hosting.Internal.WebHost|Request starting HTTP/1.1 GET http://localhost:53185/dist/fonts/dosismedium.woff2   
2018-11-15 12:07:35.6093|1|INFO|Microsoft.AspNetCore.Hosting.Internal.WebHost|Request starting HTTP/1.1 GET http://localhost:53185/dist/fonts/dosis.woff2   
2018-11-15 12:07:35.7413|2|INFO|Microsoft.AspNetCore.StaticFiles.StaticFileMiddleware|Sending file. Request path: '/img/home/content1x.png'. Physical path: 'C:\Users\Rodion\Documents\Visual Studio 2017\Projects\TemplateCoreWeb\TemplateCoreWeb\wwwroot\img\home\content1x.png' 
2018-11-15 12:07:35.7413|2|INFO|Microsoft.AspNetCore.Hosting.Internal.WebHost|Request finished in 240.9662ms 200 image/png 
2018-11-15 12:07:35.7522|2|INFO|Microsoft.AspNetCore.StaticFiles.StaticFileMiddleware|Sending file. Request path: '/img/home/webdevelopment1x.png'. Physical path: 'C:\Users\Rodion\Documents\Visual Studio 2017\Projects\TemplateCoreWeb\TemplateCoreWeb\wwwroot\img\home\webdevelopment1x.png' 
2018-11-15 12:07:35.7522|2|INFO|Microsoft.AspNetCore.Hosting.Internal.WebHost|Request finished in 230.4641ms 200 image/png 
2018-11-15 12:07:35.7850|1|INFO|Microsoft.AspNetCore.Hosting.Internal.WebHost|Request starting HTTP/1.1 GET http://localhost:53185/dist/fonts/opensans.woff2   
2018-11-15 12:07:35.7666|2|INFO|Microsoft.AspNetCore.StaticFiles.StaticFileMiddleware|Sending file. Request path: '/dist/fonts/dosismedium.woff2'. Physical path: 'C:\Users\Rodion\Documents\Visual Studio 2017\Projects\TemplateCoreWeb\TemplateCoreWeb\wwwroot\dist\fonts\dosismedium.woff2' 
2018-11-15 12:07:35.7850|2|INFO|Microsoft.AspNetCore.Hosting.Internal.WebHost|Request finished in 252.1817ms 200 font/woff2 
2018-11-15 12:07:35.8102|2|INFO|Microsoft.AspNetCore.StaticFiles.StaticFileMiddleware|Sending file. Request path: '/dist/fonts/dosis.woff2'. Physical path: 'C:\Users\Rodion\Documents\Visual Studio 2017\Projects\TemplateCoreWeb\TemplateCoreWeb\wwwroot\dist\fonts\dosis.woff2' 
2018-11-15 12:07:35.8102|2|INFO|Microsoft.AspNetCore.Hosting.Internal.WebHost|Request finished in 205.6659ms 200 font/woff2 
2018-11-15 12:07:35.9288|2|INFO|Microsoft.AspNetCore.StaticFiles.StaticFileMiddleware|Sending file. Request path: '/dist/fonts/opensans.woff2'. Physical path: 'C:\Users\Rodion\Documents\Visual Studio 2017\Projects\TemplateCoreWeb\TemplateCoreWeb\wwwroot\dist\fonts\opensans.woff2' 
2018-11-15 12:07:35.9288|2|INFO|Microsoft.AspNetCore.StaticFiles.StaticFileMiddleware|Sending file. Request path: '/dist/fonts/dosissemibold.woff2'. Physical path: 'C:\Users\Rodion\Documents\Visual Studio 2017\Projects\TemplateCoreWeb\TemplateCoreWeb\wwwroot\dist\fonts\dosissemibold.woff2' 
2018-11-15 12:07:35.9288|2|INFO|Microsoft.AspNetCore.Hosting.Internal.WebHost|Request finished in 146.6848ms 200 font/woff2 
2018-11-15 12:07:35.9366|2|INFO|Microsoft.AspNetCore.Hosting.Internal.WebHost|Request finished in 405.5918ms 200 font/woff2 
2018-11-15 12:07:35.9366|1|INFO|Microsoft.AspNetCore.Hosting.Internal.WebHost|Request starting HTTP/1.1 GET http://localhost:53185/dist/fonts/opensanssemibold.woff2   
2018-11-15 12:07:35.9366|1|INFO|Microsoft.AspNetCore.Hosting.Internal.WebHost|Request starting HTTP/1.1 GET http://localhost:53185/dist/fonts/opensansbold.woff2   
2018-11-15 12:07:35.9534|1|INFO|Microsoft.AspNetCore.Hosting.Internal.WebHost|Request starting HTTP/1.1 GET http://localhost:53185/__webpack_hmr   
2018-11-15 12:07:35.9534|1|INFO|Microsoft.AspNetCore.Hosting.Internal.WebHost|Request starting HTTP/1.1 GET http://localhost:53185/img/home/itservices1x.png   
2018-11-15 12:07:35.9534|2|INFO|Microsoft.AspNetCore.StaticFiles.StaticFileMiddleware|Sending file. Request path: '/dist/fonts/opensanssemibold.woff2'. Physical path: 'C:\Users\Rodion\Documents\Visual Studio 2017\Projects\TemplateCoreWeb\TemplateCoreWeb\wwwroot\dist\fonts\opensanssemibold.woff2' 
2018-11-15 12:07:35.9998|2|INFO|Microsoft.AspNetCore.Hosting.Internal.WebHost|Request finished in 58.1665ms 200 font/woff2 
2018-11-15 12:07:35.9998|2|INFO|Microsoft.AspNetCore.StaticFiles.StaticFileMiddleware|Sending file. Request path: '/img/home/itservices1x.png'. Physical path: 'C:\Users\Rodion\Documents\Visual Studio 2017\Projects\TemplateCoreWeb\TemplateCoreWeb\wwwroot\img\home\itservices1x.png' 
2018-11-15 12:07:35.9998|2|INFO|Microsoft.AspNetCore.StaticFiles.StaticFileMiddleware|Sending file. Request path: '/dist/fonts/opensansbold.woff2'. Physical path: 'C:\Users\Rodion\Documents\Visual Studio 2017\Projects\TemplateCoreWeb\TemplateCoreWeb\wwwroot\dist\fonts\opensansbold.woff2' 
2018-11-15 12:07:35.9998|2|INFO|Microsoft.AspNetCore.Hosting.Internal.WebHost|Request finished in 48.7593ms 200 image/png 
2018-11-15 12:07:36.0179|2|INFO|Microsoft.AspNetCore.Hosting.Internal.WebHost|Request finished in 73.4495ms 200 font/woff2 
2018-11-15 12:07:36.0438|1|INFO|Microsoft.AspNetCore.Hosting.Internal.WebHost|Request starting HTTP/1.1 GET http://localhost:53185/img/home/support1x.png   
2018-11-15 12:07:36.0438|1|INFO|Microsoft.AspNetCore.Hosting.Internal.WebHost|Request starting HTTP/1.1 GET http://localhost:53185/dist/vendor_src.js   
2018-11-15 12:07:36.0665|2|INFO|Microsoft.AspNetCore.StaticFiles.StaticFileMiddleware|Sending file. Request path: '/img/home/support1x.png'. Physical path: 'C:\Users\Rodion\Documents\Visual Studio 2017\Projects\TemplateCoreWeb\TemplateCoreWeb\wwwroot\img\home\support1x.png' 
2018-11-15 12:07:36.0778|2|INFO|Microsoft.AspNetCore.Hosting.Internal.WebHost|Request finished in 34.0105ms 200 image/png 
2018-11-15 12:07:36.0778|1|INFO|Microsoft.AspNetCore.Hosting.Internal.WebHost|Request starting HTTP/1.1 GET http://localhost:53185/dist/main.js   
2018-11-15 12:07:36.0778|1|INFO|Microsoft.AspNetCore.Hosting.Internal.WebHost|Request starting HTTP/1.1 GET http://localhost:53185/img/startup/hero-banner.png   
2018-11-15 12:07:36.0778|1|INFO|Microsoft.AspNetCore.Hosting.Internal.WebHost|Request starting HTTP/1.1 GET http://localhost:53185/img/startup/bg-3.png   
2018-11-15 12:07:36.1044|2|INFO|Microsoft.AspNetCore.StaticFiles.StaticFileMiddleware|Sending file. Request path: '/img/startup/hero-banner.png'. Physical path: 'C:\Users\Rodion\Documents\Visual Studio 2017\Projects\TemplateCoreWeb\TemplateCoreWeb\wwwroot\img\startup\hero-banner.png' 
2018-11-15 12:07:36.1118|2|INFO|Microsoft.AspNetCore.Hosting.Internal.WebHost|Request finished in 24.5709ms 200 image/png 
2018-11-15 12:07:36.1118|2|INFO|Microsoft.AspNetCore.StaticFiles.StaticFileMiddleware|Sending file. Request path: '/img/startup/bg-3.png'. Physical path: 'C:\Users\Rodion\Documents\Visual Studio 2017\Projects\TemplateCoreWeb\TemplateCoreWeb\wwwroot\img\startup\bg-3.png' 
2018-11-15 12:07:36.1240|2|INFO|Microsoft.AspNetCore.Hosting.Internal.WebHost|Request finished in 33.7479ms 200 image/png 
2018-11-15 12:07:36.1395|2|INFO|Microsoft.AspNetCore.StaticFiles.StaticFileMiddleware|Sending file. Request path: '/dist/main.js'. Physical path: 'C:\Users\Rodion\Documents\Visual Studio 2017\Projects\TemplateCoreWeb\TemplateCoreWeb\wwwroot\dist\main.js' 
2018-11-15 12:07:36.1582|2|INFO|Microsoft.AspNetCore.Hosting.Internal.WebHost|Request finished in 71.4657ms 200 application/javascript 
2018-11-15 12:07:36.1781|2|INFO|Microsoft.AspNetCore.StaticFiles.StaticFileMiddleware|Sending file. Request path: '/dist/vendor_src.js'. Physical path: 'C:\Users\Rodion\Documents\Visual Studio 2017\Projects\TemplateCoreWeb\TemplateCoreWeb\wwwroot\dist\vendor_src.js' 
2018-11-15 12:07:36.1781|2|INFO|Microsoft.AspNetCore.Hosting.Internal.WebHost|Request finished in 136.6665ms 200 application/javascript 
2018-11-15 12:07:36.1911|1|INFO|Microsoft.AspNetCore.Hosting.Internal.WebHost|Request starting HTTP/1.1 GET http://localhost:53185/dist/fonts/fontawesome-webfont.woff2   
2018-11-15 12:07:36.1911|2|INFO|Microsoft.AspNetCore.StaticFiles.StaticFileMiddleware|Sending file. Request path: '/dist/fonts/fontawesome-webfont.woff2'. Physical path: 'C:\Users\Rodion\Documents\Visual Studio 2017\Projects\TemplateCoreWeb\TemplateCoreWeb\wwwroot\dist\fonts\fontawesome-webfont.woff2' 
2018-11-15 12:07:36.2076|2|INFO|Microsoft.AspNetCore.Hosting.Internal.WebHost|Request finished in 16.4684ms 200 font/woff2 
2018-11-15 12:07:36.7574|1|INFO|Microsoft.AspNetCore.Hosting.Internal.WebHost|Request starting HTTP/1.1 GET http://localhost:53185/dist/sw.js   
2018-11-15 12:07:36.7805|2|INFO|Microsoft.AspNetCore.StaticFiles.StaticFileMiddleware|Sending file. Request path: '/dist/sw.js'. Physical path: 'C:\Users\Rodion\Documents\Visual Studio 2017\Projects\TemplateCoreWeb\TemplateCoreWeb\wwwroot\dist\sw.js' 
2018-11-15 12:07:36.7805|2|INFO|Microsoft.AspNetCore.Hosting.Internal.WebHost|Request finished in 34.5078ms 200 application/javascript 
2018-11-15 12:07:36.8780|1|INFO|Microsoft.AspNetCore.Hosting.Internal.WebHost|Request starting HTTP/1.1 GET http://localhost:53185/   
2018-11-15 12:07:36.8780|1|INFO|Microsoft.AspNetCore.Mvc.Internal.ControllerActionInvoker|Route matched with {action = "Index", controller = "Home"}. Executing action TemplateCoreWeb.Controllers.HomeController.Index (TemplateCoreWeb) 
2018-11-15 12:07:36.8780|1|INFO|Microsoft.AspNetCore.Mvc.Internal.ControllerActionInvoker|Executing action method TemplateCoreWeb.Controllers.HomeController.Index (TemplateCoreWeb) with arguments () - Validation state: Valid 
2018-11-15 12:07:36.8971|1|INFO|Microsoft.AspNetCore.Hosting.Internal.WebHost|Request starting HTTP/1.1 GET http://localhost:53185/img/home/experience1x.png   
2018-11-15 12:07:36.9115|1|INFO|Microsoft.AspNetCore.Hosting.Internal.WebHost|Request starting HTTP/1.1 GET http://localhost:53185/img/home/team.png   
2018-11-15 12:07:36.8971|2|INFO|Microsoft.AspNetCore.Mvc.Internal.ControllerActionInvoker|Executed action method TemplateCoreWeb.Controllers.HomeController.Index (TemplateCoreWeb), returned result Microsoft.AspNetCore.Mvc.ViewResult in 0.1404ms. 
2018-11-15 12:07:36.9203|1|INFO|Microsoft.AspNetCore.Mvc.ViewFeatures.ViewResultExecutor|Executing ViewResult, running view Index. 
2018-11-15 12:07:36.9475|2|INFO|Microsoft.AspNetCore.StaticFiles.StaticFileMiddleware|Sending file. Request path: '/img/home/team.png'. Physical path: 'C:\Users\Rodion\Documents\Visual Studio 2017\Projects\TemplateCoreWeb\TemplateCoreWeb\wwwroot\img\home\team.png' 
2018-11-15 12:07:36.9560|2|INFO|Microsoft.AspNetCore.Hosting.Internal.WebHost|Request finished in 44.4475ms 200 image/png 
2018-11-15 12:07:36.9560|4|INFO|Microsoft.AspNetCore.Mvc.ViewFeatures.ViewResultExecutor|Executed ViewResult - view Index executed in 44.6924ms. 
2018-11-15 12:07:36.9765|2|INFO|Microsoft.AspNetCore.StaticFiles.StaticFileMiddleware|Sending file. Request path: '/img/home/experience1x.png'. Physical path: 'C:\Users\Rodion\Documents\Visual Studio 2017\Projects\TemplateCoreWeb\TemplateCoreWeb\wwwroot\img\home\experience1x.png' 
2018-11-15 12:07:36.9891|2|INFO|Microsoft.AspNetCore.Mvc.Internal.ControllerActionInvoker|Executed action TemplateCoreWeb.Controllers.HomeController.Index (TemplateCoreWeb) in 102.222ms 
2018-11-15 12:07:36.9891|2|INFO|Microsoft.AspNetCore.Hosting.Internal.WebHost|Request finished in 98.6815ms 200 image/png 
2018-11-15 12:07:36.9993|2|INFO|Microsoft.AspNetCore.Hosting.Internal.WebHost|Request finished in 121.378ms 200 text/html; charset=utf-8 
2018-11-15 12:08:08.7585|2|INFO|Microsoft.AspNetCore.Hosting.Internal.WebHost|Request finished in 32805.5351ms 200 text/event-stream; charset=utf-8 
