2019-02-13 15:05:19.6607||DEBUG|TemplateCoreWebTest.Program|init main 
2019-02-13 15:05:21.2513||INFO|Microsoft.AspNetCore.DataProtection.KeyManagement.XmlKeyManager|User profile is available. Using 'C:\Users\Diana\AppData\Local\ASP.NET\DataProtection-Keys' as key repository and Windows DPAPI to encrypt keys at rest. 
2019-02-13 15:05:31.0254||INFO|Microsoft.AspNetCore.NodeServices|development mode: true 
2019-02-13 15:05:36.8019||ERROR|Microsoft.AspNetCore.NodeServices|clean-webpack-plugin: C:\Users\Diana\Work\Projects\WeedingInvitation\TemplateCoreWeb\wwwroot\dist has been removed. 
2019-02-13 15:05:37.7643|1|INFO|Microsoft.AspNetCore.Hosting.Internal.WebHost|Request starting HTTP/1.1 GET http://localhost:53185/   
2019-02-13 15:05:37.7643|1|INFO|Microsoft.AspNetCore.Hosting.Internal.WebHost|Request starting HTTP/1.1 GET http://localhost:53185/__webpack_hmr   
2019-02-13 15:05:37.8848||INFO|Microsoft.AspNetCore.NodeServices|[34mi[39m [90mя╜вwdmя╜г[39m: wait until bundle finished: /__webpack_hmr 
2019-02-13 15:05:37.8913||INFO|Microsoft.AspNetCore.NodeServices|[34mi[39m [90mя╜вwdmя╜г[39m: wait until bundle finished: / 
2019-02-13 15:05:43.0923|1|INFO|Microsoft.AspNetCore.Hosting.Internal.WebHost|Request starting HTTP/1.1 GET http://localhost:53185/__webpack_hmr   
2019-02-13 15:05:46.8938||INFO|Microsoft.AspNetCore.NodeServices|[34mi[39m [90mя╜вwdmя╜г[39m: wait until bundle finished: /__webpack_hmr 
2019-02-13 15:05:54.0293||INFO|Microsoft.AspNetCore.NodeServices|webpack built ce05e6fe98d4c8367988 in 16775ms 
2019-02-13 15:05:54.0988||INFO|Microsoft.AspNetCore.NodeServices|[34mi[39m [90mя╜вwdmя╜г[39m: Hash: ce05e6fe98d4c8367988
Version: webpack 4.23.1
Time: 16775ms
Built at: 2019-02-13 15:05:53
                                         Asset      Size         Chunks             Chunk Names
 ../img/_/fonts/font-awesome/fa-brands-400.svg  49 bytes                 [emitted]  
../img/_/fonts/font-awesome/fa-regular-400.svg  50 bytes                 [emitted]  
  ../img/_/fonts/font-awesome/fa-solid-900.svg  48 bytes                 [emitted]  
    critical-foft-preload-fallback-optional.js  8.04 KiB                 [emitted]  
                              custom_styles.js   430 KiB  custom_styles  [emitted]  custom_styles
                           custom_styles.js.gz  66.1 KiB                 [emitted]  
                       fonts/fa-brands-400.eot  96.3 KiB                 [emitted]  
                    fonts/fa-brands-400.eot.gz    63 KiB                 [emitted]  
                       fonts/fa-brands-400.svg   496 KiB                 [emitted]  
                    fonts/fa-brands-400.svg.gz   159 KiB                 [emitted]  
                       fonts/fa-brands-400.ttf  96.1 KiB                 [emitted]  
                    fonts/fa-brands-400.ttf.gz  62.9 KiB                 [emitted]  
                      fonts/fa-brands-400.woff  62.2 KiB                 [emitted]  
                     fonts/fa-brands-400.woff2  53.2 KiB                 [emitted]  
                      fonts/fa-regular-400.eot  30.4 KiB                 [emitted]  
                   fonts/fa-regular-400.eot.gz  14.6 KiB                 [emitted]  
                      fonts/fa-regular-400.svg   105 KiB                 [emitted]  
                   fonts/fa-regular-400.svg.gz  35.7 KiB                 [emitted]  
                      fonts/fa-regular-400.ttf  30.2 KiB                 [emitted]  
                   fonts/fa-regular-400.ttf.gz  14.6 KiB                 [emitted]  
                     fonts/fa-regular-400.woff  14.4 KiB                 [emitted]  
                    fonts/fa-regular-400.woff2    12 KiB                 [emitted]  
                        fonts/fa-solid-900.eot   104 KiB                 [emitted]  
                     fonts/fa-solid-900.eot.gz  50.3 KiB                 [emitted]  
                        fonts/fa-solid-900.svg   382 KiB                 [emitted]  
                     fonts/fa-solid-900.svg.gz   130 KiB                 [emitted]  
                        fonts/fa-solid-900.ttf   103 KiB                 [emitted]  
                     fonts/fa-solid-900.ttf.gz  50.2 KiB                 [emitted]  
                       fonts/fa-solid-900.woff  49.3 KiB                 [emitted]  
                      fonts/fa-solid-900.woff2  39.2 KiB                 [emitted]  
                            fonts/flaticon.eot  2.57 KiB                 [emitted]  
                         fonts/flaticon.eot.gz  1.42 KiB                 [emitted]  
                            fonts/flaticon.ttf  27.6 KiB                 [emitted]  
                         fonts/flaticon.ttf.gz  17.4 KiB                 [emitted]  
                           fonts/flaticon.woff  17.6 KiB                 [emitted]  
                        fonts/montserrat.woff2  18.3 KiB                 [emitted]  
                       fonts/ptserif-400.woff2  33.5 KiB                 [emitted]  
                       fonts/ptserif-700.woff2  27.3 KiB                 [emitted]  
                                       main.js   215 KiB           main  [emitted]  main
                                    main.js.gz  47.4 KiB                 [emitted]  
                                         sw.js  2.14 KiB                 [emitted]  
                                 vendor_src.js   965 KiB     vendor_src  [emitted]  vendor_src
                              vendor_src.js.gz   212 KiB                 [emitted]  
                              vendor_styles.js  1.07 MiB  vendor_styles  [emitted]  vendor_styles
                           vendor_styles.js.gz   182 KiB                 [emitted]  
Entrypoint vendor_styles = vendor_styles.js
Entrypoint vendor_src = vendor_src.js
Entrypoint custom_styles = custom_styles.js
Entrypoint main = main.js
[0] multi webpack-hot-middleware/client?path=__webpack_hmr&dynamicPublicPath=true ./ClientApp/src/assets/js/vendor_styles.js 40 bytes {vendor_styles} [built]
[1] multi webpack-hot-middleware/client?path=__webpack_hmr&dynamicPublicPath=true script-loader!./ClientApp/src/assets/vendor/jquery.min.js script-loader!./ClientApp/src/assets/vendor/popper.min.js script-loader!./ClientApp/src/assets/vendor/bootstrap.min.js script-loader!./ClientApp/src/assets/vendor/pace.min.js script-loader!./ClientApp/src/assets/vendor/particles.min.js script-loader!./ClientApp/src/assets/vendor/jquery.easing.min.js script-loader!./ClientApp/src/assets/vendor/imagesloaded.pkgd.min.js script-loader!./ClientApp/src/assets/vendor/flickity.pkgd.min.js script-loader!./ClientApp/src/assets/vendor/isotope.pkgd.min.js script-loader!./ClientApp/src/assets/vendor/jquery.magnific-popup.min.js script-loader!./ClientApp/src/assets/vendor/jquery.countdown.min.js script-loader!./ClientApp/src/assets/vendor/jquery.validate.min.js script-loader!./ClientApp/src/assets/vendor/jquery-confirm.min.js script-loader!./ClientApp/src/assets/vendor/greensock/TweenMax.min.js script-loader!./ClientApp/src/assets/vendor/ScrollMagic.min.js script-loader!./ClientApp/src/assets/vendor/animation.gsap.min.js script-loader!./ClientApp/src/assets/vendor/theme.js script-loader!./ClientApp/src/assets/vendor/milea.js 244 bytes {vendor_src} [built]
[2] multi webpack-hot-middleware/client?path=__webpack_hmr&dynamicPublicPath=true ./ClientApp/src/assets/js/custom_styles.js 40 bytes {custom_styles} [built]
[3] multi webpack-hot-middleware/client?path=__webpack_hmr&dynamicPublicPath=true ./ClientApp/src/assets/js/index.js 40 bytes {main} [built]
[./ClientApp/src/assets/js/custom_styles.js] 28 bytes {custom_styles} [built]
[./ClientApp/src/assets/js/index.js] 274 bytes {main} [built]
[./ClientApp/src/assets/js/vendor_styles.js] 215 bytes {vendor_styles} [built]
[./node_modules/script-loader/index.js!./ClientApp/src/assets/vendor/ScrollMagic.min.js] ./node_modules/script-loader!./ClientApp/src/assets/vendor/ScrollMagic.min.js 484 bytes {vendor_src} [built]
[./node_modules/script-loader/index.js!./ClientApp/src/assets/vendor/animation.gsap.min.js] ./node_modules/script-loader!./ClientApp/src/assets/vendor/animation.gsap.min.js 487 bytes {vendor_src} [built]
[./node_modules/script-loader/index.js!./ClientApp/src/assets/vendor/bootstrap.min.js] ./node_modules/script-loader!./ClientApp/src/assets/vendor/bootstrap.min.js 482 bytes {vendor_src} [built]
[./node_modules/script-loader/index.js!./ClientApp/src/assets/vendor/flickity.pkgd.min.js] ./node_modules/script-loader!./ClientApp/src/assets/vendor/flickity.pkgd.min.js 486 bytes {vendor_src} [built]
[./node_modules/script-loader/index.js!./ClientApp/src/assets/vendor/greensock/TweenMax.min.js] ./node_modules/script-loader!./ClientApp/src/assets/vendor/greensock/TweenMax.min.js 492 bytes {vendor_src} [built]
[./node_modules/script-loader/index.js!./ClientApp/src/assets/vendor/imagesloaded.pkgd.min.js] ./node_modules/script-loader!./ClientApp/src/assets/vendor/imagesloaded.pkgd.min.js 490 bytes {vendor_src} [built]
[./node_modules/script-loader/index.js!./ClientApp/src/assets/vendor/isotope.pkgd.min.js] ./node_modules/script-loader!./ClientApp/src/assets/vendor/isotope.pkgd.min.js 485 bytes {vendor_src} [built]
[./node_modules/script-loader/index.js!./ClientApp/src/assets/vendor/jquery-confirm.min.js] ./node_modules/script-loader!./ClientApp/src/assets/vendor/jquery-confirm.min.js 487 bytes {vendor_src} [built]
    + 86 hidden modules 
2019-02-13 15:05:54.0988||INFO|Microsoft.AspNetCore.NodeServices|[34mi[39m [90mя╜вwdmя╜г[39m: Compiled successfully. 
2019-02-13 15:05:54.1201|3|WARN|Microsoft.AspNetCore.HttpsPolicy.HttpsRedirectionMiddleware|Failed to determine the https port for redirect. 
2019-02-13 15:05:54.1788|1|INFO|Microsoft.AspNetCore.Hosting.Internal.WebHost|Request starting HTTP/1.1 GET http://localhost:53185/c63e24e3396e450317fe.hot-update.json   
2019-02-13 15:05:54.2213|1|INFO|Microsoft.AspNetCore.Hosting.Internal.WebHost|Request starting HTTP/1.1 GET http://localhost:53185/bc6c83ca85933ee90b8a.hot-update.json   
2019-02-13 15:05:54.3641|1|INFO|Microsoft.AspNetCore.Mvc.Internal.ControllerActionInvoker|Route matched with {action = "Error404", controller = "Home"}. Executing action TemplateCoreWebTest.Controllers.HomeController.Error404 (WeedingInvitation) 
2019-02-13 15:05:54.3641|1|INFO|Microsoft.AspNetCore.Mvc.Internal.ControllerActionInvoker|Route matched with {action = "Error404", controller = "Home"}. Executing action TemplateCoreWebTest.Controllers.HomeController.Error404 (WeedingInvitation) 
2019-02-13 15:05:54.3789|1|INFO|Microsoft.AspNetCore.Mvc.Internal.ControllerActionInvoker|Route matched with {action = "Index", controller = "Home"}. Executing action TemplateCoreWebTest.Controllers.HomeController.Index (WeedingInvitation) 
2019-02-13 15:05:54.3952|1|INFO|Microsoft.AspNetCore.Mvc.Internal.ControllerActionInvoker|Executing action method TemplateCoreWebTest.Controllers.HomeController.Error404 (WeedingInvitation) - Validation state: Valid 
2019-02-13 15:05:54.3952|1|INFO|Microsoft.AspNetCore.Mvc.Internal.ControllerActionInvoker|Executing action method TemplateCoreWebTest.Controllers.HomeController.Error404 (WeedingInvitation) - Validation state: Valid 
2019-02-13 15:05:54.3952|2|INFO|Microsoft.AspNetCore.Mvc.Internal.ControllerActionInvoker|Executed action method TemplateCoreWebTest.Controllers.HomeController.Error404 (WeedingInvitation), returned result Microsoft.AspNetCore.Mvc.ViewResult in 0.6966ms. 
2019-02-13 15:05:54.3952|1|INFO|Microsoft.AspNetCore.Mvc.Internal.ControllerActionInvoker|Executing action method TemplateCoreWebTest.Controllers.HomeController.Index (WeedingInvitation) with arguments () - Validation state: Valid 
2019-02-13 15:05:54.3952|2|INFO|Microsoft.AspNetCore.Mvc.Internal.ControllerActionInvoker|Executed action method TemplateCoreWebTest.Controllers.HomeController.Error404 (WeedingInvitation), returned result Microsoft.AspNetCore.Mvc.ViewResult in 0.1171ms. 
2019-02-13 15:05:54.4074|2|INFO|Microsoft.AspNetCore.Mvc.Internal.ControllerActionInvoker|Executed action method TemplateCoreWebTest.Controllers.HomeController.Index (WeedingInvitation), returned result Microsoft.AspNetCore.Mvc.ViewResult in 0.2484ms. 
2019-02-13 15:05:54.4431|1|INFO|Microsoft.AspNetCore.Mvc.ViewFeatures.ViewResultExecutor|Executing ViewResult, running view Error404. 
2019-02-13 15:05:54.4431|1|INFO|Microsoft.AspNetCore.Mvc.ViewFeatures.ViewResultExecutor|Executing ViewResult, running view Index. 
2019-02-13 15:05:54.4431|1|INFO|Microsoft.AspNetCore.Mvc.ViewFeatures.ViewResultExecutor|Executing ViewResult, running view Error404. 
2019-02-13 15:05:54.5497|4|INFO|Microsoft.AspNetCore.Mvc.ViewFeatures.ViewResultExecutor|Executed ViewResult - view Error404 executed in 130.5655ms. 
2019-02-13 15:05:54.5497|4|INFO|Microsoft.AspNetCore.Mvc.ViewFeatures.ViewResultExecutor|Executed ViewResult - view Error404 executed in 130.8538ms. 
2019-02-13 15:05:54.5497|4|INFO|Microsoft.AspNetCore.Mvc.ViewFeatures.ViewResultExecutor|Executed ViewResult - view Index executed in 131.1548ms. 
2019-02-13 15:05:54.5497|2|INFO|Microsoft.AspNetCore.Mvc.Internal.ControllerActionInvoker|Executed action TemplateCoreWebTest.Controllers.HomeController.Error404 (WeedingInvitation) in 191.4794ms 
2019-02-13 15:05:54.5656|2|INFO|Microsoft.AspNetCore.Mvc.Internal.ControllerActionInvoker|Executed action TemplateCoreWebTest.Controllers.HomeController.Error404 (WeedingInvitation) in 186.006ms 
2019-02-13 15:05:54.5656|1|INFO|Microsoft.AspNetCore.Hosting.Internal.WebHost|Request starting HTTP/1.1 GET http://localhost:53185/c63e24e3396e450317fe.hot-update.json   
2019-02-13 15:05:54.5656|2|INFO|Microsoft.AspNetCore.Mvc.Internal.ControllerActionInvoker|Executed action TemplateCoreWebTest.Controllers.HomeController.Index (WeedingInvitation) in 183.698ms 
2019-02-13 15:05:54.5829|1|INFO|Microsoft.AspNetCore.Mvc.Internal.ControllerActionInvoker|Route matched with {action = "Error404", controller = "Home"}. Executing action TemplateCoreWebTest.Controllers.HomeController.Error404 (WeedingInvitation) 
2019-02-13 15:05:54.5829|2|INFO|Microsoft.AspNetCore.Hosting.Internal.WebHost|Request finished in 16825.4359ms 200 text/html; charset=utf-8 
2019-02-13 15:05:54.5829|2|INFO|Microsoft.AspNetCore.Hosting.Internal.WebHost|Request finished in 410.6843ms 404 text/html; charset=utf-8 
2019-02-13 15:05:54.5829|2|INFO|Microsoft.AspNetCore.Hosting.Internal.WebHost|Request finished in 368.9763ms 404 text/html; charset=utf-8 
2019-02-13 15:05:54.5829|1|INFO|Microsoft.AspNetCore.Mvc.Internal.ControllerActionInvoker|Executing action method TemplateCoreWebTest.Controllers.HomeController.Error404 (WeedingInvitation) - Validation state: Valid 
2019-02-13 15:05:54.6138|1|INFO|Microsoft.AspNetCore.Hosting.Internal.WebHost|Request starting HTTP/1.1 GET http://localhost:53185/bc6c83ca85933ee90b8a.hot-update.json   
2019-02-13 15:05:54.6341|2|INFO|Microsoft.AspNetCore.Mvc.Internal.ControllerActionInvoker|Executed action method TemplateCoreWebTest.Controllers.HomeController.Error404 (WeedingInvitation), returned result Microsoft.AspNetCore.Mvc.ViewResult in 0.0232ms. 
2019-02-13 15:05:54.6490|1|INFO|Microsoft.AspNetCore.Mvc.Internal.ControllerActionInvoker|Route matched with {action = "Error404", controller = "Home"}. Executing action TemplateCoreWebTest.Controllers.HomeController.Error404 (WeedingInvitation) 
2019-02-13 15:05:54.6490|1|INFO|Microsoft.AspNetCore.Mvc.ViewFeatures.ViewResultExecutor|Executing ViewResult, running view Error404. 
2019-02-13 15:05:54.6490|1|INFO|Microsoft.AspNetCore.Mvc.Internal.ControllerActionInvoker|Executing action method TemplateCoreWebTest.Controllers.HomeController.Error404 (WeedingInvitation) - Validation state: Valid 
2019-02-13 15:05:54.6490|4|INFO|Microsoft.AspNetCore.Mvc.ViewFeatures.ViewResultExecutor|Executed ViewResult - view Error404 executed in 2.9099ms. 
2019-02-13 15:05:54.6689|2|INFO|Microsoft.AspNetCore.Mvc.Internal.ControllerActionInvoker|Executed action method TemplateCoreWebTest.Controllers.HomeController.Error404 (WeedingInvitation), returned result Microsoft.AspNetCore.Mvc.ViewResult in 0.022ms. 
2019-02-13 15:05:54.6689|2|INFO|Microsoft.AspNetCore.Mvc.Internal.ControllerActionInvoker|Executed action TemplateCoreWebTest.Controllers.HomeController.Error404 (WeedingInvitation) in 79.3846ms 
2019-02-13 15:05:54.6826|1|INFO|Microsoft.AspNetCore.Mvc.ViewFeatures.ViewResultExecutor|Executing ViewResult, running view Error404. 
2019-02-13 15:05:54.6826|2|INFO|Microsoft.AspNetCore.Hosting.Internal.WebHost|Request finished in 120.1025ms 404 text/html; charset=utf-8 
2019-02-13 15:05:54.6898|1|INFO|Microsoft.AspNetCore.Hosting.Internal.WebHost|Request starting HTTP/1.1 GET http://localhost:53185/c63e24e3396e450317fe.hot-update.json   
2019-02-13 15:05:54.6898|4|INFO|Microsoft.AspNetCore.Mvc.ViewFeatures.ViewResultExecutor|Executed ViewResult - view Error404 executed in 8.5196ms. 
2019-02-13 15:05:54.7032|1|INFO|Microsoft.AspNetCore.Mvc.Internal.ControllerActionInvoker|Route matched with {action = "Error404", controller = "Home"}. Executing action TemplateCoreWebTest.Controllers.HomeController.Error404 (WeedingInvitation) 
2019-02-13 15:05:54.7032|1|INFO|Microsoft.AspNetCore.Hosting.Internal.WebHost|Request starting HTTP/1.1 GET http://localhost:53185/bc6c83ca85933ee90b8a.hot-update.json   
2019-02-13 15:05:54.7032|2|INFO|Microsoft.AspNetCore.Mvc.Internal.ControllerActionInvoker|Executed action TemplateCoreWebTest.Controllers.HomeController.Error404 (WeedingInvitation) in 54.8286ms 
2019-02-13 15:05:54.7032|1|INFO|Microsoft.AspNetCore.Mvc.Internal.ControllerActionInvoker|Executing action method TemplateCoreWebTest.Controllers.HomeController.Error404 (WeedingInvitation) - Validation state: Valid 
2019-02-13 15:05:54.7032|1|INFO|Microsoft.AspNetCore.Mvc.Internal.ControllerActionInvoker|Route matched with {action = "Error404", controller = "Home"}. Executing action TemplateCoreWebTest.Controllers.HomeController.Error404 (WeedingInvitation) 
2019-02-13 15:05:54.7194|2|INFO|Microsoft.AspNetCore.Hosting.Internal.WebHost|Request finished in 105.6425ms 404 text/html; charset=utf-8 
2019-02-13 15:05:54.7194|2|INFO|Microsoft.AspNetCore.Mvc.Internal.ControllerActionInvoker|Executed action method TemplateCoreWebTest.Controllers.HomeController.Error404 (WeedingInvitation), returned result Microsoft.AspNetCore.Mvc.ViewResult in 0.0199ms. 
2019-02-13 15:05:54.7194|1|INFO|Microsoft.AspNetCore.Mvc.Internal.ControllerActionInvoker|Executing action method TemplateCoreWebTest.Controllers.HomeController.Error404 (WeedingInvitation) - Validation state: Valid 
2019-02-13 15:05:54.7347|1|INFO|Microsoft.AspNetCore.Mvc.ViewFeatures.ViewResultExecutor|Executing ViewResult, running view Error404. 
2019-02-13 15:05:54.7347|2|INFO|Microsoft.AspNetCore.Mvc.Internal.ControllerActionInvoker|Executed action method TemplateCoreWebTest.Controllers.HomeController.Error404 (WeedingInvitation), returned result Microsoft.AspNetCore.Mvc.ViewResult in 0.0374ms. 
2019-02-13 15:05:54.7347|4|INFO|Microsoft.AspNetCore.Mvc.ViewFeatures.ViewResultExecutor|Executed ViewResult - view Error404 executed in 3.4819ms. 
2019-02-13 15:05:54.7347|1|INFO|Microsoft.AspNetCore.Mvc.ViewFeatures.ViewResultExecutor|Executing ViewResult, running view Error404. 
2019-02-13 15:05:54.7347|2|INFO|Microsoft.AspNetCore.Mvc.Internal.ControllerActionInvoker|Executed action TemplateCoreWebTest.Controllers.HomeController.Error404 (WeedingInvitation) in 36.4894ms 
2019-02-13 15:05:54.7347|1|INFO|Microsoft.AspNetCore.Hosting.Internal.WebHost|Request starting HTTP/1.1 GET http://localhost:53185/c63e24e3396e450317fe.hot-update.json   
2019-02-13 15:05:54.7508|4|INFO|Microsoft.AspNetCore.Mvc.ViewFeatures.ViewResultExecutor|Executed ViewResult - view Error404 executed in 10.6094ms. 
2019-02-13 15:05:54.7508|2|INFO|Microsoft.AspNetCore.Hosting.Internal.WebHost|Request finished in 62.6229ms 404 text/html; charset=utf-8 
2019-02-13 15:05:54.7508|1|INFO|Microsoft.AspNetCore.Mvc.Internal.ControllerActionInvoker|Route matched with {action = "Error404", controller = "Home"}. Executing action TemplateCoreWebTest.Controllers.HomeController.Error404 (WeedingInvitation) 
2019-02-13 15:05:54.7508|2|INFO|Microsoft.AspNetCore.Mvc.Internal.ControllerActionInvoker|Executed action TemplateCoreWebTest.Controllers.HomeController.Error404 (WeedingInvitation) in 33.6582ms 
2019-02-13 15:05:54.7508|1|INFO|Microsoft.AspNetCore.Hosting.Internal.WebHost|Request starting HTTP/1.1 GET http://localhost:53185/bc6c83ca85933ee90b8a.hot-update.json   
2019-02-13 15:05:54.7662|1|INFO|Microsoft.AspNetCore.Mvc.Internal.ControllerActionInvoker|Executing action method TemplateCoreWebTest.Controllers.HomeController.Error404 (WeedingInvitation) - Validation state: Valid 
2019-02-13 15:05:54.7662|2|INFO|Microsoft.AspNetCore.Mvc.Internal.ControllerActionInvoker|Executed action method TemplateCoreWebTest.Controllers.HomeController.Error404 (WeedingInvitation), returned result Microsoft.AspNetCore.Mvc.ViewResult in 0.0347ms. 
2019-02-13 15:05:54.7662|1|INFO|Microsoft.AspNetCore.Mvc.Internal.ControllerActionInvoker|Route matched with {action = "Error404", controller = "Home"}. Executing action TemplateCoreWebTest.Controllers.HomeController.Error404 (WeedingInvitation) 
2019-02-13 15:05:54.7662|2|INFO|Microsoft.AspNetCore.Hosting.Internal.WebHost|Request finished in 62.034ms 404 text/html; charset=utf-8 
2019-02-13 15:05:54.7662|1|INFO|Microsoft.AspNetCore.Mvc.ViewFeatures.ViewResultExecutor|Executing ViewResult, running view Error404. 
2019-02-13 15:05:54.7662|1|INFO|Microsoft.AspNetCore.Mvc.Internal.ControllerActionInvoker|Executing action method TemplateCoreWebTest.Controllers.HomeController.Error404 (WeedingInvitation) - Validation state: Valid 
2019-02-13 15:05:54.7662|4|INFO|Microsoft.AspNetCore.Mvc.ViewFeatures.ViewResultExecutor|Executed ViewResult - view Error404 executed in 4.5028ms. 
2019-02-13 15:05:54.7662|2|INFO|Microsoft.AspNetCore.Mvc.Internal.ControllerActionInvoker|Executed action method TemplateCoreWebTest.Controllers.HomeController.Error404 (WeedingInvitation), returned result Microsoft.AspNetCore.Mvc.ViewResult in 0.0223ms. 
2019-02-13 15:05:54.7839|2|INFO|Microsoft.AspNetCore.Mvc.Internal.ControllerActionInvoker|Executed action TemplateCoreWebTest.Controllers.HomeController.Error404 (WeedingInvitation) in 17.6814ms 
2019-02-13 15:05:54.7839|1|INFO|Microsoft.AspNetCore.Mvc.ViewFeatures.ViewResultExecutor|Executing ViewResult, running view Error404. 
2019-02-13 15:05:54.7839|2|INFO|Microsoft.AspNetCore.Hosting.Internal.WebHost|Request finished in 38.2272ms 404 text/html; charset=utf-8 
2019-02-13 15:05:54.7839|4|INFO|Microsoft.AspNetCore.Mvc.ViewFeatures.ViewResultExecutor|Executed ViewResult - view Error404 executed in 3.4372ms. 
2019-02-13 15:05:54.7839|2|INFO|Microsoft.AspNetCore.Mvc.Internal.ControllerActionInvoker|Executed action TemplateCoreWebTest.Controllers.HomeController.Error404 (WeedingInvitation) in 20.8648ms 
2019-02-13 15:05:54.7983|2|INFO|Microsoft.AspNetCore.Hosting.Internal.WebHost|Request finished in 34.2082ms 404 text/html; charset=utf-8 
2019-02-13 15:05:54.9235|1|INFO|Microsoft.AspNetCore.Hosting.Internal.WebHost|Request starting HTTP/1.1 GET http://localhost:53185/img/the-bride.jpg   
2019-02-13 15:05:54.9515|2|INFO|Microsoft.AspNetCore.StaticFiles.StaticFileMiddleware|Sending file. Request path: '/img/the-bride.jpg'. Physical path: 'C:\Users\Diana\Work\Projects\WeedingInvitation\TemplateCoreWeb\wwwroot\img\the-bride.jpg' 
2019-02-13 15:05:54.9534|2|INFO|Microsoft.AspNetCore.Hosting.Internal.WebHost|Request finished in 29.8491ms 200 image/jpeg 
2019-02-13 15:05:54.9996|1|INFO|Microsoft.AspNetCore.Hosting.Internal.WebHost|Request starting HTTP/1.1 GET http://localhost:53185/img/the-groom.jpg   
2019-02-13 15:05:55.0075|2|INFO|Microsoft.AspNetCore.StaticFiles.StaticFileMiddleware|Sending file. Request path: '/img/the-groom.jpg'. Physical path: 'C:\Users\Diana\Work\Projects\WeedingInvitation\TemplateCoreWeb\wwwroot\img\the-groom.jpg' 
2019-02-13 15:05:55.0075|2|INFO|Microsoft.AspNetCore.Hosting.Internal.WebHost|Request finished in 9.6193ms 200 image/jpeg 
2019-02-13 15:05:55.0993|1|INFO|Microsoft.AspNetCore.Hosting.Internal.WebHost|Request starting HTTP/1.1 GET http://localhost:53185/__webpack_hmr   
2019-02-13 15:05:55.1239|1|INFO|Microsoft.AspNetCore.Hosting.Internal.WebHost|Request starting HTTP/1.1 GET http://localhost:53185/bc6c83ca85933ee90b8a.hot-update.json   
2019-02-13 15:05:55.1239|1|INFO|Microsoft.AspNetCore.Hosting.Internal.WebHost|Request starting HTTP/1.1 GET http://localhost:53185/c63e24e3396e450317fe.hot-update.json   
2019-02-13 15:05:55.1296|1|INFO|Microsoft.AspNetCore.Mvc.Internal.ControllerActionInvoker|Route matched with {action = "Error404", controller = "Home"}. Executing action TemplateCoreWebTest.Controllers.HomeController.Error404 (WeedingInvitation) 
2019-02-13 15:05:55.1296|1|INFO|Microsoft.AspNetCore.Mvc.Internal.ControllerActionInvoker|Executing action method TemplateCoreWebTest.Controllers.HomeController.Error404 (WeedingInvitation) - Validation state: Valid 
2019-02-13 15:05:55.1296|1|INFO|Microsoft.AspNetCore.Mvc.Internal.ControllerActionInvoker|Route matched with {action = "Error404", controller = "Home"}. Executing action TemplateCoreWebTest.Controllers.HomeController.Error404 (WeedingInvitation) 
2019-02-13 15:05:55.1296|2|INFO|Microsoft.AspNetCore.Mvc.Internal.ControllerActionInvoker|Executed action method TemplateCoreWebTest.Controllers.HomeController.Error404 (WeedingInvitation), returned result Microsoft.AspNetCore.Mvc.ViewResult in 0.0172ms. 
2019-02-13 15:05:55.1296|1|INFO|Microsoft.AspNetCore.Mvc.Internal.ControllerActionInvoker|Executing action method TemplateCoreWebTest.Controllers.HomeController.Error404 (WeedingInvitation) - Validation state: Valid 
2019-02-13 15:05:55.1296|1|INFO|Microsoft.AspNetCore.Mvc.ViewFeatures.ViewResultExecutor|Executing ViewResult, running view Error404. 
2019-02-13 15:05:55.1296|2|INFO|Microsoft.AspNetCore.Mvc.Internal.ControllerActionInvoker|Executed action method TemplateCoreWebTest.Controllers.HomeController.Error404 (WeedingInvitation), returned result Microsoft.AspNetCore.Mvc.ViewResult in 0.0214ms. 
2019-02-13 15:05:55.1296|4|INFO|Microsoft.AspNetCore.Mvc.ViewFeatures.ViewResultExecutor|Executed ViewResult - view Error404 executed in 3.9428ms. 
2019-02-13 15:05:55.1413|2|INFO|Microsoft.AspNetCore.Mvc.Internal.ControllerActionInvoker|Executed action TemplateCoreWebTest.Controllers.HomeController.Error404 (WeedingInvitation) in 11.8727ms 
2019-02-13 15:05:55.1413|1|INFO|Microsoft.AspNetCore.Mvc.ViewFeatures.ViewResultExecutor|Executing ViewResult, running view Error404. 
2019-02-13 15:05:55.1413|2|INFO|Microsoft.AspNetCore.Hosting.Internal.WebHost|Request finished in 21.1386ms 404 text/html; charset=utf-8 
2019-02-13 15:05:55.1413|1|INFO|Microsoft.AspNetCore.Hosting.Internal.WebHost|Request starting HTTP/1.1 GET http://localhost:53185/bc6c83ca85933ee90b8a.hot-update.json   
2019-02-13 15:05:55.1413|4|INFO|Microsoft.AspNetCore.Mvc.ViewFeatures.ViewResultExecutor|Executed ViewResult - view Error404 executed in 7.1749ms. 
2019-02-13 15:05:55.1413|2|INFO|Microsoft.AspNetCore.Mvc.Internal.ControllerActionInvoker|Executed action TemplateCoreWebTest.Controllers.HomeController.Error404 (WeedingInvitation) in 21.4924ms 
2019-02-13 15:05:55.1578|1|INFO|Microsoft.AspNetCore.Mvc.Internal.ControllerActionInvoker|Route matched with {action = "Error404", controller = "Home"}. Executing action TemplateCoreWebTest.Controllers.HomeController.Error404 (WeedingInvitation) 
2019-02-13 15:05:55.1578|2|INFO|Microsoft.AspNetCore.Hosting.Internal.WebHost|Request finished in 34.095ms 404 text/html; charset=utf-8 
2019-02-13 15:05:55.1578|1|INFO|Microsoft.AspNetCore.Hosting.Internal.WebHost|Request starting HTTP/1.1 GET http://localhost:53185/c63e24e3396e450317fe.hot-update.json   
2019-02-13 15:05:55.1578|1|INFO|Microsoft.AspNetCore.Mvc.Internal.ControllerActionInvoker|Executing action method TemplateCoreWebTest.Controllers.HomeController.Error404 (WeedingInvitation) - Validation state: Valid 
2019-02-13 15:05:55.1578|2|INFO|Microsoft.AspNetCore.Mvc.Internal.ControllerActionInvoker|Executed action method TemplateCoreWebTest.Controllers.HomeController.Error404 (WeedingInvitation), returned result Microsoft.AspNetCore.Mvc.ViewResult in 0.0205ms. 
2019-02-13 15:05:55.1578|1|INFO|Microsoft.AspNetCore.Mvc.Internal.ControllerActionInvoker|Route matched with {action = "Error404", controller = "Home"}. Executing action TemplateCoreWebTest.Controllers.HomeController.Error404 (WeedingInvitation) 
2019-02-13 15:05:55.1578|1|INFO|Microsoft.AspNetCore.Mvc.ViewFeatures.ViewResultExecutor|Executing ViewResult, running view Error404. 
2019-02-13 15:05:55.1578|1|INFO|Microsoft.AspNetCore.Mvc.Internal.ControllerActionInvoker|Executing action method TemplateCoreWebTest.Controllers.HomeController.Error404 (WeedingInvitation) - Validation state: Valid 
2019-02-13 15:05:55.1578|4|INFO|Microsoft.AspNetCore.Mvc.ViewFeatures.ViewResultExecutor|Executed ViewResult - view Error404 executed in 3.4098ms. 
2019-02-13 15:05:55.1729|2|INFO|Microsoft.AspNetCore.Mvc.Internal.ControllerActionInvoker|Executed action method TemplateCoreWebTest.Controllers.HomeController.Error404 (WeedingInvitation), returned result Microsoft.AspNetCore.Mvc.ViewResult in 0.0229ms. 
2019-02-13 15:05:55.1729|2|INFO|Microsoft.AspNetCore.Mvc.Internal.ControllerActionInvoker|Executed action TemplateCoreWebTest.Controllers.HomeController.Error404 (WeedingInvitation) in 18.4859ms 
2019-02-13 15:05:55.1729|1|INFO|Microsoft.AspNetCore.Hosting.Internal.WebHost|Request starting HTTP/1.1 GET http://localhost:53185/bc6c83ca85933ee90b8a.hot-update.json   
2019-02-13 15:05:55.1729|1|INFO|Microsoft.AspNetCore.Mvc.ViewFeatures.ViewResultExecutor|Executing ViewResult, running view Error404. 
2019-02-13 15:05:55.1729|2|INFO|Microsoft.AspNetCore.Hosting.Internal.WebHost|Request finished in 35.3828ms 404 text/html; charset=utf-8 
2019-02-13 15:05:55.1729|1|INFO|Microsoft.AspNetCore.Mvc.Internal.ControllerActionInvoker|Route matched with {action = "Error404", controller = "Home"}. Executing action TemplateCoreWebTest.Controllers.HomeController.Error404 (WeedingInvitation) 
2019-02-13 15:05:55.1729|4|INFO|Microsoft.AspNetCore.Mvc.ViewFeatures.ViewResultExecutor|Executed ViewResult - view Error404 executed in 6.7384ms. 
2019-02-13 15:05:55.1944|1|INFO|Microsoft.AspNetCore.Mvc.Internal.ControllerActionInvoker|Executing action method TemplateCoreWebTest.Controllers.HomeController.Error404 (WeedingInvitation) - Validation state: Valid 
2019-02-13 15:05:55.1944|1|INFO|Microsoft.AspNetCore.Hosting.Internal.WebHost|Request starting HTTP/1.1 GET http://localhost:53185/c63e24e3396e450317fe.hot-update.json   
2019-02-13 15:05:55.1944|2|INFO|Microsoft.AspNetCore.Mvc.Internal.ControllerActionInvoker|Executed action TemplateCoreWebTest.Controllers.HomeController.Error404 (WeedingInvitation) in 25.9853ms 
2019-02-13 15:05:55.1944|2|INFO|Microsoft.AspNetCore.Mvc.Internal.ControllerActionInvoker|Executed action method TemplateCoreWebTest.Controllers.HomeController.Error404 (WeedingInvitation), returned result Microsoft.AspNetCore.Mvc.ViewResult in 0.0301ms. 
2019-02-13 15:05:55.1944|1|INFO|Microsoft.AspNetCore.Mvc.ViewFeatures.ViewResultExecutor|Executing ViewResult, running view Error404. 
2019-02-13 15:05:55.1944|1|INFO|Microsoft.AspNetCore.Mvc.Internal.ControllerActionInvoker|Route matched with {action = "Error404", controller = "Home"}. Executing action TemplateCoreWebTest.Controllers.HomeController.Error404 (WeedingInvitation) 
2019-02-13 15:05:55.1944|2|INFO|Microsoft.AspNetCore.Hosting.Internal.WebHost|Request finished in 41.675ms 404 text/html; charset=utf-8 
2019-02-13 15:05:55.2086|4|INFO|Microsoft.AspNetCore.Mvc.ViewFeatures.ViewResultExecutor|Executed ViewResult - view Error404 executed in 5.6333ms. 
2019-02-13 15:05:55.2086|1|INFO|Microsoft.AspNetCore.Mvc.Internal.ControllerActionInvoker|Executing action method TemplateCoreWebTest.Controllers.HomeController.Error404 (WeedingInvitation) - Validation state: Valid 
2019-02-13 15:05:55.2086|1|INFO|Microsoft.AspNetCore.Hosting.Internal.WebHost|Request starting HTTP/1.1 GET http://localhost:53185/bc6c83ca85933ee90b8a.hot-update.json   
2019-02-13 15:05:55.2086|2|INFO|Microsoft.AspNetCore.Mvc.Internal.ControllerActionInvoker|Executed action TemplateCoreWebTest.Controllers.HomeController.Error404 (WeedingInvitation) in 22.187ms 
2019-02-13 15:05:55.2086|2|INFO|Microsoft.AspNetCore.Mvc.Internal.ControllerActionInvoker|Executed action method TemplateCoreWebTest.Controllers.HomeController.Error404 (WeedingInvitation), returned result Microsoft.AspNetCore.Mvc.ViewResult in 0.0172ms. 
2019-02-13 15:05:55.2216|2|INFO|Microsoft.AspNetCore.Hosting.Internal.WebHost|Request finished in 43.0428ms 404 text/html; charset=utf-8 
2019-02-13 15:05:55.2216|1|INFO|Microsoft.AspNetCore.Mvc.Internal.ControllerActionInvoker|Route matched with {action = "Error404", controller = "Home"}. Executing action TemplateCoreWebTest.Controllers.HomeController.Error404 (WeedingInvitation) 
2019-02-13 15:05:55.2216|1|INFO|Microsoft.AspNetCore.Mvc.ViewFeatures.ViewResultExecutor|Executing ViewResult, running view Error404. 
2019-02-13 15:05:55.2216|1|INFO|Microsoft.AspNetCore.Mvc.Internal.ControllerActionInvoker|Executing action method TemplateCoreWebTest.Controllers.HomeController.Error404 (WeedingInvitation) - Validation state: Valid 
2019-02-13 15:05:55.2216|4|INFO|Microsoft.AspNetCore.Mvc.ViewFeatures.ViewResultExecutor|Executed ViewResult - view Error404 executed in 6.2898ms. 
2019-02-13 15:05:55.2216|2|INFO|Microsoft.AspNetCore.Mvc.Internal.ControllerActionInvoker|Executed action method TemplateCoreWebTest.Controllers.HomeController.Error404 (WeedingInvitation), returned result Microsoft.AspNetCore.Mvc.ViewResult in 0.0298ms. 
2019-02-13 15:05:55.2216|2|INFO|Microsoft.AspNetCore.Mvc.Internal.ControllerActionInvoker|Executed action TemplateCoreWebTest.Controllers.HomeController.Error404 (WeedingInvitation) in 23.7735ms 
2019-02-13 15:05:55.2356|1|INFO|Microsoft.AspNetCore.Mvc.ViewFeatures.ViewResultExecutor|Executing ViewResult, running view Error404. 
2019-02-13 15:05:55.2356|1|INFO|Microsoft.AspNetCore.Hosting.Internal.WebHost|Request starting HTTP/1.1 GET http://localhost:53185/c63e24e3396e450317fe.hot-update.json   
2019-02-13 15:05:55.2356|2|INFO|Microsoft.AspNetCore.Hosting.Internal.WebHost|Request finished in 42.0647ms 404 text/html; charset=utf-8 
2019-02-13 15:05:55.2356|4|INFO|Microsoft.AspNetCore.Mvc.ViewFeatures.ViewResultExecutor|Executed ViewResult - view Error404 executed in 3.5154ms. 
2019-02-13 15:05:55.2356|1|INFO|Microsoft.AspNetCore.Mvc.Internal.ControllerActionInvoker|Route matched with {action = "Error404", controller = "Home"}. Executing action TemplateCoreWebTest.Controllers.HomeController.Error404 (WeedingInvitation) 
2019-02-13 15:05:55.2356|2|INFO|Microsoft.AspNetCore.Mvc.Internal.ControllerActionInvoker|Executed action TemplateCoreWebTest.Controllers.HomeController.Error404 (WeedingInvitation) in 21.448ms 
2019-02-13 15:05:55.2356|1|INFO|Microsoft.AspNetCore.Mvc.Internal.ControllerActionInvoker|Executing action method TemplateCoreWebTest.Controllers.HomeController.Error404 (WeedingInvitation) - Validation state: Valid 
2019-02-13 15:05:55.2515|2|INFO|Microsoft.AspNetCore.Hosting.Internal.WebHost|Request finished in 35.6765ms 404 text/html; charset=utf-8 
2019-02-13 15:05:55.2515|2|INFO|Microsoft.AspNetCore.Mvc.Internal.ControllerActionInvoker|Executed action method TemplateCoreWebTest.Controllers.HomeController.Error404 (WeedingInvitation), returned result Microsoft.AspNetCore.Mvc.ViewResult in 0.0226ms. 
2019-02-13 15:05:55.2515|1|INFO|Microsoft.AspNetCore.Mvc.ViewFeatures.ViewResultExecutor|Executing ViewResult, running view Error404. 
2019-02-13 15:05:55.2515|4|INFO|Microsoft.AspNetCore.Mvc.ViewFeatures.ViewResultExecutor|Executed ViewResult - view Error404 executed in 3.126ms. 
2019-02-13 15:05:55.2515|2|INFO|Microsoft.AspNetCore.Mvc.Internal.ControllerActionInvoker|Executed action TemplateCoreWebTest.Controllers.HomeController.Error404 (WeedingInvitation) in 11.8555ms 
2019-02-13 15:05:55.2515|2|INFO|Microsoft.AspNetCore.Hosting.Internal.WebHost|Request finished in 29.5149ms 404 text/html; charset=utf-8 
2019-02-13 15:05:55.2833|1|INFO|Microsoft.AspNetCore.Hosting.Internal.WebHost|Request starting HTTP/1.1 GET http://localhost:53185/img/title-divider.png   
2019-02-13 15:05:55.2833|2|INFO|Microsoft.AspNetCore.StaticFiles.StaticFileMiddleware|Sending file. Request path: '/img/title-divider.png'. Physical path: 'C:\Users\Diana\Work\Projects\WeedingInvitation\TemplateCoreWeb\wwwroot\img\title-divider.png' 
2019-02-13 15:05:55.2833|2|INFO|Microsoft.AspNetCore.Hosting.Internal.WebHost|Request finished in 8.0213ms 200 image/png 
2019-02-13 15:05:55.3122|1|INFO|Microsoft.AspNetCore.Hosting.Internal.WebHost|Request starting HTTP/1.1 GET http://localhost:53185/bc6c83ca85933ee90b8a.hot-update.json   
2019-02-13 15:05:55.3166|1|INFO|Microsoft.AspNetCore.Mvc.Internal.ControllerActionInvoker|Route matched with {action = "Error404", controller = "Home"}. Executing action TemplateCoreWebTest.Controllers.HomeController.Error404 (WeedingInvitation) 
2019-02-13 15:05:55.3166|1|INFO|Microsoft.AspNetCore.Mvc.Internal.ControllerActionInvoker|Executing action method TemplateCoreWebTest.Controllers.HomeController.Error404 (WeedingInvitation) - Validation state: Valid 
2019-02-13 15:05:55.3166|1|INFO|Microsoft.AspNetCore.Hosting.Internal.WebHost|Request starting HTTP/1.1 GET http://localhost:53185/img/wedding-event-1.jpg   
2019-02-13 15:05:55.3166|2|INFO|Microsoft.AspNetCore.Mvc.Internal.ControllerActionInvoker|Executed action method TemplateCoreWebTest.Controllers.HomeController.Error404 (WeedingInvitation), returned result Microsoft.AspNetCore.Mvc.ViewResult in 0.0187ms. 
2019-02-13 15:05:55.3166|1|INFO|Microsoft.AspNetCore.Mvc.ViewFeatures.ViewResultExecutor|Executing ViewResult, running view Error404. 
2019-02-13 15:05:55.3166|2|INFO|Microsoft.AspNetCore.StaticFiles.StaticFileMiddleware|Sending file. Request path: '/img/wedding-event-1.jpg'. Physical path: 'C:\Users\Diana\Work\Projects\WeedingInvitation\TemplateCoreWeb\wwwroot\img\wedding-event-1.jpg' 
2019-02-13 15:05:55.3298|4|INFO|Microsoft.AspNetCore.Mvc.ViewFeatures.ViewResultExecutor|Executed ViewResult - view Error404 executed in 2.2745ms. 
2019-02-13 15:05:55.3298|2|INFO|Microsoft.AspNetCore.Hosting.Internal.WebHost|Request finished in 9.9553ms 200 image/jpeg 
2019-02-13 15:05:55.3298|2|INFO|Microsoft.AspNetCore.Mvc.Internal.ControllerActionInvoker|Executed action TemplateCoreWebTest.Controllers.HomeController.Error404 (WeedingInvitation) in 13.7602ms 
2019-02-13 15:05:55.3298|2|INFO|Microsoft.AspNetCore.Hosting.Internal.WebHost|Request finished in 23.7412ms 404 text/html; charset=utf-8 
2019-02-13 15:05:55.4184|1|INFO|Microsoft.AspNetCore.Hosting.Internal.WebHost|Request starting HTTP/1.1 GET http://localhost:53185/img/wedding-event-2.jpg   
2019-02-13 15:05:55.4253|2|INFO|Microsoft.AspNetCore.StaticFiles.StaticFileMiddleware|Sending file. Request path: '/img/wedding-event-2.jpg'. Physical path: 'C:\Users\Diana\Work\Projects\WeedingInvitation\TemplateCoreWeb\wwwroot\img\wedding-event-2.jpg' 
2019-02-13 15:05:55.4253|1|INFO|Microsoft.AspNetCore.Hosting.Internal.WebHost|Request starting HTTP/1.1 GET http://localhost:53185/img/love-story/love-story-1.jpg   
2019-02-13 15:05:55.4253|2|INFO|Microsoft.AspNetCore.Hosting.Internal.WebHost|Request finished in 8.4569ms 200 image/jpeg 
2019-02-13 15:05:55.4253|2|INFO|Microsoft.AspNetCore.StaticFiles.StaticFileMiddleware|Sending file. Request path: '/img/love-story/love-story-1.jpg'. Physical path: 'C:\Users\Diana\Work\Projects\WeedingInvitation\TemplateCoreWeb\wwwroot\img\love-story\love-story-1.jpg' 
2019-02-13 15:05:55.4253|2|INFO|Microsoft.AspNetCore.Hosting.Internal.WebHost|Request finished in 8.5525ms 200 image/jpeg 
2019-02-13 15:05:55.4631|1|INFO|Microsoft.AspNetCore.Hosting.Internal.WebHost|Request starting HTTP/1.1 GET http://localhost:53185/img/love-story/love-story-2.jpg   
2019-02-13 15:05:55.4710|2|INFO|Microsoft.AspNetCore.StaticFiles.StaticFileMiddleware|Sending file. Request path: '/img/love-story/love-story-2.jpg'. Physical path: 'C:\Users\Diana\Work\Projects\WeedingInvitation\TemplateCoreWeb\wwwroot\img\love-story\love-story-2.jpg' 
2019-02-13 15:05:55.4710|2|INFO|Microsoft.AspNetCore.Hosting.Internal.WebHost|Request finished in 9.8789ms 200 image/jpeg 
2019-02-13 15:05:55.4939|1|INFO|Microsoft.AspNetCore.Hosting.Internal.WebHost|Request starting HTTP/1.1 GET http://localhost:53185/img/love-story/love-story-3.jpg   
2019-02-13 15:05:55.5007|1|INFO|Microsoft.AspNetCore.Hosting.Internal.WebHost|Request starting HTTP/1.1 GET http://localhost:53185/img/love-story/love-story-4.jpg   
2019-02-13 15:05:55.5007|2|INFO|Microsoft.AspNetCore.StaticFiles.StaticFileMiddleware|Sending file. Request path: '/img/love-story/love-story-3.jpg'. Physical path: 'C:\Users\Diana\Work\Projects\WeedingInvitation\TemplateCoreWeb\wwwroot\img\love-story\love-story-3.jpg' 
2019-02-13 15:05:55.5007|2|INFO|Microsoft.AspNetCore.Hosting.Internal.WebHost|Request finished in 12.0671ms 200 image/jpeg 
2019-02-13 15:05:55.5007|2|INFO|Microsoft.AspNetCore.StaticFiles.StaticFileMiddleware|Sending file. Request path: '/img/love-story/love-story-4.jpg'. Physical path: 'C:\Users\Diana\Work\Projects\WeedingInvitation\TemplateCoreWeb\wwwroot\img\love-story\love-story-4.jpg' 
2019-02-13 15:05:55.5007|2|INFO|Microsoft.AspNetCore.Hosting.Internal.WebHost|Request finished in 12.0508ms 200 image/jpeg 
2019-02-13 15:05:55.5582|1|INFO|Microsoft.AspNetCore.Hosting.Internal.WebHost|Request starting HTTP/1.1 GET http://localhost:53185/img/love-story/love-story-5.jpg   
2019-02-13 15:05:55.5582|1|INFO|Microsoft.AspNetCore.Hosting.Internal.WebHost|Request starting HTTP/1.1 GET http://localhost:53185/img/gallery/gallery-1.jpg   
2019-02-13 15:05:55.5647|2|INFO|Microsoft.AspNetCore.StaticFiles.StaticFileMiddleware|Sending file. Request path: '/img/love-story/love-story-5.jpg'. Physical path: 'C:\Users\Diana\Work\Projects\WeedingInvitation\TemplateCoreWeb\wwwroot\img\love-story\love-story-5.jpg' 
2019-02-13 15:05:55.5647|2|INFO|Microsoft.AspNetCore.Hosting.Internal.WebHost|Request finished in 8.251ms 200 image/jpeg 
2019-02-13 15:05:55.5647|2|INFO|Microsoft.AspNetCore.StaticFiles.StaticFileMiddleware|Sending file. Request path: '/img/gallery/gallery-1.jpg'. Physical path: 'C:\Users\Diana\Work\Projects\WeedingInvitation\TemplateCoreWeb\wwwroot\img\gallery\gallery-1.jpg' 
2019-02-13 15:05:55.5801|2|INFO|Microsoft.AspNetCore.Hosting.Internal.WebHost|Request finished in 18.603ms 200 image/jpeg 
2019-02-13 15:05:55.6098|1|INFO|Microsoft.AspNetCore.Hosting.Internal.WebHost|Request starting HTTP/1.1 GET http://localhost:53185/img/gallery/gallery-2.jpg   
2019-02-13 15:05:55.6098|2|INFO|Microsoft.AspNetCore.StaticFiles.StaticFileMiddleware|Sending file. Request path: '/img/gallery/gallery-2.jpg'. Physical path: 'C:\Users\Diana\Work\Projects\WeedingInvitation\TemplateCoreWeb\wwwroot\img\gallery\gallery-2.jpg' 
2019-02-13 15:05:55.6256|1|INFO|Microsoft.AspNetCore.Hosting.Internal.WebHost|Request starting HTTP/1.1 GET http://localhost:53185/img/gallery/gallery-3.jpg   
2019-02-13 15:05:55.6256|2|INFO|Microsoft.AspNetCore.Hosting.Internal.WebHost|Request finished in 16.7809ms 200 image/jpeg 
2019-02-13 15:05:55.6419|2|INFO|Microsoft.AspNetCore.StaticFiles.StaticFileMiddleware|Sending file. Request path: '/img/gallery/gallery-3.jpg'. Physical path: 'C:\Users\Diana\Work\Projects\WeedingInvitation\TemplateCoreWeb\wwwroot\img\gallery\gallery-3.jpg' 
2019-02-13 15:05:55.6419|2|INFO|Microsoft.AspNetCore.Hosting.Internal.WebHost|Request finished in 23.2069ms 200 image/jpeg 
2019-02-13 15:05:55.6882|1|INFO|Microsoft.AspNetCore.Hosting.Internal.WebHost|Request starting HTTP/1.1 GET http://localhost:53185/img/gallery/gallery-4.jpg   
2019-02-13 15:05:55.6882|1|INFO|Microsoft.AspNetCore.Hosting.Internal.WebHost|Request starting HTTP/1.1 GET http://localhost:53185/img/gallery/gallery-5.jpg   
2019-02-13 15:05:55.6882|2|INFO|Microsoft.AspNetCore.StaticFiles.StaticFileMiddleware|Sending file. Request path: '/img/gallery/gallery-4.jpg'. Physical path: 'C:\Users\Diana\Work\Projects\WeedingInvitation\TemplateCoreWeb\wwwroot\img\gallery\gallery-4.jpg' 
2019-02-13 15:05:55.6882|2|INFO|Microsoft.AspNetCore.Hosting.Internal.WebHost|Request finished in 14.0935ms 200 image/jpeg 
2019-02-13 15:05:55.7051|2|INFO|Microsoft.AspNetCore.StaticFiles.StaticFileMiddleware|Sending file. Request path: '/img/gallery/gallery-5.jpg'. Physical path: 'C:\Users\Diana\Work\Projects\WeedingInvitation\TemplateCoreWeb\wwwroot\img\gallery\gallery-5.jpg' 
2019-02-13 15:05:55.7051|2|INFO|Microsoft.AspNetCore.Hosting.Internal.WebHost|Request finished in 20.0908ms 200 image/jpeg 
2019-02-13 15:05:55.7512|1|INFO|Microsoft.AspNetCore.Hosting.Internal.WebHost|Request starting HTTP/1.1 GET http://localhost:53185/img/gallery/gallery-6.jpg   
2019-02-13 15:05:55.7512|2|INFO|Microsoft.AspNetCore.StaticFiles.StaticFileMiddleware|Sending file. Request path: '/img/gallery/gallery-6.jpg'. Physical path: 'C:\Users\Diana\Work\Projects\WeedingInvitation\TemplateCoreWeb\wwwroot\img\gallery\gallery-6.jpg' 
2019-02-13 15:05:55.7512|2|INFO|Microsoft.AspNetCore.Hosting.Internal.WebHost|Request finished in 12.6947ms 200 image/jpeg 
2019-02-13 15:05:55.7746|1|INFO|Microsoft.AspNetCore.Hosting.Internal.WebHost|Request starting HTTP/1.1 GET http://localhost:53185/img/gallery/gallery-7.jpg   
2019-02-13 15:05:55.7892|2|INFO|Microsoft.AspNetCore.StaticFiles.StaticFileMiddleware|Sending file. Request path: '/img/gallery/gallery-7.jpg'. Physical path: 'C:\Users\Diana\Work\Projects\WeedingInvitation\TemplateCoreWeb\wwwroot\img\gallery\gallery-7.jpg' 
2019-02-13 15:05:55.7892|2|INFO|Microsoft.AspNetCore.Hosting.Internal.WebHost|Request finished in 17.9657ms 200 image/jpeg 
2019-02-13 15:05:55.8204|1|INFO|Microsoft.AspNetCore.Hosting.Internal.WebHost|Request starting HTTP/1.1 GET http://localhost:53185/img/gallery/gallery-8.jpg   
2019-02-13 15:05:55.8310|2|INFO|Microsoft.AspNetCore.StaticFiles.StaticFileMiddleware|Sending file. Request path: '/img/gallery/gallery-8.jpg'. Physical path: 'C:\Users\Diana\Work\Projects\WeedingInvitation\TemplateCoreWeb\wwwroot\img\gallery\gallery-8.jpg' 
2019-02-13 15:05:55.8310|2|INFO|Microsoft.AspNetCore.Hosting.Internal.WebHost|Request finished in 15.1811ms 200 image/jpeg 
2019-02-13 15:06:00.6126|1|INFO|Microsoft.AspNetCore.Hosting.Internal.WebHost|Request starting HTTP/1.1 GET http://localhost:53185/   
2019-02-13 15:06:00.6126|1|INFO|Microsoft.AspNetCore.Mvc.Internal.ControllerActionInvoker|Route matched with {action = "Index", controller = "Home"}. Executing action TemplateCoreWebTest.Controllers.HomeController.Index (WeedingInvitation) 
2019-02-13 15:06:00.6258|1|INFO|Microsoft.AspNetCore.Mvc.Internal.ControllerActionInvoker|Executing action method TemplateCoreWebTest.Controllers.HomeController.Index (WeedingInvitation) with arguments () - Validation state: Valid 
2019-02-13 15:06:00.6258|2|INFO|Microsoft.AspNetCore.Mvc.Internal.ControllerActionInvoker|Executed action method TemplateCoreWebTest.Controllers.HomeController.Index (WeedingInvitation), returned result Microsoft.AspNetCore.Mvc.ViewResult in 0.0199ms. 
2019-02-13 15:06:00.6258|1|INFO|Microsoft.AspNetCore.Mvc.ViewFeatures.ViewResultExecutor|Executing ViewResult, running view Index. 
2019-02-13 15:06:00.6258|4|INFO|Microsoft.AspNetCore.Mvc.ViewFeatures.ViewResultExecutor|Executed ViewResult - view Index executed in 4.3645ms. 
2019-02-13 15:06:00.6258|2|INFO|Microsoft.AspNetCore.Mvc.Internal.ControllerActionInvoker|Executed action TemplateCoreWebTest.Controllers.HomeController.Index (WeedingInvitation) in 11.4404ms 
2019-02-13 15:06:00.6258|2|INFO|Microsoft.AspNetCore.Hosting.Internal.WebHost|Request finished in 26.9732ms 200 text/html; charset=utf-8 
2019-02-13 15:06:00.6816|1|INFO|Microsoft.AspNetCore.Hosting.Internal.WebHost|Request starting HTTP/1.1 GET http://localhost:53185/img/the-bride.jpg   
2019-02-13 15:06:00.6816|1|INFO|Microsoft.AspNetCore.Hosting.Internal.WebHost|Request starting HTTP/1.1 GET http://localhost:53185/dist/custom_styles.js   
2019-02-13 15:06:00.6816|1|INFO|Microsoft.AspNetCore.Hosting.Internal.WebHost|Request starting HTTP/1.1 GET http://localhost:53185/img/the-groom.jpg   
2019-02-13 15:06:00.6912|1|INFO|Microsoft.AspNetCore.Hosting.Internal.WebHost|Request starting HTTP/1.1 GET http://localhost:53185/dist/vendor_styles.js   
2019-02-13 15:06:00.6912|2|INFO|Microsoft.AspNetCore.StaticFiles.StaticFileMiddleware|Sending file. Request path: '/img/the-bride.jpg'. Physical path: 'C:\Users\Diana\Work\Projects\WeedingInvitation\TemplateCoreWeb\wwwroot\img\the-bride.jpg' 
2019-02-13 15:06:00.7083|2|INFO|Microsoft.AspNetCore.StaticFiles.StaticFileMiddleware|Sending file. Request path: '/img/the-groom.jpg'. Physical path: 'C:\Users\Diana\Work\Projects\WeedingInvitation\TemplateCoreWeb\wwwroot\img\the-groom.jpg' 
2019-02-13 15:06:00.7329|2|INFO|Microsoft.AspNetCore.Hosting.Internal.WebHost|Request finished in 51.3804ms 200 image/jpeg 
2019-02-13 15:06:00.7372|2|INFO|Microsoft.AspNetCore.StaticFiles.StaticFileMiddleware|Sending file. Request path: '/dist/custom_styles.js'. Physical path: 'C:\Users\Diana\Work\Projects\WeedingInvitation\TemplateCoreWeb\wwwroot\dist\custom_styles.js' 
2019-02-13 15:06:00.7372|2|INFO|Microsoft.AspNetCore.Hosting.Internal.WebHost|Request finished in 58.037ms 200 image/jpeg 
2019-02-13 15:06:00.7536|2|INFO|Microsoft.AspNetCore.Hosting.Internal.WebHost|Request finished in 68.8889ms 200 application/javascript 
2019-02-13 15:06:00.7536|1|INFO|Microsoft.AspNetCore.Hosting.Internal.WebHost|Request starting HTTP/1.1 GET http://localhost:53185/img/title-divider.png   
2019-02-13 15:06:00.7662|2|INFO|Microsoft.AspNetCore.StaticFiles.StaticFileMiddleware|Sending file. Request path: '/img/title-divider.png'. Physical path: 'C:\Users\Diana\Work\Projects\WeedingInvitation\TemplateCoreWeb\wwwroot\img\title-divider.png' 
2019-02-13 15:06:00.7662|2|INFO|Microsoft.AspNetCore.Hosting.Internal.WebHost|Request finished in 20.14ms 200 image/png 
2019-02-13 15:06:00.8056|1|INFO|Microsoft.AspNetCore.Hosting.Internal.WebHost|Request starting HTTP/1.1 GET http://localhost:53185/img/wedding-event-2.jpg   
2019-02-13 15:06:00.8056|1|INFO|Microsoft.AspNetCore.Hosting.Internal.WebHost|Request starting HTTP/1.1 GET http://localhost:53185/img/wedding-event-1.jpg   
2019-02-13 15:06:00.8216|2|INFO|Microsoft.AspNetCore.StaticFiles.StaticFileMiddleware|Sending file. Request path: '/img/wedding-event-2.jpg'. Physical path: 'C:\Users\Diana\Work\Projects\WeedingInvitation\TemplateCoreWeb\wwwroot\img\wedding-event-2.jpg' 
2019-02-13 15:06:00.8216|2|INFO|Microsoft.AspNetCore.StaticFiles.StaticFileMiddleware|Sending file. Request path: '/img/wedding-event-1.jpg'. Physical path: 'C:\Users\Diana\Work\Projects\WeedingInvitation\TemplateCoreWeb\wwwroot\img\wedding-event-1.jpg' 
2019-02-13 15:06:00.8327|2|INFO|Microsoft.AspNetCore.Hosting.Internal.WebHost|Request finished in 27.0783ms 200 image/jpeg 
2019-02-13 15:06:00.8327|2|INFO|Microsoft.AspNetCore.Hosting.Internal.WebHost|Request finished in 32.2332ms 200 image/jpeg 
2019-02-13 15:06:00.8619|1|INFO|Microsoft.AspNetCore.Hosting.Internal.WebHost|Request starting HTTP/1.1 GET http://localhost:53185/img/love-story/love-story-1.jpg   
2019-02-13 15:06:00.8619|2|INFO|Microsoft.AspNetCore.StaticFiles.StaticFileMiddleware|Sending file. Request path: '/img/love-story/love-story-1.jpg'. Physical path: 'C:\Users\Diana\Work\Projects\WeedingInvitation\TemplateCoreWeb\wwwroot\img\love-story\love-story-1.jpg' 
2019-02-13 15:06:00.8762|2|INFO|Microsoft.AspNetCore.Hosting.Internal.WebHost|Request finished in 14.2997ms 200 image/jpeg 
2019-02-13 15:06:00.8762|1|INFO|Microsoft.AspNetCore.Hosting.Internal.WebHost|Request starting HTTP/1.1 GET http://localhost:53185/img/love-story/love-story-2.jpg   
2019-02-13 15:06:00.8924|2|INFO|Microsoft.AspNetCore.StaticFiles.StaticFileMiddleware|Sending file. Request path: '/img/love-story/love-story-2.jpg'. Physical path: 'C:\Users\Diana\Work\Projects\WeedingInvitation\TemplateCoreWeb\wwwroot\img\love-story\love-story-2.jpg' 
2019-02-13 15:06:00.8924|2|INFO|Microsoft.AspNetCore.Hosting.Internal.WebHost|Request finished in 22.0695ms 200 image/jpeg 
2019-02-13 15:06:00.9194|1|INFO|Microsoft.AspNetCore.Hosting.Internal.WebHost|Request starting HTTP/1.1 GET http://localhost:53185/img/love-story/love-story-3.jpg   
2019-02-13 15:06:00.9251|2|INFO|Microsoft.AspNetCore.StaticFiles.StaticFileMiddleware|Sending file. Request path: '/dist/vendor_styles.js'. Physical path: 'C:\Users\Diana\Work\Projects\WeedingInvitation\TemplateCoreWeb\wwwroot\dist\vendor_styles.js' 
2019-02-13 15:06:00.9251|2|INFO|Microsoft.AspNetCore.StaticFiles.StaticFileMiddleware|Sending file. Request path: '/img/love-story/love-story-3.jpg'. Physical path: 'C:\Users\Diana\Work\Projects\WeedingInvitation\TemplateCoreWeb\wwwroot\img\love-story\love-story-3.jpg' 
2019-02-13 15:06:00.9251|2|INFO|Microsoft.AspNetCore.Hosting.Internal.WebHost|Request finished in 236.8006ms 200 application/javascript 
2019-02-13 15:06:00.9377|2|INFO|Microsoft.AspNetCore.Hosting.Internal.WebHost|Request finished in 18.2314ms 200 image/jpeg 
2019-02-13 15:06:00.9377|1|INFO|Microsoft.AspNetCore.Hosting.Internal.WebHost|Request starting HTTP/1.1 GET http://localhost:53185/img/love-story/love-story-4.jpg   
2019-02-13 15:06:00.9623|2|INFO|Microsoft.AspNetCore.StaticFiles.StaticFileMiddleware|Sending file. Request path: '/img/love-story/love-story-4.jpg'. Physical path: 'C:\Users\Diana\Work\Projects\WeedingInvitation\TemplateCoreWeb\wwwroot\img\love-story\love-story-4.jpg' 
2019-02-13 15:06:00.9623|2|INFO|Microsoft.AspNetCore.Hosting.Internal.WebHost|Request finished in 25.0679ms 200 image/jpeg 
2019-02-13 15:06:00.9780|1|INFO|Microsoft.AspNetCore.Hosting.Internal.WebHost|Request starting HTTP/1.1 GET http://localhost:53185/img/love-story/love-story-5.jpg   
2019-02-13 15:06:00.9890|2|INFO|Microsoft.AspNetCore.StaticFiles.StaticFileMiddleware|Sending file. Request path: '/img/love-story/love-story-5.jpg'. Physical path: 'C:\Users\Diana\Work\Projects\WeedingInvitation\TemplateCoreWeb\wwwroot\img\love-story\love-story-5.jpg' 
2019-02-13 15:06:00.9890|1|INFO|Microsoft.AspNetCore.Hosting.Internal.WebHost|Request starting HTTP/1.1 GET http://localhost:53185/img/gallery/gallery-1.jpg   
2019-02-13 15:06:00.9890|2|INFO|Microsoft.AspNetCore.Hosting.Internal.WebHost|Request finished in 17.5202ms 200 image/jpeg 
2019-02-13 15:06:01.0081|2|INFO|Microsoft.AspNetCore.StaticFiles.StaticFileMiddleware|Sending file. Request path: '/img/gallery/gallery-1.jpg'. Physical path: 'C:\Users\Diana\Work\Projects\WeedingInvitation\TemplateCoreWeb\wwwroot\img\gallery\gallery-1.jpg' 
2019-02-13 15:06:01.0081|2|INFO|Microsoft.AspNetCore.Hosting.Internal.WebHost|Request finished in 15.6831ms 200 image/jpeg 
2019-02-13 15:06:01.0282|1|INFO|Microsoft.AspNetCore.Hosting.Internal.WebHost|Request starting HTTP/1.1 GET http://localhost:53185/img/gallery/gallery-2.jpg   
2019-02-13 15:06:01.0435|2|INFO|Microsoft.AspNetCore.StaticFiles.StaticFileMiddleware|Sending file. Request path: '/img/gallery/gallery-2.jpg'. Physical path: 'C:\Users\Diana\Work\Projects\WeedingInvitation\TemplateCoreWeb\wwwroot\img\gallery\gallery-2.jpg' 
2019-02-13 15:06:01.0538|2|INFO|Microsoft.AspNetCore.Hosting.Internal.WebHost|Request finished in 25.5285ms 200 image/jpeg 
2019-02-13 15:06:01.0538|1|INFO|Microsoft.AspNetCore.Hosting.Internal.WebHost|Request starting HTTP/1.1 GET http://localhost:53185/img/gallery/gallery-3.jpg   
2019-02-13 15:06:01.0724|2|INFO|Microsoft.AspNetCore.StaticFiles.StaticFileMiddleware|Sending file. Request path: '/img/gallery/gallery-3.jpg'. Physical path: 'C:\Users\Diana\Work\Projects\WeedingInvitation\TemplateCoreWeb\wwwroot\img\gallery\gallery-3.jpg' 
2019-02-13 15:06:01.0871|2|INFO|Microsoft.AspNetCore.Hosting.Internal.WebHost|Request finished in 31.9654ms 200 image/jpeg 
2019-02-13 15:06:01.1768|1|INFO|Microsoft.AspNetCore.Hosting.Internal.WebHost|Request starting HTTP/1.1 GET http://localhost:53185/__webpack_hmr   
2019-02-13 15:06:01.1921|1|INFO|Microsoft.AspNetCore.Hosting.Internal.WebHost|Request starting HTTP/1.1 GET http://localhost:53185/img/gallery/gallery-4.jpg   
2019-02-13 15:06:01.2098|2|INFO|Microsoft.AspNetCore.Hosting.Internal.WebHost|Request finished in 6110.4291ms 200 text/event-stream; charset=utf-8 
2019-02-13 15:06:01.2098|2|INFO|Microsoft.AspNetCore.StaticFiles.StaticFileMiddleware|Sending file. Request path: '/img/gallery/gallery-4.jpg'. Physical path: 'C:\Users\Diana\Work\Projects\WeedingInvitation\TemplateCoreWeb\wwwroot\img\gallery\gallery-4.jpg' 
2019-02-13 15:06:01.2192|2|INFO|Microsoft.AspNetCore.Hosting.Internal.WebHost|Request finished in 27.0665ms 200 image/jpeg 
2019-02-13 15:06:01.2192|1|INFO|Microsoft.AspNetCore.Hosting.Internal.WebHost|Request starting HTTP/1.1 GET http://localhost:53185/img/gallery/gallery-5.jpg   
2019-02-13 15:06:01.2393|2|INFO|Microsoft.AspNetCore.StaticFiles.StaticFileMiddleware|Sending file. Request path: '/img/gallery/gallery-5.jpg'. Physical path: 'C:\Users\Diana\Work\Projects\WeedingInvitation\TemplateCoreWeb\wwwroot\img\gallery\gallery-5.jpg' 
2019-02-13 15:06:01.2393|2|INFO|Microsoft.AspNetCore.Hosting.Internal.WebHost|Request finished in 17.5332ms 200 image/jpeg 
2019-02-13 15:06:01.2600|1|INFO|Microsoft.AspNetCore.Hosting.Internal.WebHost|Request starting HTTP/1.1 GET http://localhost:53185/bc6c83ca85933ee90b8a.hot-update.json   
2019-02-13 15:06:01.2600|1|INFO|Microsoft.AspNetCore.Mvc.Internal.ControllerActionInvoker|Route matched with {action = "Error404", controller = "Home"}. Executing action TemplateCoreWebTest.Controllers.HomeController.Error404 (WeedingInvitation) 
2019-02-13 15:06:01.2682|1|INFO|Microsoft.AspNetCore.Mvc.Internal.ControllerActionInvoker|Executing action method TemplateCoreWebTest.Controllers.HomeController.Error404 (WeedingInvitation) - Validation state: Valid 
2019-02-13 15:06:01.2682|2|INFO|Microsoft.AspNetCore.Mvc.Internal.ControllerActionInvoker|Executed action method TemplateCoreWebTest.Controllers.HomeController.Error404 (WeedingInvitation), returned result Microsoft.AspNetCore.Mvc.ViewResult in 0.0326ms. 
2019-02-13 15:06:01.2682|1|INFO|Microsoft.AspNetCore.Mvc.ViewFeatures.ViewResultExecutor|Executing ViewResult, running view Error404. 
2019-02-13 15:06:01.2682|4|INFO|Microsoft.AspNetCore.Mvc.ViewFeatures.ViewResultExecutor|Executed ViewResult - view Error404 executed in 4.4415ms. 
2019-02-13 15:06:01.2858|2|INFO|Microsoft.AspNetCore.Mvc.Internal.ControllerActionInvoker|Executed action TemplateCoreWebTest.Controllers.HomeController.Error404 (WeedingInvitation) in 17.8836ms 
2019-02-13 15:06:01.2858|1|INFO|Microsoft.AspNetCore.Hosting.Internal.WebHost|Request starting HTTP/1.1 GET http://localhost:53185/img/gallery/gallery-7.jpg   
2019-02-13 15:06:01.2858|1|INFO|Microsoft.AspNetCore.Hosting.Internal.WebHost|Request starting HTTP/1.1 GET http://localhost:53185/img/gallery/gallery-6.jpg   
2019-02-13 15:06:01.2858|2|INFO|Microsoft.AspNetCore.Hosting.Internal.WebHost|Request finished in 28.8478ms 404 text/html; charset=utf-8 
2019-02-13 15:06:01.3066|2|INFO|Microsoft.AspNetCore.StaticFiles.StaticFileMiddleware|Sending file. Request path: '/img/gallery/gallery-6.jpg'. Physical path: 'C:\Users\Diana\Work\Projects\WeedingInvitation\TemplateCoreWeb\wwwroot\img\gallery\gallery-6.jpg' 
2019-02-13 15:06:01.3066|2|INFO|Microsoft.AspNetCore.StaticFiles.StaticFileMiddleware|Sending file. Request path: '/img/gallery/gallery-7.jpg'. Physical path: 'C:\Users\Diana\Work\Projects\WeedingInvitation\TemplateCoreWeb\wwwroot\img\gallery\gallery-7.jpg' 
2019-02-13 15:06:01.3066|2|INFO|Microsoft.AspNetCore.Hosting.Internal.WebHost|Request finished in 20.9348ms 200 image/jpeg 
2019-02-13 15:06:01.3066|2|INFO|Microsoft.AspNetCore.Hosting.Internal.WebHost|Request finished in 25.1108ms 200 image/jpeg 
2019-02-13 15:06:01.3191|1|INFO|Microsoft.AspNetCore.Hosting.Internal.WebHost|Request starting HTTP/1.1 GET http://localhost:53185/bc6c83ca85933ee90b8a.hot-update.json   
2019-02-13 15:06:01.3339|1|INFO|Microsoft.AspNetCore.Mvc.Internal.ControllerActionInvoker|Route matched with {action = "Error404", controller = "Home"}. Executing action TemplateCoreWebTest.Controllers.HomeController.Error404 (WeedingInvitation) 
2019-02-13 15:06:01.3339|1|INFO|Microsoft.AspNetCore.Mvc.Internal.ControllerActionInvoker|Executing action method TemplateCoreWebTest.Controllers.HomeController.Error404 (WeedingInvitation) - Validation state: Valid 
2019-02-13 15:06:01.3339|1|INFO|Microsoft.AspNetCore.Hosting.Internal.WebHost|Request starting HTTP/1.1 GET http://localhost:53185/img/gallery/gallery-8.jpg   
2019-02-13 15:06:01.3438|2|INFO|Microsoft.AspNetCore.Mvc.Internal.ControllerActionInvoker|Executed action method TemplateCoreWebTest.Controllers.HomeController.Error404 (WeedingInvitation), returned result Microsoft.AspNetCore.Mvc.ViewResult in 0.0416ms. 
2019-02-13 15:06:01.3438|1|INFO|Microsoft.AspNetCore.Mvc.ViewFeatures.ViewResultExecutor|Executing ViewResult, running view Error404. 
2019-02-13 15:06:01.3438|2|INFO|Microsoft.AspNetCore.StaticFiles.StaticFileMiddleware|Sending file. Request path: '/img/gallery/gallery-8.jpg'. Physical path: 'C:\Users\Diana\Work\Projects\WeedingInvitation\TemplateCoreWeb\wwwroot\img\gallery\gallery-8.jpg' 
2019-02-13 15:06:01.3634|4|INFO|Microsoft.AspNetCore.Mvc.ViewFeatures.ViewResultExecutor|Executed ViewResult - view Error404 executed in 4.3633ms. 
2019-02-13 15:06:01.3634|2|INFO|Microsoft.AspNetCore.Hosting.Internal.WebHost|Request finished in 23.2845ms 200 image/jpeg 
2019-02-13 15:06:01.3634|2|INFO|Microsoft.AspNetCore.Mvc.Internal.ControllerActionInvoker|Executed action TemplateCoreWebTest.Controllers.HomeController.Error404 (WeedingInvitation) in 31.8133ms 
2019-02-13 15:06:01.3824|2|INFO|Microsoft.AspNetCore.Hosting.Internal.WebHost|Request finished in 63.3211ms 404 text/html; charset=utf-8 
2019-02-13 15:06:01.3824|1|INFO|Microsoft.AspNetCore.Hosting.Internal.WebHost|Request starting HTTP/1.1 GET http://localhost:53185/dist/vendor_src.js   
2019-02-13 15:06:01.4086|1|INFO|Microsoft.AspNetCore.Hosting.Internal.WebHost|Request starting HTTP/1.1 GET http://localhost:53185/dist/main.js   
2019-02-13 15:06:01.4240|2|INFO|Microsoft.AspNetCore.StaticFiles.StaticFileMiddleware|Sending file. Request path: '/dist/main.js'. Physical path: 'C:\Users\Diana\Work\Projects\WeedingInvitation\TemplateCoreWeb\wwwroot\dist\main.js' 
2019-02-13 15:06:01.4240|1|INFO|Microsoft.AspNetCore.Hosting.Internal.WebHost|Request starting HTTP/1.1 GET http://localhost:53185/img/bg/bg-hero-static.jpg   
2019-02-13 15:06:01.4240|2|INFO|Microsoft.AspNetCore.Hosting.Internal.WebHost|Request finished in 28.274ms 200 application/javascript 
2019-02-13 15:06:01.4508|2|INFO|Microsoft.AspNetCore.StaticFiles.StaticFileMiddleware|Sending file. Request path: '/img/bg/bg-hero-static.jpg'. Physical path: 'C:\Users\Diana\Work\Projects\WeedingInvitation\TemplateCoreWeb\wwwroot\img\bg\bg-hero-static.jpg' 
2019-02-13 15:06:01.4532|2|INFO|Microsoft.AspNetCore.Hosting.Internal.WebHost|Request finished in 20.7773ms 200 image/jpeg 
2019-02-13 15:06:01.4825|1|INFO|Microsoft.AspNetCore.Hosting.Internal.WebHost|Request starting HTTP/1.1 GET http://localhost:53185/dist/fonts/montserrat.woff2   
2019-02-13 15:06:01.4930|2|INFO|Microsoft.AspNetCore.StaticFiles.StaticFileMiddleware|Sending file. Request path: '/dist/fonts/montserrat.woff2'. Physical path: 'C:\Users\Diana\Work\Projects\WeedingInvitation\TemplateCoreWeb\wwwroot\dist\fonts\montserrat.woff2' 
2019-02-13 15:06:01.4930|2|INFO|Microsoft.AspNetCore.Hosting.Internal.WebHost|Request finished in 13.5858ms 200 font/woff2 
2019-02-13 15:06:01.5038|1|INFO|Microsoft.AspNetCore.Hosting.Internal.WebHost|Request starting HTTP/1.1 GET http://localhost:53185/dist/fonts/ptserif-400.woff2   
2019-02-13 15:06:01.5202|2|INFO|Microsoft.AspNetCore.StaticFiles.StaticFileMiddleware|Sending file. Request path: '/dist/vendor_src.js'. Physical path: 'C:\Users\Diana\Work\Projects\WeedingInvitation\TemplateCoreWeb\wwwroot\dist\vendor_src.js' 
2019-02-13 15:06:01.5202|2|INFO|Microsoft.AspNetCore.StaticFiles.StaticFileMiddleware|Sending file. Request path: '/dist/fonts/ptserif-400.woff2'. Physical path: 'C:\Users\Diana\Work\Projects\WeedingInvitation\TemplateCoreWeb\wwwroot\dist\fonts\ptserif-400.woff2' 
2019-02-13 15:06:01.5202|1|INFO|Microsoft.AspNetCore.Hosting.Internal.WebHost|Request starting HTTP/1.1 GET http://localhost:53185/dist/fonts/flaticon.woff   
2019-02-13 15:06:01.5202|2|INFO|Microsoft.AspNetCore.Hosting.Internal.WebHost|Request finished in 137.3163ms 200 application/javascript 
2019-02-13 15:06:01.5202|2|INFO|Microsoft.AspNetCore.Hosting.Internal.WebHost|Request finished in 24.7135ms 200 font/woff2 
2019-02-13 15:06:01.5408|2|INFO|Microsoft.AspNetCore.StaticFiles.StaticFileMiddleware|Sending file. Request path: '/dist/fonts/flaticon.woff'. Physical path: 'C:\Users\Diana\Work\Projects\WeedingInvitation\TemplateCoreWeb\wwwroot\dist\fonts\flaticon.woff' 
2019-02-13 15:06:01.5408|2|INFO|Microsoft.AspNetCore.Hosting.Internal.WebHost|Request finished in 22.0092ms 200 application/font-woff 
2019-02-13 15:06:01.5498|1|INFO|Microsoft.AspNetCore.Hosting.Internal.WebHost|Request starting HTTP/1.1 GET http://localhost:53185/dist/fonts/fa-brands-400.woff2   
2019-02-13 15:06:01.5632|2|INFO|Microsoft.AspNetCore.StaticFiles.StaticFileMiddleware|Sending file. Request path: '/dist/fonts/fa-brands-400.woff2'. Physical path: 'C:\Users\Diana\Work\Projects\WeedingInvitation\TemplateCoreWeb\wwwroot\dist\fonts\fa-brands-400.woff2' 
2019-02-13 15:06:01.5632|2|INFO|Microsoft.AspNetCore.Hosting.Internal.WebHost|Request finished in 19.2568ms 200 font/woff2 
2019-02-13 15:06:01.5632|1|INFO|Microsoft.AspNetCore.Hosting.Internal.WebHost|Request starting HTTP/1.1 GET http://localhost:53185/img/section-divider-top.png   
2019-02-13 15:06:01.5884|2|INFO|Microsoft.AspNetCore.StaticFiles.StaticFileMiddleware|Sending file. Request path: '/img/section-divider-top.png'. Physical path: 'C:\Users\Diana\Work\Projects\WeedingInvitation\TemplateCoreWeb\wwwroot\img\section-divider-top.png' 
2019-02-13 15:06:01.5884|1|INFO|Microsoft.AspNetCore.Hosting.Internal.WebHost|Request starting HTTP/1.1 GET http://localhost:53185/img/section-divider-bottom.png   
2019-02-13 15:06:01.5950|2|INFO|Microsoft.AspNetCore.Hosting.Internal.WebHost|Request finished in 23.7581ms 200 image/png 
2019-02-13 15:06:01.5950|2|INFO|Microsoft.AspNetCore.StaticFiles.StaticFileMiddleware|Sending file. Request path: '/img/section-divider-bottom.png'. Physical path: 'C:\Users\Diana\Work\Projects\WeedingInvitation\TemplateCoreWeb\wwwroot\img\section-divider-bottom.png' 
2019-02-13 15:06:01.6195|1|INFO|Microsoft.AspNetCore.Hosting.Internal.WebHost|Request starting HTTP/1.1 GET http://localhost:53185/img/bg/bg-wedding-event.jpg   
2019-02-13 15:06:01.6298|2|INFO|Microsoft.AspNetCore.Hosting.Internal.WebHost|Request finished in 41.4378ms 200 image/png 
2019-02-13 15:06:01.6458|2|INFO|Microsoft.AspNetCore.StaticFiles.StaticFileMiddleware|Sending file. Request path: '/img/bg/bg-wedding-event.jpg'. Physical path: 'C:\Users\Diana\Work\Projects\WeedingInvitation\TemplateCoreWeb\wwwroot\img\bg\bg-wedding-event.jpg' 
2019-02-13 15:06:01.6563|1|INFO|Microsoft.AspNetCore.Hosting.Internal.WebHost|Request starting HTTP/1.1 GET http://localhost:53185/img/bg/bg-proposed.jpg   
2019-02-13 15:06:01.6563|2|INFO|Microsoft.AspNetCore.Hosting.Internal.WebHost|Request finished in 42.7892ms 200 image/jpeg 
2019-02-13 15:06:01.6895|1|INFO|Microsoft.AspNetCore.Hosting.Internal.WebHost|Request starting HTTP/1.1 GET http://localhost:53185/img/section-divider-top-gray-100.png   
2019-02-13 15:06:01.6895|2|INFO|Microsoft.AspNetCore.StaticFiles.StaticFileMiddleware|Sending file. Request path: '/img/bg/bg-proposed.jpg'. Physical path: 'C:\Users\Diana\Work\Projects\WeedingInvitation\TemplateCoreWeb\wwwroot\img\bg\bg-proposed.jpg' 
2019-02-13 15:06:01.6895|2|INFO|Microsoft.AspNetCore.StaticFiles.StaticFileMiddleware|Sending file. Request path: '/img/section-divider-top-gray-100.png'. Physical path: 'C:\Users\Diana\Work\Projects\WeedingInvitation\TemplateCoreWeb\wwwroot\img\section-divider-top-gray-100.png' 
2019-02-13 15:06:01.6895|2|INFO|Microsoft.AspNetCore.Hosting.Internal.WebHost|Request finished in 43.3319ms 200 image/jpeg 
2019-02-13 15:06:01.6895|2|INFO|Microsoft.AspNetCore.Hosting.Internal.WebHost|Request finished in 13.4711ms 200 image/png 
2019-02-13 15:06:01.7098|1|INFO|Microsoft.AspNetCore.Hosting.Internal.WebHost|Request starting HTTP/1.1 GET http://localhost:53185/img/icon-zoom-in-white.png   
2019-02-13 15:06:01.7202|2|INFO|Microsoft.AspNetCore.StaticFiles.StaticFileMiddleware|Sending file. Request path: '/img/icon-zoom-in-white.png'. Physical path: 'C:\Users\Diana\Work\Projects\WeedingInvitation\TemplateCoreWeb\wwwroot\img\icon-zoom-in-white.png' 
2019-02-13 15:06:01.7202|2|INFO|Microsoft.AspNetCore.Hosting.Internal.WebHost|Request finished in 23.5927ms 200 image/png 
2019-02-13 15:06:01.7389|1|INFO|Microsoft.AspNetCore.Hosting.Internal.WebHost|Request starting HTTP/1.1 GET http://localhost:53185/img/section-divider-bottom-gray-100.png   
2019-02-13 15:06:01.7389|2|INFO|Microsoft.AspNetCore.StaticFiles.StaticFileMiddleware|Sending file. Request path: '/img/section-divider-bottom-gray-100.png'. Physical path: 'C:\Users\Diana\Work\Projects\WeedingInvitation\TemplateCoreWeb\wwwroot\img\section-divider-bottom-gray-100.png' 
2019-02-13 15:06:01.7526|2|INFO|Microsoft.AspNetCore.Hosting.Internal.WebHost|Request finished in 13.6757ms 200 image/png 
2019-02-13 15:06:01.7526|1|INFO|Microsoft.AspNetCore.Hosting.Internal.WebHost|Request starting HTTP/1.1 GET http://localhost:53185/img/bg/bg-wedding-gifts.jpg   
2019-02-13 15:06:01.7734|2|INFO|Microsoft.AspNetCore.StaticFiles.StaticFileMiddleware|Sending file. Request path: '/img/bg/bg-wedding-gifts.jpg'. Physical path: 'C:\Users\Diana\Work\Projects\WeedingInvitation\TemplateCoreWeb\wwwroot\img\bg\bg-wedding-gifts.jpg' 
2019-02-13 15:06:01.7896|2|INFO|Microsoft.AspNetCore.Hosting.Internal.WebHost|Request finished in 28.5299ms 200 image/jpeg 
2019-02-13 15:06:01.7896|1|INFO|Microsoft.AspNetCore.Hosting.Internal.WebHost|Request starting HTTP/1.1 GET http://localhost:53185/img/bg/bg-footer.jpg   
2019-02-13 15:06:01.8062|2|INFO|Microsoft.AspNetCore.StaticFiles.StaticFileMiddleware|Sending file. Request path: '/img/bg/bg-footer.jpg'. Physical path: 'C:\Users\Diana\Work\Projects\WeedingInvitation\TemplateCoreWeb\wwwroot\img\bg\bg-footer.jpg' 
2019-02-13 15:06:01.8062|2|INFO|Microsoft.AspNetCore.Hosting.Internal.WebHost|Request finished in 16.2651ms 200 image/jpeg 
2019-02-13 15:06:01.9441|1|INFO|Microsoft.AspNetCore.Hosting.Internal.WebHost|Request starting HTTP/1.1 GET http://localhost:53185/bc6c83ca85933ee90b8a.hot-update.json   
2019-02-13 15:06:01.9441|1|INFO|Microsoft.AspNetCore.Mvc.Internal.ControllerActionInvoker|Route matched with {action = "Error404", controller = "Home"}. Executing action TemplateCoreWebTest.Controllers.HomeController.Error404 (WeedingInvitation) 
2019-02-13 15:06:01.9566|1|INFO|Microsoft.AspNetCore.Mvc.Internal.ControllerActionInvoker|Executing action method TemplateCoreWebTest.Controllers.HomeController.Error404 (WeedingInvitation) - Validation state: Valid 
2019-02-13 15:06:01.9566|2|INFO|Microsoft.AspNetCore.Mvc.Internal.ControllerActionInvoker|Executed action method TemplateCoreWebTest.Controllers.HomeController.Error404 (WeedingInvitation), returned result Microsoft.AspNetCore.Mvc.ViewResult in 0.035ms. 
2019-02-13 15:06:01.9566|1|INFO|Microsoft.AspNetCore.Mvc.ViewFeatures.ViewResultExecutor|Executing ViewResult, running view Error404. 
2019-02-13 15:06:01.9566|4|INFO|Microsoft.AspNetCore.Mvc.ViewFeatures.ViewResultExecutor|Executed ViewResult - view Error404 executed in 2.1827ms. 
2019-02-13 15:06:01.9704|2|INFO|Microsoft.AspNetCore.Mvc.Internal.ControllerActionInvoker|Executed action TemplateCoreWebTest.Controllers.HomeController.Error404 (WeedingInvitation) in 13.9335ms 
2019-02-13 15:06:01.9704|2|INFO|Microsoft.AspNetCore.Hosting.Internal.WebHost|Request finished in 28.6483ms 404 text/html; charset=utf-8 
2019-02-13 15:06:01.9704|1|INFO|Microsoft.AspNetCore.Hosting.Internal.WebHost|Request starting HTTP/1.1 GET http://localhost:53185/bc6c83ca85933ee90b8a.hot-update.json   
2019-02-13 15:06:01.9871|1|INFO|Microsoft.AspNetCore.Mvc.Internal.ControllerActionInvoker|Route matched with {action = "Error404", controller = "Home"}. Executing action TemplateCoreWebTest.Controllers.HomeController.Error404 (WeedingInvitation) 
2019-02-13 15:06:01.9871|1|INFO|Microsoft.AspNetCore.Mvc.Internal.ControllerActionInvoker|Executing action method TemplateCoreWebTest.Controllers.HomeController.Error404 (WeedingInvitation) - Validation state: Valid 
2019-02-13 15:06:01.9871|2|INFO|Microsoft.AspNetCore.Mvc.Internal.ControllerActionInvoker|Executed action method TemplateCoreWebTest.Controllers.HomeController.Error404 (WeedingInvitation), returned result Microsoft.AspNetCore.Mvc.ViewResult in 0.031ms. 
2019-02-13 15:06:01.9871|1|INFO|Microsoft.AspNetCore.Mvc.ViewFeatures.ViewResultExecutor|Executing ViewResult, running view Error404. 
2019-02-13 15:06:02.0018|4|INFO|Microsoft.AspNetCore.Mvc.ViewFeatures.ViewResultExecutor|Executed ViewResult - view Error404 executed in 2.2425ms. 
2019-02-13 15:06:02.0018|2|INFO|Microsoft.AspNetCore.Mvc.Internal.ControllerActionInvoker|Executed action TemplateCoreWebTest.Controllers.HomeController.Error404 (WeedingInvitation) in 11.7354ms 
2019-02-13 15:06:02.0018|2|INFO|Microsoft.AspNetCore.Hosting.Internal.WebHost|Request finished in 30.5376ms 404 text/html; charset=utf-8 
2019-02-13 15:06:02.0427|1|INFO|Microsoft.AspNetCore.Hosting.Internal.WebHost|Request starting HTTP/1.1 GET http://localhost:53185/c63e24e3396e450317fe.hot-update.json   
2019-02-13 15:06:02.0525|1|INFO|Microsoft.AspNetCore.Mvc.Internal.ControllerActionInvoker|Route matched with {action = "Error404", controller = "Home"}. Executing action TemplateCoreWebTest.Controllers.HomeController.Error404 (WeedingInvitation) 
2019-02-13 15:06:02.0525|1|INFO|Microsoft.AspNetCore.Mvc.Internal.ControllerActionInvoker|Executing action method TemplateCoreWebTest.Controllers.HomeController.Error404 (WeedingInvitation) - Validation state: Valid 
2019-02-13 15:06:02.0525|2|INFO|Microsoft.AspNetCore.Mvc.Internal.ControllerActionInvoker|Executed action method TemplateCoreWebTest.Controllers.HomeController.Error404 (WeedingInvitation), returned result Microsoft.AspNetCore.Mvc.ViewResult in 0.0383ms. 
2019-02-13 15:06:02.0629|1|INFO|Microsoft.AspNetCore.Mvc.ViewFeatures.ViewResultExecutor|Executing ViewResult, running view Error404. 
2019-02-13 15:06:02.0629|4|INFO|Microsoft.AspNetCore.Mvc.ViewFeatures.ViewResultExecutor|Executed ViewResult - view Error404 executed in 2.4888ms. 
2019-02-13 15:06:02.0629|2|INFO|Microsoft.AspNetCore.Mvc.Internal.ControllerActionInvoker|Executed action TemplateCoreWebTest.Controllers.HomeController.Error404 (WeedingInvitation) in 13.9027ms 
2019-02-13 15:06:02.0629|2|INFO|Microsoft.AspNetCore.Hosting.Internal.WebHost|Request finished in 30.3492ms 404 text/html; charset=utf-8 
2019-02-13 15:06:02.0629|1|INFO|Microsoft.AspNetCore.Hosting.Internal.WebHost|Request starting HTTP/1.1 GET http://localhost:53185/c63e24e3396e450317fe.hot-update.json   
2019-02-13 15:06:02.0814|1|INFO|Microsoft.AspNetCore.Mvc.Internal.ControllerActionInvoker|Route matched with {action = "Error404", controller = "Home"}. Executing action TemplateCoreWebTest.Controllers.HomeController.Error404 (WeedingInvitation) 
2019-02-13 15:06:02.0814|1|INFO|Microsoft.AspNetCore.Mvc.Internal.ControllerActionInvoker|Executing action method TemplateCoreWebTest.Controllers.HomeController.Error404 (WeedingInvitation) - Validation state: Valid 
2019-02-13 15:06:02.0814|2|INFO|Microsoft.AspNetCore.Mvc.Internal.ControllerActionInvoker|Executed action method TemplateCoreWebTest.Controllers.HomeController.Error404 (WeedingInvitation), returned result Microsoft.AspNetCore.Mvc.ViewResult in 0.0214ms. 
2019-02-13 15:06:02.0814|1|INFO|Microsoft.AspNetCore.Mvc.ViewFeatures.ViewResultExecutor|Executing ViewResult, running view Error404. 
2019-02-13 15:06:02.0814|4|INFO|Microsoft.AspNetCore.Mvc.ViewFeatures.ViewResultExecutor|Executed ViewResult - view Error404 executed in 2.0016ms. 
2019-02-13 15:06:02.0933|2|INFO|Microsoft.AspNetCore.Mvc.Internal.ControllerActionInvoker|Executed action TemplateCoreWebTest.Controllers.HomeController.Error404 (WeedingInvitation) in 9.9124ms 
2019-02-13 15:06:02.0933|2|INFO|Microsoft.AspNetCore.Hosting.Internal.WebHost|Request finished in 21.5361ms 404 text/html; charset=utf-8 
2019-02-13 15:06:02.0933|1|INFO|Microsoft.AspNetCore.Hosting.Internal.WebHost|Request starting HTTP/1.1 GET http://localhost:53185/c63e24e3396e450317fe.hot-update.json   
2019-02-13 15:06:02.0933|1|INFO|Microsoft.AspNetCore.Mvc.Internal.ControllerActionInvoker|Route matched with {action = "Error404", controller = "Home"}. Executing action TemplateCoreWebTest.Controllers.HomeController.Error404 (WeedingInvitation) 
2019-02-13 15:06:02.0933|1|INFO|Microsoft.AspNetCore.Mvc.Internal.ControllerActionInvoker|Executing action method TemplateCoreWebTest.Controllers.HomeController.Error404 (WeedingInvitation) - Validation state: Valid 
2019-02-13 15:06:02.1111|2|INFO|Microsoft.AspNetCore.Mvc.Internal.ControllerActionInvoker|Executed action method TemplateCoreWebTest.Controllers.HomeController.Error404 (WeedingInvitation), returned result Microsoft.AspNetCore.Mvc.ViewResult in 0.0316ms. 
2019-02-13 15:06:02.1111|1|INFO|Microsoft.AspNetCore.Mvc.ViewFeatures.ViewResultExecutor|Executing ViewResult, running view Error404. 
2019-02-13 15:06:02.1111|4|INFO|Microsoft.AspNetCore.Mvc.ViewFeatures.ViewResultExecutor|Executed ViewResult - view Error404 executed in 3.1372ms. 
2019-02-13 15:06:02.1111|2|INFO|Microsoft.AspNetCore.Mvc.Internal.ControllerActionInvoker|Executed action TemplateCoreWebTest.Controllers.HomeController.Error404 (WeedingInvitation) in 10.4217ms 
2019-02-13 15:06:02.1111|2|INFO|Microsoft.AspNetCore.Hosting.Internal.WebHost|Request finished in 21.6653ms 404 text/html; charset=utf-8 
2019-02-13 15:06:02.1111|1|INFO|Microsoft.AspNetCore.Hosting.Internal.WebHost|Request starting HTTP/1.1 GET http://localhost:53185/c63e24e3396e450317fe.hot-update.json   
2019-02-13 15:06:02.1293|1|INFO|Microsoft.AspNetCore.Mvc.Internal.ControllerActionInvoker|Route matched with {action = "Error404", controller = "Home"}. Executing action TemplateCoreWebTest.Controllers.HomeController.Error404 (WeedingInvitation) 
2019-02-13 15:06:02.1293|1|INFO|Microsoft.AspNetCore.Mvc.Internal.ControllerActionInvoker|Executing action method TemplateCoreWebTest.Controllers.HomeController.Error404 (WeedingInvitation) - Validation state: Valid 
2019-02-13 15:06:02.1293|2|INFO|Microsoft.AspNetCore.Mvc.Internal.ControllerActionInvoker|Executed action method TemplateCoreWebTest.Controllers.HomeController.Error404 (WeedingInvitation), returned result Microsoft.AspNetCore.Mvc.ViewResult in 0.0238ms. 
2019-02-13 15:06:02.1293|1|INFO|Microsoft.AspNetCore.Mvc.ViewFeatures.ViewResultExecutor|Executing ViewResult, running view Error404. 
2019-02-13 15:06:02.1293|4|INFO|Microsoft.AspNetCore.Mvc.ViewFeatures.ViewResultExecutor|Executed ViewResult - view Error404 executed in 2.4088ms. 
2019-02-13 15:06:02.1293|2|INFO|Microsoft.AspNetCore.Mvc.Internal.ControllerActionInvoker|Executed action TemplateCoreWebTest.Controllers.HomeController.Error404 (WeedingInvitation) in 8.2812ms 
2019-02-13 15:06:02.1415|2|INFO|Microsoft.AspNetCore.Hosting.Internal.WebHost|Request finished in 20.1434ms 404 text/html; charset=utf-8 
2019-02-13 15:06:02.2575|1|INFO|Microsoft.AspNetCore.Hosting.Internal.WebHost|Request starting HTTP/1.1 GET http://localhost:53185/json/particles.json   
2019-02-13 15:06:02.2687|2|INFO|Microsoft.AspNetCore.StaticFiles.StaticFileMiddleware|Sending file. Request path: '/json/particles.json'. Physical path: 'C:\Users\Diana\Work\Projects\WeedingInvitation\TemplateCoreWeb\wwwroot\json\particles.json' 
2019-02-13 15:06:02.2687|2|INFO|Microsoft.AspNetCore.Hosting.Internal.WebHost|Request finished in 15.7537ms 200 application/json 
2019-02-13 15:06:02.3100|1|INFO|Microsoft.AspNetCore.Hosting.Internal.WebHost|Request starting HTTP/1.1 GET http://localhost:53185/dist/fonts/fa-regular-400.woff2   
2019-02-13 15:06:02.3100|1|INFO|Microsoft.AspNetCore.Hosting.Internal.WebHost|Request starting HTTP/1.1 GET http://localhost:53185/dist/fonts/ptserif-700.woff2   
2019-02-13 15:06:02.3196|2|INFO|Microsoft.AspNetCore.StaticFiles.StaticFileMiddleware|Sending file. Request path: '/dist/fonts/fa-regular-400.woff2'. Physical path: 'C:\Users\Diana\Work\Projects\WeedingInvitation\TemplateCoreWeb\wwwroot\dist\fonts\fa-regular-400.woff2' 
2019-02-13 15:06:02.3326|2|INFO|Microsoft.AspNetCore.Hosting.Internal.WebHost|Request finished in 22.5887ms 200 font/woff2 
2019-02-13 15:06:02.3196|2|INFO|Microsoft.AspNetCore.StaticFiles.StaticFileMiddleware|Sending file. Request path: '/dist/fonts/ptserif-700.woff2'. Physical path: 'C:\Users\Diana\Work\Projects\WeedingInvitation\TemplateCoreWeb\wwwroot\dist\fonts\ptserif-700.woff2' 
2019-02-13 15:06:02.3530|2|INFO|Microsoft.AspNetCore.Hosting.Internal.WebHost|Request finished in 42.8601ms 200 font/woff2 
2019-02-13 15:06:02.5906|1|INFO|Microsoft.AspNetCore.Hosting.Internal.WebHost|Request starting HTTP/1.1 GET http://localhost:53185/favicon-32x32.png   
2019-02-13 15:06:02.6018|2|INFO|Microsoft.AspNetCore.StaticFiles.StaticFileMiddleware|Sending file. Request path: '/favicon-32x32.png'. Physical path: 'C:\Users\Diana\Work\Projects\WeedingInvitation\TemplateCoreWeb\wwwroot\favicon-32x32.png' 
2019-02-13 15:06:02.6018|2|INFO|Microsoft.AspNetCore.Hosting.Internal.WebHost|Request finished in 13.8946ms 200 image/png 
2019-02-13 15:06:03.9385|1|INFO|Microsoft.AspNetCore.Hosting.Internal.WebHost|Request starting HTTP/1.1 GET http://localhost:53185/dist/fonts/fa-solid-900.woff2   
2019-02-13 15:06:03.9385|2|INFO|Microsoft.AspNetCore.StaticFiles.StaticFileMiddleware|Sending file. Request path: '/dist/fonts/fa-solid-900.woff2'. Physical path: 'C:\Users\Diana\Work\Projects\WeedingInvitation\TemplateCoreWeb\wwwroot\dist\fonts\fa-solid-900.woff2' 
2019-02-13 15:06:03.9385|2|INFO|Microsoft.AspNetCore.Hosting.Internal.WebHost|Request finished in 13.0234ms 200 font/woff2 
