2019-01-10 12:33:35.0191||DEBUG|TemplateCoreWebTest.Program|init main |url: |action: 
2019-01-10 12:33:51.6893||ERROR|Microsoft.AspNetCore.NodeServices|clean-webpack-plugin: C:\Users\Diana\Work\Projects\WeedingInvitation\TemplateCoreWeb\wwwroot\dist has been removed. |url: |action: 
2019-01-10 12:34:20.9260|3|WARN|Microsoft.AspNetCore.HttpsPolicy.HttpsRedirectionMiddleware|Failed to determine the https port for redirect. |url: http://localhost/|action: 
2019-01-10 12:51:41.3040||DEBUG|TemplateCoreWebTest.Program|init main |url: |action: 
2019-01-10 12:52:03.0769||ERROR|Microsoft.AspNetCore.NodeServices|clean-webpack-plugin: C:\Users\Diana\Work\Projects\WeedingInvitation\TemplateCoreWeb\wwwroot\dist has been removed. |url: |action: 
2019-01-10 12:52:45.6286|3|WARN|Microsoft.AspNetCore.HttpsPolicy.HttpsRedirectionMiddleware|Failed to determine the https port for redirect. |url: http://localhost/|action: 
2019-01-10 12:53:56.1292||DEBUG|TemplateCoreWebTest.Program|init main |url: |action: 
2019-01-10 12:54:16.6035||ERROR|Microsoft.AspNetCore.NodeServices|clean-webpack-plugin: C:\Users\Diana\Work\Projects\WeedingInvitation\TemplateCoreWeb\wwwroot\dist has been removed. |url: |action: 
2019-01-10 12:55:05.0139|3|WARN|Microsoft.AspNetCore.HttpsPolicy.HttpsRedirectionMiddleware|Failed to determine the https port for redirect. |url: http://localhost/|action: 
2019-01-10 14:11:52.4068||DEBUG|TemplateCoreWebTest.Program|init main |url: |action: 
2019-01-10 14:12:08.4661||ERROR|Microsoft.AspNetCore.NodeServices|clean-webpack-plugin: C:\Users\Diana\Work\Projects\WeedingInvitation\TemplateCoreWeb\wwwroot\dist has been removed. |url: |action: 
2019-01-10 14:12:31.0178|3|WARN|Microsoft.AspNetCore.HttpsPolicy.HttpsRedirectionMiddleware|Failed to determine the https port for redirect. |url: http://localhost/|action: 
2019-01-10 14:32:50.5128||DEBUG|TemplateCoreWebTest.Program|init main |url: |action: 
2019-01-10 14:32:58.5538||ERROR|Microsoft.AspNetCore.NodeServices|clean-webpack-plugin: C:\Users\Diana\Work\Projects\WeedingInvitation\TemplateCoreWeb\wwwroot\dist has been removed. |url: |action: 
2019-01-10 14:33:16.2958|3|WARN|Microsoft.AspNetCore.HttpsPolicy.HttpsRedirectionMiddleware|Failed to determine the https port for redirect. |url: http://localhost/|action: 
2019-01-10 16:07:31.3212||DEBUG|TemplateCoreWebTest.Program|init main |url: |action: 
2019-01-10 16:07:36.7391||ERROR|Microsoft.AspNetCore.NodeServices|clean-webpack-plugin: C:\Users\Diana\Work\Projects\WeedingInvitation\TemplateCoreWeb\wwwroot\dist has been removed. |url: |action: 
2019-01-10 16:07:49.2441|3|WARN|Microsoft.AspNetCore.HttpsPolicy.HttpsRedirectionMiddleware|Failed to determine the https port for redirect. |url: http://localhost/|action: 
2019-01-10 16:12:22.4105||DEBUG|TemplateCoreWebTest.Program|init main |url: |action: 
2019-01-10 16:12:38.6457||ERROR|Microsoft.AspNetCore.NodeServices|clean-webpack-plugin: C:\Users\Diana\Work\Projects\WeedingInvitation\TemplateCoreWeb\wwwroot\dist has been removed. |url: |action: 
2019-01-10 16:13:11.9826|3|WARN|Microsoft.AspNetCore.HttpsPolicy.HttpsRedirectionMiddleware|Failed to determine the https port for redirect. |url: http://localhost/9622b63bd6a4b0053bfb.hot-update.json|action: 
2019-01-10 16:25:54.0645||ERROR|Microsoft.AspNetCore.NodeServices|[31m├Ч[39m [90mя╜вwdmя╜г[39m: Hash: 0979a45142d43bd84032
Version: webpack 4.23.1
Time: 424ms
Built at: 2019-01-10 16:25:53
                                              Asset       Size                        Chunks             Chunk Names
      ../img/_/fonts/font-awesome/fa-brands-400.svg   49 bytes                                           
     ../img/_/fonts/font-awesome/fa-regular-400.svg   50 bytes                                           
       ../img/_/fonts/font-awesome/fa-solid-900.svg   48 bytes                                           
   custom_styles.ea45a3250a9a13654f3d.hot-update.js   7.03 KiB  custom_styles, custom_styles  [emitted]  custom_styles, custom_styles
custom_styles.ea45a3250a9a13654f3d.hot-update.js.gz  663 bytes                                [emitted]  
                                   custom_styles.js    437 KiB                 custom_styles  [emitted]  custom_styles
                                custom_styles.js.gz   66.8 KiB                                [emitted]  
               ea45a3250a9a13654f3d.hot-update.json   55 bytes                                [emitted]  
                            fonts/fa-brands-400.eot   96.3 KiB                                           
                         fonts/fa-brands-400.eot.gz     63 KiB                                [emitted]  
                            fonts/fa-brands-400.svg    496 KiB                                           
                         fonts/fa-brands-400.svg.gz    159 KiB                                [emitted]  
                            fonts/fa-brands-400.ttf   96.1 KiB                                           
                         fonts/fa-brands-400.ttf.gz   62.9 KiB                                [emitted]  
                           fonts/fa-brands-400.woff   62.2 KiB                                           
                          fonts/fa-brands-400.woff2   53.2 KiB                                           
                           fonts/fa-regular-400.eot   30.4 KiB                                           
                        fonts/fa-regular-400.eot.gz   14.6 KiB                                [emitted]  
                           fonts/fa-regular-400.svg    105 KiB                                           
                        fonts/fa-regular-400.svg.gz   35.7 KiB                                [emitted]  
                           fonts/fa-regular-400.ttf   30.2 KiB                                           
                        fonts/fa-regular-400.ttf.gz   14.6 KiB                                [emitted]  
                          fonts/fa-regular-400.woff   14.4 KiB                                           
                         fonts/fa-regular-400.woff2     12 KiB                                           
                             fonts/fa-solid-900.eot    104 KiB                                           
                          fonts/fa-solid-900.eot.gz   50.3 KiB                                [emitted]  
                             fonts/fa-solid-900.svg    382 KiB                                           
                          fonts/fa-solid-900.svg.gz    130 KiB                                [emitted]  
                             fonts/fa-solid-900.ttf    103 KiB                                           
                          fonts/fa-solid-900.ttf.gz   50.2 KiB                                [emitted]  
                            fonts/fa-solid-900.woff   49.3 KiB                                           
                           fonts/fa-solid-900.woff2   39.2 KiB                                           
                                 fonts/flaticon.eot   2.57 KiB                                           
                              fonts/flaticon.eot.gz   1.42 KiB                                [emitted]  
                                 fonts/flaticon.ttf   27.6 KiB                                           
                              fonts/flaticon.ttf.gz   17.4 KiB                                [emitted]  
                                fonts/flaticon.woff   17.6 KiB                                           
                                            main.js    215 KiB                          main  [emitted]  main
                                         main.js.gz   47.4 KiB                                [emitted]  
                                      vendor_src.js    918 KiB                    vendor_src  [emitted]  vendor_src
                                   vendor_src.js.gz    203 KiB                                [emitted]  
                                   vendor_styles.js   1010 KiB                 vendor_styles  [emitted]  vendor_styles
                                vendor_styles.js.gz    170 KiB                                [emitted]  
Entrypoint vendor_styles = vendor_styles.js
Entrypoint vendor_src = vendor_src.js
Entrypoint custom_styles = custom_styles.js custom_styles.ea45a3250a9a13654f3d.hot-update.js custom_styles.ea45a3250a9a13654f3d.hot-update.js
Entrypoint main = main.js
[0] multi webpack-hot-middleware/client?path=__webpack_hmr&dynamicPublicPath=true ./ClientApp/src/assets/js/vendor_styles.js 40 bytes {vendor_styles}
[1] multi webpack-hot-middleware/client?path=__webpack_hmr&dynamicPublicPath=true script-loader!./ClientApp/src/assets/vendor/jquery.min.js script-loader!./ClientApp/src/assets/vendor/popper.min.js script-loader!./ClientApp/src/assets/vendor/bootstrap.min.js script-loader!./ClientApp/src/assets/vendor/pace.min.js script-loader!./ClientApp/src/assets/vendor/particles.min.js script-loader!./ClientApp/src/assets/vendor/jquery.easing.min.js script-loader!./ClientApp/src/assets/vendor/imagesloaded.pkgd.min.js script-loader!./ClientApp/src/assets/vendor/flickity.pkgd.min.js script-loader!./ClientApp/src/assets/vendor/isotope.pkgd.min.js script-loader!./ClientApp/src/assets/vendor/jquery.magnific-popup.min.js script-loader!./ClientApp/src/assets/vendor/jquery.countdown.min.js script-loader!./ClientApp/src/assets/vendor/jquery.validate.min.js script-loader!./ClientApp/src/assets/vendor/greensock/TweenMax.min.js script-loader!./ClientApp/src/assets/vendor/ScrollMagic.min.js script-loader!./ClientApp/src/assets/vendor/animation.gsap.min.js script-loader!./ClientApp/src/assets/vendor/theme.js script-loader!./ClientApp/src/assets/vendor/milea.js 232 bytes {vendor_src}
[2] multi webpack-hot-middleware/client?path=__webpack_hmr&dynamicPublicPath=true ./ClientApp/src/assets/js/custom_styles.js 40 bytes {custom_styles}
[3] multi webpack-hot-middleware/client?path=__webpack_hmr&dynamicPublicPath=true ./ClientApp/src/assets/js/index.js 40 bytes {main}
[./ClientApp/src/assets/js/custom_styles.js] 28 bytes {custom_styles}
[./ClientApp/src/assets/js/index.js] 274 bytes {main}
[./ClientApp/src/assets/js/vendor_styles.js] 175 bytes {vendor_styles}
[./node_modules/script-loader/index.js!./ClientApp/src/assets/vendor/ScrollMagic.min.js] ./node_modules/script-loader!./ClientApp/src/assets/vendor/ScrollMagic.min.js 484 bytes {vendor_src}
[./node_modules/script-loader/index.js!./ClientApp/src/assets/vendor/animation.gsap.min.js] ./node_modules/script-loader!./ClientApp/src/assets/vendor/animation.gsap.min.js 487 bytes {vendor_src}
[./node_modules/script-loader/index.js!./ClientApp/src/assets/vendor/bootstrap.min.js] ./node_modules/script-loader!./ClientApp/src/assets/vendor/bootstrap.min.js 482 bytes {vendor_src}
[./node_modules/script-loader/index.js!./ClientApp/src/assets/vendor/flickity.pkgd.min.js] ./node_modules/script-loader!./ClientApp/src/assets/vendor/flickity.pkgd.min.js 486 bytes {vendor_src}
[./node_modules/script-loader/index.js!./ClientApp/src/assets/vendor/greensock/TweenMax.min.js] ./node_modules/script-loader!./ClientApp/src/assets/vendor/greensock/TweenMax.min.js 492 bytes {vendor_src}
[./node_modules/script-loader/index.js!./ClientApp/src/assets/vendor/imagesloaded.pkgd.min.js] ./node_modules/script-loader!./ClientApp/src/assets/vendor/imagesloaded.pkgd.min.js 490 bytes {vendor_src}
[./node_modules/script-loader/index.js!./ClientApp/src/assets/vendor/isotope.pkgd.min.js] ./node_modules/script-loader!./ClientApp/src/assets/vendor/isotope.pkgd.min.js 485 bytes {vendor_src}
[./node_modules/script-loader/index.js!./ClientApp/src/assets/vendor/jquery.countdown.min.js] ./node_modules/script-loader!./ClientApp/src/assets/vendor/jquery.countdown.min.js 489 bytes {vendor_src}
    + 89 hidden modules

ERROR in ./ClientApp/src/assets/img/icon-arrow-right-dark.png
Module build failed (from ./node_modules/file-loader/dist/cjs.js):
Error: ENOENT: no such file or directory, open 'C:\Users\Diana\Work\Projects\WeedingInvitation\TemplateCoreWeb\ClientApp\src\assets\img\icon-arrow-right-dark.png'
 @ ./ClientApp/src/assets/scss/style.scss (./node_modules/css-loader??ref--5-1!./node_modules/sass-loader/lib/loader.js??ref--5-2!./ClientApp/src/assets/scss/style.scss) 7:36016-36059
 @ ./ClientApp/src/assets/scss/style.scss
 @ ./ClientApp/src/assets/js/custom_styles.js
 @ multi webpack-hot-middleware/client?path=__webpack_hmr&dynamicPublicPath=true ./ClientApp/src/assets/js/custom_styles.js

ERROR in ./ClientApp/src/assets/img/icon-left-right.png
Module build failed (from ./node_modules/file-loader/dist/cjs.js):
Error: ENOENT: no such file or directory, open 'C:\Users\Diana\Work\Projects\WeedingInvitation\TemplateCoreWeb\ClientApp\src\assets\img\icon-left-right.png'
 @ ./ClientApp/src/assets/scss/style.scss (./node_modules/css-loader??ref--5-1!./node_modules/sass-loader/lib/loader.js??ref--5-2!./ClientApp/src/assets/scss/style.scss) 7:26811-26848 7:26899-26936 7:26995-27032
 @ ./ClientApp/src/assets/scss/style.scss
 @ ./ClientApp/src/assets/js/custom_styles.js
 @ multi webpack-hot-middleware/client?path=__webpack_hmr&dynamicPublicPath=true ./ClientApp/src/assets/js/custom_styles.js

ERROR in ./ClientApp/src/assets/img/icon-zoom-in-white.png
Module build failed (from ./node_modules/file-loader/dist/cjs.js):
Error: ENOENT: no such file or directory, open 'C:\Users\Diana\Work\Projects\WeedingInvitation\TemplateCoreWeb\ClientApp\src\assets\img\icon-zoom-in-white.png'
 @ ./ClientApp/src/assets/scss/style.scss (./node_modules/css-loader??ref--5-1!./node_modules/sass-loader/lib/loader.js??ref--5-2!./ClientApp/src/assets/scss/style.scss) 7:34542-34582
 @ ./ClientApp/src/assets/scss/style.scss
 @ ./ClientApp/src/assets/js/custom_styles.js
 @ multi webpack-hot-middleware/client?path=__webpack_hmr&dynamicPublicPath=true ./ClientApp/src/assets/js/custom_styles.js

ERROR in ./ClientApp/src/assets/img/icon-zoom-out-dark.png
Module build failed (from ./node_modules/file-loader/dist/cjs.js):
Error: ENOENT: no such file or directory, open 'C:\Users\Diana\Work\Projects\WeedingInvitation\TemplateCoreWeb\ClientApp\src\assets\img\icon-zoom-out-dark.png'
 @ ./ClientApp/src/assets/scss/style.scss (./node_modules/css-loader??ref--5-1!./node_modules/sass-loader/lib/loader.js??ref--5-2!./ClientApp/src/assets/scss/style.scss) 7:35212-35252 7:35301-35341 7:35393-35433
 @ ./ClientApp/src/assets/scss/style.scss
 @ ./ClientApp/src/assets/js/custom_styles.js
 @ multi webpack-hot-middleware/client?path=__webpack_hmr&dynamicPublicPath=true ./ClientApp/src/assets/js/custom_styles.js

ERROR in ./ClientApp/src/assets/img/navbar-toggler-dark.svg
Module build failed (from ./node_modules/file-loader/dist/cjs.js):
Error: ENOENT: no such file or directory, open 'C:\Users\Diana\Work\Projects\WeedingInvitation\TemplateCoreWeb\ClientApp\src\assets\img\navbar-toggler-dark.svg'
 @ ./ClientApp/src/assets/scss/style.scss (./node_modules/css-loader??ref--5-1!./node_modules/sass-loader/lib/loader.js??ref--5-2!./ClientApp/src/assets/scss/style.scss) 7:39237-39278
 @ ./ClientApp/src/assets/scss/style.scss
 @ ./ClientApp/src/assets/js/custom_styles.js
 @ multi webpack-hot-middleware/client?path=__webpack_hmr&dynamicPublicPath=true ./ClientApp/src/assets/js/custom_styles.js

ERROR in ./ClientApp/src/assets/img/navbar-toggler-light.svg
Module build failed (from ./node_modules/file-loader/dist/cjs.js):
Error: ENOENT: no such file or directory, open 'C:\Users\Diana\Work\Projects\WeedingInvitation\TemplateCoreWeb\ClientApp\src\assets\img\navbar-toggler-light.svg'
 @ ./ClientApp/src/assets/scss/style.scss (./node_modules/css-loader??ref--5-1!./node_modules/sass-loader/lib/loader.js??ref--5-2!./ClientApp/src/assets/scss/style.scss) 7:40176-40218
 @ ./ClientApp/src/assets/scss/style.scss
 @ ./ClientApp/src/assets/js/custom_styles.js
 @ multi webpack-hot-middleware/client?path=__webpack_hmr&dynamicPublicPath=true ./ClientApp/src/assets/js/custom_styles.js

ERROR in ./ClientApp/src/assets/img/section-divider-bottom-gray-100.png
Module build failed (from ./node_modules/file-loader/dist/cjs.js):
Error: ENOENT: no such file or directory, open 'C:\Users\Diana\Work\Projects\WeedingInvitation\TemplateCoreWeb\ClientApp\src\assets\img\section-divider-bottom-gray-100.png'
 @ ./ClientApp/src/assets/scss/style.scss (./node_modules/css-loader??ref--5-1!./node_modules/sass-loader/lib/loader.js??ref--5-2!./ClientApp/src/assets/scss/style.scss) 7:44492-44545 7:45768-45821
 @ ./ClientApp/src/assets/scss/style.scss
 @ ./ClientApp/src/assets/js/custom_styles.js
 @ multi webpack-hot-middleware/client?path=__webpack_hmr&dynamicPublicPath=true ./ClientApp/src/assets/js/custom_styles.js

ERROR in ./ClientApp/src/assets/img/section-divider-bottom.png
Module build failed (from ./node_modules/file-loader/dist/cjs.js):
Error: ENOENT: no such file or directory, open 'C:\Users\Diana\Work\Projects\WeedingInvitation\TemplateCoreWeb\ClientApp\src\assets\img\section-divider-bottom.png'
 @ ./ClientApp/src/assets/scss/style.scss (./node_modules/css-loader??ref--5-1!./node_modules/sass-loader/lib/loader.js??ref--5-2!./ClientApp/src/assets/scss/style.scss) 7:44223-44267 7:45285-45329
 @ ./ClientApp/src/assets/scss/style.scss
 @ ./ClientApp/src/assets/js/custom_styles.js
 @ multi webpack-hot-middleware/client?path=__webpack_hmr&dynamicPublicPath=true ./ClientApp/src/assets/js/custom_styles.js

ERROR in ./ClientApp/src/assets/img/section-divider-top-gray-100.png
Module build failed (from ./node_modules/file-loader/dist/cjs.js):
Error: ENOENT: no such file or directory, open 'C:\Users\Diana\Work\Projects\WeedingInvitation\TemplateCoreWeb\ClientApp\src\assets\img\section-divider-top-gray-100.png'
 @ ./ClientApp/src/assets/scss/style.scss (./node_modules/css-loader??ref--5-1!./node_modules/sass-loader/lib/loader.js??ref--5-2!./ClientApp/src/assets/scss/style.scss) 7:44923-44973 7:45544-45594
 @ ./ClientApp/src/assets/scss/style.scss
 @ ./ClientApp/src/assets/js/custom_styles.js
 @ multi webpack-hot-middleware/client?path=__webpack_hmr&dynamicPublicPath=true ./ClientApp/src/assets/js/custom_styles.js

ERROR in ./ClientApp/src/assets/img/section-divider-top.png
Module build failed (from ./node_modules/file-loader/dist/cjs.js):
Error: ENOENT: no such file or directory, open 'C:\Users\Diana\Work\Projects\WeedingInvitation\TemplateCoreWeb\ClientApp\src\assets\img\section-divider-top.png'
 @ ./ClientApp/src/assets/scss/style.scss (./node_modules/css-loader??ref--5-1!./node_modules/sass-loader/lib/loader.js??ref--5-2!./ClientApp/src/assets/scss/style.scss) 7:44669-44710 7:45093-45134
 @ ./ClientApp/src/assets/scss/style.scss
 @ ./ClientApp/src/assets/js/custom_styles.js
 @ multi webpack-hot-middleware/client?path=__webpack_hmr&dynamicPublicPath=true ./ClientApp/src/assets/js/custom_styles.js |url: |action: 
2019-01-10 16:30:11.5145||ERROR|Microsoft.AspNetCore.NodeServices|[31m├Ч[39m [90mя╜вwdmя╜г[39m: Hash: 2c0ab0fcccfdf85af2bc
Version: webpack 4.23.1
Time: 1469ms
Built at: 2019-01-10 16:30:11
                                              Asset      Size                        Chunks             Chunk Names
      ../img/_/fonts/font-awesome/fa-brands-400.svg  49 bytes                                           
     ../img/_/fonts/font-awesome/fa-regular-400.svg  50 bytes                                           
       ../img/_/fonts/font-awesome/fa-solid-900.svg  48 bytes                                           
               0979a45142d43bd84032.hot-update.json  55 bytes                                [emitted]  
   custom_styles.0979a45142d43bd84032.hot-update.js   266 KiB  custom_styles, custom_styles  [emitted]  custom_styles, custom_styles
custom_styles.0979a45142d43bd84032.hot-update.js.gz  30.7 KiB                                [emitted]  
                                   custom_styles.js   438 KiB                 custom_styles  [emitted]  custom_styles
                                custom_styles.js.gz  66.8 KiB                                [emitted]  
                            fonts/fa-brands-400.eot  96.3 KiB                                           
                         fonts/fa-brands-400.eot.gz    63 KiB                                [emitted]  
                            fonts/fa-brands-400.svg   496 KiB                                           
                         fonts/fa-brands-400.svg.gz   159 KiB                                [emitted]  
                            fonts/fa-brands-400.ttf  96.1 KiB                                           
                         fonts/fa-brands-400.ttf.gz  62.9 KiB                                [emitted]  
                           fonts/fa-brands-400.woff  62.2 KiB                                           
                          fonts/fa-brands-400.woff2  53.2 KiB                                           
                           fonts/fa-regular-400.eot  30.4 KiB                                           
                        fonts/fa-regular-400.eot.gz  14.6 KiB                                [emitted]  
                           fonts/fa-regular-400.svg   105 KiB                                           
                        fonts/fa-regular-400.svg.gz  35.7 KiB                                [emitted]  
                           fonts/fa-regular-400.ttf  30.2 KiB                                           
                        fonts/fa-regular-400.ttf.gz  14.6 KiB                                [emitted]  
                          fonts/fa-regular-400.woff  14.4 KiB                                           
                         fonts/fa-regular-400.woff2    12 KiB                                           
                             fonts/fa-solid-900.eot   104 KiB                                           
                          fonts/fa-solid-900.eot.gz  50.3 KiB                                [emitted]  
                             fonts/fa-solid-900.svg   382 KiB                                           
                          fonts/fa-solid-900.svg.gz   130 KiB                                [emitted]  
                             fonts/fa-solid-900.ttf   103 KiB                                           
                          fonts/fa-solid-900.ttf.gz  50.2 KiB                                [emitted]  
                            fonts/fa-solid-900.woff  49.3 KiB                                           
                           fonts/fa-solid-900.woff2  39.2 KiB                                           
                                 fonts/flaticon.eot  2.57 KiB                                           
                              fonts/flaticon.eot.gz  1.42 KiB                                [emitted]  
                                 fonts/flaticon.ttf  27.6 KiB                                           
                              fonts/flaticon.ttf.gz  17.4 KiB                                [emitted]  
                                fonts/flaticon.woff  17.6 KiB                                           
                                            main.js   215 KiB                          main  [emitted]  main
                                         main.js.gz  47.4 KiB                                [emitted]  
                                      vendor_src.js   918 KiB                    vendor_src  [emitted]  vendor_src
                                   vendor_src.js.gz   203 KiB                                [emitted]  
                                   vendor_styles.js  1010 KiB                 vendor_styles  [emitted]  vendor_styles
                                vendor_styles.js.gz   170 KiB                                [emitted]  
Entrypoint vendor_styles = vendor_styles.js
Entrypoint vendor_src = vendor_src.js
Entrypoint custom_styles = custom_styles.js custom_styles.0979a45142d43bd84032.hot-update.js custom_styles.0979a45142d43bd84032.hot-update.js
Entrypoint main = main.js
[0] multi webpack-hot-middleware/client?path=__webpack_hmr&dynamicPublicPath=true ./ClientApp/src/assets/js/vendor_styles.js 40 bytes {vendor_styles}
[1] multi webpack-hot-middleware/client?path=__webpack_hmr&dynamicPublicPath=true script-loader!./ClientApp/src/assets/vendor/jquery.min.js script-loader!./ClientApp/src/assets/vendor/popper.min.js script-loader!./ClientApp/src/assets/vendor/bootstrap.min.js script-loader!./ClientApp/src/assets/vendor/pace.min.js script-loader!./ClientApp/src/assets/vendor/particles.min.js script-loader!./ClientApp/src/assets/vendor/jquery.easing.min.js script-loader!./ClientApp/src/assets/vendor/imagesloaded.pkgd.min.js script-loader!./ClientApp/src/assets/vendor/flickity.pkgd.min.js script-loader!./ClientApp/src/assets/vendor/isotope.pkgd.min.js script-loader!./ClientApp/src/assets/vendor/jquery.magnific-popup.min.js script-loader!./ClientApp/src/assets/vendor/jquery.countdown.min.js script-loader!./ClientApp/src/assets/vendor/jquery.validate.min.js script-loader!./ClientApp/src/assets/vendor/greensock/TweenMax.min.js script-loader!./ClientApp/src/assets/vendor/ScrollMagic.min.js script-loader!./ClientApp/src/assets/vendor/animation.gsap.min.js script-loader!./ClientApp/src/assets/vendor/theme.js script-loader!./ClientApp/src/assets/vendor/milea.js 232 bytes {vendor_src}
[2] multi webpack-hot-middleware/client?path=__webpack_hmr&dynamicPublicPath=true ./ClientApp/src/assets/js/custom_styles.js 40 bytes {custom_styles}
[3] multi webpack-hot-middleware/client?path=__webpack_hmr&dynamicPublicPath=true ./ClientApp/src/assets/js/index.js 40 bytes {main}
[./ClientApp/src/assets/js/custom_styles.js] 28 bytes {custom_styles}
[./ClientApp/src/assets/js/index.js] 274 bytes {main}
[./ClientApp/src/assets/js/vendor_styles.js] 175 bytes {vendor_styles}
[./node_modules/script-loader/index.js!./ClientApp/src/assets/vendor/ScrollMagic.min.js] ./node_modules/script-loader!./ClientApp/src/assets/vendor/ScrollMagic.min.js 484 bytes {vendor_src}
[./node_modules/script-loader/index.js!./ClientApp/src/assets/vendor/animation.gsap.min.js] ./node_modules/script-loader!./ClientApp/src/assets/vendor/animation.gsap.min.js 487 bytes {vendor_src}
[./node_modules/script-loader/index.js!./ClientApp/src/assets/vendor/bootstrap.min.js] ./node_modules/script-loader!./ClientApp/src/assets/vendor/bootstrap.min.js 482 bytes {vendor_src}
[./node_modules/script-loader/index.js!./ClientApp/src/assets/vendor/flickity.pkgd.min.js] ./node_modules/script-loader!./ClientApp/src/assets/vendor/flickity.pkgd.min.js 486 bytes {vendor_src}
[./node_modules/script-loader/index.js!./ClientApp/src/assets/vendor/greensock/TweenMax.min.js] ./node_modules/script-loader!./ClientApp/src/assets/vendor/greensock/TweenMax.min.js 492 bytes {vendor_src}
[./node_modules/script-loader/index.js!./ClientApp/src/assets/vendor/imagesloaded.pkgd.min.js] ./node_modules/script-loader!./ClientApp/src/assets/vendor/imagesloaded.pkgd.min.js 490 bytes {vendor_src}
[./node_modules/script-loader/index.js!./ClientApp/src/assets/vendor/isotope.pkgd.min.js] ./node_modules/script-loader!./ClientApp/src/assets/vendor/isotope.pkgd.min.js 485 bytes {vendor_src}
[./node_modules/script-loader/index.js!./ClientApp/src/assets/vendor/jquery.countdown.min.js] ./node_modules/script-loader!./ClientApp/src/assets/vendor/jquery.countdown.min.js 489 bytes {vendor_src}
    + 89 hidden modules

ERROR in ./ClientApp/src/assets/img/icon-arrow-right-dark.png
Module build failed (from ./node_modules/file-loader/dist/cjs.js):
Error: ENOENT: no such file or directory, open 'C:\Users\Diana\Work\Projects\WeedingInvitation\TemplateCoreWeb\ClientApp\src\assets\img\icon-arrow-right-dark.png'
 @ ./ClientApp/src/assets/scss/style.scss (./node_modules/css-loader??ref--5-1!./node_modules/sass-loader/lib/loader.js??ref--5-2!./ClientApp/src/assets/scss/style.scss) 7:36016-36059
 @ ./ClientApp/src/assets/scss/style.scss
 @ ./ClientApp/src/assets/js/custom_styles.js
 @ multi webpack-hot-middleware/client?path=__webpack_hmr&dynamicPublicPath=true ./ClientApp/src/assets/js/custom_styles.js

ERROR in ./ClientApp/src/assets/img/icon-left-right.png
Module build failed (from ./node_modules/file-loader/dist/cjs.js):
Error: ENOENT: no such file or directory, open 'C:\Users\Diana\Work\Projects\WeedingInvitation\TemplateCoreWeb\ClientApp\src\assets\img\icon-left-right.png'
 @ ./ClientApp/src/assets/scss/style.scss (./node_modules/css-loader??ref--5-1!./node_modules/sass-loader/lib/loader.js??ref--5-2!./ClientApp/src/assets/scss/style.scss) 7:26811-26848 7:26899-26936 7:26995-27032
 @ ./ClientApp/src/assets/scss/style.scss
 @ ./ClientApp/src/assets/js/custom_styles.js
 @ multi webpack-hot-middleware/client?path=__webpack_hmr&dynamicPublicPath=true ./ClientApp/src/assets/js/custom_styles.js

ERROR in ./ClientApp/src/assets/img/icon-zoom-in-white.png
Module build failed (from ./node_modules/file-loader/dist/cjs.js):
Error: ENOENT: no such file or directory, open 'C:\Users\Diana\Work\Projects\WeedingInvitation\TemplateCoreWeb\ClientApp\src\assets\img\icon-zoom-in-white.png'
 @ ./ClientApp/src/assets/scss/style.scss (./node_modules/css-loader??ref--5-1!./node_modules/sass-loader/lib/loader.js??ref--5-2!./ClientApp/src/assets/scss/style.scss) 7:34542-34582
 @ ./ClientApp/src/assets/scss/style.scss
 @ ./ClientApp/src/assets/js/custom_styles.js
 @ multi webpack-hot-middleware/client?path=__webpack_hmr&dynamicPublicPath=true ./ClientApp/src/assets/js/custom_styles.js

ERROR in ./ClientApp/src/assets/img/icon-zoom-out-dark.png
Module build failed (from ./node_modules/file-loader/dist/cjs.js):
Error: ENOENT: no such file or directory, open 'C:\Users\Diana\Work\Projects\WeedingInvitation\TemplateCoreWeb\ClientApp\src\assets\img\icon-zoom-out-dark.png'
 @ ./ClientApp/src/assets/scss/style.scss (./node_modules/css-loader??ref--5-1!./node_modules/sass-loader/lib/loader.js??ref--5-2!./ClientApp/src/assets/scss/style.scss) 7:35212-35252 7:35301-35341 7:35393-35433
 @ ./ClientApp/src/assets/scss/style.scss
 @ ./ClientApp/src/assets/js/custom_styles.js
 @ multi webpack-hot-middleware/client?path=__webpack_hmr&dynamicPublicPath=true ./ClientApp/src/assets/js/custom_styles.js

ERROR in ./ClientApp/src/assets/img/navbar-toggler-dark.svg
Module build failed (from ./node_modules/file-loader/dist/cjs.js):
Error: ENOENT: no such file or directory, open 'C:\Users\Diana\Work\Projects\WeedingInvitation\TemplateCoreWeb\ClientApp\src\assets\img\navbar-toggler-dark.svg'
 @ ./ClientApp/src/assets/scss/style.scss (./node_modules/css-loader??ref--5-1!./node_modules/sass-loader/lib/loader.js??ref--5-2!./ClientApp/src/assets/scss/style.scss) 7:39237-39278
 @ ./ClientApp/src/assets/scss/style.scss
 @ ./ClientApp/src/assets/js/custom_styles.js
 @ multi webpack-hot-middleware/client?path=__webpack_hmr&dynamicPublicPath=true ./ClientApp/src/assets/js/custom_styles.js

ERROR in ./ClientApp/src/assets/img/navbar-toggler-light.svg
Module build failed (from ./node_modules/file-loader/dist/cjs.js):
Error: ENOENT: no such file or directory, open 'C:\Users\Diana\Work\Projects\WeedingInvitation\TemplateCoreWeb\ClientApp\src\assets\img\navbar-toggler-light.svg'
 @ ./ClientApp/src/assets/scss/style.scss (./node_modules/css-loader??ref--5-1!./node_modules/sass-loader/lib/loader.js??ref--5-2!./ClientApp/src/assets/scss/style.scss) 7:40176-40218
 @ ./ClientApp/src/assets/scss/style.scss
 @ ./ClientApp/src/assets/js/custom_styles.js
 @ multi webpack-hot-middleware/client?path=__webpack_hmr&dynamicPublicPath=true ./ClientApp/src/assets/js/custom_styles.js

ERROR in ./ClientApp/src/assets/img/section-divider-bottom-gray-100.png
Module build failed (from ./node_modules/file-loader/dist/cjs.js):
Error: ENOENT: no such file or directory, open 'C:\Users\Diana\Work\Projects\WeedingInvitation\TemplateCoreWeb\ClientApp\src\assets\img\section-divider-bottom-gray-100.png'
 @ ./ClientApp/src/assets/scss/style.scss (./node_modules/css-loader??ref--5-1!./node_modules/sass-loader/lib/loader.js??ref--5-2!./ClientApp/src/assets/scss/style.scss) 7:44492-44545 7:45768-45821
 @ ./ClientApp/src/assets/scss/style.scss
 @ ./ClientApp/src/assets/js/custom_styles.js
 @ multi webpack-hot-middleware/client?path=__webpack_hmr&dynamicPublicPath=true ./ClientApp/src/assets/js/custom_styles.js

ERROR in ./ClientApp/src/assets/img/section-divider-bottom.png
Module build failed (from ./node_modules/file-loader/dist/cjs.js):
Error: ENOENT: no such file or directory, open 'C:\Users\Diana\Work\Projects\WeedingInvitation\TemplateCoreWeb\ClientApp\src\assets\img\section-divider-bottom.png'
 @ ./ClientApp/src/assets/scss/style.scss (./node_modules/css-loader??ref--5-1!./node_modules/sass-loader/lib/loader.js??ref--5-2!./ClientApp/src/assets/scss/style.scss) 7:44223-44267 7:45285-45329
 @ ./ClientApp/src/assets/scss/style.scss
 @ ./ClientApp/src/assets/js/custom_styles.js
 @ multi webpack-hot-middleware/client?path=__webpack_hmr&dynamicPublicPath=true ./ClientApp/src/assets/js/custom_styles.js

ERROR in ./ClientApp/src/assets/img/section-divider-top-gray-100.png
Module build failed (from ./node_modules/file-loader/dist/cjs.js):
Error: ENOENT: no such file or directory, open 'C:\Users\Diana\Work\Projects\WeedingInvitation\TemplateCoreWeb\ClientApp\src\assets\img\section-divider-top-gray-100.png'
 @ ./ClientApp/src/assets/scss/style.scss (./node_modules/css-loader??ref--5-1!./node_modules/sass-loader/lib/loader.js??ref--5-2!./ClientApp/src/assets/scss/style.scss) 7:44923-44973 7:45544-45594
 @ ./ClientApp/src/assets/scss/style.scss
 @ ./ClientApp/src/assets/js/custom_styles.js
 @ multi webpack-hot-middleware/client?path=__webpack_hmr&dynamicPublicPath=true ./ClientApp/src/assets/js/custom_styles.js

ERROR in ./ClientApp/src/assets/img/section-divider-top.png
Module build failed (from ./node_modules/file-loader/dist/cjs.js):
Error: ENOENT: no such file or directory, open 'C:\Users\Diana\Work\Projects\WeedingInvitation\TemplateCoreWeb\ClientApp\src\assets\img\section-divider-top.png'
 @ ./ClientApp/src/assets/scss/style.scss (./node_modules/css-loader??ref--5-1!./node_modules/sass-loader/lib/loader.js??ref--5-2!./ClientApp/src/assets/scss/style.scss) 7:44669-44710 7:45093-45134
 @ ./ClientApp/src/assets/scss/style.scss
 @ ./ClientApp/src/assets/js/custom_styles.js
 @ multi webpack-hot-middleware/client?path=__webpack_hmr&dynamicPublicPath=true ./ClientApp/src/assets/js/custom_styles.js |url: |action: 
2019-01-10 17:03:09.9942||DEBUG|TemplateCoreWebTest.Program|init main |url: |action: 
2019-01-10 17:03:19.9403||DEBUG|TemplateCoreWebTest.Program|init main |url: |action: 
2019-01-10 17:03:24.7890||ERROR|Microsoft.AspNetCore.NodeServices|clean-webpack-plugin: C:\Users\Diana\Work\Projects\WeedingInvitation\TemplateCoreWeb\wwwroot\dist has been removed. |url: |action: 
2019-01-10 17:03:38.4963|3|WARN|Microsoft.AspNetCore.HttpsPolicy.HttpsRedirectionMiddleware|Failed to determine the https port for redirect. |url: http://localhost/689282c361fd84a27616.hot-update.json|action: 
2019-01-10 18:16:56.7640||DEBUG|TemplateCoreWebTest.Program|init main |url: |action: 
2019-01-10 18:17:02.9044||ERROR|Microsoft.AspNetCore.NodeServices|clean-webpack-plugin: C:\Users\Diana\Work\Projects\WeedingInvitation\TemplateCoreWeb\wwwroot\dist has been removed. |url: |action: 
2019-01-10 18:17:18.6086|3|WARN|Microsoft.AspNetCore.HttpsPolicy.HttpsRedirectionMiddleware|Failed to determine the https port for redirect. |url: http://localhost/|action: 
