2019-01-11 10:49:38.2585||DEBUG|TemplateCoreWebTest.Program|init main |url: |action: 
2019-01-11 10:49:43.4680||ERROR|Microsoft.AspNetCore.NodeServices|clean-webpack-plugin: C:\Users\Diana\Work\Projects\WeedingInvitation\TemplateCoreWeb\wwwroot\dist has been removed. |url: |action: 
2019-01-11 10:49:58.6741|3|WARN|Microsoft.AspNetCore.HttpsPolicy.HttpsRedirectionMiddleware|Failed to determine the https port for redirect. |url: http://localhost/|action: 
2019-01-11 11:10:23.4330||DEBUG|TemplateCoreWebTest.Program|init main |url: |action: 
2019-01-11 11:10:30.1102||ERROR|Microsoft.AspNetCore.NodeServices|clean-webpack-plugin: C:\Users\Diana\Work\Projects\WeedingInvitation\TemplateCoreWeb\wwwroot\dist has been removed. |url: |action: 
2019-01-11 11:10:46.4268|3|WARN|Microsoft.AspNetCore.HttpsPolicy.HttpsRedirectionMiddleware|Failed to determine the https port for redirect. |url: http://localhost/|action: 
2019-01-11 13:11:20.6772||INFO|AWSSDK|Found AWS credentials for the profile development |url: http://localhost/api/send-feedback|action: SendFeedback
2019-01-11 13:11:21.0561||WARN|TemplateCoreWebTest.Services.GoogleRecaptcha.GoogleRecaptcha|Captcha validation failed: |url: http://localhost/api/send-feedback|action: SendFeedback
2019-01-11 13:12:35.8817||WARN|TemplateCoreWebTest.Services.GoogleRecaptcha.GoogleRecaptcha|Captcha validation failed: |url: http://localhost/api/send-feedback|action: SendFeedback
2019-01-11 13:59:54.1001||WARN|TemplateCoreWebTest.Services.GoogleRecaptcha.GoogleRecaptcha|Captcha validation failed: |url: http://localhost/api/send-feedback|action: SendFeedback
2019-01-11 14:02:31.0316||WARN|TemplateCoreWebTest.Services.GoogleRecaptcha.GoogleRecaptcha|Captcha validation failed: |url: http://localhost/api/send-feedback|action: SendFeedback
2019-01-11 14:14:03.1311||WARN|TemplateCoreWebTest.Services.GoogleRecaptcha.GoogleRecaptcha|Captcha validation failed: |url: http://localhost/api/send-feedback|action: SendFeedback
2019-01-11 15:04:55.2614||DEBUG|TemplateCoreWebTest.Program|init main |url: |action: 
2019-01-11 15:05:05.7320||ERROR|Microsoft.AspNetCore.NodeServices|clean-webpack-plugin: C:\Users\Diana\Work\Projects\WeedingInvitation\TemplateCoreWeb\wwwroot\dist has been removed. |url: |action: 
2019-01-11 15:05:22.8295|3|WARN|Microsoft.AspNetCore.HttpsPolicy.HttpsRedirectionMiddleware|Failed to determine the https port for redirect. |url: http://localhost/|action: 
2019-01-11 15:21:46.0944||DEBUG|TemplateCoreWebTest.Program|init main |url: |action: 
2019-01-11 15:21:50.9470||ERROR|Microsoft.AspNetCore.NodeServices|clean-webpack-plugin: C:\Users\Diana\Work\Projects\WeedingInvitation\TemplateCoreWeb\wwwroot\dist has been removed. |url: |action: 
2019-01-11 15:22:03.7515|3|WARN|Microsoft.AspNetCore.HttpsPolicy.HttpsRedirectionMiddleware|Failed to determine the https port for redirect. |url: http://localhost/|action: 
2019-01-11 15:29:54.2237||DEBUG|TemplateCoreWebTest.Program|init main |url: |action: 
2019-01-11 15:30:02.7024||ERROR|Microsoft.AspNetCore.NodeServices|clean-webpack-plugin: C:\Users\Diana\Work\Projects\WeedingInvitation\TemplateCoreWeb\wwwroot\dist has been removed. |url: |action: 
2019-01-11 15:30:21.9485|3|WARN|Microsoft.AspNetCore.HttpsPolicy.HttpsRedirectionMiddleware|Failed to determine the https port for redirect. |url: http://localhost/api/send-feedback|action: 
2019-01-11 15:30:22.4298||INFO|AWSSDK|Found AWS credentials for the profile development |url: http://localhost/api/send-feedback|action: SendFeedback
2019-01-11 15:30:22.9325||WARN|TemplateCoreWebTest.Services.GoogleRecaptcha.GoogleRecaptcha|Captcha validation failed: |url: http://localhost/api/send-feedback|action: SendFeedback
2019-01-11 15:32:28.0465||DEBUG|TemplateCoreWebTest.Program|init main |url: |action: 
2019-01-11 15:32:41.3018||ERROR|Microsoft.AspNetCore.NodeServices|clean-webpack-plugin: C:\Users\Diana\Work\Projects\WeedingInvitation\TemplateCoreWeb\wwwroot\dist has been removed. |url: |action: 
2019-01-11 15:33:09.4808|3|WARN|Microsoft.AspNetCore.HttpsPolicy.HttpsRedirectionMiddleware|Failed to determine the https port for redirect. |url: http://localhost/|action: 
2019-01-11 15:35:41.3240||INFO|AWSSDK|Found AWS credentials for the profile development |url: http://localhost/api/send-feedback|action: SendFeedback
2019-01-11 15:35:57.9399||WARN|TemplateCoreWebTest.Services.GoogleRecaptcha.GoogleRecaptcha|Captcha validation failed: |url: http://localhost/api/send-feedback|action: SendFeedback
2019-01-11 15:43:19.5389||WARN|TemplateCoreWebTest.Services.GoogleRecaptcha.GoogleRecaptcha|Captcha validation failed: |url: http://localhost/api/send-feedback|action: SendFeedback
2019-01-11 15:50:33.9165||DEBUG|TemplateCoreWebTest.Program|init main |url: |action: 
2019-01-11 15:50:49.8362||ERROR|Microsoft.AspNetCore.NodeServices|clean-webpack-plugin: C:\Users\Diana\Work\Projects\WeedingInvitation\TemplateCoreWeb\wwwroot\dist has been removed. |url: |action: 
2019-01-11 15:51:11.8320|3|WARN|Microsoft.AspNetCore.HttpsPolicy.HttpsRedirectionMiddleware|Failed to determine the https port for redirect. |url: http://localhost/|action: 
2019-01-11 15:57:01.4049||INFO|AWSSDK|Found AWS credentials for the profile development |url: http://localhost/api/send-feedback|action: SendFeedback
2019-01-11 16:07:39.1214||DEBUG|TemplateCoreWebTest.Program|init main |url: |action: 
2019-01-11 16:07:44.1518||ERROR|Microsoft.AspNetCore.NodeServices|clean-webpack-plugin: C:\Users\Diana\Work\Projects\WeedingInvitation\TemplateCoreWeb\wwwroot\dist has been removed. |url: |action: 
2019-01-11 16:07:58.8325|3|WARN|Microsoft.AspNetCore.HttpsPolicy.HttpsRedirectionMiddleware|Failed to determine the https port for redirect. |url: http://localhost/|action: 
2019-01-11 16:08:27.7299||INFO|AWSSDK|Found AWS credentials for the profile development |url: http://localhost/api/send-feedback|action: SendFeedback
2019-01-11 16:13:04.5389||DEBUG|TemplateCoreWebTest.Program|init main |url: |action: 
2019-01-11 16:13:14.1644||ERROR|Microsoft.AspNetCore.NodeServices|clean-webpack-plugin: C:\Users\Diana\Work\Projects\WeedingInvitation\TemplateCoreWeb\wwwroot\dist has been removed. |url: |action: 
2019-01-11 16:13:30.9477|3|WARN|Microsoft.AspNetCore.HttpsPolicy.HttpsRedirectionMiddleware|Failed to determine the https port for redirect. |url: http://localhost/|action: 
2019-01-11 16:14:02.5725||INFO|AWSSDK|Found AWS credentials for the profile development |url: http://localhost/api/send-feedback|action: SendFeedback
2019-01-11 16:16:52.6282||DEBUG|TemplateCoreWebTest.Program|init main |url: |action: 
2019-01-11 16:16:57.1144||ERROR|Microsoft.AspNetCore.NodeServices|clean-webpack-plugin: C:\Users\Diana\Work\Projects\WeedingInvitation\TemplateCoreWeb\wwwroot\dist has been removed. |url: |action: 
2019-01-11 16:17:12.6986|3|WARN|Microsoft.AspNetCore.HttpsPolicy.HttpsRedirectionMiddleware|Failed to determine the https port for redirect. |url: http://localhost/ea91dae1fce3af1519e9.hot-update.json|action: 
2019-01-11 16:17:55.3345||DEBUG|TemplateCoreWebTest.Program|init main |url: |action: 
2019-01-11 16:18:01.9162||ERROR|Microsoft.AspNetCore.NodeServices|clean-webpack-plugin: C:\Users\Diana\Work\Projects\WeedingInvitation\TemplateCoreWeb\wwwroot\dist has been removed. |url: |action: 
2019-01-11 16:18:19.1792|3|WARN|Microsoft.AspNetCore.HttpsPolicy.HttpsRedirectionMiddleware|Failed to determine the https port for redirect. |url: http://localhost/|action: 
2019-01-11 16:18:53.9799||INFO|AWSSDK|Found AWS credentials for the profile development |url: http://localhost/api/send-feedback|action: SendFeedback
2019-01-11 16:27:15.2185||DEBUG|TemplateCoreWebTest.Program|init main |url: |action: 
2019-01-11 16:27:24.5428||ERROR|Microsoft.AspNetCore.NodeServices|clean-webpack-plugin: C:\Users\Diana\Work\Projects\WeedingInvitation\TemplateCoreWeb\wwwroot\dist has been removed. |url: |action: 
2019-01-11 16:27:43.0642|3|WARN|Microsoft.AspNetCore.HttpsPolicy.HttpsRedirectionMiddleware|Failed to determine the https port for redirect. |url: http://localhost/|action: 
2019-01-11 16:28:03.4571||INFO|AWSSDK|Found AWS credentials for the profile development |url: http://localhost/api/send-feedback|action: SendFeedback
2019-01-11 16:29:07.6441||DEBUG|TemplateCoreWebTest.Program|init main |url: |action: 
2019-01-11 16:29:12.7645||ERROR|Microsoft.AspNetCore.NodeServices|clean-webpack-plugin: C:\Users\Diana\Work\Projects\WeedingInvitation\TemplateCoreWeb\wwwroot\dist has been removed. |url: |action: 
2019-01-11 16:29:25.4032|3|WARN|Microsoft.AspNetCore.HttpsPolicy.HttpsRedirectionMiddleware|Failed to determine the https port for redirect. |url: http://localhost/|action: 
2019-01-11 16:29:37.3706||INFO|AWSSDK|Found AWS credentials for the profile development |url: http://localhost/api/send-feedback|action: SendFeedback
2019-01-11 16:30:37.4461||DEBUG|TemplateCoreWebTest.Program|init main |url: |action: 
2019-01-11 16:30:48.5570||ERROR|Microsoft.AspNetCore.NodeServices|clean-webpack-plugin: C:\Users\Diana\Work\Projects\WeedingInvitation\TemplateCoreWeb\wwwroot\dist has been removed. |url: |action: 
2019-01-11 16:31:10.4596|3|WARN|Microsoft.AspNetCore.HttpsPolicy.HttpsRedirectionMiddleware|Failed to determine the https port for redirect. |url: http://localhost/|action: 
2019-01-11 16:31:25.7182||INFO|AWSSDK|Found AWS credentials for the profile development |url: http://localhost/api/send-feedback|action: SendFeedback
2019-01-11 16:31:42.6376||DEBUG|TemplateCoreWebTest.Program|init main |url: |action: 
2019-01-11 16:31:47.1330||ERROR|Microsoft.AspNetCore.NodeServices|clean-webpack-plugin: C:\Users\Diana\Work\Projects\WeedingInvitation\TemplateCoreWeb\wwwroot\dist has been removed. |url: |action: 
2019-01-11 16:32:02.5743|3|WARN|Microsoft.AspNetCore.HttpsPolicy.HttpsRedirectionMiddleware|Failed to determine the https port for redirect. |url: http://localhost/|action: 
2019-01-11 16:32:21.6744||INFO|AWSSDK|Found AWS credentials for the profile development |url: http://localhost/api/send-feedback|action: SendFeedback
2019-01-11 16:43:15.2923||DEBUG|TemplateCoreWebTest.Program|init main |url: |action: 
2019-01-11 16:43:25.7102||ERROR|Microsoft.AspNetCore.NodeServices|clean-webpack-plugin: C:\Users\Diana\Work\Projects\WeedingInvitation\TemplateCoreWeb\wwwroot\dist has been removed. |url: |action: 
2019-01-11 16:43:48.1046||DEBUG|TemplateCoreWebTest.Program|init main |url: |action: 
2019-01-11 16:43:52.9334||ERROR|Microsoft.AspNetCore.NodeServices|clean-webpack-plugin: C:\Users\Diana\Work\Projects\WeedingInvitation\TemplateCoreWeb\wwwroot\dist has been removed. |url: |action: 
2019-01-11 16:44:05.5838|3|WARN|Microsoft.AspNetCore.HttpsPolicy.HttpsRedirectionMiddleware|Failed to determine the https port for redirect. |url: http://localhost/|action: 
2019-01-11 16:44:34.3821||INFO|AWSSDK|Found AWS credentials for the profile development |url: http://localhost/api/send-feedback|action: SendFeedback
2019-01-11 16:45:25.5353||DEBUG|TemplateCoreWebTest.Program|init main |url: |action: 
2019-01-11 16:45:30.2726||ERROR|Microsoft.AspNetCore.NodeServices|clean-webpack-plugin: C:\Users\Diana\Work\Projects\WeedingInvitation\TemplateCoreWeb\wwwroot\dist has been removed. |url: |action: 
2019-01-11 16:45:43.0356|3|WARN|Microsoft.AspNetCore.HttpsPolicy.HttpsRedirectionMiddleware|Failed to determine the https port for redirect. |url: http://localhost/|action: 
2019-01-11 16:46:01.9921||INFO|AWSSDK|Found AWS credentials for the profile development |url: http://localhost/api/send-feedback|action: SendFeedback
2019-01-11 16:47:18.1646||DEBUG|TemplateCoreWebTest.Program|init main |url: |action: 
2019-01-11 16:47:22.8921||ERROR|Microsoft.AspNetCore.NodeServices|clean-webpack-plugin: C:\Users\Diana\Work\Projects\WeedingInvitation\TemplateCoreWeb\wwwroot\dist has been removed. |url: |action: 
2019-01-11 16:47:36.3699|3|WARN|Microsoft.AspNetCore.HttpsPolicy.HttpsRedirectionMiddleware|Failed to determine the https port for redirect. |url: http://localhost/|action: 
2019-01-11 16:47:53.1874||INFO|AWSSDK|Found AWS credentials for the profile development |url: http://localhost/api/send-feedback|action: SendFeedback
2019-01-11 16:48:33.5908||DEBUG|TemplateCoreWebTest.Program|init main |url: |action: 
2019-01-11 16:48:38.7882||ERROR|Microsoft.AspNetCore.NodeServices|clean-webpack-plugin: C:\Users\Diana\Work\Projects\WeedingInvitation\TemplateCoreWeb\wwwroot\dist has been removed. |url: |action: 
2019-01-11 16:48:51.7383|3|WARN|Microsoft.AspNetCore.HttpsPolicy.HttpsRedirectionMiddleware|Failed to determine the https port for redirect. |url: http://localhost/|action: 
2019-01-11 16:49:07.2295||INFO|AWSSDK|Found AWS credentials for the profile development |url: http://localhost/api/send-feedback|action: SendFeedback
2019-01-11 16:52:59.4174||DEBUG|TemplateCoreWebTest.Program|init main |url: |action: 
2019-01-11 16:53:09.8974||ERROR|Microsoft.AspNetCore.NodeServices|clean-webpack-plugin: C:\Users\Diana\Work\Projects\WeedingInvitation\TemplateCoreWeb\wwwroot\dist has been removed. |url: |action: 
2019-01-11 16:53:26.8297|3|WARN|Microsoft.AspNetCore.HttpsPolicy.HttpsRedirectionMiddleware|Failed to determine the https port for redirect. |url: http://localhost/|action: 
2019-01-11 16:54:01.4509||DEBUG|TemplateCoreWebTest.Program|init main |url: |action: 
2019-01-11 16:54:08.9379||ERROR|Microsoft.AspNetCore.NodeServices|clean-webpack-plugin: C:\Users\Diana\Work\Projects\WeedingInvitation\TemplateCoreWeb\wwwroot\dist has been removed. |url: |action: 
2019-01-11 16:54:23.9153|3|WARN|Microsoft.AspNetCore.HttpsPolicy.HttpsRedirectionMiddleware|Failed to determine the https port for redirect. |url: http://localhost/|action: 
2019-01-11 16:54:59.2091||DEBUG|TemplateCoreWebTest.Program|init main |url: |action: 
2019-01-11 16:55:03.9228||ERROR|Microsoft.AspNetCore.NodeServices|clean-webpack-plugin: C:\Users\Diana\Work\Projects\WeedingInvitation\TemplateCoreWeb\wwwroot\dist has been removed. |url: |action: 
2019-01-11 16:55:16.6549|3|WARN|Microsoft.AspNetCore.HttpsPolicy.HttpsRedirectionMiddleware|Failed to determine the https port for redirect. |url: http://localhost/|action: 
2019-01-11 16:55:30.2885||INFO|AWSSDK|Found AWS credentials for the profile development |url: http://localhost/api/send-feedback|action: SendFeedback
2019-01-11 17:05:24.4963||DEBUG|TemplateCoreWebTest.Program|init main |url: |action: 
2019-01-11 17:05:31.1664||ERROR|Microsoft.AspNetCore.NodeServices|clean-webpack-plugin: C:\Users\Diana\Work\Projects\WeedingInvitation\TemplateCoreWeb\wwwroot\dist has been removed. |url: |action: 
2019-01-11 17:05:48.1673|3|WARN|Microsoft.AspNetCore.HttpsPolicy.HttpsRedirectionMiddleware|Failed to determine the https port for redirect. |url: http://localhost/|action: 
2019-01-11 17:06:02.0032||INFO|AWSSDK|Found AWS credentials for the profile development |url: http://localhost/api/send-feedback|action: SendFeedback
2019-01-11 17:08:55.8909||DEBUG|TemplateCoreWebTest.Program|init main |url: |action: 
2019-01-11 17:09:00.9063||ERROR|Microsoft.AspNetCore.NodeServices|clean-webpack-plugin: C:\Users\Diana\Work\Projects\WeedingInvitation\TemplateCoreWeb\wwwroot\dist has been removed. |url: |action: 
2019-01-11 17:09:13.7129|3|WARN|Microsoft.AspNetCore.HttpsPolicy.HttpsRedirectionMiddleware|Failed to determine the https port for redirect. |url: http://localhost/|action: 
2019-01-11 17:09:25.3134||INFO|AWSSDK|Found AWS credentials for the profile development |url: http://localhost/api/send-feedback|action: SendFeedback
2019-01-11 17:16:58.8603||ERROR|Microsoft.AspNetCore.NodeServices|[31m├Ч[39m [90mя╜вwdmя╜г[39m: Hash: 84ddb96ca4d6b92b71e3
Version: webpack 4.23.1
Time: 586ms
Built at: 2019-01-11 17:16:58
                                              Asset       Size                        Chunks             Chunk Names
      ../img/_/fonts/font-awesome/fa-brands-400.svg   49 bytes                                           
     ../img/_/fonts/font-awesome/fa-regular-400.svg   50 bytes                                           
       ../img/_/fonts/font-awesome/fa-solid-900.svg   48 bytes                                           
               be92c4ee6a7c58a2e118.hot-update.json   55 bytes                                [emitted]  
                                   custom_styles.js    430 KiB                 custom_styles  [emitted]  custom_styles
                                custom_styles.js.gz   66.5 KiB                                [emitted]  
                            fonts/fa-brands-400.eot   96.3 KiB                                           
                         fonts/fa-brands-400.eot.gz     63 KiB                                [emitted]  
                            fonts/fa-brands-400.svg    496 KiB                                           
                         fonts/fa-brands-400.svg.gz    159 KiB                                [emitted]  
                            fonts/fa-brands-400.ttf   96.1 KiB                                           
                         fonts/fa-brands-400.ttf.gz   62.9 KiB                                [emitted]  
                           fonts/fa-brands-400.woff   62.2 KiB                                           
                          fonts/fa-brands-400.woff2   53.2 KiB                                           
                           fonts/fa-regular-400.eot   30.4 KiB                                           
                        fonts/fa-regular-400.eot.gz   14.6 KiB                                [emitted]  
                           fonts/fa-regular-400.svg    105 KiB                                           
                        fonts/fa-regular-400.svg.gz   35.7 KiB                                [emitted]  
                           fonts/fa-regular-400.ttf   30.2 KiB                                           
                        fonts/fa-regular-400.ttf.gz   14.6 KiB                                [emitted]  
                          fonts/fa-regular-400.woff   14.4 KiB                                           
                         fonts/fa-regular-400.woff2     12 KiB                                           
                             fonts/fa-solid-900.eot    104 KiB                                           
                          fonts/fa-solid-900.eot.gz   50.3 KiB                                [emitted]  
                             fonts/fa-solid-900.svg    382 KiB                                           
                          fonts/fa-solid-900.svg.gz    130 KiB                                [emitted]  
                             fonts/fa-solid-900.ttf    103 KiB                                           
                          fonts/fa-solid-900.ttf.gz   50.2 KiB                                [emitted]  
                            fonts/fa-solid-900.woff   49.3 KiB                                           
                           fonts/fa-solid-900.woff2   39.2 KiB                                           
                                 fonts/flaticon.eot   2.57 KiB                                           
                              fonts/flaticon.eot.gz   1.42 KiB                                [emitted]  
                                 fonts/flaticon.ttf   27.6 KiB                                           
                              fonts/flaticon.ttf.gz   17.4 KiB                                [emitted]  
                                fonts/flaticon.woff   17.6 KiB                                           
                                            main.js    215 KiB                          main  [emitted]  main
                                         main.js.gz   47.4 KiB                                [emitted]  
                                      vendor_src.js    965 KiB                    vendor_src  [emitted]  vendor_src
                                   vendor_src.js.gz    212 KiB                                [emitted]  
   vendor_styles.be92c4ee6a7c58a2e118.hot-update.js   1.13 KiB  vendor_styles, vendor_styles  [emitted]  vendor_styles, vendor_styles
vendor_styles.be92c4ee6a7c58a2e118.hot-update.js.gz  425 bytes                                [emitted]  
                                   vendor_styles.js   1010 KiB                 vendor_styles  [emitted]  vendor_styles
                                vendor_styles.js.gz    170 KiB                                [emitted]  
Entrypoint vendor_styles = vendor_styles.js vendor_styles.be92c4ee6a7c58a2e118.hot-update.js vendor_styles.be92c4ee6a7c58a2e118.hot-update.js
Entrypoint vendor_src = vendor_src.js
Entrypoint custom_styles = custom_styles.js
Entrypoint main = main.js
[0] multi webpack-hot-middleware/client?path=__webpack_hmr&dynamicPublicPath=true ./ClientApp/src/assets/js/vendor_styles.js 40 bytes {vendor_styles}
[1] multi webpack-hot-middleware/client?path=__webpack_hmr&dynamicPublicPath=true script-loader!./ClientApp/src/assets/vendor/jquery.min.js script-loader!./ClientApp/src/assets/vendor/popper.min.js script-loader!./ClientApp/src/assets/vendor/bootstrap.min.js script-loader!./ClientApp/src/assets/vendor/pace.min.js script-loader!./ClientApp/src/assets/vendor/particles.min.js script-loader!./ClientApp/src/assets/vendor/jquery.easing.min.js script-loader!./ClientApp/src/assets/vendor/imagesloaded.pkgd.min.js script-loader!./ClientApp/src/assets/vendor/flickity.pkgd.min.js script-loader!./ClientApp/src/assets/vendor/isotope.pkgd.min.js script-loader!./ClientApp/src/assets/vendor/jquery.magnific-popup.min.js script-loader!./ClientApp/src/assets/vendor/jquery.countdown.min.js script-loader!./ClientApp/src/assets/vendor/jquery.validate.min.js script-loader!./ClientApp/src/assets/vendor/jquery-confirm.min.js script-loader!./ClientApp/src/assets/vendor/greensock/TweenMax.min.js script-loader!./ClientApp/src/assets/vendor/ScrollMagic.min.js script-loader!./ClientApp/src/assets/vendor/animation.gsap.min.js script-loader!./ClientApp/src/assets/vendor/theme.js script-loader!./ClientApp/src/assets/vendor/milea.js 244 bytes {vendor_src}
[2] multi webpack-hot-middleware/client?path=__webpack_hmr&dynamicPublicPath=true ./ClientApp/src/assets/js/custom_styles.js 40 bytes {custom_styles}
[3] multi webpack-hot-middleware/client?path=__webpack_hmr&dynamicPublicPath=true ./ClientApp/src/assets/js/index.js 40 bytes {main}
[./ClientApp/src/assets/js/custom_styles.js] 28 bytes {custom_styles}
[./ClientApp/src/assets/js/index.js] 274 bytes {main}
[./ClientApp/src/assets/js/vendor_styles.js] 215 bytes {vendor_styles}
[./node_modules/script-loader/index.js!./ClientApp/src/assets/vendor/ScrollMagic.min.js] ./node_modules/script-loader!./ClientApp/src/assets/vendor/ScrollMagic.min.js 484 bytes {vendor_src}
[./node_modules/script-loader/index.js!./ClientApp/src/assets/vendor/animation.gsap.min.js] ./node_modules/script-loader!./ClientApp/src/assets/vendor/animation.gsap.min.js 487 bytes {vendor_src}
[./node_modules/script-loader/index.js!./ClientApp/src/assets/vendor/bootstrap.min.js] ./node_modules/script-loader!./ClientApp/src/assets/vendor/bootstrap.min.js 482 bytes {vendor_src}
[./node_modules/script-loader/index.js!./ClientApp/src/assets/vendor/flickity.pkgd.min.js] ./node_modules/script-loader!./ClientApp/src/assets/vendor/flickity.pkgd.min.js 486 bytes {vendor_src}
[./node_modules/script-loader/index.js!./ClientApp/src/assets/vendor/greensock/TweenMax.min.js] ./node_modules/script-loader!./ClientApp/src/assets/vendor/greensock/TweenMax.min.js 492 bytes {vendor_src}
[./node_modules/script-loader/index.js!./ClientApp/src/assets/vendor/imagesloaded.pkgd.min.js] ./node_modules/script-loader!./ClientApp/src/assets/vendor/imagesloaded.pkgd.min.js 490 bytes {vendor_src}
[./node_modules/script-loader/index.js!./ClientApp/src/assets/vendor/isotope.pkgd.min.js] ./node_modules/script-loader!./ClientApp/src/assets/vendor/isotope.pkgd.min.js 485 bytes {vendor_src}
[./node_modules/script-loader/index.js!./ClientApp/src/assets/vendor/jquery-confirm.min.js] ./node_modules/script-loader!./ClientApp/src/assets/vendor/jquery-confirm.min.js 487 bytes {vendor_src}
    + 83 hidden modules

ERROR in ./ClientApp/src/assets/css/jquery-confirm.min.css (./node_modules/css-loader??ref--5-1!./node_modules/sass-loader/lib/loader.js??ref--5-2!./ClientApp/src/assets/css/jquery-confirm.min.css)
Module build failed (from ./node_modules/sass-loader/lib/loader.js):
Error: ENOENT: no such file or directory, open 'C:\Users\Diana\Work\Projects\WeedingInvitation\TemplateCoreWeb\ClientApp\src\assets\css\jquery-confirm.min.css'
 @ ./ClientApp/src/assets/css/jquery-confirm.min.css 2:14-167 21:1-42:3 22:19-172
 @ ./ClientApp/src/assets/js/vendor_styles.js
 @ multi webpack-hot-middleware/client?path=__webpack_hmr&dynamicPublicPath=true ./ClientApp/src/assets/js/vendor_styles.js |url: |action: 
2019-01-11 17:17:54.7022||ERROR|Microsoft.AspNetCore.NodeServices|[31m├Ч[39m [90mя╜вwdmя╜г[39m: Hash: 1bb13eb37b88b4e56659
Version: webpack 4.23.1
Time: 964ms
Built at: 2019-01-11 17:17:54
                                              Asset       Size                        Chunks             Chunk Names
      ../img/_/fonts/font-awesome/fa-brands-400.svg   49 bytes                                           
     ../img/_/fonts/font-awesome/fa-regular-400.svg   50 bytes                                           
       ../img/_/fonts/font-awesome/fa-solid-900.svg   48 bytes                                           
               84ddb96ca4d6b92b71e3.hot-update.json   55 bytes                                [emitted]  
   custom_styles.84ddb96ca4d6b92b71e3.hot-update.js   1.25 KiB  custom_styles, custom_styles  [emitted]  custom_styles, custom_styles
custom_styles.84ddb96ca4d6b92b71e3.hot-update.js.gz  488 bytes                                [emitted]  
                                   custom_styles.js    163 KiB                 custom_styles  [emitted]  custom_styles
                                custom_styles.js.gz   34.6 KiB                                [emitted]  
                            fonts/fa-brands-400.eot   96.3 KiB                                           
                         fonts/fa-brands-400.eot.gz     63 KiB                                [emitted]  
                            fonts/fa-brands-400.svg    496 KiB                                           
                         fonts/fa-brands-400.svg.gz    159 KiB                                [emitted]  
                            fonts/fa-brands-400.ttf   96.1 KiB                                           
                         fonts/fa-brands-400.ttf.gz   62.9 KiB                                [emitted]  
                           fonts/fa-brands-400.woff   62.2 KiB                                           
                          fonts/fa-brands-400.woff2   53.2 KiB                                           
                           fonts/fa-regular-400.eot   30.4 KiB                                           
                        fonts/fa-regular-400.eot.gz   14.6 KiB                                [emitted]  
                           fonts/fa-regular-400.svg    105 KiB                                           
                        fonts/fa-regular-400.svg.gz   35.7 KiB                                [emitted]  
                           fonts/fa-regular-400.ttf   30.2 KiB                                           
                        fonts/fa-regular-400.ttf.gz   14.6 KiB                                [emitted]  
                          fonts/fa-regular-400.woff   14.4 KiB                                           
                         fonts/fa-regular-400.woff2     12 KiB                                           
                             fonts/fa-solid-900.eot    104 KiB                                           
                          fonts/fa-solid-900.eot.gz   50.3 KiB                                [emitted]  
                             fonts/fa-solid-900.svg    382 KiB                                           
                          fonts/fa-solid-900.svg.gz    130 KiB                                [emitted]  
                             fonts/fa-solid-900.ttf    103 KiB                                           
                          fonts/fa-solid-900.ttf.gz   50.2 KiB                                [emitted]  
                            fonts/fa-solid-900.woff   49.3 KiB                                           
                           fonts/fa-solid-900.woff2   39.2 KiB                                           
                                 fonts/flaticon.eot   2.57 KiB                                           
                              fonts/flaticon.eot.gz   1.42 KiB                                [emitted]  
                                 fonts/flaticon.ttf   27.6 KiB                                           
                              fonts/flaticon.ttf.gz   17.4 KiB                                [emitted]  
                                fonts/flaticon.woff   17.6 KiB                                           
                                            main.js    215 KiB                          main  [emitted]  main
                                         main.js.gz   47.4 KiB                                [emitted]  
                                      vendor_src.js    965 KiB                    vendor_src  [emitted]  vendor_src
                                   vendor_src.js.gz    212 KiB                                [emitted]  
                                   vendor_styles.js   1010 KiB                 vendor_styles  [emitted]  vendor_styles
                                vendor_styles.js.gz    170 KiB                                [emitted]  
Entrypoint vendor_styles = vendor_styles.js
Entrypoint vendor_src = vendor_src.js
Entrypoint custom_styles = custom_styles.js custom_styles.84ddb96ca4d6b92b71e3.hot-update.js custom_styles.84ddb96ca4d6b92b71e3.hot-update.js
Entrypoint main = main.js
[0] multi webpack-hot-middleware/client?path=__webpack_hmr&dynamicPublicPath=true ./ClientApp/src/assets/js/vendor_styles.js 40 bytes {vendor_styles}
[1] multi webpack-hot-middleware/client?path=__webpack_hmr&dynamicPublicPath=true script-loader!./ClientApp/src/assets/vendor/jquery.min.js script-loader!./ClientApp/src/assets/vendor/popper.min.js script-loader!./ClientApp/src/assets/vendor/bootstrap.min.js script-loader!./ClientApp/src/assets/vendor/pace.min.js script-loader!./ClientApp/src/assets/vendor/particles.min.js script-loader!./ClientApp/src/assets/vendor/jquery.easing.min.js script-loader!./ClientApp/src/assets/vendor/imagesloaded.pkgd.min.js script-loader!./ClientApp/src/assets/vendor/flickity.pkgd.min.js script-loader!./ClientApp/src/assets/vendor/isotope.pkgd.min.js script-loader!./ClientApp/src/assets/vendor/jquery.magnific-popup.min.js script-loader!./ClientApp/src/assets/vendor/jquery.countdown.min.js script-loader!./ClientApp/src/assets/vendor/jquery.validate.min.js script-loader!./ClientApp/src/assets/vendor/jquery-confirm.min.js script-loader!./ClientApp/src/assets/vendor/greensock/TweenMax.min.js script-loader!./ClientApp/src/assets/vendor/ScrollMagic.min.js script-loader!./ClientApp/src/assets/vendor/animation.gsap.min.js script-loader!./ClientApp/src/assets/vendor/theme.js script-loader!./ClientApp/src/assets/vendor/milea.js 244 bytes {vendor_src}
[2] multi webpack-hot-middleware/client?path=__webpack_hmr&dynamicPublicPath=true ./ClientApp/src/assets/js/custom_styles.js 40 bytes {custom_styles}
[3] multi webpack-hot-middleware/client?path=__webpack_hmr&dynamicPublicPath=true ./ClientApp/src/assets/js/index.js 40 bytes {main}
[./ClientApp/src/assets/js/custom_styles.js] 28 bytes {custom_styles}
[./ClientApp/src/assets/js/index.js] 274 bytes {main}
[./ClientApp/src/assets/js/vendor_styles.js] 215 bytes {vendor_styles}
[./node_modules/script-loader/index.js!./ClientApp/src/assets/vendor/ScrollMagic.min.js] ./node_modules/script-loader!./ClientApp/src/assets/vendor/ScrollMagic.min.js 484 bytes {vendor_src}
[./node_modules/script-loader/index.js!./ClientApp/src/assets/vendor/animation.gsap.min.js] ./node_modules/script-loader!./ClientApp/src/assets/vendor/animation.gsap.min.js 487 bytes {vendor_src}
[./node_modules/script-loader/index.js!./ClientApp/src/assets/vendor/bootstrap.min.js] ./node_modules/script-loader!./ClientApp/src/assets/vendor/bootstrap.min.js 482 bytes {vendor_src}
[./node_modules/script-loader/index.js!./ClientApp/src/assets/vendor/flickity.pkgd.min.js] ./node_modules/script-loader!./ClientApp/src/assets/vendor/flickity.pkgd.min.js 486 bytes {vendor_src}
[./node_modules/script-loader/index.js!./ClientApp/src/assets/vendor/greensock/TweenMax.min.js] ./node_modules/script-loader!./ClientApp/src/assets/vendor/greensock/TweenMax.min.js 492 bytes {vendor_src}
[./node_modules/script-loader/index.js!./ClientApp/src/assets/vendor/imagesloaded.pkgd.min.js] ./node_modules/script-loader!./ClientApp/src/assets/vendor/imagesloaded.pkgd.min.js 490 bytes {vendor_src}
[./node_modules/script-loader/index.js!./ClientApp/src/assets/vendor/isotope.pkgd.min.js] ./node_modules/script-loader!./ClientApp/src/assets/vendor/isotope.pkgd.min.js 485 bytes {vendor_src}
[./node_modules/script-loader/index.js!./ClientApp/src/assets/vendor/jquery-confirm.min.js] ./node_modules/script-loader!./ClientApp/src/assets/vendor/jquery-confirm.min.js 487 bytes {vendor_src}
    + 83 hidden modules

ERROR in ./ClientApp/src/assets/scss/style.scss (./node_modules/css-loader??ref--5-1!./node_modules/sass-loader/lib/loader.js??ref--5-2!./ClientApp/src/assets/scss/style.scss)
Module build failed (from ./node_modules/sass-loader/lib/loader.js):
 |url: |action: 
2019-01-11 17:17:54.7134||ERROR|Microsoft.AspNetCore.NodeServices|
@import "milea/jquery-confirm.min"; |url: |action: 
2019-01-11 17:17:54.7134||ERROR|Microsoft.AspNetCore.NodeServices|
       ^ |url: |action: 
2019-01-11 17:17:54.7229||ERROR|Microsoft.AspNetCore.NodeServices|
      Can't find stylesheet to import.
  stdin 48:9  root stylesheet |url: |action: 
2019-01-11 17:17:54.7229||ERROR|Microsoft.AspNetCore.NodeServices|
      in C:\Users\Diana\Work\Projects\WeedingInvitation\TemplateCoreWeb\ClientApp\src\assets\scss\style.scss (line 48, column 9)
 @ ./ClientApp/src/assets/scss/style.scss 2:14-155 21:1-42:3 22:19-160
 @ ./ClientApp/src/assets/js/custom_styles.js
 @ multi webpack-hot-middleware/client?path=__webpack_hmr&dynamicPublicPath=true ./ClientApp/src/assets/js/custom_styles.js

ERROR in ./ClientApp/src/assets/css/jquery-confirm.min.css (./node_modules/css-loader??ref--5-1!./node_modules/sass-loader/lib/loader.js??ref--5-2!./ClientApp/src/assets/css/jquery-confirm.min.css)
Module build failed (from ./node_modules/sass-loader/lib/loader.js):
Error: ENOENT: no such file or directory, open 'C:\Users\Diana\Work\Projects\WeedingInvitation\TemplateCoreWeb\ClientApp\src\assets\css\jquery-confirm.min.css'
 @ ./ClientApp/src/assets/css/jquery-confirm.min.css 2:14-167 21:1-42:3 22:19-172
 @ ./ClientApp/src/assets/js/vendor_styles.js
 @ multi webpack-hot-middleware/client?path=__webpack_hmr&dynamicPublicPath=true ./ClientApp/src/assets/js/vendor_styles.js |url: |action: 
2019-01-11 17:21:17.5193||ERROR|Microsoft.AspNetCore.NodeServices|[31m├Ч[39m [90mя╜вwdmя╜г[39m: Hash: d0e4e3927ec6e91e6ceb
Version: webpack 4.23.1
Time: 1891ms
Built at: 2019-01-11 17:21:16
                                              Asset      Size                        Chunks             Chunk Names
      ../img/_/fonts/font-awesome/fa-brands-400.svg  49 bytes                                           
     ../img/_/fonts/font-awesome/fa-regular-400.svg  50 bytes                                           
       ../img/_/fonts/font-awesome/fa-solid-900.svg  48 bytes                                           
               1bb13eb37b88b4e56659.hot-update.json  55 bytes                                [emitted]  
   custom_styles.1bb13eb37b88b4e56659.hot-update.js   263 KiB  custom_styles, custom_styles  [emitted]  custom_styles, custom_styles
custom_styles.1bb13eb37b88b4e56659.hot-update.js.gz  30.1 KiB                                [emitted]  
                                   custom_styles.js   427 KiB                 custom_styles  [emitted]  custom_styles
                                custom_styles.js.gz  65.6 KiB                                [emitted]  
                            fonts/fa-brands-400.eot  96.3 KiB                                           
                         fonts/fa-brands-400.eot.gz    63 KiB                                [emitted]  
                            fonts/fa-brands-400.svg   496 KiB                                           
                         fonts/fa-brands-400.svg.gz   159 KiB                                [emitted]  
                            fonts/fa-brands-400.ttf  96.1 KiB                                           
                         fonts/fa-brands-400.ttf.gz  62.9 KiB                                [emitted]  
                           fonts/fa-brands-400.woff  62.2 KiB                                           
                          fonts/fa-brands-400.woff2  53.2 KiB                                           
                           fonts/fa-regular-400.eot  30.4 KiB                                           
                        fonts/fa-regular-400.eot.gz  14.6 KiB                                [emitted]  
                           fonts/fa-regular-400.svg   105 KiB                                           
                        fonts/fa-regular-400.svg.gz  35.7 KiB                                [emitted]  
                           fonts/fa-regular-400.ttf  30.2 KiB                                           
                        fonts/fa-regular-400.ttf.gz  14.6 KiB                                [emitted]  
                          fonts/fa-regular-400.woff  14.4 KiB                                           
                         fonts/fa-regular-400.woff2    12 KiB                                           
                             fonts/fa-solid-900.eot   104 KiB                                           
                          fonts/fa-solid-900.eot.gz  50.3 KiB                                [emitted]  
                             fonts/fa-solid-900.svg   382 KiB                                           
                          fonts/fa-solid-900.svg.gz   130 KiB                                [emitted]  
                             fonts/fa-solid-900.ttf   103 KiB                                           
                          fonts/fa-solid-900.ttf.gz  50.2 KiB                                [emitted]  
                            fonts/fa-solid-900.woff  49.3 KiB                                           
                           fonts/fa-solid-900.woff2  39.2 KiB                                           
                                 fonts/flaticon.eot  2.57 KiB                                           
                              fonts/flaticon.eot.gz  1.42 KiB                                [emitted]  
                                 fonts/flaticon.ttf  27.6 KiB                                           
                              fonts/flaticon.ttf.gz  17.4 KiB                                [emitted]  
                                fonts/flaticon.woff  17.6 KiB                                           
                                            main.js   215 KiB                          main  [emitted]  main
                                         main.js.gz  47.4 KiB                                [emitted]  
                                      vendor_src.js   965 KiB                    vendor_src  [emitted]  vendor_src
                                   vendor_src.js.gz   212 KiB                                [emitted]  
                                   vendor_styles.js  1010 KiB                 vendor_styles  [emitted]  vendor_styles
                                vendor_styles.js.gz   170 KiB                                [emitted]  
Entrypoint vendor_styles = vendor_styles.js
Entrypoint vendor_src = vendor_src.js
Entrypoint custom_styles = custom_styles.js custom_styles.1bb13eb37b88b4e56659.hot-update.js custom_styles.1bb13eb37b88b4e56659.hot-update.js
Entrypoint main = main.js
[0] multi webpack-hot-middleware/client?path=__webpack_hmr&dynamicPublicPath=true ./ClientApp/src/assets/js/vendor_styles.js 40 bytes {vendor_styles}
[1] multi webpack-hot-middleware/client?path=__webpack_hmr&dynamicPublicPath=true script-loader!./ClientApp/src/assets/vendor/jquery.min.js script-loader!./ClientApp/src/assets/vendor/popper.min.js script-loader!./ClientApp/src/assets/vendor/bootstrap.min.js script-loader!./ClientApp/src/assets/vendor/pace.min.js script-loader!./ClientApp/src/assets/vendor/particles.min.js script-loader!./ClientApp/src/assets/vendor/jquery.easing.min.js script-loader!./ClientApp/src/assets/vendor/imagesloaded.pkgd.min.js script-loader!./ClientApp/src/assets/vendor/flickity.pkgd.min.js script-loader!./ClientApp/src/assets/vendor/isotope.pkgd.min.js script-loader!./ClientApp/src/assets/vendor/jquery.magnific-popup.min.js script-loader!./ClientApp/src/assets/vendor/jquery.countdown.min.js script-loader!./ClientApp/src/assets/vendor/jquery.validate.min.js script-loader!./ClientApp/src/assets/vendor/jquery-confirm.min.js script-loader!./ClientApp/src/assets/vendor/greensock/TweenMax.min.js script-loader!./ClientApp/src/assets/vendor/ScrollMagic.min.js script-loader!./ClientApp/src/assets/vendor/animation.gsap.min.js script-loader!./ClientApp/src/assets/vendor/theme.js script-loader!./ClientApp/src/assets/vendor/milea.js 244 bytes {vendor_src}
[2] multi webpack-hot-middleware/client?path=__webpack_hmr&dynamicPublicPath=true ./ClientApp/src/assets/js/custom_styles.js 40 bytes {custom_styles}
[3] multi webpack-hot-middleware/client?path=__webpack_hmr&dynamicPublicPath=true ./ClientApp/src/assets/js/index.js 40 bytes {main}
[./ClientApp/src/assets/js/custom_styles.js] 28 bytes {custom_styles}
[./ClientApp/src/assets/js/index.js] 274 bytes {main}
[./ClientApp/src/assets/js/vendor_styles.js] 215 bytes {vendor_styles}
[./node_modules/script-loader/index.js!./ClientApp/src/assets/vendor/ScrollMagic.min.js] ./node_modules/script-loader!./ClientApp/src/assets/vendor/ScrollMagic.min.js 484 bytes {vendor_src}
[./node_modules/script-loader/index.js!./ClientApp/src/assets/vendor/animation.gsap.min.js] ./node_modules/script-loader!./ClientApp/src/assets/vendor/animation.gsap.min.js 487 bytes {vendor_src}
[./node_modules/script-loader/index.js!./ClientApp/src/assets/vendor/bootstrap.min.js] ./node_modules/script-loader!./ClientApp/src/assets/vendor/bootstrap.min.js 482 bytes {vendor_src}
[./node_modules/script-loader/index.js!./ClientApp/src/assets/vendor/flickity.pkgd.min.js] ./node_modules/script-loader!./ClientApp/src/assets/vendor/flickity.pkgd.min.js 486 bytes {vendor_src}
[./node_modules/script-loader/index.js!./ClientApp/src/assets/vendor/greensock/TweenMax.min.js] ./node_modules/script-loader!./ClientApp/src/assets/vendor/greensock/TweenMax.min.js 492 bytes {vendor_src}
[./node_modules/script-loader/index.js!./ClientApp/src/assets/vendor/imagesloaded.pkgd.min.js] ./node_modules/script-loader!./ClientApp/src/assets/vendor/imagesloaded.pkgd.min.js 490 bytes {vendor_src}
[./node_modules/script-loader/index.js!./ClientApp/src/assets/vendor/isotope.pkgd.min.js] ./node_modules/script-loader!./ClientApp/src/assets/vendor/isotope.pkgd.min.js 485 bytes {vendor_src}
[./node_modules/script-loader/index.js!./ClientApp/src/assets/vendor/jquery-confirm.min.js] ./node_modules/script-loader!./ClientApp/src/assets/vendor/jquery-confirm.min.js 487 bytes {vendor_src}
    + 83 hidden modules

ERROR in ./ClientApp/src/assets/css/jquery-confirm.min.css (./node_modules/css-loader??ref--5-1!./node_modules/sass-loader/lib/loader.js??ref--5-2!./ClientApp/src/assets/css/jquery-confirm.min.css)
Module build failed (from ./node_modules/sass-loader/lib/loader.js):
Error: ENOENT: no such file or directory, open 'C:\Users\Diana\Work\Projects\WeedingInvitation\TemplateCoreWeb\ClientApp\src\assets\css\jquery-confirm.min.css'
 @ ./ClientApp/src/assets/css/jquery-confirm.min.css 2:14-167 21:1-42:3 22:19-172
 @ ./ClientApp/src/assets/js/vendor_styles.js
 @ multi webpack-hot-middleware/client?path=__webpack_hmr&dynamicPublicPath=true ./ClientApp/src/assets/js/vendor_styles.js |url: |action: 
2019-01-11 17:24:18.0784||ERROR|Microsoft.AspNetCore.NodeServices|[31m├Ч[39m [90mя╜вwdmя╜г[39m: Hash: 1f71976f1ad1b62b29f3
Version: webpack 4.23.1
Time: 433ms
Built at: 2019-01-11 17:24:17
                                           Asset       Size                  Chunks             Chunk Names
   ../img/_/fonts/font-awesome/fa-brands-400.svg   49 bytes                                     
  ../img/_/fonts/font-awesome/fa-regular-400.svg   50 bytes                                     
    ../img/_/fonts/font-awesome/fa-solid-900.svg   48 bytes                                     
                                custom_styles.js    427 KiB           custom_styles  [emitted]  custom_styles
                             custom_styles.js.gz   65.6 KiB                          [emitted]  
            d5c7c85d907cc5b35168.hot-update.json   52 bytes                          [emitted]  
                         fonts/fa-brands-400.eot   96.3 KiB                                     
                      fonts/fa-brands-400.eot.gz     63 KiB                          [emitted]  
                         fonts/fa-brands-400.svg    496 KiB                                     
                      fonts/fa-brands-400.svg.gz    159 KiB                          [emitted]  
                         fonts/fa-brands-400.ttf   96.1 KiB                                     
                      fonts/fa-brands-400.ttf.gz   62.9 KiB                          [emitted]  
                        fonts/fa-brands-400.woff   62.2 KiB                                     
                       fonts/fa-brands-400.woff2   53.2 KiB                                     
                        fonts/fa-regular-400.eot   30.4 KiB                                     
                     fonts/fa-regular-400.eot.gz   14.6 KiB                          [emitted]  
                        fonts/fa-regular-400.svg    105 KiB                                     
                     fonts/fa-regular-400.svg.gz   35.7 KiB                          [emitted]  
                        fonts/fa-regular-400.ttf   30.2 KiB                                     
                     fonts/fa-regular-400.ttf.gz   14.6 KiB                          [emitted]  
                       fonts/fa-regular-400.woff   14.4 KiB                                     
                      fonts/fa-regular-400.woff2     12 KiB                                     
                          fonts/fa-solid-900.eot    104 KiB                                     
                       fonts/fa-solid-900.eot.gz   50.3 KiB                          [emitted]  
                          fonts/fa-solid-900.svg    382 KiB                                     
                       fonts/fa-solid-900.svg.gz    130 KiB                          [emitted]  
                          fonts/fa-solid-900.ttf    103 KiB                                     
                       fonts/fa-solid-900.ttf.gz   50.2 KiB                          [emitted]  
                         fonts/fa-solid-900.woff   49.3 KiB                                     
                        fonts/fa-solid-900.woff2   39.2 KiB                                     
                              fonts/flaticon.eot   2.57 KiB                                     
                           fonts/flaticon.eot.gz   1.42 KiB                          [emitted]  
                              fonts/flaticon.ttf   27.6 KiB                                     
                           fonts/flaticon.ttf.gz   17.4 KiB                          [emitted]  
                             fonts/flaticon.woff   17.6 KiB                                     
                                         main.js    215 KiB                    main  [emitted]  main
                                      main.js.gz   47.4 KiB                          [emitted]  
   vendor_src.d5c7c85d907cc5b35168.hot-update.js   3.96 KiB  vendor_src, vendor_src  [emitted]  vendor_src, vendor_src
vendor_src.d5c7c85d907cc5b35168.hot-update.js.gz  759 bytes                          [emitted]  
                                   vendor_src.js    968 KiB              vendor_src  [emitted]  vendor_src
                                vendor_src.js.gz    212 KiB                          [emitted]  
                                vendor_styles.js   1010 KiB           vendor_styles  [emitted]  vendor_styles
                             vendor_styles.js.gz    170 KiB                          [emitted]  
Entrypoint vendor_styles = vendor_styles.js
Entrypoint vendor_src = vendor_src.js vendor_src.d5c7c85d907cc5b35168.hot-update.js vendor_src.d5c7c85d907cc5b35168.hot-update.js
Entrypoint custom_styles = custom_styles.js
Entrypoint main = main.js
[0] multi webpack-hot-middleware/client?path=__webpack_hmr&dynamicPublicPath=true ./ClientApp/src/assets/js/vendor_styles.js 40 bytes {vendor_styles}
[1] multi webpack-hot-middleware/client?path=__webpack_hmr&dynamicPublicPath=true script-loader!./ClientApp/src/assets/vendor/jquery.min.js script-loader!./ClientApp/src/assets/vendor/popper.min.js script-loader!./ClientApp/src/assets/vendor/bootstrap.min.js script-loader!./ClientApp/src/assets/vendor/pace.min.js script-loader!./ClientApp/src/assets/vendor/particles.min.js script-loader!./ClientApp/src/assets/vendor/jquery.easing.min.js script-loader!./ClientApp/src/assets/vendor/imagesloaded.pkgd.min.js script-loader!./ClientApp/src/assets/vendor/flickity.pkgd.min.js script-loader!./ClientApp/src/assets/vendor/isotope.pkgd.min.js script-loader!./ClientApp/src/assets/vendor/jquery.magnific-popup.min.js script-loader!./ClientApp/src/assets/vendor/jquery.countdown.min.js script-loader!./ClientApp/src/assets/vendor/jquery.validate.min.js script-loader!./ClientApp/src/assets/vendor/jquery-confirm.min.js script-loader!./ClientApp/src/assets/vendor/greensock/TweenMax.min.js script-loader!./ClientApp/src/assets/vendor/ScrollMagic.min.js script-loader!./ClientApp/src/assets/vendor/animation.gsap.min.js script-loader!./ClientApp/src/assets/vendor/theme.js script-loader!./ClientApp/src/assets/vendor/milea.js 244 bytes {vendor_src}
[2] multi webpack-hot-middleware/client?path=__webpack_hmr&dynamicPublicPath=true ./ClientApp/src/assets/js/custom_styles.js 40 bytes {custom_styles}
[3] multi webpack-hot-middleware/client?path=__webpack_hmr&dynamicPublicPath=true ./ClientApp/src/assets/js/index.js 40 bytes {main}
[./ClientApp/src/assets/js/custom_styles.js] 28 bytes {custom_styles}
[./ClientApp/src/assets/js/index.js] 274 bytes {main}
[./ClientApp/src/assets/js/vendor_styles.js] 175 bytes {vendor_styles}
[./node_modules/script-loader/index.js!./ClientApp/src/assets/vendor/ScrollMagic.min.js] ./node_modules/script-loader!./ClientApp/src/assets/vendor/ScrollMagic.min.js 484 bytes {vendor_src}
[./node_modules/script-loader/index.js!./ClientApp/src/assets/vendor/animation.gsap.min.js] ./node_modules/script-loader!./ClientApp/src/assets/vendor/animation.gsap.min.js 487 bytes {vendor_src}
[./node_modules/script-loader/index.js!./ClientApp/src/assets/vendor/bootstrap.min.js] ./node_modules/script-loader!./ClientApp/src/assets/vendor/bootstrap.min.js 482 bytes {vendor_src}
[./node_modules/script-loader/index.js!./ClientApp/src/assets/vendor/flickity.pkgd.min.js] ./node_modules/script-loader!./ClientApp/src/assets/vendor/flickity.pkgd.min.js 486 bytes {vendor_src}
[./node_modules/script-loader/index.js!./ClientApp/src/assets/vendor/greensock/TweenMax.min.js] ./node_modules/script-loader!./ClientApp/src/assets/vendor/greensock/TweenMax.min.js 492 bytes {vendor_src}
[./node_modules/script-loader/index.js!./ClientApp/src/assets/vendor/imagesloaded.pkgd.min.js] ./node_modules/script-loader!./ClientApp/src/assets/vendor/imagesloaded.pkgd.min.js 490 bytes {vendor_src}
[./node_modules/script-loader/index.js!./ClientApp/src/assets/vendor/isotope.pkgd.min.js] ./node_modules/script-loader!./ClientApp/src/assets/vendor/isotope.pkgd.min.js 485 bytes {vendor_src}
[./node_modules/script-loader/index.js!./ClientApp/src/assets/vendor/jquery-confirm.min.js] ./node_modules/script-loader!./ClientApp/src/assets/vendor/jquery-confirm.min.js 487 bytes {vendor_src}
    + 81 hidden modules

ERROR in ./ClientApp/src/assets/vendor/milea.js (./node_modules/raw-loader!./node_modules/babel-loader/lib??ref--6!./ClientApp/src/assets/vendor/milea.js)
Module build failed (from ./node_modules/babel-loader/lib/index.js):
SyntaxError: C:\Users\Diana\Work\Projects\WeedingInvitation\TemplateCoreWeb\ClientApp\src\assets\vendor\milea.js: Unexpected token, expected "," (2:21)

  1 | $.confirm({
> 2 |     theme: 'my-theme';
    |                      ^
  3 | });
  4 | $("#contact-form").on('submit', function (e) {
  5 |         e.preventDefault();
    at Parser.raise (C:\Users\Diana\Work\Projects\WeedingInvitation\TemplateCoreWeb\node_modules\@babel\parser\lib\index.js:3939:15)
    at Parser.unexpected (C:\Users\Diana\Work\Projects\WeedingInvitation\TemplateCoreWeb\node_modules\@babel\parser\lib\index.js:5248:16)
    at Parser.expect (C:\Users\Diana\Work\Projects\WeedingInvitation\TemplateCoreWeb\node_modules\@babel\parser\lib\index.js:5236:28)
    at Parser.parseObj (C:\Users\Diana\Work\Projects\WeedingInvitation\TemplateCoreWeb\node_modules\@babel\parser\lib\index.js:6644:14)
    at Parser.parseExprAtom (C:\Users\Diana\Work\Projects\WeedingInvitation\TemplateCoreWeb\node_modules\@babel\parser\lib\index.js:6294:21)
    at Parser.parseExprSubscripts (C:\Users\Diana\Work\Projects\WeedingInvitation\TemplateCoreWeb\node_modules\@babel\parser\lib\index.js:5924:21)
    at Parser.parseMaybeUnary (C:\Users\Diana\Work\Projects\WeedingInvitation\TemplateCoreWeb\node_modules\@babel\parser\lib\index.js:5903:21)
    at Parser.parseExprOps (C:\Users\Diana\Work\Projects\WeedingInvitation\TemplateCoreWeb\node_modules\@babel\parser\lib\index.js:5812:21)
    at Parser.parseMaybeConditional (C:\Users\Diana\Work\Projects\WeedingInvitation\TemplateCoreWeb\node_modules\@babel\parser\lib\index.js:5784:21)
    at Parser.parseMaybeAssign (C:\Users\Diana\Work\Projects\WeedingInvitation\TemplateCoreWeb\node_modules\@babel\parser\lib\index.js:5731:21)
    at Parser.parseExprListItem (C:\Users\Diana\Work\Projects\WeedingInvitation\TemplateCoreWeb\node_modules\@babel\parser\lib\index.js:7003:18)
    at Parser.parseCallExpressionArguments (C:\Users\Diana\Work\Projects\WeedingInvitation\TemplateCoreWeb\node_modules\@babel\parser\lib\index.js:6124:22)
    at Parser.parseSubscript (C:\Users\Diana\Work\Projects\WeedingInvitation\TemplateCoreWeb\node_modules\@babel\parser\lib\index.js:6029:32)
    at Parser.parseSubscripts (C:\Users\Diana\Work\Projects\WeedingInvitation\TemplateCoreWeb\node_modules\@babel\parser\lib\index.js:5944:19)
    at Parser.parseExprSubscripts (C:\Users\Diana\Work\Projects\WeedingInvitation\TemplateCoreWeb\node_modules\@babel\parser\lib\index.js:5934:17)
    at Parser.parseMaybeUnary (C:\Users\Diana\Work\Projects\WeedingInvitation\TemplateCoreWeb\node_modules\@babel\parser\lib\index.js:5903:21)
 @ ./ClientApp/src/assets/vendor/milea.js (./node_modules/script-loader!./ClientApp/src/assets/vendor/milea.js) 1:125-473
 @ multi webpack-hot-middleware/client?path=__webpack_hmr&dynamicPublicPath=true script-loader!./ClientApp/src/assets/vendor/jquery.min.js script-loader!./ClientApp/src/assets/vendor/popper.min.js script-loader!./ClientApp/src/assets/vendor/bootstrap.min.js script-loader!./ClientApp/src/assets/vendor/pace.min.js script-loader!./ClientApp/src/assets/vendor/particles.min.js script-loader!./ClientApp/src/assets/vendor/jquery.easing.min.js script-loader!./ClientApp/src/assets/vendor/imagesloaded.pkgd.min.js script-loader!./ClientApp/src/assets/vendor/flickity.pkgd.min.js script-loader!./ClientApp/src/assets/vendor/isotope.pkgd.min.js script-loader!./ClientApp/src/assets/vendor/jquery.magnific-popup.min.js script-loader!./ClientApp/src/assets/vendor/jquery.countdown.min.js script-loader!./ClientApp/src/assets/vendor/jquery.validate.min.js script-loader!./ClientApp/src/assets/vendor/jquery-confirm.min.js script-loader!./ClientApp/src/assets/vendor/greensock/TweenMax.min.js script-loader!./ClientApp/src/assets/vendor/ScrollMagic.min.js script-loader!./ClientApp/src/assets/vendor/animation.gsap.min.js script-loader!./ClientApp/src/assets/vendor/theme.js script-loader!./ClientApp/src/assets/vendor/milea.js |url: |action: 
2019-01-11 17:25:13.3642||DEBUG|TemplateCoreWebTest.Program|init main |url: |action: 
2019-01-11 17:25:20.2378||ERROR|Microsoft.AspNetCore.NodeServices|clean-webpack-plugin: C:\Users\Diana\Work\Projects\WeedingInvitation\TemplateCoreWeb\wwwroot\dist has been removed. |url: |action: 
2019-01-11 17:25:36.6725|3|WARN|Microsoft.AspNetCore.HttpsPolicy.HttpsRedirectionMiddleware|Failed to determine the https port for redirect. |url: http://localhost/|action: 
2019-01-11 17:25:54.9267||INFO|AWSSDK|Found AWS credentials for the profile development |url: http://localhost/api/send-feedback|action: SendFeedback
2019-01-11 17:27:11.7533||DEBUG|TemplateCoreWebTest.Program|init main |url: |action: 
2019-01-11 17:27:18.1595||ERROR|Microsoft.AspNetCore.NodeServices|clean-webpack-plugin: C:\Users\Diana\Work\Projects\WeedingInvitation\TemplateCoreWeb\wwwroot\dist has been removed. |url: |action: 
2019-01-11 17:27:33.3637|3|WARN|Microsoft.AspNetCore.HttpsPolicy.HttpsRedirectionMiddleware|Failed to determine the https port for redirect. |url: http://localhost/|action: 
2019-01-11 17:27:46.9087||INFO|AWSSDK|Found AWS credentials for the profile development |url: http://localhost/api/send-feedback|action: SendFeedback
2019-01-11 17:32:24.3296||DEBUG|TemplateCoreWebTest.Program|init main |url: |action: 
2019-01-11 17:32:47.8515||ERROR|Microsoft.AspNetCore.NodeServices|clean-webpack-plugin: C:\Users\Diana\Work\Projects\WeedingInvitation\TemplateCoreWeb\wwwroot\dist has been removed. |url: |action: 
2019-01-11 17:33:27.9081|3|WARN|Microsoft.AspNetCore.HttpsPolicy.HttpsRedirectionMiddleware|Failed to determine the https port for redirect. |url: http://localhost/|action: 
2019-01-11 17:33:56.5489||INFO|AWSSDK|Found AWS credentials for the profile development |url: http://localhost/api/send-feedback|action: SendFeedback
2019-01-11 17:40:01.2271||DEBUG|TemplateCoreWebTest.Program|init main |url: |action: 
2019-01-11 17:40:12.7058||ERROR|Microsoft.AspNetCore.NodeServices|clean-webpack-plugin: C:\Users\Diana\Work\Projects\WeedingInvitation\TemplateCoreWeb\wwwroot\dist has been removed. |url: |action: 
2019-01-11 17:40:36.7933|3|WARN|Microsoft.AspNetCore.HttpsPolicy.HttpsRedirectionMiddleware|Failed to determine the https port for redirect. |url: http://localhost/|action: 
2019-01-11 17:41:18.5818||INFO|AWSSDK|Found AWS credentials for the profile development |url: http://localhost/api/send-feedback|action: SendFeedback
2019-01-11 17:42:26.5696||DEBUG|TemplateCoreWebTest.Program|init main |url: |action: 
2019-01-11 17:42:36.1282||ERROR|Microsoft.AspNetCore.NodeServices|clean-webpack-plugin: C:\Users\Diana\Work\Projects\WeedingInvitation\TemplateCoreWeb\wwwroot\dist has been removed. |url: |action: 
2019-01-11 17:42:54.8038|3|WARN|Microsoft.AspNetCore.HttpsPolicy.HttpsRedirectionMiddleware|Failed to determine the https port for redirect. |url: http://localhost/|action: 
2019-01-11 17:44:10.2135||INFO|AWSSDK|Found AWS credentials for the profile development |url: http://localhost/api/send-feedback|action: SendFeedback
2019-01-11 17:45:04.6006||DEBUG|TemplateCoreWebTest.Program|init main |url: |action: 
2019-01-11 17:45:09.0015||ERROR|Microsoft.AspNetCore.NodeServices|clean-webpack-plugin: C:\Users\Diana\Work\Projects\WeedingInvitation\TemplateCoreWeb\wwwroot\dist has been removed. |url: |action: 
2019-01-11 17:45:22.3674||ERROR|Microsoft.AspNetCore.NodeServices|[31m├Ч[39m [90mя╜вwdmя╜г[39m: Hash: 8415068bc0c6cb47d057
Version: webpack 4.23.1
Time: 12927ms
Built at: 2019-01-11 17:45:22
                                         Asset      Size         Chunks             Chunk Names
 ../img/_/fonts/font-awesome/fa-brands-400.svg  49 bytes                 [emitted]  
../img/_/fonts/font-awesome/fa-regular-400.svg  50 bytes                 [emitted]  
  ../img/_/fonts/font-awesome/fa-solid-900.svg  48 bytes                 [emitted]  
    critical-foft-preload-fallback-optional.js  8.04 KiB                 [emitted]  
                              custom_styles.js   426 KiB  custom_styles  [emitted]  custom_styles
                           custom_styles.js.gz  65.5 KiB                 [emitted]  
                       fonts/fa-brands-400.eot  96.3 KiB                 [emitted]  
                    fonts/fa-brands-400.eot.gz    63 KiB                 [emitted]  
                       fonts/fa-brands-400.svg   496 KiB                 [emitted]  
                    fonts/fa-brands-400.svg.gz   159 KiB                 [emitted]  
                       fonts/fa-brands-400.ttf  96.1 KiB                 [emitted]  
                    fonts/fa-brands-400.ttf.gz  62.9 KiB                 [emitted]  
                      fonts/fa-brands-400.woff  62.2 KiB                 [emitted]  
                     fonts/fa-brands-400.woff2  53.2 KiB                 [emitted]  
                      fonts/fa-regular-400.eot  30.4 KiB                 [emitted]  
                   fonts/fa-regular-400.eot.gz  14.6 KiB                 [emitted]  
                      fonts/fa-regular-400.svg   105 KiB                 [emitted]  
                   fonts/fa-regular-400.svg.gz  35.7 KiB                 [emitted]  
                      fonts/fa-regular-400.ttf  30.2 KiB                 [emitted]  
                   fonts/fa-regular-400.ttf.gz  14.6 KiB                 [emitted]  
                     fonts/fa-regular-400.woff  14.4 KiB                 [emitted]  
                    fonts/fa-regular-400.woff2    12 KiB                 [emitted]  
                        fonts/fa-solid-900.eot   104 KiB                 [emitted]  
                     fonts/fa-solid-900.eot.gz  50.3 KiB                 [emitted]  
                        fonts/fa-solid-900.svg   382 KiB                 [emitted]  
                     fonts/fa-solid-900.svg.gz   130 KiB                 [emitted]  
                        fonts/fa-solid-900.ttf   103 KiB                 [emitted]  
                     fonts/fa-solid-900.ttf.gz  50.2 KiB                 [emitted]  
                       fonts/fa-solid-900.woff  49.3 KiB                 [emitted]  
                      fonts/fa-solid-900.woff2  39.2 KiB                 [emitted]  
                            fonts/flaticon.eot  2.57 KiB                 [emitted]  
                         fonts/flaticon.eot.gz  1.42 KiB                 [emitted]  
                            fonts/flaticon.ttf  27.6 KiB                 [emitted]  
                         fonts/flaticon.ttf.gz  17.4 KiB                 [emitted]  
                           fonts/flaticon.woff  17.6 KiB                 [emitted]  
                                       main.js   215 KiB           main  [emitted]  main
                                    main.js.gz  47.4 KiB                 [emitted]  
                                         sw.js  2.14 KiB                 [emitted]  
                                 vendor_src.js   965 KiB     vendor_src  [emitted]  vendor_src
                              vendor_src.js.gz   212 KiB                 [emitted]  
                              vendor_styles.js  1010 KiB  vendor_styles  [emitted]  vendor_styles
                           vendor_styles.js.gz   170 KiB                 [emitted]  
Entrypoint vendor_styles = vendor_styles.js
Entrypoint vendor_src = vendor_src.js
Entrypoint custom_styles = custom_styles.js
Entrypoint main = main.js
[0] multi webpack-hot-middleware/client?path=__webpack_hmr&dynamicPublicPath=true ./ClientApp/src/assets/js/vendor_styles.js 40 bytes {vendor_styles} [built]
[1] multi webpack-hot-middleware/client?path=__webpack_hmr&dynamicPublicPath=true script-loader!./ClientApp/src/assets/vendor/jquery.min.js script-loader!./ClientApp/src/assets/vendor/popper.min.js script-loader!./ClientApp/src/assets/vendor/bootstrap.min.js script-loader!./ClientApp/src/assets/vendor/pace.min.js script-loader!./ClientApp/src/assets/vendor/particles.min.js script-loader!./ClientApp/src/assets/vendor/jquery.easing.min.js script-loader!./ClientApp/src/assets/vendor/imagesloaded.pkgd.min.js script-loader!./ClientApp/src/assets/vendor/flickity.pkgd.min.js script-loader!./ClientApp/src/assets/vendor/isotope.pkgd.min.js script-loader!./ClientApp/src/assets/vendor/jquery.magnific-popup.min.js script-loader!./ClientApp/src/assets/vendor/jquery.countdown.min.js script-loader!./ClientApp/src/assets/vendor/jquery.validate.min.js script-loader!./ClientApp/src/assets/vendor/jquery-confirm.min.js script-loader!./ClientApp/src/assets/vendor/greensock/TweenMax.min.js script-loader!./ClientApp/src/assets/vendor/ScrollMagic.min.js script-loader!./ClientApp/src/assets/vendor/animation.gsap.min.js script-loader!./ClientApp/src/assets/vendor/theme.js script-loader!./ClientApp/src/assets/vendor/milea.js 244 bytes {vendor_src} [built]
[2] multi webpack-hot-middleware/client?path=__webpack_hmr&dynamicPublicPath=true ./ClientApp/src/assets/js/custom_styles.js 40 bytes {custom_styles} [built]
[3] multi webpack-hot-middleware/client?path=__webpack_hmr&dynamicPublicPath=true ./ClientApp/src/assets/js/index.js 40 bytes {main} [built]
[./ClientApp/src/assets/js/custom_styles.js] 28 bytes {custom_styles} [built]
[./ClientApp/src/assets/js/index.js] 274 bytes {main} [built]
[./ClientApp/src/assets/js/vendor_styles.js] 215 bytes {vendor_styles} [built]
[./node_modules/script-loader/index.js!./ClientApp/src/assets/vendor/ScrollMagic.min.js] ./node_modules/script-loader!./ClientApp/src/assets/vendor/ScrollMagic.min.js 484 bytes {vendor_src} [built]
[./node_modules/script-loader/index.js!./ClientApp/src/assets/vendor/animation.gsap.min.js] ./node_modules/script-loader!./ClientApp/src/assets/vendor/animation.gsap.min.js 487 bytes {vendor_src} [built]
[./node_modules/script-loader/index.js!./ClientApp/src/assets/vendor/bootstrap.min.js] ./node_modules/script-loader!./ClientApp/src/assets/vendor/bootstrap.min.js 482 bytes {vendor_src} [built]
[./node_modules/script-loader/index.js!./ClientApp/src/assets/vendor/flickity.pkgd.min.js] ./node_modules/script-loader!./ClientApp/src/assets/vendor/flickity.pkgd.min.js 486 bytes {vendor_src} [built]
[./node_modules/script-loader/index.js!./ClientApp/src/assets/vendor/greensock/TweenMax.min.js] ./node_modules/script-loader!./ClientApp/src/assets/vendor/greensock/TweenMax.min.js 492 bytes {vendor_src} [built]
[./node_modules/script-loader/index.js!./ClientApp/src/assets/vendor/imagesloaded.pkgd.min.js] ./node_modules/script-loader!./ClientApp/src/assets/vendor/imagesloaded.pkgd.min.js 490 bytes {vendor_src} [built]
[./node_modules/script-loader/index.js!./ClientApp/src/assets/vendor/isotope.pkgd.min.js] ./node_modules/script-loader!./ClientApp/src/assets/vendor/isotope.pkgd.min.js 485 bytes {vendor_src} [built]
[./node_modules/script-loader/index.js!./ClientApp/src/assets/vendor/jquery-confirm.min.js] ./node_modules/script-loader!./ClientApp/src/assets/vendor/jquery-confirm.min.js 487 bytes {vendor_src} [built]
    + 81 hidden modules

ERROR in ./ClientApp/src/assets/js/vendor_styles.js
Module not found: Error: Can't resolve '../css/jquery-confirm.min.css' in 'C:\Users\Diana\Work\Projects\WeedingInvitation\TemplateCoreWeb\ClientApp\src\assets\js'
 @ ./ClientApp/src/assets/js/vendor_styles.js 6:0-39
 @ multi webpack-hot-middleware/client?path=__webpack_hmr&dynamicPublicPath=true ./ClientApp/src/assets/js/vendor_styles.js |url: |action: 
2019-01-11 17:48:25.6822|3|WARN|Microsoft.AspNetCore.HttpsPolicy.HttpsRedirectionMiddleware|Failed to determine the https port for redirect. |url: http://localhost/bc2ae2565079fdaad3ea.hot-update.json|action: 
2019-01-11 17:51:21.9827||DEBUG|TemplateCoreWebTest.Program|init main |url: |action: 
2019-01-11 17:51:28.3283||ERROR|Microsoft.AspNetCore.NodeServices|clean-webpack-plugin: C:\Users\Diana\Work\Projects\WeedingInvitation\TemplateCoreWeb\wwwroot\dist has been removed. |url: |action: 
2019-01-11 17:51:48.7108|3|WARN|Microsoft.AspNetCore.HttpsPolicy.HttpsRedirectionMiddleware|Failed to determine the https port for redirect. |url: http://localhost/|action: 
