2019-02-28 18:57:53.2876||DEBUG|TemplateCoreWebTest.Program|init main |url: |action: 
2019-02-28 18:58:07.0590||ERROR|Microsoft.AspNetCore.NodeServices|clean-webpack-plugin: C:\Users\Diana\Work\Projects\WeedingInvitation\TemplateCoreWeb\wwwroot\dist has been removed. |url: |action: 
2019-02-28 18:58:20.1787|3|WARN|Microsoft.AspNetCore.HttpsPolicy.HttpsRedirectionMiddleware|Failed to determine the https port for redirect. |url: http://localhost/|action: 
2019-02-28 19:01:03.8889||DEBUG|TemplateCoreWebTest.Program|init main |url: |action: 
2019-02-28 19:01:17.2200||ERROR|Microsoft.AspNetCore.NodeServices|clean-webpack-plugin: C:\Users\Diana\Work\Projects\WeedingInvitation\TemplateCoreWeb\wwwroot\dist has been removed. |url: |action: 
2019-02-28 19:01:36.7256|3|WARN|Microsoft.AspNetCore.HttpsPolicy.HttpsRedirectionMiddleware|Failed to determine the https port for redirect. |url: http://localhost/|action: 
2019-02-28 19:02:23.1896||INFO|AWSSDK|Found AWS credentials for the profile development |url: http://localhost/api/send-feedback|action: SendFeedback
2019-02-28 19:07:55.5576||ERROR|TemplateCoreWebTest.Services.MailSender.MailSender|mail send failed Amazon.SimpleEmail.Model.MessageRejectedException: Email address is not verified. The following identities failed the check in region EU-WEST-1: info@weddinginvitation.net ---> Amazon.Runtime.Internal.HttpErrorResponseException: Exception of type 'Amazon.Runtime.Internal.HttpErrorResponseException' was thrown.
   at Amazon.Runtime.HttpWebRequestMessage.GetResponseAsync(CancellationToken cancellationToken) in E:\JenkinsWorkspaces\v3-trebuchet-release\AWSDotNetPublic\sdk\src\Core\Amazon.Runtime\Pipeline\HttpHandler\_mobile\HttpRequestMessageFactory.cs:line 443
   at Amazon.Runtime.Internal.HttpHandler`1.InvokeAsync[T](IExecutionContext executionContext) in E:\JenkinsWorkspaces\v3-trebuchet-release\AWSDotNetPublic\sdk\src\Core\Amazon.Runtime\Pipeline\HttpHandler\HttpHandler.cs:line 175
   at Amazon.Runtime.Internal.Unmarshaller.InvokeAsync[T](IExecutionContext executionContext)
   at Amazon.Runtime.Internal.ErrorHandler.InvokeAsync[T](IExecutionContext executionContext)
   --- End of inner exception stack trace ---
   at Amazon.Runtime.Internal.HttpErrorResponseExceptionHandler.HandleException(IExecutionContext executionContext, HttpErrorResponseException exception) in E:\JenkinsWorkspaces\v3-trebuchet-release\AWSDotNetPublic\sdk\src\Core\Amazon.Runtime\Pipeline\ErrorHandler\HttpErrorResponseExceptionHandler.cs:line 60
   at Amazon.Runtime.Internal.ErrorHandler.ProcessException(IExecutionContext executionContext, Exception exception) in E:\JenkinsWorkspaces\v3-trebuchet-release\AWSDotNetPublic\sdk\src\Core\Amazon.Runtime\Pipeline\ErrorHandler\ErrorHandler.cs:line 212
   at Amazon.Runtime.Internal.ErrorHandler.InvokeAsync[T](IExecutionContext executionContext) in E:\JenkinsWorkspaces\v3-trebuchet-release\AWSDotNetPublic\sdk\src\Core\Amazon.Runtime\Pipeline\ErrorHandler\ErrorHandler.cs:line 104
   at Amazon.Runtime.Internal.CallbackHandler.InvokeAsync[T](IExecutionContext executionContext)
   at Amazon.Runtime.Internal.CredentialsRetriever.InvokeAsync[T](IExecutionContext executionContext) in E:\JenkinsWorkspaces\v3-trebuchet-release\AWSDotNetPublic\sdk\src\Core\Amazon.Runtime\Pipeline\Handlers\CredentialsRetriever.cs:line 98
   at Amazon.Runtime.Internal.RetryHandler.InvokeAsync[T](IExecutionContext executionContext)
   at Amazon.Runtime.Internal.RetryHandler.InvokeAsync[T](IExecutionContext executionContext) in E:\JenkinsWorkspaces\v3-trebuchet-release\AWSDotNetPublic\sdk\src\Core\Amazon.Runtime\Pipeline\RetryHandler\RetryHandler.cs:line 137
   at Amazon.Runtime.Internal.CallbackHandler.InvokeAsync[T](IExecutionContext executionContext)
   at Amazon.Runtime.Internal.CallbackHandler.InvokeAsync[T](IExecutionContext executionContext)
   at Amazon.Runtime.Internal.ErrorCallbackHandler.InvokeAsync[T](IExecutionContext executionContext)
   at Amazon.Runtime.Internal.MetricsHandler.InvokeAsync[T](IExecutionContext executionContext)
   at TemplateCoreWebTest.Services.MailSender.MailSender.SendEmailAsync(IMail mail) in C:\Users\Diana\Work\Projects\WeedingInvitation\TemplateCoreWeb\Services\MailSender\MailSender.cs:line 56|url: http://localhost/api/send-feedback|action: SendFeedback
2019-02-28 19:09:07.2655||DEBUG|TemplateCoreWebTest.Program|init main |url: |action: 
2019-02-28 19:09:12.5733||ERROR|Microsoft.AspNetCore.NodeServices|clean-webpack-plugin: C:\Users\Diana\Work\Projects\WeedingInvitation\TemplateCoreWeb\wwwroot\dist has been removed. |url: |action: 
2019-02-28 19:09:28.6305|3|WARN|Microsoft.AspNetCore.HttpsPolicy.HttpsRedirectionMiddleware|Failed to determine the https port for redirect. |url: http://localhost/bc6c83ca85933ee90b8a.hot-update.json|action: 
