2019-02-11 18:20:20.8653||DEBUG|TemplateCoreWebTest.Program|init main 
2019-02-11 18:20:21.8316||INFO|Microsoft.AspNetCore.DataProtection.KeyManagement.XmlKeyManager|User profile is available. Using 'C:\Users\Diana\AppData\Local\ASP.NET\DataProtection-Keys' as key repository and Windows DPAPI to encrypt keys at rest. 
2019-02-11 18:20:29.9916||INFO|Microsoft.AspNetCore.NodeServices|development mode: true 
2019-02-11 18:20:39.3364||ERROR|Microsoft.AspNetCore.NodeServices|clean-webpack-plugin: C:\Users\Diana\Work\Projects\WeedingInvitation\TemplateCoreWeb\wwwroot\dist has been removed. 
2019-02-11 18:20:40.6684|1|INFO|Microsoft.AspNetCore.Hosting.Internal.WebHost|Request starting HTTP/1.1 GET http://localhost:53185/   
2019-02-11 18:20:41.0114||INFO|Microsoft.AspNetCore.NodeServices|[34mi[39m [90mя╜вwdmя╜г[39m: wait until bundle finished: / 
2019-02-11 18:20:55.3317||INFO|Microsoft.AspNetCore.NodeServices|webpack built ce05e6fe98d4c8367988 in 15298ms 
2019-02-11 18:20:55.4526||INFO|Microsoft.AspNetCore.NodeServices|[34mi[39m [90mя╜вwdmя╜г[39m: Hash: ce05e6fe98d4c8367988
Version: webpack 4.23.1
Time: 15298ms
Built at: 2019-02-11 18:20:55
                                         Asset      Size         Chunks             Chunk Names
 ../img/_/fonts/font-awesome/fa-brands-400.svg  49 bytes                 [emitted]  
../img/_/fonts/font-awesome/fa-regular-400.svg  50 bytes                 [emitted]  
  ../img/_/fonts/font-awesome/fa-solid-900.svg  48 bytes                 [emitted]  
    critical-foft-preload-fallback-optional.js  8.04 KiB                 [emitted]  
                              custom_styles.js   430 KiB  custom_styles  [emitted]  custom_styles
                           custom_styles.js.gz  66.1 KiB                 [emitted]  
                       fonts/fa-brands-400.eot  96.3 KiB                 [emitted]  
                    fonts/fa-brands-400.eot.gz    63 KiB                 [emitted]  
                       fonts/fa-brands-400.svg   496 KiB                 [emitted]  
                    fonts/fa-brands-400.svg.gz   159 KiB                 [emitted]  
                       fonts/fa-brands-400.ttf  96.1 KiB                 [emitted]  
                    fonts/fa-brands-400.ttf.gz  62.9 KiB                 [emitted]  
                      fonts/fa-brands-400.woff  62.2 KiB                 [emitted]  
                     fonts/fa-brands-400.woff2  53.2 KiB                 [emitted]  
                      fonts/fa-regular-400.eot  30.4 KiB                 [emitted]  
                   fonts/fa-regular-400.eot.gz  14.6 KiB                 [emitted]  
                      fonts/fa-regular-400.svg   105 KiB                 [emitted]  
                   fonts/fa-regular-400.svg.gz  35.7 KiB                 [emitted]  
                      fonts/fa-regular-400.ttf  30.2 KiB                 [emitted]  
                   fonts/fa-regular-400.ttf.gz  14.6 KiB                 [emitted]  
                     fonts/fa-regular-400.woff  14.4 KiB                 [emitted]  
                    fonts/fa-regular-400.woff2    12 KiB                 [emitted]  
                        fonts/fa-solid-900.eot   104 KiB                 [emitted]  
                     fonts/fa-solid-900.eot.gz  50.3 KiB                 [emitted]  
                        fonts/fa-solid-900.svg   382 KiB                 [emitted]  
                     fonts/fa-solid-900.svg.gz   130 KiB                 [emitted]  
                        fonts/fa-solid-900.ttf   103 KiB                 [emitted]  
                     fonts/fa-solid-900.ttf.gz  50.2 KiB                 [emitted]  
                       fonts/fa-solid-900.woff  49.3 KiB                 [emitted]  
                      fonts/fa-solid-900.woff2  39.2 KiB                 [emitted]  
                            fonts/flaticon.eot  2.57 KiB                 [emitted]  
                         fonts/flaticon.eot.gz  1.42 KiB                 [emitted]  
                            fonts/flaticon.ttf  27.6 KiB                 [emitted]  
                         fonts/flaticon.ttf.gz  17.4 KiB                 [emitted]  
                           fonts/flaticon.woff  17.6 KiB                 [emitted]  
                        fonts/montserrat.woff2  18.3 KiB                 [emitted]  
                       fonts/ptserif-400.woff2  33.5 KiB                 [emitted]  
                       fonts/ptserif-700.woff2  27.3 KiB                 [emitted]  
                                       main.js   215 KiB           main  [emitted]  main
                                    main.js.gz  47.4 KiB                 [emitted]  
                                         sw.js  2.14 KiB                 [emitted]  
                                 vendor_src.js   965 KiB     vendor_src  [emitted]  vendor_src
                              vendor_src.js.gz   212 KiB                 [emitted]  
                              vendor_styles.js  1.07 MiB  vendor_styles  [emitted]  vendor_styles
                           vendor_styles.js.gz   182 KiB                 [emitted]  
Entrypoint vendor_styles = vendor_styles.js
Entrypoint vendor_src = vendor_src.js
Entrypoint custom_styles = custom_styles.js
Entrypoint main = main.js
[0] multi webpack-hot-middleware/client?path=__webpack_hmr&dynamicPublicPath=true ./ClientApp/src/assets/js/vendor_styles.js 40 bytes {vendor_styles} [built]
[1] multi webpack-hot-middleware/client?path=__webpack_hmr&dynamicPublicPath=true script-loader!./ClientApp/src/assets/vendor/jquery.min.js script-loader!./ClientApp/src/assets/vendor/popper.min.js script-loader!./ClientApp/src/assets/vendor/bootstrap.min.js script-loader!./ClientApp/src/assets/vendor/pace.min.js script-loader!./ClientApp/src/assets/vendor/particles.min.js script-loader!./ClientApp/src/assets/vendor/jquery.easing.min.js script-loader!./ClientApp/src/assets/vendor/imagesloaded.pkgd.min.js script-loader!./ClientApp/src/assets/vendor/flickity.pkgd.min.js script-loader!./ClientApp/src/assets/vendor/isotope.pkgd.min.js script-loader!./ClientApp/src/assets/vendor/jquery.magnific-popup.min.js script-loader!./ClientApp/src/assets/vendor/jquery.countdown.min.js script-loader!./ClientApp/src/assets/vendor/jquery.validate.min.js script-loader!./ClientApp/src/assets/vendor/jquery-confirm.min.js script-loader!./ClientApp/src/assets/vendor/greensock/TweenMax.min.js script-loader!./ClientApp/src/assets/vendor/ScrollMagic.min.js script-loader!./ClientApp/src/assets/vendor/animation.gsap.min.js script-loader!./ClientApp/src/assets/vendor/theme.js script-loader!./ClientApp/src/assets/vendor/milea.js 244 bytes {vendor_src} [built]
[2] multi webpack-hot-middleware/client?path=__webpack_hmr&dynamicPublicPath=true ./ClientApp/src/assets/js/custom_styles.js 40 bytes {custom_styles} [built]
[3] multi webpack-hot-middleware/client?path=__webpack_hmr&dynamicPublicPath=true ./ClientApp/src/assets/js/index.js 40 bytes {main} [built]
[./ClientApp/src/assets/js/custom_styles.js] 28 bytes {custom_styles} [built]
[./ClientApp/src/assets/js/index.js] 274 bytes {main} [built]
[./ClientApp/src/assets/js/vendor_styles.js] 215 bytes {vendor_styles} [built]
[./node_modules/script-loader/index.js!./ClientApp/src/assets/vendor/ScrollMagic.min.js] ./node_modules/script-loader!./ClientApp/src/assets/vendor/ScrollMagic.min.js 484 bytes {vendor_src} [built]
[./node_modules/script-loader/index.js!./ClientApp/src/assets/vendor/animation.gsap.min.js] ./node_modules/script-loader!./ClientApp/src/assets/vendor/animation.gsap.min.js 487 bytes {vendor_src} [built]
[./node_modules/script-loader/index.js!./ClientApp/src/assets/vendor/bootstrap.min.js] ./node_modules/script-loader!./ClientApp/src/assets/vendor/bootstrap.min.js 482 bytes {vendor_src} [built]
[./node_modules/script-loader/index.js!./ClientApp/src/assets/vendor/flickity.pkgd.min.js] ./node_modules/script-loader!./ClientApp/src/assets/vendor/flickity.pkgd.min.js 486 bytes {vendor_src} [built]
[./node_modules/script-loader/index.js!./ClientApp/src/assets/vendor/greensock/TweenMax.min.js] ./node_modules/script-loader!./ClientApp/src/assets/vendor/greensock/TweenMax.min.js 492 bytes {vendor_src} [built]
[./node_modules/script-loader/index.js!./ClientApp/src/assets/vendor/imagesloaded.pkgd.min.js] ./node_modules/script-loader!./ClientApp/src/assets/vendor/imagesloaded.pkgd.min.js 490 bytes {vendor_src} [built]
[./node_modules/script-loader/index.js!./ClientApp/src/assets/vendor/isotope.pkgd.min.js] ./node_modules/script-loader!./ClientApp/src/assets/vendor/isotope.pkgd.min.js 485 bytes {vendor_src} [built]
[./node_modules/script-loader/index.js!./ClientApp/src/assets/vendor/jquery-confirm.min.js] ./node_modules/script-loader!./ClientApp/src/assets/vendor/jquery-confirm.min.js 487 bytes {vendor_src} [built]
    + 86 hidden modules 
2019-02-11 18:20:55.4526||INFO|Microsoft.AspNetCore.NodeServices|[34mi[39m [90mя╜вwdmя╜г[39m: Compiled successfully. 
2019-02-11 18:20:55.4689|3|WARN|Microsoft.AspNetCore.HttpsPolicy.HttpsRedirectionMiddleware|Failed to determine the https port for redirect. 
2019-02-11 18:20:55.7484|1|INFO|Microsoft.AspNetCore.Mvc.Internal.ControllerActionInvoker|Route matched with {action = "Index", controller = "Home"}. Executing action TemplateCoreWebTest.Controllers.HomeController.Index (WeedingInvitation) 
2019-02-11 18:20:55.7848|1|INFO|Microsoft.AspNetCore.Mvc.Internal.ControllerActionInvoker|Executing action method TemplateCoreWebTest.Controllers.HomeController.Index (WeedingInvitation) with arguments () - Validation state: Valid 
2019-02-11 18:20:55.7848|2|INFO|Microsoft.AspNetCore.Mvc.Internal.ControllerActionInvoker|Executed action method TemplateCoreWebTest.Controllers.HomeController.Index (WeedingInvitation), returned result Microsoft.AspNetCore.Mvc.ViewResult in 0.7863ms. 
2019-02-11 18:20:55.8255|1|INFO|Microsoft.AspNetCore.Mvc.ViewFeatures.ViewResultExecutor|Executing ViewResult, running view Index. 
2019-02-11 18:20:55.9756|4|INFO|Microsoft.AspNetCore.Mvc.ViewFeatures.ViewResultExecutor|Executed ViewResult - view Index executed in 171.9756ms. 
2019-02-11 18:20:55.9756|2|INFO|Microsoft.AspNetCore.Mvc.Internal.ControllerActionInvoker|Executed action TemplateCoreWebTest.Controllers.HomeController.Index (WeedingInvitation) in 228.4916ms 
2019-02-11 18:20:56.0042|2|INFO|Microsoft.AspNetCore.Hosting.Internal.WebHost|Request finished in 15336.127ms 200 text/html; charset=utf-8 
2019-02-11 18:20:56.1019|1|INFO|Microsoft.AspNetCore.Hosting.Internal.WebHost|Request starting HTTP/1.1 GET http://localhost:53185/img/the-groom.jpg   
2019-02-11 18:20:56.1159|1|INFO|Microsoft.AspNetCore.Hosting.Internal.WebHost|Request starting HTTP/1.1 GET http://localhost:53185/img/the-bride.jpg   
2019-02-11 18:20:56.2331|2|INFO|Microsoft.AspNetCore.StaticFiles.StaticFileMiddleware|Sending file. Request path: '/img/the-groom.jpg'. Physical path: 'C:\Users\Diana\Work\Projects\WeedingInvitation\TemplateCoreWeb\wwwroot\img\the-groom.jpg' 
2019-02-11 18:20:56.2331|2|INFO|Microsoft.AspNetCore.Hosting.Internal.WebHost|Request finished in 133.6955ms 200 image/jpeg 
2019-02-11 18:20:56.2331|2|INFO|Microsoft.AspNetCore.StaticFiles.StaticFileMiddleware|Sending file. Request path: '/img/the-bride.jpg'. Physical path: 'C:\Users\Diana\Work\Projects\WeedingInvitation\TemplateCoreWeb\wwwroot\img\the-bride.jpg' 
2019-02-11 18:20:56.2766|2|INFO|Microsoft.AspNetCore.Hosting.Internal.WebHost|Request finished in 160.8563ms 200 image/jpeg 
2019-02-11 18:20:56.4006|1|INFO|Microsoft.AspNetCore.Hosting.Internal.WebHost|Request starting HTTP/1.1 GET http://localhost:53185/__webpack_hmr   
2019-02-11 18:20:56.4195|1|INFO|Microsoft.AspNetCore.Hosting.Internal.WebHost|Request starting HTTP/1.1 GET http://localhost:53185/img/title-divider.png   
2019-02-11 18:20:56.4209|1|INFO|Microsoft.AspNetCore.Hosting.Internal.WebHost|Request starting HTTP/1.1 GET http://localhost:53185/img/wedding-event-1.jpg   
2019-02-11 18:20:56.4209|2|INFO|Microsoft.AspNetCore.StaticFiles.StaticFileMiddleware|Sending file. Request path: '/img/title-divider.png'. Physical path: 'C:\Users\Diana\Work\Projects\WeedingInvitation\TemplateCoreWeb\wwwroot\img\title-divider.png' 
2019-02-11 18:20:56.4209|2|INFO|Microsoft.AspNetCore.Hosting.Internal.WebHost|Request finished in 16.3487ms 200 image/png 
2019-02-11 18:20:56.4395|2|INFO|Microsoft.AspNetCore.StaticFiles.StaticFileMiddleware|Sending file. Request path: '/img/wedding-event-1.jpg'. Physical path: 'C:\Users\Diana\Work\Projects\WeedingInvitation\TemplateCoreWeb\wwwroot\img\wedding-event-1.jpg' 
2019-02-11 18:20:56.4395|2|INFO|Microsoft.AspNetCore.Hosting.Internal.WebHost|Request finished in 28.6878ms 200 image/jpeg 
2019-02-11 18:20:56.4585|1|INFO|Microsoft.AspNetCore.Hosting.Internal.WebHost|Request starting HTTP/1.1 GET http://localhost:53185/img/wedding-event-2.jpg   
2019-02-11 18:20:56.4693|2|INFO|Microsoft.AspNetCore.StaticFiles.StaticFileMiddleware|Sending file. Request path: '/img/wedding-event-2.jpg'. Physical path: 'C:\Users\Diana\Work\Projects\WeedingInvitation\TemplateCoreWeb\wwwroot\img\wedding-event-2.jpg' 
2019-02-11 18:20:56.4693|2|INFO|Microsoft.AspNetCore.Hosting.Internal.WebHost|Request finished in 12.9772ms 200 image/jpeg 
2019-02-11 18:20:56.5428|1|INFO|Microsoft.AspNetCore.Hosting.Internal.WebHost|Request starting HTTP/1.1 GET http://localhost:53185/img/love-story/love-story-5.jpg   
2019-02-11 18:20:56.5467|1|INFO|Microsoft.AspNetCore.Hosting.Internal.WebHost|Request starting HTTP/1.1 GET http://localhost:53185/img/love-story/love-story-4.jpg   
2019-02-11 18:20:56.5467|1|INFO|Microsoft.AspNetCore.Hosting.Internal.WebHost|Request starting HTTP/1.1 GET http://localhost:53185/img/love-story/love-story-3.jpg   
2019-02-11 18:20:56.5467|1|INFO|Microsoft.AspNetCore.Hosting.Internal.WebHost|Request starting HTTP/1.1 GET http://localhost:53185/img/love-story/love-story-2.jpg   
2019-02-11 18:20:56.5467|2|INFO|Microsoft.AspNetCore.StaticFiles.StaticFileMiddleware|Sending file. Request path: '/img/love-story/love-story-5.jpg'. Physical path: 'C:\Users\Diana\Work\Projects\WeedingInvitation\TemplateCoreWeb\wwwroot\img\love-story\love-story-5.jpg' 
2019-02-11 18:20:56.5614|1|INFO|Microsoft.AspNetCore.Hosting.Internal.WebHost|Request starting HTTP/1.1 GET http://localhost:53185/img/love-story/love-story-1.jpg   
2019-02-11 18:20:56.5614|2|INFO|Microsoft.AspNetCore.Hosting.Internal.WebHost|Request finished in 19.8466ms 200 image/jpeg 
2019-02-11 18:20:56.5614|2|INFO|Microsoft.AspNetCore.StaticFiles.StaticFileMiddleware|Sending file. Request path: '/img/love-story/love-story-4.jpg'. Physical path: 'C:\Users\Diana\Work\Projects\WeedingInvitation\TemplateCoreWeb\wwwroot\img\love-story\love-story-4.jpg' 
2019-02-11 18:20:56.5614|2|INFO|Microsoft.AspNetCore.StaticFiles.StaticFileMiddleware|Sending file. Request path: '/img/love-story/love-story-1.jpg'. Physical path: 'C:\Users\Diana\Work\Projects\WeedingInvitation\TemplateCoreWeb\wwwroot\img\love-story\love-story-1.jpg' 
2019-02-11 18:20:56.5614|2|INFO|Microsoft.AspNetCore.Hosting.Internal.WebHost|Request finished in 27.1876ms 200 image/jpeg 
2019-02-11 18:20:56.5761|2|INFO|Microsoft.AspNetCore.Hosting.Internal.WebHost|Request finished in 14.725ms 200 image/jpeg 
2019-02-11 18:20:56.5761|2|INFO|Microsoft.AspNetCore.StaticFiles.StaticFileMiddleware|Sending file. Request path: '/img/love-story/love-story-3.jpg'. Physical path: 'C:\Users\Diana\Work\Projects\WeedingInvitation\TemplateCoreWeb\wwwroot\img\love-story\love-story-3.jpg' 
2019-02-11 18:20:56.5761|2|INFO|Microsoft.AspNetCore.StaticFiles.StaticFileMiddleware|Sending file. Request path: '/img/love-story/love-story-2.jpg'. Physical path: 'C:\Users\Diana\Work\Projects\WeedingInvitation\TemplateCoreWeb\wwwroot\img\love-story\love-story-2.jpg' 
2019-02-11 18:20:56.5761|2|INFO|Microsoft.AspNetCore.Hosting.Internal.WebHost|Request finished in 43.6344ms 200 image/jpeg 
2019-02-11 18:20:56.5966|2|INFO|Microsoft.AspNetCore.Hosting.Internal.WebHost|Request finished in 44.6399ms 200 image/jpeg 
2019-02-11 18:20:56.6077|1|INFO|Microsoft.AspNetCore.Hosting.Internal.WebHost|Request starting HTTP/1.1 GET http://localhost:53185/bc6c83ca85933ee90b8a.hot-update.json   
2019-02-11 18:20:56.6251|1|INFO|Microsoft.AspNetCore.Mvc.Internal.ControllerActionInvoker|Route matched with {action = "Error404", controller = "Home"}. Executing action TemplateCoreWebTest.Controllers.HomeController.Error404 (WeedingInvitation) 
2019-02-11 18:20:56.6408|1|INFO|Microsoft.AspNetCore.Mvc.Internal.ControllerActionInvoker|Executing action method TemplateCoreWebTest.Controllers.HomeController.Error404 (WeedingInvitation) - Validation state: Valid 
2019-02-11 18:20:56.6408|2|INFO|Microsoft.AspNetCore.Mvc.Internal.ControllerActionInvoker|Executed action method TemplateCoreWebTest.Controllers.HomeController.Error404 (WeedingInvitation), returned result Microsoft.AspNetCore.Mvc.ViewResult in 0.3667ms. 
2019-02-11 18:20:56.6624|1|INFO|Microsoft.AspNetCore.Mvc.ViewFeatures.ViewResultExecutor|Executing ViewResult, running view Error404. 
2019-02-11 18:20:56.6624|1|INFO|Microsoft.AspNetCore.Hosting.Internal.WebHost|Request starting HTTP/1.1 GET http://localhost:53185/img/gallery/gallery-2.jpg   
2019-02-11 18:20:56.6624|1|INFO|Microsoft.AspNetCore.Hosting.Internal.WebHost|Request starting HTTP/1.1 GET http://localhost:53185/img/gallery/gallery-1.jpg   
2019-02-11 18:20:56.6729|4|INFO|Microsoft.AspNetCore.Mvc.ViewFeatures.ViewResultExecutor|Executed ViewResult - view Error404 executed in 20.3209ms. 
2019-02-11 18:20:56.6729|2|INFO|Microsoft.AspNetCore.Mvc.Internal.ControllerActionInvoker|Executed action TemplateCoreWebTest.Controllers.HomeController.Error404 (WeedingInvitation) in 45.7203ms 
2019-02-11 18:20:56.6729|1|INFO|Microsoft.AspNetCore.Hosting.Internal.WebHost|Request starting HTTP/1.1 GET http://localhost:53185/img/gallery/gallery-3.jpg   
2019-02-11 18:20:56.6729|2|INFO|Microsoft.AspNetCore.Hosting.Internal.WebHost|Request finished in 74.2904ms 404 text/html; charset=utf-8 
2019-02-11 18:20:56.6729|2|INFO|Microsoft.AspNetCore.StaticFiles.StaticFileMiddleware|Sending file. Request path: '/img/gallery/gallery-2.jpg'. Physical path: 'C:\Users\Diana\Work\Projects\WeedingInvitation\TemplateCoreWeb\wwwroot\img\gallery\gallery-2.jpg' 
2019-02-11 18:20:56.7080|2|INFO|Microsoft.AspNetCore.Hosting.Internal.WebHost|Request finished in 43.817ms 200 image/jpeg 
2019-02-11 18:20:56.6962|1|INFO|Microsoft.AspNetCore.Hosting.Internal.WebHost|Request starting HTTP/1.1 GET http://localhost:53185/img/gallery/gallery-4.jpg   
2019-02-11 18:20:56.6962|2|INFO|Microsoft.AspNetCore.StaticFiles.StaticFileMiddleware|Sending file. Request path: '/img/gallery/gallery-1.jpg'. Physical path: 'C:\Users\Diana\Work\Projects\WeedingInvitation\TemplateCoreWeb\wwwroot\img\gallery\gallery-1.jpg' 
2019-02-11 18:20:56.7080|1|INFO|Microsoft.AspNetCore.Hosting.Internal.WebHost|Request starting HTTP/1.1 GET http://localhost:53185/bc6c83ca85933ee90b8a.hot-update.json   
2019-02-11 18:20:56.7210|2|INFO|Microsoft.AspNetCore.StaticFiles.StaticFileMiddleware|Sending file. Request path: '/img/gallery/gallery-3.jpg'. Physical path: 'C:\Users\Diana\Work\Projects\WeedingInvitation\TemplateCoreWeb\wwwroot\img\gallery\gallery-3.jpg' 
2019-02-11 18:20:56.7210|2|INFO|Microsoft.AspNetCore.Hosting.Internal.WebHost|Request finished in 61.4801ms 200 image/jpeg 
2019-02-11 18:20:56.7370|1|INFO|Microsoft.AspNetCore.Mvc.Internal.ControllerActionInvoker|Route matched with {action = "Error404", controller = "Home"}. Executing action TemplateCoreWebTest.Controllers.HomeController.Error404 (WeedingInvitation) 
2019-02-11 18:20:56.7530|1|INFO|Microsoft.AspNetCore.Mvc.Internal.ControllerActionInvoker|Executing action method TemplateCoreWebTest.Controllers.HomeController.Error404 (WeedingInvitation) - Validation state: Valid 
2019-02-11 18:20:56.7530|2|INFO|Microsoft.AspNetCore.Mvc.Internal.ControllerActionInvoker|Executed action method TemplateCoreWebTest.Controllers.HomeController.Error404 (WeedingInvitation), returned result Microsoft.AspNetCore.Mvc.ViewResult in 0.0217ms. 
2019-02-11 18:20:56.7370|2|INFO|Microsoft.AspNetCore.Hosting.Internal.WebHost|Request finished in 59.9696ms 200 image/jpeg 
2019-02-11 18:20:56.7370|2|INFO|Microsoft.AspNetCore.StaticFiles.StaticFileMiddleware|Sending file. Request path: '/img/gallery/gallery-4.jpg'. Physical path: 'C:\Users\Diana\Work\Projects\WeedingInvitation\TemplateCoreWeb\wwwroot\img\gallery\gallery-4.jpg' 
2019-02-11 18:20:56.7689|1|INFO|Microsoft.AspNetCore.Mvc.ViewFeatures.ViewResultExecutor|Executing ViewResult, running view Error404. 
2019-02-11 18:20:56.7793|1|INFO|Microsoft.AspNetCore.Hosting.Internal.WebHost|Request starting HTTP/1.1 GET http://localhost:53185/img/gallery/gallery-5.jpg   
2019-02-11 18:20:56.7793|2|INFO|Microsoft.AspNetCore.Hosting.Internal.WebHost|Request finished in 80.7665ms 200 image/jpeg 
2019-02-11 18:20:56.7793|4|INFO|Microsoft.AspNetCore.Mvc.ViewFeatures.ViewResultExecutor|Executed ViewResult - view Error404 executed in 15.8071ms. 
2019-02-11 18:20:56.8013|2|INFO|Microsoft.AspNetCore.StaticFiles.StaticFileMiddleware|Sending file. Request path: '/img/gallery/gallery-5.jpg'. Physical path: 'C:\Users\Diana\Work\Projects\WeedingInvitation\TemplateCoreWeb\wwwroot\img\gallery\gallery-5.jpg' 
2019-02-11 18:20:56.8013|2|INFO|Microsoft.AspNetCore.Mvc.Internal.ControllerActionInvoker|Executed action TemplateCoreWebTest.Controllers.HomeController.Error404 (WeedingInvitation) in 51.5151ms 
2019-02-11 18:20:56.8113|2|INFO|Microsoft.AspNetCore.Hosting.Internal.WebHost|Request finished in 32.0143ms 200 image/jpeg 
2019-02-11 18:20:56.8113|2|INFO|Microsoft.AspNetCore.Hosting.Internal.WebHost|Request finished in 105.2021ms 404 text/html; charset=utf-8 
2019-02-11 18:20:56.8113|1|INFO|Microsoft.AspNetCore.Hosting.Internal.WebHost|Request starting HTTP/1.1 GET http://localhost:53185/img/gallery/gallery-6.jpg   
2019-02-11 18:20:56.8473|1|INFO|Microsoft.AspNetCore.Hosting.Internal.WebHost|Request starting HTTP/1.1 GET http://localhost:53185/img/gallery/gallery-7.jpg   
2019-02-11 18:20:56.8473|1|INFO|Microsoft.AspNetCore.Hosting.Internal.WebHost|Request starting HTTP/1.1 GET http://localhost:53185/img/gallery/gallery-8.jpg   
2019-02-11 18:20:56.8634|2|INFO|Microsoft.AspNetCore.StaticFiles.StaticFileMiddleware|Sending file. Request path: '/img/gallery/gallery-6.jpg'. Physical path: 'C:\Users\Diana\Work\Projects\WeedingInvitation\TemplateCoreWeb\wwwroot\img\gallery\gallery-6.jpg' 
2019-02-11 18:20:56.8634|2|INFO|Microsoft.AspNetCore.StaticFiles.StaticFileMiddleware|Sending file. Request path: '/img/gallery/gallery-7.jpg'. Physical path: 'C:\Users\Diana\Work\Projects\WeedingInvitation\TemplateCoreWeb\wwwroot\img\gallery\gallery-7.jpg' 
2019-02-11 18:20:56.8634|2|INFO|Microsoft.AspNetCore.Hosting.Internal.WebHost|Request finished in 43.8146ms 200 image/jpeg 
2019-02-11 18:20:56.8911|2|INFO|Microsoft.AspNetCore.Hosting.Internal.WebHost|Request finished in 43.7636ms 200 image/jpeg 
2019-02-11 18:20:56.9057|2|INFO|Microsoft.AspNetCore.StaticFiles.StaticFileMiddleware|Sending file. Request path: '/img/gallery/gallery-8.jpg'. Physical path: 'C:\Users\Diana\Work\Projects\WeedingInvitation\TemplateCoreWeb\wwwroot\img\gallery\gallery-8.jpg' 
2019-02-11 18:20:56.9057|2|INFO|Microsoft.AspNetCore.Hosting.Internal.WebHost|Request finished in 56.5797ms 200 image/jpeg 
2019-02-11 18:21:02.0435|1|INFO|Microsoft.AspNetCore.Hosting.Internal.WebHost|Request starting HTTP/1.1 GET http://localhost:53185/   
2019-02-11 18:21:02.0523|1|INFO|Microsoft.AspNetCore.Mvc.Internal.ControllerActionInvoker|Route matched with {action = "Index", controller = "Home"}. Executing action TemplateCoreWebTest.Controllers.HomeController.Index (WeedingInvitation) 
2019-02-11 18:21:02.0523|1|INFO|Microsoft.AspNetCore.Mvc.Internal.ControllerActionInvoker|Executing action method TemplateCoreWebTest.Controllers.HomeController.Index (WeedingInvitation) with arguments () - Validation state: Valid 
2019-02-11 18:21:02.0523|2|INFO|Microsoft.AspNetCore.Mvc.Internal.ControllerActionInvoker|Executed action method TemplateCoreWebTest.Controllers.HomeController.Index (WeedingInvitation), returned result Microsoft.AspNetCore.Mvc.ViewResult in 0.022ms. 
2019-02-11 18:21:02.0523|1|INFO|Microsoft.AspNetCore.Mvc.ViewFeatures.ViewResultExecutor|Executing ViewResult, running view Index. 
2019-02-11 18:21:02.0523|4|INFO|Microsoft.AspNetCore.Mvc.ViewFeatures.ViewResultExecutor|Executed ViewResult - view Index executed in 3.9018ms. 
2019-02-11 18:21:02.0640|2|INFO|Microsoft.AspNetCore.Mvc.Internal.ControllerActionInvoker|Executed action TemplateCoreWebTest.Controllers.HomeController.Index (WeedingInvitation) in 10.249ms 
2019-02-11 18:21:02.0640|2|INFO|Microsoft.AspNetCore.Hosting.Internal.WebHost|Request finished in 22.6545ms 200 text/html; charset=utf-8 
2019-02-11 18:21:02.1356|1|INFO|Microsoft.AspNetCore.Hosting.Internal.WebHost|Request starting HTTP/1.1 GET http://localhost:53185/img/the-bride.jpg   
2019-02-11 18:21:02.1356|1|INFO|Microsoft.AspNetCore.Hosting.Internal.WebHost|Request starting HTTP/1.1 GET http://localhost:53185/img/the-groom.jpg   
2019-02-11 18:21:02.1422|1|INFO|Microsoft.AspNetCore.Hosting.Internal.WebHost|Request starting HTTP/1.1 GET http://localhost:53185/dist/vendor_styles.js   
2019-02-11 18:21:02.1422|1|INFO|Microsoft.AspNetCore.Hosting.Internal.WebHost|Request starting HTTP/1.1 GET http://localhost:53185/dist/custom_styles.js   
2019-02-11 18:21:02.1569|2|INFO|Microsoft.AspNetCore.StaticFiles.StaticFileMiddleware|Sending file. Request path: '/img/the-bride.jpg'. Physical path: 'C:\Users\Diana\Work\Projects\WeedingInvitation\TemplateCoreWeb\wwwroot\img\the-bride.jpg' 
2019-02-11 18:21:02.1569|2|INFO|Microsoft.AspNetCore.StaticFiles.StaticFileMiddleware|Sending file. Request path: '/img/the-groom.jpg'. Physical path: 'C:\Users\Diana\Work\Projects\WeedingInvitation\TemplateCoreWeb\wwwroot\img\the-groom.jpg' 
2019-02-11 18:21:02.1569|2|INFO|Microsoft.AspNetCore.Hosting.Internal.WebHost|Request finished in 27.6962ms 200 image/jpeg 
2019-02-11 18:21:02.1758|2|INFO|Microsoft.AspNetCore.Hosting.Internal.WebHost|Request finished in 39.3604ms 200 image/jpeg 
2019-02-11 18:21:02.2069|2|INFO|Microsoft.AspNetCore.StaticFiles.StaticFileMiddleware|Sending file. Request path: '/dist/custom_styles.js'. Physical path: 'C:\Users\Diana\Work\Projects\WeedingInvitation\TemplateCoreWeb\wwwroot\dist\custom_styles.js' 
2019-02-11 18:21:02.2069|2|INFO|Microsoft.AspNetCore.Hosting.Internal.WebHost|Request finished in 68.9239ms 200 application/javascript 
2019-02-11 18:21:02.2747|1|INFO|Microsoft.AspNetCore.Hosting.Internal.WebHost|Request starting HTTP/1.1 GET http://localhost:53185/img/title-divider.png   
2019-02-11 18:21:02.2927|2|INFO|Microsoft.AspNetCore.StaticFiles.StaticFileMiddleware|Sending file. Request path: '/img/title-divider.png'. Physical path: 'C:\Users\Diana\Work\Projects\WeedingInvitation\TemplateCoreWeb\wwwroot\img\title-divider.png' 
2019-02-11 18:21:02.2960|2|INFO|Microsoft.AspNetCore.Hosting.Internal.WebHost|Request finished in 21.2177ms 200 image/png 
2019-02-11 18:21:02.2960|1|INFO|Microsoft.AspNetCore.Hosting.Internal.WebHost|Request starting HTTP/1.1 GET http://localhost:53185/img/wedding-event-1.jpg   
2019-02-11 18:21:02.3214|1|INFO|Microsoft.AspNetCore.Hosting.Internal.WebHost|Request starting HTTP/1.1 GET http://localhost:53185/img/wedding-event-2.jpg   
2019-02-11 18:21:02.3580|2|INFO|Microsoft.AspNetCore.StaticFiles.StaticFileMiddleware|Sending file. Request path: '/dist/vendor_styles.js'. Physical path: 'C:\Users\Diana\Work\Projects\WeedingInvitation\TemplateCoreWeb\wwwroot\dist\vendor_styles.js' 
2019-02-11 18:21:02.3753|2|INFO|Microsoft.AspNetCore.Hosting.Internal.WebHost|Request finished in 224.5194ms 200 application/javascript 
2019-02-11 18:21:02.3580|2|INFO|Microsoft.AspNetCore.StaticFiles.StaticFileMiddleware|Sending file. Request path: '/img/wedding-event-1.jpg'. Physical path: 'C:\Users\Diana\Work\Projects\WeedingInvitation\TemplateCoreWeb\wwwroot\img\wedding-event-1.jpg' 
2019-02-11 18:21:02.3753|2|INFO|Microsoft.AspNetCore.StaticFiles.StaticFileMiddleware|Sending file. Request path: '/img/wedding-event-2.jpg'. Physical path: 'C:\Users\Diana\Work\Projects\WeedingInvitation\TemplateCoreWeb\wwwroot\img\wedding-event-2.jpg' 
2019-02-11 18:21:02.3894|2|INFO|Microsoft.AspNetCore.Hosting.Internal.WebHost|Request finished in 68.0072ms 200 image/jpeg 
2019-02-11 18:21:02.3753|2|INFO|Microsoft.AspNetCore.Hosting.Internal.WebHost|Request finished in 71.5211ms 200 image/jpeg 
2019-02-11 18:21:02.4338|1|INFO|Microsoft.AspNetCore.Hosting.Internal.WebHost|Request starting HTTP/1.1 GET http://localhost:53185/img/love-story/love-story-1.jpg   
2019-02-11 18:21:02.4481|2|INFO|Microsoft.AspNetCore.StaticFiles.StaticFileMiddleware|Sending file. Request path: '/img/love-story/love-story-1.jpg'. Physical path: 'C:\Users\Diana\Work\Projects\WeedingInvitation\TemplateCoreWeb\wwwroot\img\love-story\love-story-1.jpg' 
2019-02-11 18:21:02.4481|2|INFO|Microsoft.AspNetCore.Hosting.Internal.WebHost|Request finished in 16.074ms 200 image/jpeg 
2019-02-11 18:21:02.4635|1|INFO|Microsoft.AspNetCore.Hosting.Internal.WebHost|Request starting HTTP/1.1 GET http://localhost:53185/img/love-story/love-story-2.jpg   
2019-02-11 18:21:02.4747|2|INFO|Microsoft.AspNetCore.StaticFiles.StaticFileMiddleware|Sending file. Request path: '/img/love-story/love-story-2.jpg'. Physical path: 'C:\Users\Diana\Work\Projects\WeedingInvitation\TemplateCoreWeb\wwwroot\img\love-story\love-story-2.jpg' 
2019-02-11 18:21:02.4747|2|INFO|Microsoft.AspNetCore.Hosting.Internal.WebHost|Request finished in 14.9695ms 200 image/jpeg 
2019-02-11 18:21:02.4954|1|INFO|Microsoft.AspNetCore.Hosting.Internal.WebHost|Request starting HTTP/1.1 GET http://localhost:53185/img/love-story/love-story-3.jpg   
2019-02-11 18:21:02.5139|2|INFO|Microsoft.AspNetCore.StaticFiles.StaticFileMiddleware|Sending file. Request path: '/img/love-story/love-story-3.jpg'. Physical path: 'C:\Users\Diana\Work\Projects\WeedingInvitation\TemplateCoreWeb\wwwroot\img\love-story\love-story-3.jpg' 
2019-02-11 18:21:02.5212|2|INFO|Microsoft.AspNetCore.Hosting.Internal.WebHost|Request finished in 25.6614ms 200 image/jpeg 
2019-02-11 18:21:02.6357|1|INFO|Microsoft.AspNetCore.Hosting.Internal.WebHost|Request starting HTTP/1.1 GET http://localhost:53185/__webpack_hmr   
2019-02-11 18:21:02.6565|1|INFO|Microsoft.AspNetCore.Hosting.Internal.WebHost|Request starting HTTP/1.1 GET http://localhost:53185/img/love-story/love-story-4.jpg   
2019-02-11 18:21:02.6565|1|INFO|Microsoft.AspNetCore.Hosting.Internal.WebHost|Request starting HTTP/1.1 GET http://localhost:53185/img/love-story/love-story-5.jpg   
2019-02-11 18:21:02.6565|2|INFO|Microsoft.AspNetCore.StaticFiles.StaticFileMiddleware|Sending file. Request path: '/img/love-story/love-story-4.jpg'. Physical path: 'C:\Users\Diana\Work\Projects\WeedingInvitation\TemplateCoreWeb\wwwroot\img\love-story\love-story-4.jpg' 
2019-02-11 18:21:02.6749|2|INFO|Microsoft.AspNetCore.StaticFiles.StaticFileMiddleware|Sending file. Request path: '/img/love-story/love-story-5.jpg'. Physical path: 'C:\Users\Diana\Work\Projects\WeedingInvitation\TemplateCoreWeb\wwwroot\img\love-story\love-story-5.jpg' 
2019-02-11 18:21:02.6749|2|INFO|Microsoft.AspNetCore.Hosting.Internal.WebHost|Request finished in 20.4956ms 200 image/jpeg 
2019-02-11 18:21:02.6749|2|INFO|Microsoft.AspNetCore.Hosting.Internal.WebHost|Request finished in 15.7223ms 200 image/jpeg 
2019-02-11 18:21:02.7193|2|INFO|Microsoft.AspNetCore.Hosting.Internal.WebHost|Request finished in 6318.5334ms 200 text/event-stream; charset=utf-8 
2019-02-11 18:21:02.7563|1|INFO|Microsoft.AspNetCore.Hosting.Internal.WebHost|Request starting HTTP/1.1 GET http://localhost:53185/img/gallery/gallery-2.jpg   
2019-02-11 18:21:02.7563|1|INFO|Microsoft.AspNetCore.Hosting.Internal.WebHost|Request starting HTTP/1.1 GET http://localhost:53185/img/gallery/gallery-3.jpg   
2019-02-11 18:21:02.7563|1|INFO|Microsoft.AspNetCore.Hosting.Internal.WebHost|Request starting HTTP/1.1 GET http://localhost:53185/img/gallery/gallery-1.jpg   
2019-02-11 18:21:02.7563|1|INFO|Microsoft.AspNetCore.Hosting.Internal.WebHost|Request starting HTTP/1.1 GET http://localhost:53185/img/gallery/gallery-4.jpg   
2019-02-11 18:21:02.7755|2|INFO|Microsoft.AspNetCore.StaticFiles.StaticFileMiddleware|Sending file. Request path: '/img/gallery/gallery-2.jpg'. Physical path: 'C:\Users\Diana\Work\Projects\WeedingInvitation\TemplateCoreWeb\wwwroot\img\gallery\gallery-2.jpg' 
2019-02-11 18:21:02.7810|2|INFO|Microsoft.AspNetCore.StaticFiles.StaticFileMiddleware|Sending file. Request path: '/img/gallery/gallery-3.jpg'. Physical path: 'C:\Users\Diana\Work\Projects\WeedingInvitation\TemplateCoreWeb\wwwroot\img\gallery\gallery-3.jpg' 
2019-02-11 18:21:02.7810|1|INFO|Microsoft.AspNetCore.Hosting.Internal.WebHost|Request starting HTTP/1.1 GET http://localhost:53185/img/gallery/gallery-5.jpg   
2019-02-11 18:21:02.7959|2|INFO|Microsoft.AspNetCore.StaticFiles.StaticFileMiddleware|Sending file. Request path: '/img/gallery/gallery-1.jpg'. Physical path: 'C:\Users\Diana\Work\Projects\WeedingInvitation\TemplateCoreWeb\wwwroot\img\gallery\gallery-1.jpg' 
2019-02-11 18:21:02.8437|2|INFO|Microsoft.AspNetCore.StaticFiles.StaticFileMiddleware|Sending file. Request path: '/img/gallery/gallery-4.jpg'. Physical path: 'C:\Users\Diana\Work\Projects\WeedingInvitation\TemplateCoreWeb\wwwroot\img\gallery\gallery-4.jpg' 
2019-02-11 18:21:02.8437|2|INFO|Microsoft.AspNetCore.Hosting.Internal.WebHost|Request finished in 88.3142ms 200 image/jpeg 
2019-02-11 18:21:02.8437|2|INFO|Microsoft.AspNetCore.Hosting.Internal.WebHost|Request finished in 92.0793ms 200 image/jpeg 
2019-02-11 18:21:02.8644|2|INFO|Microsoft.AspNetCore.StaticFiles.StaticFileMiddleware|Sending file. Request path: '/img/gallery/gallery-5.jpg'. Physical path: 'C:\Users\Diana\Work\Projects\WeedingInvitation\TemplateCoreWeb\wwwroot\img\gallery\gallery-5.jpg' 
2019-02-11 18:21:02.8644|2|INFO|Microsoft.AspNetCore.Hosting.Internal.WebHost|Request finished in 108.4286ms 200 image/jpeg 
2019-02-11 18:21:02.8644|2|INFO|Microsoft.AspNetCore.Hosting.Internal.WebHost|Request finished in 111.7237ms 200 image/jpeg 
2019-02-11 18:21:02.8644|1|INFO|Microsoft.AspNetCore.Hosting.Internal.WebHost|Request starting HTTP/1.1 GET http://localhost:53185/img/gallery/gallery-6.jpg   
2019-02-11 18:21:02.8777|2|INFO|Microsoft.AspNetCore.Hosting.Internal.WebHost|Request finished in 88.8011ms 200 image/jpeg 
2019-02-11 18:21:02.8777|1|INFO|Microsoft.AspNetCore.Hosting.Internal.WebHost|Request starting HTTP/1.1 GET http://localhost:53185/img/gallery/gallery-7.jpg   
2019-02-11 18:21:02.8777|1|INFO|Microsoft.AspNetCore.Hosting.Internal.WebHost|Request starting HTTP/1.1 GET http://localhost:53185/dist/fonts/montserrat.woff2   
2019-02-11 18:21:02.9013|2|INFO|Microsoft.AspNetCore.StaticFiles.StaticFileMiddleware|Sending file. Request path: '/img/gallery/gallery-6.jpg'. Physical path: 'C:\Users\Diana\Work\Projects\WeedingInvitation\TemplateCoreWeb\wwwroot\img\gallery\gallery-6.jpg' 
2019-02-11 18:21:02.9157|2|INFO|Microsoft.AspNetCore.Hosting.Internal.WebHost|Request finished in 42.8677ms 200 image/jpeg 
2019-02-11 18:21:02.9157|2|INFO|Microsoft.AspNetCore.StaticFiles.StaticFileMiddleware|Sending file. Request path: '/dist/fonts/montserrat.woff2'. Physical path: 'C:\Users\Diana\Work\Projects\WeedingInvitation\TemplateCoreWeb\wwwroot\dist\fonts\montserrat.woff2' 
2019-02-11 18:21:02.9283|2|INFO|Microsoft.AspNetCore.StaticFiles.StaticFileMiddleware|Sending file. Request path: '/img/gallery/gallery-7.jpg'. Physical path: 'C:\Users\Diana\Work\Projects\WeedingInvitation\TemplateCoreWeb\wwwroot\img\gallery\gallery-7.jpg' 
2019-02-11 18:21:02.9283|2|INFO|Microsoft.AspNetCore.Hosting.Internal.WebHost|Request finished in 46.5661ms 200 font/woff2 
2019-02-11 18:21:02.9515|2|INFO|Microsoft.AspNetCore.Hosting.Internal.WebHost|Request finished in 69.7483ms 200 image/jpeg 
2019-02-11 18:21:02.9515|1|INFO|Microsoft.AspNetCore.Hosting.Internal.WebHost|Request starting HTTP/1.1 GET http://localhost:53185/dist/fonts/ptserif-400.woff2   
2019-02-11 18:21:02.9764|2|INFO|Microsoft.AspNetCore.StaticFiles.StaticFileMiddleware|Sending file. Request path: '/dist/fonts/ptserif-400.woff2'. Physical path: 'C:\Users\Diana\Work\Projects\WeedingInvitation\TemplateCoreWeb\wwwroot\dist\fonts\ptserif-400.woff2' 
2019-02-11 18:21:02.9907|1|INFO|Microsoft.AspNetCore.Hosting.Internal.WebHost|Request starting HTTP/1.1 GET http://localhost:53185/dist/fonts/flaticon.woff   
2019-02-11 18:21:03.0057|2|INFO|Microsoft.AspNetCore.Hosting.Internal.WebHost|Request finished in 44.4147ms 200 font/woff2 
2019-02-11 18:21:03.0174|2|INFO|Microsoft.AspNetCore.StaticFiles.StaticFileMiddleware|Sending file. Request path: '/dist/fonts/flaticon.woff'. Physical path: 'C:\Users\Diana\Work\Projects\WeedingInvitation\TemplateCoreWeb\wwwroot\dist\fonts\flaticon.woff' 
2019-02-11 18:21:03.0174|1|INFO|Microsoft.AspNetCore.Hosting.Internal.WebHost|Request starting HTTP/1.1 GET http://localhost:53185/dist/fonts/fa-brands-400.woff2   
2019-02-11 18:21:03.0309|2|INFO|Microsoft.AspNetCore.Hosting.Internal.WebHost|Request finished in 40.1905ms 200 application/font-woff 
2019-02-11 18:21:03.0503|2|INFO|Microsoft.AspNetCore.StaticFiles.StaticFileMiddleware|Sending file. Request path: '/dist/fonts/fa-brands-400.woff2'. Physical path: 'C:\Users\Diana\Work\Projects\WeedingInvitation\TemplateCoreWeb\wwwroot\dist\fonts\fa-brands-400.woff2' 
2019-02-11 18:21:03.0503|2|INFO|Microsoft.AspNetCore.Hosting.Internal.WebHost|Request finished in 32.3847ms 200 font/woff2 
2019-02-11 18:21:03.0814|1|INFO|Microsoft.AspNetCore.Hosting.Internal.WebHost|Request starting HTTP/1.1 GET http://localhost:53185/img/gallery/gallery-8.jpg   
2019-02-11 18:21:03.0814|1|INFO|Microsoft.AspNetCore.Hosting.Internal.WebHost|Request starting HTTP/1.1 GET http://localhost:53185/dist/vendor_src.js   
2019-02-11 18:21:03.0946|2|INFO|Microsoft.AspNetCore.StaticFiles.StaticFileMiddleware|Sending file. Request path: '/img/gallery/gallery-8.jpg'. Physical path: 'C:\Users\Diana\Work\Projects\WeedingInvitation\TemplateCoreWeb\wwwroot\img\gallery\gallery-8.jpg' 
2019-02-11 18:21:03.0946|2|INFO|Microsoft.AspNetCore.Hosting.Internal.WebHost|Request finished in 22.3125ms 200 image/jpeg 
2019-02-11 18:21:03.1321|1|INFO|Microsoft.AspNetCore.Hosting.Internal.WebHost|Request starting HTTP/1.1 GET http://localhost:53185/dist/main.js   
2019-02-11 18:21:03.1409|1|INFO|Microsoft.AspNetCore.Hosting.Internal.WebHost|Request starting HTTP/1.1 GET http://localhost:53185/img/bg/bg-hero-static.jpg   
2019-02-11 18:21:03.1409|1|INFO|Microsoft.AspNetCore.Hosting.Internal.WebHost|Request starting HTTP/1.1 GET http://localhost:53185/img/section-divider-top.png   
2019-02-11 18:21:03.1648|2|INFO|Microsoft.AspNetCore.StaticFiles.StaticFileMiddleware|Sending file. Request path: '/img/section-divider-top.png'. Physical path: 'C:\Users\Diana\Work\Projects\WeedingInvitation\TemplateCoreWeb\wwwroot\img\section-divider-top.png' 
2019-02-11 18:21:03.1648|2|INFO|Microsoft.AspNetCore.Hosting.Internal.WebHost|Request finished in 17.0689ms 200 image/png 
2019-02-11 18:21:03.1709|2|INFO|Microsoft.AspNetCore.StaticFiles.StaticFileMiddleware|Sending file. Request path: '/dist/main.js'. Physical path: 'C:\Users\Diana\Work\Projects\WeedingInvitation\TemplateCoreWeb\wwwroot\dist\main.js' 
2019-02-11 18:21:03.1709|2|INFO|Microsoft.AspNetCore.StaticFiles.StaticFileMiddleware|Sending file. Request path: '/img/bg/bg-hero-static.jpg'. Physical path: 'C:\Users\Diana\Work\Projects\WeedingInvitation\TemplateCoreWeb\wwwroot\img\bg\bg-hero-static.jpg' 
2019-02-11 18:21:03.1979|2|INFO|Microsoft.AspNetCore.Hosting.Internal.WebHost|Request finished in 65.8776ms 200 application/javascript 
2019-02-11 18:21:03.2062|2|INFO|Microsoft.AspNetCore.Hosting.Internal.WebHost|Request finished in 65.3719ms 200 image/jpeg 
2019-02-11 18:21:03.2062|1|INFO|Microsoft.AspNetCore.Hosting.Internal.WebHost|Request starting HTTP/1.1 GET http://localhost:53185/img/section-divider-bottom.png   
2019-02-11 18:21:03.2620|1|INFO|Microsoft.AspNetCore.Hosting.Internal.WebHost|Request starting HTTP/1.1 GET http://localhost:53185/img/bg/bg-wedding-event.jpg   
2019-02-11 18:21:03.2751|2|INFO|Microsoft.AspNetCore.StaticFiles.StaticFileMiddleware|Sending file. Request path: '/img/section-divider-bottom.png'. Physical path: 'C:\Users\Diana\Work\Projects\WeedingInvitation\TemplateCoreWeb\wwwroot\img\section-divider-bottom.png' 
2019-02-11 18:21:03.2751|2|INFO|Microsoft.AspNetCore.Hosting.Internal.WebHost|Request finished in 64.8884ms 200 image/png 
2019-02-11 18:21:03.2751|2|INFO|Microsoft.AspNetCore.StaticFiles.StaticFileMiddleware|Sending file. Request path: '/img/bg/bg-wedding-event.jpg'. Physical path: 'C:\Users\Diana\Work\Projects\WeedingInvitation\TemplateCoreWeb\wwwroot\img\bg\bg-wedding-event.jpg' 
2019-02-11 18:21:03.2814|1|INFO|Microsoft.AspNetCore.Hosting.Internal.WebHost|Request starting HTTP/1.1 GET http://localhost:53185/img/bg/bg-proposed.jpg   
2019-02-11 18:21:03.2814|2|INFO|Microsoft.AspNetCore.Hosting.Internal.WebHost|Request finished in 24.9858ms 200 image/jpeg 
2019-02-11 18:21:03.3333|2|INFO|Microsoft.AspNetCore.StaticFiles.StaticFileMiddleware|Sending file. Request path: '/img/bg/bg-proposed.jpg'. Physical path: 'C:\Users\Diana\Work\Projects\WeedingInvitation\TemplateCoreWeb\wwwroot\img\bg\bg-proposed.jpg' 
2019-02-11 18:21:03.3635|2|INFO|Microsoft.AspNetCore.Hosting.Internal.WebHost|Request finished in 82.0702ms 200 image/jpeg 
2019-02-11 18:21:03.3757|1|INFO|Microsoft.AspNetCore.Hosting.Internal.WebHost|Request starting HTTP/1.1 GET http://localhost:53185/img/section-divider-top-gray-100.png   
2019-02-11 18:21:03.3757|1|INFO|Microsoft.AspNetCore.Hosting.Internal.WebHost|Request starting HTTP/1.1 GET http://localhost:53185/img/icon-zoom-in-white.png   
2019-02-11 18:21:03.3757|2|INFO|Microsoft.AspNetCore.StaticFiles.StaticFileMiddleware|Sending file. Request path: '/img/section-divider-top-gray-100.png'. Physical path: 'C:\Users\Diana\Work\Projects\WeedingInvitation\TemplateCoreWeb\wwwroot\img\section-divider-top-gray-100.png' 
2019-02-11 18:21:03.3946|2|INFO|Microsoft.AspNetCore.Hosting.Internal.WebHost|Request finished in 18.906ms 200 image/png 
2019-02-11 18:21:03.3946|2|INFO|Microsoft.AspNetCore.StaticFiles.StaticFileMiddleware|Sending file. Request path: '/img/icon-zoom-in-white.png'. Physical path: 'C:\Users\Diana\Work\Projects\WeedingInvitation\TemplateCoreWeb\wwwroot\img\icon-zoom-in-white.png' 
2019-02-11 18:21:03.3946|2|INFO|Microsoft.AspNetCore.Hosting.Internal.WebHost|Request finished in 25.2403ms 200 image/png 
2019-02-11 18:21:03.4094|1|INFO|Microsoft.AspNetCore.Hosting.Internal.WebHost|Request starting HTTP/1.1 GET http://localhost:53185/img/bg/bg-wedding-gifts.jpg   
2019-02-11 18:21:03.4094|1|INFO|Microsoft.AspNetCore.Hosting.Internal.WebHost|Request starting HTTP/1.1 GET http://localhost:53185/img/section-divider-bottom-gray-100.png   
2019-02-11 18:21:03.4415|2|INFO|Microsoft.AspNetCore.StaticFiles.StaticFileMiddleware|Sending file. Request path: '/img/bg/bg-wedding-gifts.jpg'. Physical path: 'C:\Users\Diana\Work\Projects\WeedingInvitation\TemplateCoreWeb\wwwroot\img\bg\bg-wedding-gifts.jpg' 
2019-02-11 18:21:03.4415|2|INFO|Microsoft.AspNetCore.StaticFiles.StaticFileMiddleware|Sending file. Request path: '/img/section-divider-bottom-gray-100.png'. Physical path: 'C:\Users\Diana\Work\Projects\WeedingInvitation\TemplateCoreWeb\wwwroot\img\section-divider-bottom-gray-100.png' 
2019-02-11 18:21:03.4595|2|INFO|Microsoft.AspNetCore.Hosting.Internal.WebHost|Request finished in 50.0915ms 200 image/jpeg 
2019-02-11 18:21:03.4703|2|INFO|Microsoft.AspNetCore.Hosting.Internal.WebHost|Request finished in 55.0489ms 200 image/png 
2019-02-11 18:21:03.4828|1|INFO|Microsoft.AspNetCore.Hosting.Internal.WebHost|Request starting HTTP/1.1 GET http://localhost:53185/img/bg/bg-footer.jpg   
2019-02-11 18:21:03.5077|2|INFO|Microsoft.AspNetCore.StaticFiles.StaticFileMiddleware|Sending file. Request path: '/img/bg/bg-footer.jpg'. Physical path: 'C:\Users\Diana\Work\Projects\WeedingInvitation\TemplateCoreWeb\wwwroot\img\bg\bg-footer.jpg' 
2019-02-11 18:21:03.5077|2|INFO|Microsoft.AspNetCore.Hosting.Internal.WebHost|Request finished in 27.8447ms 200 image/jpeg 
2019-02-11 18:21:03.5514|2|INFO|Microsoft.AspNetCore.StaticFiles.StaticFileMiddleware|Sending file. Request path: '/dist/vendor_src.js'. Physical path: 'C:\Users\Diana\Work\Projects\WeedingInvitation\TemplateCoreWeb\wwwroot\dist\vendor_src.js' 
2019-02-11 18:21:03.5514|2|INFO|Microsoft.AspNetCore.Hosting.Internal.WebHost|Request finished in 469.607ms 200 application/javascript 
2019-02-11 18:21:03.9530|1|INFO|Microsoft.AspNetCore.Hosting.Internal.WebHost|Request starting HTTP/1.1 GET http://localhost:53185/json/particles.json   
2019-02-11 18:21:03.9530|2|INFO|Microsoft.AspNetCore.StaticFiles.StaticFileMiddleware|Sending file. Request path: '/json/particles.json'. Physical path: 'C:\Users\Diana\Work\Projects\WeedingInvitation\TemplateCoreWeb\wwwroot\json\particles.json' 
2019-02-11 18:21:03.9530|2|INFO|Microsoft.AspNetCore.Hosting.Internal.WebHost|Request finished in 7.1299ms 200 application/json 
2019-02-11 18:21:03.9939|1|INFO|Microsoft.AspNetCore.Hosting.Internal.WebHost|Request starting HTTP/1.1 GET http://localhost:53185/dist/fonts/ptserif-700.woff2   
2019-02-11 18:21:03.9939|1|INFO|Microsoft.AspNetCore.Hosting.Internal.WebHost|Request starting HTTP/1.1 GET http://localhost:53185/dist/fonts/fa-regular-400.woff2   
2019-02-11 18:21:03.9987|2|INFO|Microsoft.AspNetCore.StaticFiles.StaticFileMiddleware|Sending file. Request path: '/dist/fonts/ptserif-700.woff2'. Physical path: 'C:\Users\Diana\Work\Projects\WeedingInvitation\TemplateCoreWeb\wwwroot\dist\fonts\ptserif-700.woff2' 
2019-02-11 18:21:03.9987|2|INFO|Microsoft.AspNetCore.Hosting.Internal.WebHost|Request finished in 7.9703ms 200 font/woff2 
2019-02-11 18:21:03.9987|2|INFO|Microsoft.AspNetCore.StaticFiles.StaticFileMiddleware|Sending file. Request path: '/dist/fonts/fa-regular-400.woff2'. Physical path: 'C:\Users\Diana\Work\Projects\WeedingInvitation\TemplateCoreWeb\wwwroot\dist\fonts\fa-regular-400.woff2' 
2019-02-11 18:21:03.9987|2|INFO|Microsoft.AspNetCore.Hosting.Internal.WebHost|Request finished in 14.2921ms 200 font/woff2 
2019-02-11 18:21:04.4772|1|INFO|Microsoft.AspNetCore.Hosting.Internal.WebHost|Request starting HTTP/1.1 GET http://localhost:53185/favicon-32x32.png   
2019-02-11 18:21:04.5121|2|INFO|Microsoft.AspNetCore.StaticFiles.StaticFileMiddleware|Sending file. Request path: '/favicon-32x32.png'. Physical path: 'C:\Users\Diana\Work\Projects\WeedingInvitation\TemplateCoreWeb\wwwroot\favicon-32x32.png' 
2019-02-11 18:21:04.5357|2|INFO|Microsoft.AspNetCore.Hosting.Internal.WebHost|Request finished in 58.4418ms 200 image/png 
2019-02-11 18:21:05.1899|1|INFO|Microsoft.AspNetCore.Hosting.Internal.WebHost|Request starting HTTP/1.1 GET http://localhost:53185/dist/fonts/fa-solid-900.woff2   
2019-02-11 18:21:05.1899|2|INFO|Microsoft.AspNetCore.StaticFiles.StaticFileMiddleware|Sending file. Request path: '/dist/fonts/fa-solid-900.woff2'. Physical path: 'C:\Users\Diana\Work\Projects\WeedingInvitation\TemplateCoreWeb\wwwroot\dist\fonts\fa-solid-900.woff2' 
2019-02-11 18:21:05.2084|2|INFO|Microsoft.AspNetCore.Hosting.Internal.WebHost|Request finished in 18.5405ms 200 font/woff2 
2019-02-11 18:21:18.2465|1|INFO|Microsoft.AspNetCore.Hosting.Internal.WebHost|Request starting HTTP/1.1 GET http://localhost:53185/   
2019-02-11 18:21:18.2596|1|INFO|Microsoft.AspNetCore.Mvc.Internal.ControllerActionInvoker|Route matched with {action = "Index", controller = "Home"}. Executing action TemplateCoreWebTest.Controllers.HomeController.Index (WeedingInvitation) 
2019-02-11 18:21:18.2596|1|INFO|Microsoft.AspNetCore.Mvc.Internal.ControllerActionInvoker|Executing action method TemplateCoreWebTest.Controllers.HomeController.Index (WeedingInvitation) with arguments () - Validation state: Valid 
2019-02-11 18:21:18.2596|2|INFO|Microsoft.AspNetCore.Mvc.Internal.ControllerActionInvoker|Executed action method TemplateCoreWebTest.Controllers.HomeController.Index (WeedingInvitation), returned result Microsoft.AspNetCore.Mvc.ViewResult in 0.0205ms. 
2019-02-11 18:21:18.2635|1|INFO|Microsoft.AspNetCore.Mvc.ViewFeatures.ViewResultExecutor|Executing ViewResult, running view Index. 
2019-02-11 18:21:18.2635|4|INFO|Microsoft.AspNetCore.Mvc.ViewFeatures.ViewResultExecutor|Executed ViewResult - view Index executed in 2.3883ms. 
2019-02-11 18:21:18.2635|2|INFO|Microsoft.AspNetCore.Mvc.Internal.ControllerActionInvoker|Executed action TemplateCoreWebTest.Controllers.HomeController.Index (WeedingInvitation) in 9.3531ms 
2019-02-11 18:21:18.2635|2|INFO|Microsoft.AspNetCore.Hosting.Internal.WebHost|Request finished in 30.1699ms 200 text/html; charset=utf-8 
2019-02-11 18:21:18.4634|1|INFO|Microsoft.AspNetCore.Hosting.Internal.WebHost|Request starting HTTP/1.1 GET http://localhost:53185/__webpack_hmr   
2019-02-11 18:21:20.3513|2|INFO|Microsoft.AspNetCore.Hosting.Internal.WebHost|Request finished in 1887.9468ms 200 text/event-stream; charset=utf-8 
2019-02-11 18:21:22.3888|1|INFO|Microsoft.AspNetCore.Hosting.Internal.WebHost|Request starting HTTP/1.1 GET http://localhost:53185/img/icon-zoom-out-dark.png   
2019-02-11 18:21:22.3940|1|INFO|Microsoft.AspNetCore.Hosting.Internal.WebHost|Request starting HTTP/1.1 GET http://localhost:53185/img/icon-arrow-right-dark.png   
2019-02-11 18:21:22.3940|1|INFO|Microsoft.AspNetCore.Hosting.Internal.WebHost|Request starting HTTP/1.1 GET http://localhost:53185/img/icon-arrow-left-dark.png   
2019-02-11 18:21:22.3940|2|INFO|Microsoft.AspNetCore.StaticFiles.StaticFileMiddleware|Sending file. Request path: '/img/icon-zoom-out-dark.png'. Physical path: 'C:\Users\Diana\Work\Projects\WeedingInvitation\TemplateCoreWeb\wwwroot\img\icon-zoom-out-dark.png' 
2019-02-11 18:21:22.4050|2|INFO|Microsoft.AspNetCore.StaticFiles.StaticFileMiddleware|Sending file. Request path: '/img/icon-arrow-right-dark.png'. Physical path: 'C:\Users\Diana\Work\Projects\WeedingInvitation\TemplateCoreWeb\wwwroot\img\icon-arrow-right-dark.png' 
2019-02-11 18:21:22.4050|2|INFO|Microsoft.AspNetCore.Hosting.Internal.WebHost|Request finished in 21.3725ms 200 image/png 
2019-02-11 18:21:22.4050|2|INFO|Microsoft.AspNetCore.Hosting.Internal.WebHost|Request finished in 18.8834ms 200 image/png 
2019-02-11 18:21:22.4050|2|INFO|Microsoft.AspNetCore.StaticFiles.StaticFileMiddleware|Sending file. Request path: '/img/icon-arrow-left-dark.png'. Physical path: 'C:\Users\Diana\Work\Projects\WeedingInvitation\TemplateCoreWeb\wwwroot\img\icon-arrow-left-dark.png' 
2019-02-11 18:21:22.4050|2|INFO|Microsoft.AspNetCore.Hosting.Internal.WebHost|Request finished in 23.0669ms 200 image/png 
2019-02-11 18:21:50.3521|2|INFO|Microsoft.AspNetCore.Hosting.Internal.WebHost|Request finished in 47715.8909ms 200 text/event-stream; charset=utf-8 
