2019-01-16 11:49:49.1752||DEBUG|TemplateCoreWebTest.Program|init main 
2019-01-16 11:49:49.8239||INFO|Microsoft.AspNetCore.DataProtection.KeyManagement.XmlKeyManager|User profile is available. Using 'C:\Users\Diana\AppData\Local\ASP.NET\DataProtection-Keys' as key repository and Windows DPAPI to encrypt keys at rest. 
2019-01-16 11:49:53.9758||INFO|Microsoft.AspNetCore.NodeServices|development mode: true 
2019-01-16 11:49:57.3571||ERROR|Microsoft.AspNetCore.NodeServices|clean-webpack-plugin: C:\Users\Diana\Work\Projects\WeedingInvitation\TemplateCoreWeb\wwwroot\dist has been removed. 
2019-01-16 11:49:57.9769|1|INFO|Microsoft.AspNetCore.Hosting.Internal.WebHost|Request starting HTTP/1.1 GET http://localhost:53185/   
2019-01-16 11:49:58.2479||INFO|Microsoft.AspNetCore.NodeServices|[34mi[39m [90mя╜вwdmя╜г[39m: wait until bundle finished: / 
2019-01-16 11:50:12.9929||INFO|Microsoft.AspNetCore.NodeServices|webpack built ce05e6fe98d4c8367988 in 15351ms 
2019-01-16 11:50:13.1143||INFO|Microsoft.AspNetCore.NodeServices|[34mi[39m [90mя╜вwdmя╜г[39m: Hash: ce05e6fe98d4c8367988
Version: webpack 4.23.1
Time: 15351ms
Built at: 2019-01-16 11:50:12
                                         Asset      Size         Chunks             Chunk Names
 ../img/_/fonts/font-awesome/fa-brands-400.svg  49 bytes                 [emitted]  
../img/_/fonts/font-awesome/fa-regular-400.svg  50 bytes                 [emitted]  
  ../img/_/fonts/font-awesome/fa-solid-900.svg  48 bytes                 [emitted]  
    critical-foft-preload-fallback-optional.js  8.04 KiB                 [emitted]  
                              custom_styles.js   430 KiB  custom_styles  [emitted]  custom_styles
                           custom_styles.js.gz  66.1 KiB                 [emitted]  
                       fonts/fa-brands-400.eot  96.3 KiB                 [emitted]  
                    fonts/fa-brands-400.eot.gz    63 KiB                 [emitted]  
                       fonts/fa-brands-400.svg   496 KiB                 [emitted]  
                    fonts/fa-brands-400.svg.gz   159 KiB                 [emitted]  
                       fonts/fa-brands-400.ttf  96.1 KiB                 [emitted]  
                    fonts/fa-brands-400.ttf.gz  62.9 KiB                 [emitted]  
                      fonts/fa-brands-400.woff  62.2 KiB                 [emitted]  
                     fonts/fa-brands-400.woff2  53.2 KiB                 [emitted]  
                      fonts/fa-regular-400.eot  30.4 KiB                 [emitted]  
                   fonts/fa-regular-400.eot.gz  14.6 KiB                 [emitted]  
                      fonts/fa-regular-400.svg   105 KiB                 [emitted]  
                   fonts/fa-regular-400.svg.gz  35.7 KiB                 [emitted]  
                      fonts/fa-regular-400.ttf  30.2 KiB                 [emitted]  
                   fonts/fa-regular-400.ttf.gz  14.6 KiB                 [emitted]  
                     fonts/fa-regular-400.woff  14.4 KiB                 [emitted]  
                    fonts/fa-regular-400.woff2    12 KiB                 [emitted]  
                        fonts/fa-solid-900.eot   104 KiB                 [emitted]  
                     fonts/fa-solid-900.eot.gz  50.3 KiB                 [emitted]  
                        fonts/fa-solid-900.svg   382 KiB                 [emitted]  
                     fonts/fa-solid-900.svg.gz   130 KiB                 [emitted]  
                        fonts/fa-solid-900.ttf   103 KiB                 [emitted]  
                     fonts/fa-solid-900.ttf.gz  50.2 KiB                 [emitted]  
                       fonts/fa-solid-900.woff  49.3 KiB                 [emitted]  
                      fonts/fa-solid-900.woff2  39.2 KiB                 [emitted]  
                            fonts/flaticon.eot  2.57 KiB                 [emitted]  
                         fonts/flaticon.eot.gz  1.42 KiB                 [emitted]  
                            fonts/flaticon.ttf  27.6 KiB                 [emitted]  
                         fonts/flaticon.ttf.gz  17.4 KiB                 [emitted]  
                           fonts/flaticon.woff  17.6 KiB                 [emitted]  
                        fonts/montserrat.woff2  18.3 KiB                 [emitted]  
                       fonts/ptserif-400.woff2  33.5 KiB                 [emitted]  
                       fonts/ptserif-700.woff2  27.3 KiB                 [emitted]  
                                       main.js   215 KiB           main  [emitted]  main
                                    main.js.gz  47.4 KiB                 [emitted]  
                                         sw.js  2.14 KiB                 [emitted]  
                                 vendor_src.js   965 KiB     vendor_src  [emitted]  vendor_src
                              vendor_src.js.gz   212 KiB                 [emitted]  
                              vendor_styles.js  1.07 MiB  vendor_styles  [emitted]  vendor_styles
                           vendor_styles.js.gz   182 KiB                 [emitted]  
Entrypoint vendor_styles = vendor_styles.js
Entrypoint vendor_src = vendor_src.js
Entrypoint custom_styles = custom_styles.js
Entrypoint main = main.js
[0] multi webpack-hot-middleware/client?path=__webpack_hmr&dynamicPublicPath=true ./ClientApp/src/assets/js/vendor_styles.js 40 bytes {vendor_styles} [built]
[1] multi webpack-hot-middleware/client?path=__webpack_hmr&dynamicPublicPath=true script-loader!./ClientApp/src/assets/vendor/jquery.min.js script-loader!./ClientApp/src/assets/vendor/popper.min.js script-loader!./ClientApp/src/assets/vendor/bootstrap.min.js script-loader!./ClientApp/src/assets/vendor/pace.min.js script-loader!./ClientApp/src/assets/vendor/particles.min.js script-loader!./ClientApp/src/assets/vendor/jquery.easing.min.js script-loader!./ClientApp/src/assets/vendor/imagesloaded.pkgd.min.js script-loader!./ClientApp/src/assets/vendor/flickity.pkgd.min.js script-loader!./ClientApp/src/assets/vendor/isotope.pkgd.min.js script-loader!./ClientApp/src/assets/vendor/jquery.magnific-popup.min.js script-loader!./ClientApp/src/assets/vendor/jquery.countdown.min.js script-loader!./ClientApp/src/assets/vendor/jquery.validate.min.js script-loader!./ClientApp/src/assets/vendor/jquery-confirm.min.js script-loader!./ClientApp/src/assets/vendor/greensock/TweenMax.min.js script-loader!./ClientApp/src/assets/vendor/ScrollMagic.min.js script-loader!./ClientApp/src/assets/vendor/animation.gsap.min.js script-loader!./ClientApp/src/assets/vendor/theme.js script-loader!./ClientApp/src/assets/vendor/milea.js 244 bytes {vendor_src} [built]
[2] multi webpack-hot-middleware/client?path=__webpack_hmr&dynamicPublicPath=true ./ClientApp/src/assets/js/custom_styles.js 40 bytes {custom_styles} [built]
[3] multi webpack-hot-middleware/client?path=__webpack_hmr&dynamicPublicPath=true ./ClientApp/src/assets/js/index.js 40 bytes {main} [built]
[./ClientApp/src/assets/js/custom_styles.js] 28 bytes {custom_styles} [built]
[./ClientApp/src/assets/js/index.js] 274 bytes {main} [built]
[./ClientApp/src/assets/js/vendor_styles.js] 215 bytes {vendor_styles} [built]
[./node_modules/script-loader/index.js!./ClientApp/src/assets/vendor/ScrollMagic.min.js] ./node_modules/script-loader!./ClientApp/src/assets/vendor/ScrollMagic.min.js 484 bytes {vendor_src} [built]
[./node_modules/script-loader/index.js!./ClientApp/src/assets/vendor/animation.gsap.min.js] ./node_modules/script-loader!./ClientApp/src/assets/vendor/animation.gsap.min.js 487 bytes {vendor_src} [built]
[./node_modules/script-loader/index.js!./ClientApp/src/assets/vendor/bootstrap.min.js] ./node_modules/script-loader!./ClientApp/src/assets/vendor/bootstrap.min.js 482 bytes {vendor_src} [built]
[./node_modules/script-loader/index.js!./ClientApp/src/assets/vendor/flickity.pkgd.min.js] ./node_modules/script-loader!./ClientApp/src/assets/vendor/flickity.pkgd.min.js 486 bytes {vendor_src} [built]
[./node_modules/script-loader/index.js!./ClientApp/src/assets/vendor/greensock/TweenMax.min.js] ./node_modules/script-loader!./ClientApp/src/assets/vendor/greensock/TweenMax.min.js 492 bytes {vendor_src} [built]
[./node_modules/script-loader/index.js!./ClientApp/src/assets/vendor/imagesloaded.pkgd.min.js] ./node_modules/script-loader!./ClientApp/src/assets/vendor/imagesloaded.pkgd.min.js 490 bytes {vendor_src} [built]
[./node_modules/script-loader/index.js!./ClientApp/src/assets/vendor/isotope.pkgd.min.js] ./node_modules/script-loader!./ClientApp/src/assets/vendor/isotope.pkgd.min.js 485 bytes {vendor_src} [built]
[./node_modules/script-loader/index.js!./ClientApp/src/assets/vendor/jquery-confirm.min.js] ./node_modules/script-loader!./ClientApp/src/assets/vendor/jquery-confirm.min.js 487 bytes {vendor_src} [built]
    + 86 hidden modules 
2019-01-16 11:50:13.1143||INFO|Microsoft.AspNetCore.NodeServices|[34mi[39m [90mя╜вwdmя╜г[39m: Compiled successfully. 
2019-01-16 11:50:13.1314|3|WARN|Microsoft.AspNetCore.HttpsPolicy.HttpsRedirectionMiddleware|Failed to determine the https port for redirect. 
2019-01-16 11:50:13.4544|1|INFO|Microsoft.AspNetCore.Mvc.Internal.ControllerActionInvoker|Route matched with {action = "Index", controller = "Home"}. Executing action TemplateCoreWebTest.Controllers.HomeController.Index (WeedingInvitation) 
2019-01-16 11:50:13.5043|1|INFO|Microsoft.AspNetCore.Mvc.Internal.ControllerActionInvoker|Executing action method TemplateCoreWebTest.Controllers.HomeController.Index (WeedingInvitation) with arguments () - Validation state: Valid 
2019-01-16 11:50:13.5129|2|INFO|Microsoft.AspNetCore.Mvc.Internal.ControllerActionInvoker|Executed action method TemplateCoreWebTest.Controllers.HomeController.Index (WeedingInvitation), returned result Microsoft.AspNetCore.Mvc.ViewResult in 1.675ms. 
2019-01-16 11:50:13.5628|1|INFO|Microsoft.AspNetCore.Mvc.ViewFeatures.ViewResultExecutor|Executing ViewResult, running view Index. 
2019-01-16 11:50:13.8985|4|INFO|Microsoft.AspNetCore.Mvc.ViewFeatures.ViewResultExecutor|Executed ViewResult - view Index executed in 369.0675ms. 
2019-01-16 11:50:13.9017|2|INFO|Microsoft.AspNetCore.Mvc.Internal.ControllerActionInvoker|Executed action TemplateCoreWebTest.Controllers.HomeController.Index (WeedingInvitation) in 443.8638ms 
2019-01-16 11:50:13.9215|2|INFO|Microsoft.AspNetCore.Hosting.Internal.WebHost|Request finished in 15944.1592ms 200 text/html; charset=utf-8 
2019-01-16 11:50:14.0031|1|INFO|Microsoft.AspNetCore.Hosting.Internal.WebHost|Request starting HTTP/1.1 GET http://localhost:53185/dist/custom_styles.js   
2019-01-16 11:50:14.0031|1|INFO|Microsoft.AspNetCore.Hosting.Internal.WebHost|Request starting HTTP/1.1 GET http://localhost:53185/dist/vendor_styles.js   
2019-01-16 11:50:14.0031|1|INFO|Microsoft.AspNetCore.Hosting.Internal.WebHost|Request starting HTTP/1.1 GET http://localhost:53185/img/the-groom.jpg   
2019-01-16 11:50:14.0171|1|INFO|Microsoft.AspNetCore.Hosting.Internal.WebHost|Request starting HTTP/1.1 GET http://localhost:53185/img/the-bride.jpg   
2019-01-16 11:50:14.0324|6|INFO|Microsoft.AspNetCore.StaticFiles.StaticFileMiddleware|The file /img/the-groom.jpg was not modified 
2019-01-16 11:50:14.0324|6|INFO|Microsoft.AspNetCore.StaticFiles.StaticFileMiddleware|The file /img/the-bride.jpg was not modified 
2019-01-16 11:50:14.0509|2|INFO|Microsoft.AspNetCore.Hosting.Internal.WebHost|Request finished in 44.5415ms 304 image/jpeg 
2019-01-16 11:50:14.0680|2|INFO|Microsoft.AspNetCore.StaticFiles.StaticFileMiddleware|Sending file. Request path: '/dist/custom_styles.js'. Physical path: 'C:\Users\Diana\Work\Projects\WeedingInvitation\TemplateCoreWeb\wwwroot\dist\custom_styles.js' 
2019-01-16 11:50:14.0680|2|INFO|Microsoft.AspNetCore.Hosting.Internal.WebHost|Request finished in 51.0876ms 304 image/jpeg 
2019-01-16 11:50:14.1068|2|INFO|Microsoft.AspNetCore.Hosting.Internal.WebHost|Request finished in 103.6574ms 200 application/javascript 
2019-01-16 11:50:14.1287|1|INFO|Microsoft.AspNetCore.Hosting.Internal.WebHost|Request starting HTTP/1.1 GET http://localhost:53185/img/title-divider.png   
2019-01-16 11:50:14.1358|1|INFO|Microsoft.AspNetCore.Hosting.Internal.WebHost|Request starting HTTP/1.1 GET http://localhost:53185/img/wedding-event-1.jpg   
2019-01-16 11:50:14.1358|6|INFO|Microsoft.AspNetCore.StaticFiles.StaticFileMiddleware|The file /img/title-divider.png was not modified 
2019-01-16 11:50:14.1544|6|INFO|Microsoft.AspNetCore.StaticFiles.StaticFileMiddleware|The file /img/wedding-event-1.jpg was not modified 
2019-01-16 11:50:14.1544|2|INFO|Microsoft.AspNetCore.Hosting.Internal.WebHost|Request finished in 28.0654ms 304 image/png 
2019-01-16 11:50:14.1544|2|INFO|Microsoft.AspNetCore.Hosting.Internal.WebHost|Request finished in 28.1722ms 304 image/jpeg 
2019-01-16 11:50:14.2129|2|INFO|Microsoft.AspNetCore.StaticFiles.StaticFileMiddleware|Sending file. Request path: '/dist/vendor_styles.js'. Physical path: 'C:\Users\Diana\Work\Projects\WeedingInvitation\TemplateCoreWeb\wwwroot\dist\vendor_styles.js' 
2019-01-16 11:50:14.2129|1|INFO|Microsoft.AspNetCore.Hosting.Internal.WebHost|Request starting HTTP/1.1 GET http://localhost:53185/img/wedding-event-2.jpg   
2019-01-16 11:50:14.2129|2|INFO|Microsoft.AspNetCore.Hosting.Internal.WebHost|Request finished in 216.6868ms 200 application/javascript 
2019-01-16 11:50:14.2386|6|INFO|Microsoft.AspNetCore.StaticFiles.StaticFileMiddleware|The file /img/wedding-event-2.jpg was not modified 
2019-01-16 11:50:14.2432|2|INFO|Microsoft.AspNetCore.Hosting.Internal.WebHost|Request finished in 28.1469ms 304 image/jpeg 
2019-01-16 11:50:14.2717|1|INFO|Microsoft.AspNetCore.Hosting.Internal.WebHost|Request starting HTTP/1.1 GET http://localhost:53185/img/love-story/love-story-1.jpg   
2019-01-16 11:50:14.2819|6|INFO|Microsoft.AspNetCore.StaticFiles.StaticFileMiddleware|The file /img/love-story/love-story-1.jpg was not modified 
2019-01-16 11:50:14.2918|2|INFO|Microsoft.AspNetCore.Hosting.Internal.WebHost|Request finished in 20.0607ms 304 image/jpeg 
2019-01-16 11:50:14.2918|1|INFO|Microsoft.AspNetCore.Hosting.Internal.WebHost|Request starting HTTP/1.1 GET http://localhost:53185/img/love-story/love-story-2.jpg   
2019-01-16 11:50:14.3131|6|INFO|Microsoft.AspNetCore.StaticFiles.StaticFileMiddleware|The file /img/love-story/love-story-2.jpg was not modified 
2019-01-16 11:50:14.3396|2|INFO|Microsoft.AspNetCore.Hosting.Internal.WebHost|Request finished in 43.3908ms 304 image/jpeg 
2019-01-16 11:50:14.3396|1|INFO|Microsoft.AspNetCore.Hosting.Internal.WebHost|Request starting HTTP/1.1 GET http://localhost:53185/img/love-story/love-story-3.jpg   
2019-01-16 11:50:14.3628|6|INFO|Microsoft.AspNetCore.StaticFiles.StaticFileMiddleware|The file /img/love-story/love-story-3.jpg was not modified 
2019-01-16 11:50:14.3628|2|INFO|Microsoft.AspNetCore.Hosting.Internal.WebHost|Request finished in 14.6755ms 304 image/jpeg 
2019-01-16 11:50:14.3791|1|INFO|Microsoft.AspNetCore.Hosting.Internal.WebHost|Request starting HTTP/1.1 GET http://localhost:53185/img/love-story/love-story-4.jpg   
2019-01-16 11:50:14.3866|6|INFO|Microsoft.AspNetCore.StaticFiles.StaticFileMiddleware|The file /img/love-story/love-story-4.jpg was not modified 
2019-01-16 11:50:14.3866|2|INFO|Microsoft.AspNetCore.Hosting.Internal.WebHost|Request finished in 9.7651ms 304 image/jpeg 
2019-01-16 11:50:14.3866|1|INFO|Microsoft.AspNetCore.Hosting.Internal.WebHost|Request starting HTTP/1.1 GET http://localhost:53185/img/love-story/love-story-5.jpg   
2019-01-16 11:50:14.4145|6|INFO|Microsoft.AspNetCore.StaticFiles.StaticFileMiddleware|The file /img/love-story/love-story-5.jpg was not modified 
2019-01-16 11:50:14.4251|2|INFO|Microsoft.AspNetCore.Hosting.Internal.WebHost|Request finished in 29.8273ms 304 image/jpeg 
2019-01-16 11:50:14.4338|1|INFO|Microsoft.AspNetCore.Hosting.Internal.WebHost|Request starting HTTP/1.1 GET http://localhost:53185/img/gallery/gallery-1.jpg   
2019-01-16 11:50:14.4338|6|INFO|Microsoft.AspNetCore.StaticFiles.StaticFileMiddleware|The file /img/gallery/gallery-1.jpg was not modified 
2019-01-16 11:50:14.4461|2|INFO|Microsoft.AspNetCore.Hosting.Internal.WebHost|Request finished in 12.2485ms 304 image/jpeg 
2019-01-16 11:50:14.4461|1|INFO|Microsoft.AspNetCore.Hosting.Internal.WebHost|Request starting HTTP/1.1 GET http://localhost:53185/img/gallery/gallery-2.jpg   
2019-01-16 11:50:14.4676|6|INFO|Microsoft.AspNetCore.StaticFiles.StaticFileMiddleware|The file /img/gallery/gallery-2.jpg was not modified 
2019-01-16 11:50:14.4676|2|INFO|Microsoft.AspNetCore.Hosting.Internal.WebHost|Request finished in 25.3969ms 304 image/jpeg 
2019-01-16 11:50:14.6479|1|INFO|Microsoft.AspNetCore.Hosting.Internal.WebHost|Request starting HTTP/1.1 GET http://localhost:53185/__webpack_hmr   
2019-01-16 11:50:14.6479|1|INFO|Microsoft.AspNetCore.Hosting.Internal.WebHost|Request starting HTTP/1.1 GET http://localhost:53185/img/gallery/gallery-3.jpg   
2019-01-16 11:50:14.6596|6|INFO|Microsoft.AspNetCore.StaticFiles.StaticFileMiddleware|The file /img/gallery/gallery-3.jpg was not modified 
2019-01-16 11:50:14.6596|2|INFO|Microsoft.AspNetCore.Hosting.Internal.WebHost|Request finished in 14.4424ms 304 image/jpeg 
2019-01-16 11:50:14.6973|1|INFO|Microsoft.AspNetCore.Hosting.Internal.WebHost|Request starting HTTP/1.1 GET http://localhost:53185/img/gallery/gallery-4.jpg   
2019-01-16 11:50:14.6973|6|INFO|Microsoft.AspNetCore.StaticFiles.StaticFileMiddleware|The file /img/gallery/gallery-4.jpg was not modified 
2019-01-16 11:50:14.6973|2|INFO|Microsoft.AspNetCore.Hosting.Internal.WebHost|Request finished in 12.8993ms 304 image/jpeg 
2019-01-16 11:50:14.7369|1|INFO|Microsoft.AspNetCore.Hosting.Internal.WebHost|Request starting HTTP/1.1 GET http://localhost:53185/img/gallery/gallery-7.jpg   
2019-01-16 11:50:14.7369|1|INFO|Microsoft.AspNetCore.Hosting.Internal.WebHost|Request starting HTTP/1.1 GET http://localhost:53185/img/gallery/gallery-8.jpg   
2019-01-16 11:50:14.7369|1|INFO|Microsoft.AspNetCore.Hosting.Internal.WebHost|Request starting HTTP/1.1 GET http://localhost:53185/img/gallery/gallery-6.jpg   
2019-01-16 11:50:14.7502|1|INFO|Microsoft.AspNetCore.Hosting.Internal.WebHost|Request starting HTTP/1.1 GET http://localhost:53185/img/gallery/gallery-5.jpg   
2019-01-16 11:50:14.7502|6|INFO|Microsoft.AspNetCore.StaticFiles.StaticFileMiddleware|The file /img/gallery/gallery-7.jpg was not modified 
2019-01-16 11:50:14.7594|6|INFO|Microsoft.AspNetCore.StaticFiles.StaticFileMiddleware|The file /img/gallery/gallery-8.jpg was not modified 
2019-01-16 11:50:14.7594|6|INFO|Microsoft.AspNetCore.StaticFiles.StaticFileMiddleware|The file /img/gallery/gallery-6.jpg was not modified 
2019-01-16 11:50:14.7748|2|INFO|Microsoft.AspNetCore.Hosting.Internal.WebHost|Request finished in 37.8794ms 304 image/jpeg 
2019-01-16 11:50:14.7748|2|INFO|Microsoft.AspNetCore.Hosting.Internal.WebHost|Request finished in 37.2111ms 304 image/jpeg 
2019-01-16 11:50:14.7748|6|INFO|Microsoft.AspNetCore.StaticFiles.StaticFileMiddleware|The file /img/gallery/gallery-5.jpg was not modified 
2019-01-16 11:50:14.7748|2|INFO|Microsoft.AspNetCore.Hosting.Internal.WebHost|Request finished in 38.389ms 304 image/jpeg 
2019-01-16 11:50:14.7748|1|INFO|Microsoft.AspNetCore.Hosting.Internal.WebHost|Request starting HTTP/1.1 GET http://localhost:53185/dist/vendor_src.js   
2019-01-16 11:50:14.8010|2|INFO|Microsoft.AspNetCore.Hosting.Internal.WebHost|Request finished in 50.8667ms 304 image/jpeg 
2019-01-16 11:50:14.8164|1|INFO|Microsoft.AspNetCore.Hosting.Internal.WebHost|Request starting HTTP/1.1 GET http://localhost:53185/dist/fonts/montserrat.woff2   
2019-01-16 11:50:14.8405|1|INFO|Microsoft.AspNetCore.Hosting.Internal.WebHost|Request starting HTTP/1.1 GET http://localhost:53185/dist/fonts/flaticon.woff   
2019-01-16 11:50:14.8405|2|INFO|Microsoft.AspNetCore.StaticFiles.StaticFileMiddleware|Sending file. Request path: '/dist/fonts/montserrat.woff2'. Physical path: 'C:\Users\Diana\Work\Projects\WeedingInvitation\TemplateCoreWeb\wwwroot\dist\fonts\montserrat.woff2' 
2019-01-16 11:50:14.8405|2|INFO|Microsoft.AspNetCore.StaticFiles.StaticFileMiddleware|Sending file. Request path: '/dist/fonts/flaticon.woff'. Physical path: 'C:\Users\Diana\Work\Projects\WeedingInvitation\TemplateCoreWeb\wwwroot\dist\fonts\flaticon.woff' 
2019-01-16 11:50:14.8541|2|INFO|Microsoft.AspNetCore.Hosting.Internal.WebHost|Request finished in 37.6624ms 200 font/woff2 
2019-01-16 11:50:14.8541|2|INFO|Microsoft.AspNetCore.Hosting.Internal.WebHost|Request finished in 17.9386ms 200 application/font-woff 
2019-01-16 11:50:14.8541|1|INFO|Microsoft.AspNetCore.Hosting.Internal.WebHost|Request starting HTTP/1.1 GET http://localhost:53185/dist/fonts/ptserif-400.woff2   
2019-01-16 11:50:14.8809|2|INFO|Microsoft.AspNetCore.StaticFiles.StaticFileMiddleware|Sending file. Request path: '/dist/fonts/ptserif-400.woff2'. Physical path: 'C:\Users\Diana\Work\Projects\WeedingInvitation\TemplateCoreWeb\wwwroot\dist\fonts\ptserif-400.woff2' 
2019-01-16 11:50:14.8809|2|INFO|Microsoft.AspNetCore.Hosting.Internal.WebHost|Request finished in 19.4319ms 200 font/woff2 
2019-01-16 11:50:14.8954|1|INFO|Microsoft.AspNetCore.Hosting.Internal.WebHost|Request starting HTTP/1.1 GET http://localhost:53185/dist/fonts/fa-brands-400.woff2   
2019-01-16 11:50:14.9034|2|INFO|Microsoft.AspNetCore.StaticFiles.StaticFileMiddleware|Sending file. Request path: '/dist/fonts/fa-brands-400.woff2'. Physical path: 'C:\Users\Diana\Work\Projects\WeedingInvitation\TemplateCoreWeb\wwwroot\dist\fonts\fa-brands-400.woff2' 
2019-01-16 11:50:14.9187|1|INFO|Microsoft.AspNetCore.Hosting.Internal.WebHost|Request starting HTTP/1.1 GET http://localhost:53185/dist/main.js   
2019-01-16 11:50:14.9394|2|INFO|Microsoft.AspNetCore.Hosting.Internal.WebHost|Request finished in 44.0519ms 200 font/woff2 
2019-01-16 11:50:14.9660|1|INFO|Microsoft.AspNetCore.Hosting.Internal.WebHost|Request starting HTTP/1.1 GET http://localhost:53185/img/bg/bg-hero-static.jpg   
2019-01-16 11:50:14.9660|2|INFO|Microsoft.AspNetCore.StaticFiles.StaticFileMiddleware|Sending file. Request path: '/dist/main.js'. Physical path: 'C:\Users\Diana\Work\Projects\WeedingInvitation\TemplateCoreWeb\wwwroot\dist\main.js' 
2019-01-16 11:50:14.9865|6|INFO|Microsoft.AspNetCore.StaticFiles.StaticFileMiddleware|The file /img/bg/bg-hero-static.jpg was not modified 
2019-01-16 11:50:14.9939|2|INFO|Microsoft.AspNetCore.Hosting.Internal.WebHost|Request finished in 75.1785ms 200 application/javascript 
2019-01-16 11:50:14.9939|2|INFO|Microsoft.AspNetCore.Hosting.Internal.WebHost|Request finished in 29.6221ms 304 image/jpeg 
2019-01-16 11:50:15.0207|1|INFO|Microsoft.AspNetCore.Hosting.Internal.WebHost|Request starting HTTP/1.1 GET http://localhost:53185/img/section-divider-top.png   
2019-01-16 11:50:15.0320|1|INFO|Microsoft.AspNetCore.Hosting.Internal.WebHost|Request starting HTTP/1.1 GET http://localhost:53185/img/section-divider-bottom.png   
2019-01-16 11:50:15.0694|6|INFO|Microsoft.AspNetCore.StaticFiles.StaticFileMiddleware|The file /img/section-divider-top.png was not modified 
2019-01-16 11:50:15.0798|1|INFO|Microsoft.AspNetCore.Hosting.Internal.WebHost|Request starting HTTP/1.1 GET http://localhost:53185/img/bg/bg-wedding-event.jpg   
2019-01-16 11:50:15.0798|6|INFO|Microsoft.AspNetCore.StaticFiles.StaticFileMiddleware|The file /img/section-divider-bottom.png was not modified 
2019-01-16 11:50:15.0798|2|INFO|Microsoft.AspNetCore.Hosting.Internal.WebHost|Request finished in 61.2884ms 304 image/png 
2019-01-16 11:50:15.0896|6|INFO|Microsoft.AspNetCore.StaticFiles.StaticFileMiddleware|The file /img/bg/bg-wedding-event.jpg was not modified 
2019-01-16 11:50:15.0896|2|INFO|Microsoft.AspNetCore.Hosting.Internal.WebHost|Request finished in 65.8751ms 304 image/png 
2019-01-16 11:50:15.1098|2|INFO|Microsoft.AspNetCore.Hosting.Internal.WebHost|Request finished in 30.0564ms 304 image/jpeg 
2019-01-16 11:50:15.1792|1|INFO|Microsoft.AspNetCore.Hosting.Internal.WebHost|Request starting HTTP/1.1 GET http://localhost:53185/img/bg/bg-proposed.jpg   
2019-01-16 11:50:15.2002|6|INFO|Microsoft.AspNetCore.StaticFiles.StaticFileMiddleware|The file /img/bg/bg-proposed.jpg was not modified 
2019-01-16 11:50:15.2002|2|INFO|Microsoft.AspNetCore.Hosting.Internal.WebHost|Request finished in 22.3693ms 304 image/jpeg 
2019-01-16 11:50:15.2368|1|INFO|Microsoft.AspNetCore.Hosting.Internal.WebHost|Request starting HTTP/1.1 GET http://localhost:53185/img/section-divider-top-gray-100.png   
2019-01-16 11:50:15.2368|1|INFO|Microsoft.AspNetCore.Hosting.Internal.WebHost|Request starting HTTP/1.1 GET http://localhost:53185/img/icon-zoom-in-white.png   
2019-01-16 11:50:15.2528|6|INFO|Microsoft.AspNetCore.StaticFiles.StaticFileMiddleware|The file /img/section-divider-top-gray-100.png was not modified 
2019-01-16 11:50:15.2528|6|INFO|Microsoft.AspNetCore.StaticFiles.StaticFileMiddleware|The file /img/icon-zoom-in-white.png was not modified 
2019-01-16 11:50:15.2635|1|INFO|Microsoft.AspNetCore.Hosting.Internal.WebHost|Request starting HTTP/1.1 GET http://localhost:53185/img/section-divider-bottom-gray-100.png   
2019-01-16 11:50:15.2635|1|INFO|Microsoft.AspNetCore.Hosting.Internal.WebHost|Request starting HTTP/1.1 GET http://localhost:53185/img/bg/bg-wedding-gifts.jpg   
2019-01-16 11:50:15.2768|2|INFO|Microsoft.AspNetCore.Hosting.Internal.WebHost|Request finished in 39.9541ms 304 image/png 
2019-01-16 11:50:15.2768|2|INFO|Microsoft.AspNetCore.Hosting.Internal.WebHost|Request finished in 40.1651ms 304 image/png 
2019-01-16 11:50:15.2768|6|INFO|Microsoft.AspNetCore.StaticFiles.StaticFileMiddleware|The file /img/section-divider-bottom-gray-100.png was not modified 
2019-01-16 11:50:15.2959|2|INFO|Microsoft.AspNetCore.StaticFiles.StaticFileMiddleware|Sending file. Request path: '/dist/vendor_src.js'. Physical path: 'C:\Users\Diana\Work\Projects\WeedingInvitation\TemplateCoreWeb\wwwroot\dist\vendor_src.js' 
2019-01-16 11:50:15.3075|6|INFO|Microsoft.AspNetCore.StaticFiles.StaticFileMiddleware|The file /img/bg/bg-wedding-gifts.jpg was not modified 
2019-01-16 11:50:15.3389|1|INFO|Microsoft.AspNetCore.Hosting.Internal.WebHost|Request starting HTTP/1.1 GET http://localhost:53185/img/bg/bg-footer.jpg   
2019-01-16 11:50:15.3547|2|INFO|Microsoft.AspNetCore.Hosting.Internal.WebHost|Request finished in 91.1653ms 304 image/png 
2019-01-16 11:50:15.3828|2|INFO|Microsoft.AspNetCore.Hosting.Internal.WebHost|Request finished in 600.7972ms 200 application/javascript 
2019-01-16 11:50:15.3858|2|INFO|Microsoft.AspNetCore.Hosting.Internal.WebHost|Request finished in 112.0633ms 304 image/jpeg 
2019-01-16 11:50:15.3858|6|INFO|Microsoft.AspNetCore.StaticFiles.StaticFileMiddleware|The file /img/bg/bg-footer.jpg was not modified 
2019-01-16 11:50:15.4163|2|INFO|Microsoft.AspNetCore.Hosting.Internal.WebHost|Request finished in 77.3205ms 304 image/jpeg 
2019-01-16 11:50:15.9134|1|INFO|Microsoft.AspNetCore.Hosting.Internal.WebHost|Request starting HTTP/1.1 GET http://localhost:53185/json/particles.json   
2019-01-16 11:50:15.9180|6|INFO|Microsoft.AspNetCore.StaticFiles.StaticFileMiddleware|The file /json/particles.json was not modified 
2019-01-16 11:50:15.9180|2|INFO|Microsoft.AspNetCore.Hosting.Internal.WebHost|Request finished in 6.0362ms 304 application/json 
2019-01-16 11:50:15.9659|1|INFO|Microsoft.AspNetCore.Hosting.Internal.WebHost|Request starting HTTP/1.1 GET http://localhost:53185/dist/fonts/ptserif-700.woff2   
2019-01-16 11:50:15.9895|1|INFO|Microsoft.AspNetCore.Hosting.Internal.WebHost|Request starting HTTP/1.1 GET http://localhost:53185/dist/fonts/fa-regular-400.woff2   
2019-01-16 11:50:15.9895|2|INFO|Microsoft.AspNetCore.StaticFiles.StaticFileMiddleware|Sending file. Request path: '/dist/fonts/ptserif-700.woff2'. Physical path: 'C:\Users\Diana\Work\Projects\WeedingInvitation\TemplateCoreWeb\wwwroot\dist\fonts\ptserif-700.woff2' 
2019-01-16 11:50:16.0375|2|INFO|Microsoft.AspNetCore.StaticFiles.StaticFileMiddleware|Sending file. Request path: '/dist/fonts/fa-regular-400.woff2'. Physical path: 'C:\Users\Diana\Work\Projects\WeedingInvitation\TemplateCoreWeb\wwwroot\dist\fonts\fa-regular-400.woff2' 
2019-01-16 11:50:16.0554|2|INFO|Microsoft.AspNetCore.Hosting.Internal.WebHost|Request finished in 89.4969ms 200 font/woff2 
2019-01-16 11:50:16.0628|2|INFO|Microsoft.AspNetCore.Hosting.Internal.WebHost|Request finished in 73.2387ms 200 font/woff2 
2019-01-16 11:50:16.4455|1|INFO|Microsoft.AspNetCore.Hosting.Internal.WebHost|Request starting HTTP/1.1 GET http://localhost:53185/manifest.json   
2019-01-16 11:50:16.4656|2|INFO|Microsoft.AspNetCore.StaticFiles.StaticFileMiddleware|Sending file. Request path: '/manifest.json'. Physical path: 'C:\Users\Diana\Work\Projects\WeedingInvitation\TemplateCoreWeb\wwwroot\manifest.json' 
2019-01-16 11:50:16.4656|2|INFO|Microsoft.AspNetCore.Hosting.Internal.WebHost|Request finished in 21.5911ms 200 application/json 
2019-01-16 12:09:32.3965|1|INFO|Microsoft.AspNetCore.Hosting.Internal.WebHost|Request starting HTTP/1.1 GET http://localhost:53185/dist/fonts/fa-solid-900.woff2   
2019-01-16 12:09:32.4538|2|INFO|Microsoft.AspNetCore.StaticFiles.StaticFileMiddleware|Sending file. Request path: '/dist/fonts/fa-solid-900.woff2'. Physical path: 'C:\Users\Diana\Work\Projects\WeedingInvitation\TemplateCoreWeb\wwwroot\dist\fonts\fa-solid-900.woff2' 
2019-01-16 12:09:32.4538|2|INFO|Microsoft.AspNetCore.Hosting.Internal.WebHost|Request finished in 59.7522ms 200 font/woff2 
2019-01-16 12:41:48.8484||DEBUG|TemplateCoreWebTest.Program|init main 
2019-01-16 12:41:49.5192||INFO|Microsoft.AspNetCore.DataProtection.KeyManagement.XmlKeyManager|User profile is available. Using 'C:\Users\Diana\AppData\Local\ASP.NET\DataProtection-Keys' as key repository and Windows DPAPI to encrypt keys at rest. 
2019-01-16 12:41:53.9789||INFO|Microsoft.AspNetCore.NodeServices|development mode: true 
2019-01-16 12:41:57.5898||ERROR|Microsoft.AspNetCore.NodeServices|clean-webpack-plugin: C:\Users\Diana\Work\Projects\WeedingInvitation\TemplateCoreWeb\wwwroot\dist has been removed. 
2019-01-16 12:41:58.5044|1|INFO|Microsoft.AspNetCore.Hosting.Internal.WebHost|Request starting HTTP/1.1 GET http://localhost:53185/   
2019-01-16 12:41:58.5935||INFO|Microsoft.AspNetCore.NodeServices|[34mi[39m [90mя╜вwdmя╜г[39m: wait until bundle finished: / 
2019-01-16 12:42:13.9487||INFO|Microsoft.AspNetCore.NodeServices|webpack built ce05e6fe98d4c8367988 in 16043ms 
2019-01-16 12:42:14.0582||INFO|Microsoft.AspNetCore.NodeServices|[34mi[39m [90mя╜вwdmя╜г[39m: Hash: ce05e6fe98d4c8367988
Version: webpack 4.23.1
Time: 16043ms
Built at: 2019-01-16 12:42:13
                                         Asset      Size         Chunks             Chunk Names
 ../img/_/fonts/font-awesome/fa-brands-400.svg  49 bytes                 [emitted]  
../img/_/fonts/font-awesome/fa-regular-400.svg  50 bytes                 [emitted]  
  ../img/_/fonts/font-awesome/fa-solid-900.svg  48 bytes                 [emitted]  
    critical-foft-preload-fallback-optional.js  8.04 KiB                 [emitted]  
                              custom_styles.js   430 KiB  custom_styles  [emitted]  custom_styles
                           custom_styles.js.gz  66.1 KiB                 [emitted]  
                       fonts/fa-brands-400.eot  96.3 KiB                 [emitted]  
                    fonts/fa-brands-400.eot.gz    63 KiB                 [emitted]  
                       fonts/fa-brands-400.svg   496 KiB                 [emitted]  
                    fonts/fa-brands-400.svg.gz   159 KiB                 [emitted]  
                       fonts/fa-brands-400.ttf  96.1 KiB                 [emitted]  
                    fonts/fa-brands-400.ttf.gz  62.9 KiB                 [emitted]  
                      fonts/fa-brands-400.woff  62.2 KiB                 [emitted]  
                     fonts/fa-brands-400.woff2  53.2 KiB                 [emitted]  
                      fonts/fa-regular-400.eot  30.4 KiB                 [emitted]  
                   fonts/fa-regular-400.eot.gz  14.6 KiB                 [emitted]  
                      fonts/fa-regular-400.svg   105 KiB                 [emitted]  
                   fonts/fa-regular-400.svg.gz  35.7 KiB                 [emitted]  
                      fonts/fa-regular-400.ttf  30.2 KiB                 [emitted]  
                   fonts/fa-regular-400.ttf.gz  14.6 KiB                 [emitted]  
                     fonts/fa-regular-400.woff  14.4 KiB                 [emitted]  
                    fonts/fa-regular-400.woff2    12 KiB                 [emitted]  
                        fonts/fa-solid-900.eot   104 KiB                 [emitted]  
                     fonts/fa-solid-900.eot.gz  50.3 KiB                 [emitted]  
                        fonts/fa-solid-900.svg   382 KiB                 [emitted]  
                     fonts/fa-solid-900.svg.gz   130 KiB                 [emitted]  
                        fonts/fa-solid-900.ttf   103 KiB                 [emitted]  
                     fonts/fa-solid-900.ttf.gz  50.2 KiB                 [emitted]  
                       fonts/fa-solid-900.woff  49.3 KiB                 [emitted]  
                      fonts/fa-solid-900.woff2  39.2 KiB                 [emitted]  
                            fonts/flaticon.eot  2.57 KiB                 [emitted]  
                         fonts/flaticon.eot.gz  1.42 KiB                 [emitted]  
                            fonts/flaticon.ttf  27.6 KiB                 [emitted]  
                         fonts/flaticon.ttf.gz  17.4 KiB                 [emitted]  
                           fonts/flaticon.woff  17.6 KiB                 [emitted]  
                        fonts/montserrat.woff2  18.3 KiB                 [emitted]  
                       fonts/ptserif-400.woff2  33.5 KiB                 [emitted]  
                       fonts/ptserif-700.woff2  27.3 KiB                 [emitted]  
                                       main.js   215 KiB           main  [emitted]  main
                                    main.js.gz  47.4 KiB                 [emitted]  
                                         sw.js  2.14 KiB                 [emitted]  
                                 vendor_src.js   965 KiB     vendor_src  [emitted]  vendor_src
                              vendor_src.js.gz   212 KiB                 [emitted]  
                              vendor_styles.js  1.07 MiB  vendor_styles  [emitted]  vendor_styles
                           vendor_styles.js.gz   182 KiB                 [emitted]  
Entrypoint vendor_styles = vendor_styles.js
Entrypoint vendor_src = vendor_src.js
Entrypoint custom_styles = custom_styles.js
Entrypoint main = main.js
[0] multi webpack-hot-middleware/client?path=__webpack_hmr&dynamicPublicPath=true ./ClientApp/src/assets/js/vendor_styles.js 40 bytes {vendor_styles} [built]
[1] multi webpack-hot-middleware/client?path=__webpack_hmr&dynamicPublicPath=true script-loader!./ClientApp/src/assets/vendor/jquery.min.js script-loader!./ClientApp/src/assets/vendor/popper.min.js script-loader!./ClientApp/src/assets/vendor/bootstrap.min.js script-loader!./ClientApp/src/assets/vendor/pace.min.js script-loader!./ClientApp/src/assets/vendor/particles.min.js script-loader!./ClientApp/src/assets/vendor/jquery.easing.min.js script-loader!./ClientApp/src/assets/vendor/imagesloaded.pkgd.min.js script-loader!./ClientApp/src/assets/vendor/flickity.pkgd.min.js script-loader!./ClientApp/src/assets/vendor/isotope.pkgd.min.js script-loader!./ClientApp/src/assets/vendor/jquery.magnific-popup.min.js script-loader!./ClientApp/src/assets/vendor/jquery.countdown.min.js script-loader!./ClientApp/src/assets/vendor/jquery.validate.min.js script-loader!./ClientApp/src/assets/vendor/jquery-confirm.min.js script-loader!./ClientApp/src/assets/vendor/greensock/TweenMax.min.js script-loader!./ClientApp/src/assets/vendor/ScrollMagic.min.js script-loader!./ClientApp/src/assets/vendor/animation.gsap.min.js script-loader!./ClientApp/src/assets/vendor/theme.js script-loader!./ClientApp/src/assets/vendor/milea.js 244 bytes {vendor_src} [built]
[2] multi webpack-hot-middleware/client?path=__webpack_hmr&dynamicPublicPath=true ./ClientApp/src/assets/js/custom_styles.js 40 bytes {custom_styles} [built]
[3] multi webpack-hot-middleware/client?path=__webpack_hmr&dynamicPublicPath=true ./ClientApp/src/assets/js/index.js 40 bytes {main} [built]
[./ClientApp/src/assets/js/custom_styles.js] 28 bytes {custom_styles} [built]
[./ClientApp/src/assets/js/index.js] 274 bytes {main} [built]
[./ClientApp/src/assets/js/vendor_styles.js] 215 bytes {vendor_styles} [built]
[./node_modules/script-loader/index.js!./ClientApp/src/assets/vendor/ScrollMagic.min.js] ./node_modules/script-loader!./ClientApp/src/assets/vendor/ScrollMagic.min.js 484 bytes {vendor_src} [built]
[./node_modules/script-loader/index.js!./ClientApp/src/assets/vendor/animation.gsap.min.js] ./node_modules/script-loader!./ClientApp/src/assets/vendor/animation.gsap.min.js 487 bytes {vendor_src} [built]
[./node_modules/script-loader/index.js!./ClientApp/src/assets/vendor/bootstrap.min.js] ./node_modules/script-loader!./ClientApp/src/assets/vendor/bootstrap.min.js 482 bytes {vendor_src} [built]
[./node_modules/script-loader/index.js!./ClientApp/src/assets/vendor/flickity.pkgd.min.js] ./node_modules/script-loader!./ClientApp/src/assets/vendor/flickity.pkgd.min.js 486 bytes {vendor_src} [built]
[./node_modules/script-loader/index.js!./ClientApp/src/assets/vendor/greensock/TweenMax.min.js] ./node_modules/script-loader!./ClientApp/src/assets/vendor/greensock/TweenMax.min.js 492 bytes {vendor_src} [built]
[./node_modules/script-loader/index.js!./ClientApp/src/assets/vendor/imagesloaded.pkgd.min.js] ./node_modules/script-loader!./ClientApp/src/assets/vendor/imagesloaded.pkgd.min.js 490 bytes {vendor_src} [built]
[./node_modules/script-loader/index.js!./ClientApp/src/assets/vendor/isotope.pkgd.min.js] ./node_modules/script-loader!./ClientApp/src/assets/vendor/isotope.pkgd.min.js 485 bytes {vendor_src} [built]
[./node_modules/script-loader/index.js!./ClientApp/src/assets/vendor/jquery-confirm.min.js] ./node_modules/script-loader!./ClientApp/src/assets/vendor/jquery-confirm.min.js 487 bytes {vendor_src} [built]
    + 86 hidden modules 
2019-01-16 12:42:14.0582||INFO|Microsoft.AspNetCore.NodeServices|[34mi[39m [90mя╜вwdmя╜г[39m: Compiled successfully. 
2019-01-16 12:42:14.0756|3|WARN|Microsoft.AspNetCore.HttpsPolicy.HttpsRedirectionMiddleware|Failed to determine the https port for redirect. 
2019-01-16 12:42:14.3736|1|INFO|Microsoft.AspNetCore.Mvc.Internal.ControllerActionInvoker|Route matched with {action = "Index", controller = "Home"}. Executing action TemplateCoreWebTest.Controllers.HomeController.Index (WeedingInvitation) 
2019-01-16 12:42:14.4201|1|INFO|Microsoft.AspNetCore.Mvc.Internal.ControllerActionInvoker|Executing action method TemplateCoreWebTest.Controllers.HomeController.Index (WeedingInvitation) with arguments () - Validation state: Valid 
2019-01-16 12:42:14.4311|2|INFO|Microsoft.AspNetCore.Mvc.Internal.ControllerActionInvoker|Executed action method TemplateCoreWebTest.Controllers.HomeController.Index (WeedingInvitation), returned result Microsoft.AspNetCore.Mvc.ViewResult in 0.8675ms. 
2019-01-16 12:42:14.4728|1|INFO|Microsoft.AspNetCore.Mvc.ViewFeatures.ViewResultExecutor|Executing ViewResult, running view Index. 
2019-01-16 12:42:14.8263|4|INFO|Microsoft.AspNetCore.Mvc.ViewFeatures.ViewResultExecutor|Executed ViewResult - view Index executed in 378.506ms. 
2019-01-16 12:42:14.8263|2|INFO|Microsoft.AspNetCore.Mvc.Internal.ControllerActionInvoker|Executed action TemplateCoreWebTest.Controllers.HomeController.Index (WeedingInvitation) in 454.9001ms 
2019-01-16 12:42:14.8786|2|INFO|Microsoft.AspNetCore.Hosting.Internal.WebHost|Request finished in 16376.195ms 200 text/html; charset=utf-8 
2019-01-16 12:42:15.1857|1|INFO|Microsoft.AspNetCore.Hosting.Internal.WebHost|Request starting HTTP/1.1 GET http://localhost:53185/__webpack_hmr   
2019-01-16 12:51:41.6209|1|INFO|Microsoft.AspNetCore.Hosting.Internal.WebHost|Request starting HTTP/1.1 GET http://localhost:53185/__webpack_hmr   
2019-01-16 12:56:41.2024||DEBUG|TemplateCoreWebTest.Program|init main 
2019-01-16 12:56:41.6864||INFO|Microsoft.AspNetCore.DataProtection.KeyManagement.XmlKeyManager|User profile is available. Using 'C:\Users\Diana\AppData\Local\ASP.NET\DataProtection-Keys' as key repository and Windows DPAPI to encrypt keys at rest. 
2019-01-16 12:56:44.0294||INFO|Microsoft.AspNetCore.NodeServices|development mode: true 
2019-01-16 12:56:45.7377||ERROR|Microsoft.AspNetCore.NodeServices|clean-webpack-plugin: C:\Users\Diana\Work\Projects\WeedingInvitation\TemplateCoreWeb\wwwroot\dist has been removed. 
2019-01-16 12:56:46.3050|1|INFO|Microsoft.AspNetCore.Hosting.Internal.WebHost|Request starting HTTP/1.1 GET http://localhost:53185/__webpack_hmr   
2019-01-16 12:56:46.3050|1|INFO|Microsoft.AspNetCore.Hosting.Internal.WebHost|Request starting HTTP/1.1 GET http://localhost:53185/__webpack_hmr   
2019-01-16 12:56:46.9647||INFO|Microsoft.AspNetCore.NodeServices|[34mi[39m [90mя╜вwdmя╜г[39m: wait until bundle finished: /__webpack_hmr 
2019-01-16 12:56:46.9647||INFO|Microsoft.AspNetCore.NodeServices|[34mi[39m [90mя╜вwdmя╜г[39m: wait until bundle finished: /__webpack_hmr 
2019-01-16 12:56:52.5856||DEBUG|TemplateCoreWebTest.Program|init main 
2019-01-16 12:56:53.1686||INFO|Microsoft.AspNetCore.DataProtection.KeyManagement.XmlKeyManager|User profile is available. Using 'C:\Users\Diana\AppData\Local\ASP.NET\DataProtection-Keys' as key repository and Windows DPAPI to encrypt keys at rest. 
2019-01-16 12:56:55.8176||INFO|Microsoft.AspNetCore.NodeServices|development mode: true 
2019-01-16 12:56:57.9188||ERROR|Microsoft.AspNetCore.NodeServices|clean-webpack-plugin: C:\Users\Diana\Work\Projects\WeedingInvitation\TemplateCoreWeb\wwwroot\dist has been removed. 
2019-01-16 12:56:58.4102|1|INFO|Microsoft.AspNetCore.Hosting.Internal.WebHost|Request starting HTTP/1.1 GET http://localhost:53185/   
2019-01-16 12:56:58.5028||INFO|Microsoft.AspNetCore.NodeServices|[34mi[39m [90mя╜вwdmя╜г[39m: wait until bundle finished: / 
2019-01-16 12:57:10.2011||INFO|Microsoft.AspNetCore.NodeServices|webpack built ce05e6fe98d4c8367988 in 12043ms 
2019-01-16 12:57:10.2578||INFO|Microsoft.AspNetCore.NodeServices|[34mi[39m [90mя╜вwdmя╜г[39m: Hash: ce05e6fe98d4c8367988
Version: webpack 4.23.1
Time: 12043ms
Built at: 2019-01-16 12:57:10
                                         Asset      Size         Chunks             Chunk Names
 ../img/_/fonts/font-awesome/fa-brands-400.svg  49 bytes                 [emitted]  
../img/_/fonts/font-awesome/fa-regular-400.svg  50 bytes                 [emitted]  
  ../img/_/fonts/font-awesome/fa-solid-900.svg  48 bytes                 [emitted]  
    critical-foft-preload-fallback-optional.js  8.04 KiB                 [emitted]  
                              custom_styles.js   430 KiB  custom_styles  [emitted]  custom_styles
                           custom_styles.js.gz  66.1 KiB                 [emitted]  
                       fonts/fa-brands-400.eot  96.3 KiB                 [emitted]  
                    fonts/fa-brands-400.eot.gz    63 KiB                 [emitted]  
                       fonts/fa-brands-400.svg   496 KiB                 [emitted]  
                    fonts/fa-brands-400.svg.gz   159 KiB                 [emitted]  
                       fonts/fa-brands-400.ttf  96.1 KiB                 [emitted]  
                    fonts/fa-brands-400.ttf.gz  62.9 KiB                 [emitted]  
                      fonts/fa-brands-400.woff  62.2 KiB                 [emitted]  
                     fonts/fa-brands-400.woff2  53.2 KiB                 [emitted]  
                      fonts/fa-regular-400.eot  30.4 KiB                 [emitted]  
                   fonts/fa-regular-400.eot.gz  14.6 KiB                 [emitted]  
                      fonts/fa-regular-400.svg   105 KiB                 [emitted]  
                   fonts/fa-regular-400.svg.gz  35.7 KiB                 [emitted]  
                      fonts/fa-regular-400.ttf  30.2 KiB                 [emitted]  
                   fonts/fa-regular-400.ttf.gz  14.6 KiB                 [emitted]  
                     fonts/fa-regular-400.woff  14.4 KiB                 [emitted]  
                    fonts/fa-regular-400.woff2    12 KiB                 [emitted]  
                        fonts/fa-solid-900.eot   104 KiB                 [emitted]  
                     fonts/fa-solid-900.eot.gz  50.3 KiB                 [emitted]  
                        fonts/fa-solid-900.svg   382 KiB                 [emitted]  
                     fonts/fa-solid-900.svg.gz   130 KiB                 [emitted]  
                        fonts/fa-solid-900.ttf   103 KiB                 [emitted]  
                     fonts/fa-solid-900.ttf.gz  50.2 KiB                 [emitted]  
                       fonts/fa-solid-900.woff  49.3 KiB                 [emitted]  
                      fonts/fa-solid-900.woff2  39.2 KiB                 [emitted]  
                            fonts/flaticon.eot  2.57 KiB                 [emitted]  
                         fonts/flaticon.eot.gz  1.42 KiB                 [emitted]  
                            fonts/flaticon.ttf  27.6 KiB                 [emitted]  
                         fonts/flaticon.ttf.gz  17.4 KiB                 [emitted]  
                           fonts/flaticon.woff  17.6 KiB                 [emitted]  
                        fonts/montserrat.woff2  18.3 KiB                 [emitted]  
                       fonts/ptserif-400.woff2  33.5 KiB                 [emitted]  
                       fonts/ptserif-700.woff2  27.3 KiB                 [emitted]  
                                       main.js   215 KiB           main  [emitted]  main
                                    main.js.gz  47.4 KiB                 [emitted]  
                                         sw.js  2.14 KiB                 [emitted]  
                                 vendor_src.js   965 KiB     vendor_src  [emitted]  vendor_src
                              vendor_src.js.gz   212 KiB                 [emitted]  
                              vendor_styles.js  1.07 MiB  vendor_styles  [emitted]  vendor_styles
                           vendor_styles.js.gz   182 KiB                 [emitted]  
Entrypoint vendor_styles = vendor_styles.js
Entrypoint vendor_src = vendor_src.js
Entrypoint custom_styles = custom_styles.js
Entrypoint main = main.js
[0] multi webpack-hot-middleware/client?path=__webpack_hmr&dynamicPublicPath=true ./ClientApp/src/assets/js/vendor_styles.js 40 bytes {vendor_styles} [built]
[1] multi webpack-hot-middleware/client?path=__webpack_hmr&dynamicPublicPath=true script-loader!./ClientApp/src/assets/vendor/jquery.min.js script-loader!./ClientApp/src/assets/vendor/popper.min.js script-loader!./ClientApp/src/assets/vendor/bootstrap.min.js script-loader!./ClientApp/src/assets/vendor/pace.min.js script-loader!./ClientApp/src/assets/vendor/particles.min.js script-loader!./ClientApp/src/assets/vendor/jquery.easing.min.js script-loader!./ClientApp/src/assets/vendor/imagesloaded.pkgd.min.js script-loader!./ClientApp/src/assets/vendor/flickity.pkgd.min.js script-loader!./ClientApp/src/assets/vendor/isotope.pkgd.min.js script-loader!./ClientApp/src/assets/vendor/jquery.magnific-popup.min.js script-loader!./ClientApp/src/assets/vendor/jquery.countdown.min.js script-loader!./ClientApp/src/assets/vendor/jquery.validate.min.js script-loader!./ClientApp/src/assets/vendor/jquery-confirm.min.js script-loader!./ClientApp/src/assets/vendor/greensock/TweenMax.min.js script-loader!./ClientApp/src/assets/vendor/ScrollMagic.min.js script-loader!./ClientApp/src/assets/vendor/animation.gsap.min.js script-loader!./ClientApp/src/assets/vendor/theme.js script-loader!./ClientApp/src/assets/vendor/milea.js 244 bytes {vendor_src} [built]
[2] multi webpack-hot-middleware/client?path=__webpack_hmr&dynamicPublicPath=true ./ClientApp/src/assets/js/custom_styles.js 40 bytes {custom_styles} [built]
[3] multi webpack-hot-middleware/client?path=__webpack_hmr&dynamicPublicPath=true ./ClientApp/src/assets/js/index.js 40 bytes {main} [built]
[./ClientApp/src/assets/js/custom_styles.js] 28 bytes {custom_styles} [built]
[./ClientApp/src/assets/js/index.js] 274 bytes {main} [built]
[./ClientApp/src/assets/js/vendor_styles.js] 215 bytes {vendor_styles} [built]
[./node_modules/script-loader/index.js!./ClientApp/src/assets/vendor/ScrollMagic.min.js] ./node_modules/script-loader!./ClientApp/src/assets/vendor/ScrollMagic.min.js 484 bytes {vendor_src} [built]
[./node_modules/script-loader/index.js!./ClientApp/src/assets/vendor/animation.gsap.min.js] ./node_modules/script-loader!./ClientApp/src/assets/vendor/animation.gsap.min.js 487 bytes {vendor_src} [built]
[./node_modules/script-loader/index.js!./ClientApp/src/assets/vendor/bootstrap.min.js] ./node_modules/script-loader!./ClientApp/src/assets/vendor/bootstrap.min.js 482 bytes {vendor_src} [built]
[./node_modules/script-loader/index.js!./ClientApp/src/assets/vendor/flickity.pkgd.min.js] ./node_modules/script-loader!./ClientApp/src/assets/vendor/flickity.pkgd.min.js 486 bytes {vendor_src} [built]
[./node_modules/script-loader/index.js!./ClientApp/src/assets/vendor/greensock/TweenMax.min.js] ./node_modules/script-loader!./ClientApp/src/assets/vendor/greensock/TweenMax.min.js 492 bytes {vendor_src} [built]
[./node_modules/script-loader/index.js!./ClientApp/src/assets/vendor/imagesloaded.pkgd.min.js] ./node_modules/script-loader!./ClientApp/src/assets/vendor/imagesloaded.pkgd.min.js 490 bytes {vendor_src} [built]
[./node_modules/script-loader/index.js!./ClientApp/src/assets/vendor/isotope.pkgd.min.js] ./node_modules/script-loader!./ClientApp/src/assets/vendor/isotope.pkgd.min.js 485 bytes {vendor_src} [built]
[./node_modules/script-loader/index.js!./ClientApp/src/assets/vendor/jquery-confirm.min.js] ./node_modules/script-loader!./ClientApp/src/assets/vendor/jquery-confirm.min.js 487 bytes {vendor_src} [built]
    + 86 hidden modules 
2019-01-16 12:57:10.2578||INFO|Microsoft.AspNetCore.NodeServices|[34mi[39m [90mя╜вwdmя╜г[39m: Compiled successfully. 
2019-01-16 12:57:10.2736|3|WARN|Microsoft.AspNetCore.HttpsPolicy.HttpsRedirectionMiddleware|Failed to determine the https port for redirect. 
2019-01-16 12:57:10.5461|1|INFO|Microsoft.AspNetCore.Mvc.Internal.ControllerActionInvoker|Route matched with {action = "Index", controller = "Home"}. Executing action TemplateCoreWebTest.Controllers.HomeController.Index (WeedingInvitation) 
2019-01-16 12:57:10.5898|1|INFO|Microsoft.AspNetCore.Mvc.Internal.ControllerActionInvoker|Executing action method TemplateCoreWebTest.Controllers.HomeController.Index (WeedingInvitation) with arguments () - Validation state: Valid 
2019-01-16 12:57:10.5981|2|INFO|Microsoft.AspNetCore.Mvc.Internal.ControllerActionInvoker|Executed action method TemplateCoreWebTest.Controllers.HomeController.Index (WeedingInvitation), returned result Microsoft.AspNetCore.Mvc.ViewResult in 1.6629ms. 
2019-01-16 12:57:10.6378|1|INFO|Microsoft.AspNetCore.Mvc.ViewFeatures.ViewResultExecutor|Executing ViewResult, running view Index. 
2019-01-16 12:57:10.8251|4|INFO|Microsoft.AspNetCore.Mvc.ViewFeatures.ViewResultExecutor|Executed ViewResult - view Index executed in 208.7101ms. 
2019-01-16 12:57:10.8323|2|INFO|Microsoft.AspNetCore.Mvc.Internal.ControllerActionInvoker|Executed action TemplateCoreWebTest.Controllers.HomeController.Index (WeedingInvitation) in 284.3535ms 
2019-01-16 12:57:10.8589|2|INFO|Microsoft.AspNetCore.Hosting.Internal.WebHost|Request finished in 12449.466ms 200 text/html; charset=utf-8 
2019-01-16 12:57:11.2973|1|INFO|Microsoft.AspNetCore.Hosting.Internal.WebHost|Request starting HTTP/1.1 GET http://localhost:53185/__webpack_hmr   
2019-01-16 12:57:14.1420|1|INFO|Microsoft.AspNetCore.Hosting.Internal.WebHost|Request starting HTTP/1.1 GET http://localhost:53185/__webpack_hmr   
2019-01-16 12:57:14.2690|1|INFO|Microsoft.AspNetCore.Hosting.Internal.WebHost|Request starting HTTP/1.1 GET http://localhost:53185/__webpack_hmr   
2019-01-16 13:37:00.3649|1|ERROR|Microsoft.AspNetCore.Diagnostics.DeveloperExceptionPageMiddleware|An unhandled exception has occurred while executing the request. System.IO.IOException: The server returned an invalid or unrecognized response.
   at System.Net.Http.HttpConnection.FillAsync()
   at System.Net.Http.HttpConnection.ChunkedEncodingReadStream.CopyToAsyncCore(Stream destination, CancellationToken cancellationToken)
   at Microsoft.AspNetCore.SpaServices.Webpack.ConditionalProxyMiddleware.PerformProxyRequest(HttpContext context)
   at Microsoft.AspNetCore.SpaServices.Webpack.ConditionalProxyMiddleware.Invoke(HttpContext context)
   at Microsoft.AspNetCore.Diagnostics.DeveloperExceptionPageMiddleware.Invoke(HttpContext context)
2019-01-16 13:37:00.3649|1|ERROR|Microsoft.AspNetCore.Diagnostics.DeveloperExceptionPageMiddleware|An unhandled exception has occurred while executing the request. System.IO.IOException: The server returned an invalid or unrecognized response.
   at System.Net.Http.HttpConnection.FillAsync()
   at System.Net.Http.HttpConnection.ChunkedEncodingReadStream.CopyToAsyncCore(Stream destination, CancellationToken cancellationToken)
   at Microsoft.AspNetCore.SpaServices.Webpack.ConditionalProxyMiddleware.PerformProxyRequest(HttpContext context)
   at Microsoft.AspNetCore.SpaServices.Webpack.ConditionalProxyMiddleware.Invoke(HttpContext context)
   at Microsoft.AspNetCore.Diagnostics.DeveloperExceptionPageMiddleware.Invoke(HttpContext context)
2019-01-16 13:37:00.3649|1|ERROR|Microsoft.AspNetCore.Diagnostics.DeveloperExceptionPageMiddleware|An unhandled exception has occurred while executing the request. System.IO.IOException: The server returned an invalid or unrecognized response.
   at System.Net.Http.HttpConnection.FillAsync()
   at System.Net.Http.HttpConnection.ChunkedEncodingReadStream.CopyToAsyncCore(Stream destination, CancellationToken cancellationToken)
   at Microsoft.AspNetCore.SpaServices.Webpack.ConditionalProxyMiddleware.PerformProxyRequest(HttpContext context)
   at Microsoft.AspNetCore.SpaServices.Webpack.ConditionalProxyMiddleware.Invoke(HttpContext context)
   at Microsoft.AspNetCore.Diagnostics.DeveloperExceptionPageMiddleware.Invoke(HttpContext context)
2019-01-16 13:37:02.3664|2|WARN|Microsoft.AspNetCore.Diagnostics.DeveloperExceptionPageMiddleware|The response has already started, the error page middleware will not be executed. 
2019-01-16 13:37:02.3664|2|WARN|Microsoft.AspNetCore.Diagnostics.DeveloperExceptionPageMiddleware|The response has already started, the error page middleware will not be executed. 
2019-01-16 13:37:02.3664|2|WARN|Microsoft.AspNetCore.Diagnostics.DeveloperExceptionPageMiddleware|The response has already started, the error page middleware will not be executed. 
2019-01-16 13:37:02.3756|13|ERROR|Microsoft.AspNetCore.Server.Kestrel|Connection id "0HLJRK5B0IG57", Request id "0HLJRK5B0IG57:00000001": An unhandled exception was thrown by the application. System.IO.IOException: The server returned an invalid or unrecognized response.
   at System.Net.Http.HttpConnection.FillAsync()
   at System.Net.Http.HttpConnection.ChunkedEncodingReadStream.CopyToAsyncCore(Stream destination, CancellationToken cancellationToken)
   at Microsoft.AspNetCore.SpaServices.Webpack.ConditionalProxyMiddleware.PerformProxyRequest(HttpContext context)
   at Microsoft.AspNetCore.SpaServices.Webpack.ConditionalProxyMiddleware.Invoke(HttpContext context)
   at Microsoft.AspNetCore.Diagnostics.DeveloperExceptionPageMiddleware.Invoke(HttpContext context)
   at Microsoft.AspNetCore.Diagnostics.DeveloperExceptionPageMiddleware.Invoke(HttpContext context)
   at Microsoft.AspNetCore.Server.IISIntegration.IISMiddleware.Invoke(HttpContext httpContext)
   at Microsoft.AspNetCore.Server.Kestrel.Core.Internal.Http.HttpProtocol.ProcessRequests[TContext](IHttpApplication`1 application)
2019-01-16 13:37:02.3756|13|ERROR|Microsoft.AspNetCore.Server.Kestrel|Connection id "0HLJRK5B0IG56", Request id "0HLJRK5B0IG56:00000001": An unhandled exception was thrown by the application. System.IO.IOException: The server returned an invalid or unrecognized response.
   at System.Net.Http.HttpConnection.FillAsync()
   at System.Net.Http.HttpConnection.ChunkedEncodingReadStream.CopyToAsyncCore(Stream destination, CancellationToken cancellationToken)
   at Microsoft.AspNetCore.SpaServices.Webpack.ConditionalProxyMiddleware.PerformProxyRequest(HttpContext context)
   at Microsoft.AspNetCore.SpaServices.Webpack.ConditionalProxyMiddleware.Invoke(HttpContext context)
   at Microsoft.AspNetCore.Diagnostics.DeveloperExceptionPageMiddleware.Invoke(HttpContext context)
   at Microsoft.AspNetCore.Diagnostics.DeveloperExceptionPageMiddleware.Invoke(HttpContext context)
   at Microsoft.AspNetCore.Server.IISIntegration.IISMiddleware.Invoke(HttpContext httpContext)
   at Microsoft.AspNetCore.Server.Kestrel.Core.Internal.Http.HttpProtocol.ProcessRequests[TContext](IHttpApplication`1 application)
2019-01-16 13:37:02.3756|13|ERROR|Microsoft.AspNetCore.Server.Kestrel|Connection id "0HLJRK5B0IG55", Request id "0HLJRK5B0IG55:00000002": An unhandled exception was thrown by the application. System.IO.IOException: The server returned an invalid or unrecognized response.
   at System.Net.Http.HttpConnection.FillAsync()
   at System.Net.Http.HttpConnection.ChunkedEncodingReadStream.CopyToAsyncCore(Stream destination, CancellationToken cancellationToken)
   at Microsoft.AspNetCore.SpaServices.Webpack.ConditionalProxyMiddleware.PerformProxyRequest(HttpContext context)
   at Microsoft.AspNetCore.SpaServices.Webpack.ConditionalProxyMiddleware.Invoke(HttpContext context)
   at Microsoft.AspNetCore.Diagnostics.DeveloperExceptionPageMiddleware.Invoke(HttpContext context)
   at Microsoft.AspNetCore.Diagnostics.DeveloperExceptionPageMiddleware.Invoke(HttpContext context)
   at Microsoft.AspNetCore.Server.IISIntegration.IISMiddleware.Invoke(HttpContext httpContext)
   at Microsoft.AspNetCore.Server.Kestrel.Core.Internal.Http.HttpProtocol.ProcessRequests[TContext](IHttpApplication`1 application)
2019-01-16 13:37:02.3938|2|INFO|Microsoft.AspNetCore.Hosting.Internal.WebHost|Request finished in 2388107.8753ms 200 text/event-stream; charset=utf-8 
2019-01-16 13:37:02.3938|2|INFO|Microsoft.AspNetCore.Hosting.Internal.WebHost|Request finished in 2388237.0164ms 200 text/event-stream; charset=utf-8 
2019-01-16 13:37:02.3938|2|INFO|Microsoft.AspNetCore.Hosting.Internal.WebHost|Request finished in 2391085.522ms 200 text/event-stream; charset=utf-8 
2019-01-16 13:38:31.5584|1|INFO|Microsoft.AspNetCore.Hosting.Internal.WebHost|Request starting HTTP/1.1 GET http://localhost:53185/__webpack_hmr   
2019-01-16 13:38:34.9842|1|INFO|Microsoft.AspNetCore.Hosting.Internal.WebHost|Request starting HTTP/1.1 GET http://localhost:53185/__webpack_hmr   
2019-01-16 13:38:49.5914|1|INFO|Microsoft.AspNetCore.Hosting.Internal.WebHost|Request starting HTTP/1.1 GET http://localhost:53185/__webpack_hmr   
2019-01-16 14:10:25.3140|2|INFO|Microsoft.AspNetCore.Hosting.Internal.WebHost|Request finished in 1914235.6173ms 200 text/event-stream; charset=utf-8 
2019-01-16 16:50:55.7895|2|INFO|Microsoft.AspNetCore.Hosting.Internal.WebHost|Request finished in 11541146.786ms 200 text/event-stream; charset=utf-8 
2019-01-16 16:58:20.4107|1|INFO|Microsoft.AspNetCore.Hosting.Internal.WebHost|Request starting HTTP/1.1 POST http://localhost:53185/api/send-feedback application/x-www-form-urlencoded; charset=UTF-8 296 
2019-01-16 16:58:20.4452|1|INFO|Microsoft.AspNetCore.Mvc.Internal.ControllerActionInvoker|Route matched with {action = "SendFeedback", controller = "Common"}. Executing action TemplateCoreWebTest.Controllers.API.CommonController.SendFeedback (WeedingInvitation) 
2019-01-16 16:58:20.5786||INFO|AWSSDK|Found AWS credentials for the profile development 
2019-01-16 16:58:20.7348|1|INFO|Microsoft.AspNetCore.Mvc.Internal.ControllerActionInvoker|Executing action method TemplateCoreWebTest.Controllers.API.CommonController.SendFeedback (WeedingInvitation) with arguments (TemplateCoreWebTest.Services.GoogleRecaptcha.GoogleRecaptcha, TemplateCoreWebTest.Services.MailSender.MailSender, Feedback from customer) - Validation state: Valid 
2019-01-16 16:58:21.4555||ERROR|TemplateCoreWebTest.Services.MailSender.MailSender|mail send failed Amazon.SimpleEmail.Model.MessageRejectedException: Email address is not verified. The following identities failed the check in region EU-WEST-1: info@weddinginvitation.net ---> Amazon.Runtime.Internal.HttpErrorResponseException: Exception of type 'Amazon.Runtime.Internal.HttpErrorResponseException' was thrown.
   at Amazon.Runtime.HttpWebRequestMessage.GetResponseAsync(CancellationToken cancellationToken) in E:\JenkinsWorkspaces\v3-trebuchet-release\AWSDotNetPublic\sdk\src\Core\Amazon.Runtime\Pipeline\HttpHandler\_mobile\HttpRequestMessageFactory.cs:line 443
   at Amazon.Runtime.Internal.HttpHandler`1.InvokeAsync[T](IExecutionContext executionContext) in E:\JenkinsWorkspaces\v3-trebuchet-release\AWSDotNetPublic\sdk\src\Core\Amazon.Runtime\Pipeline\HttpHandler\HttpHandler.cs:line 175
   at Amazon.Runtime.Internal.Unmarshaller.InvokeAsync[T](IExecutionContext executionContext)
   at Amazon.Runtime.Internal.ErrorHandler.InvokeAsync[T](IExecutionContext executionContext)
   --- End of inner exception stack trace ---
   at Amazon.Runtime.Internal.HttpErrorResponseExceptionHandler.HandleException(IExecutionContext executionContext, HttpErrorResponseException exception) in E:\JenkinsWorkspaces\v3-trebuchet-release\AWSDotNetPublic\sdk\src\Core\Amazon.Runtime\Pipeline\ErrorHandler\HttpErrorResponseExceptionHandler.cs:line 60
   at Amazon.Runtime.Internal.ErrorHandler.ProcessException(IExecutionContext executionContext, Exception exception) in E:\JenkinsWorkspaces\v3-trebuchet-release\AWSDotNetPublic\sdk\src\Core\Amazon.Runtime\Pipeline\ErrorHandler\ErrorHandler.cs:line 212
   at Amazon.Runtime.Internal.ErrorHandler.InvokeAsync[T](IExecutionContext executionContext) in E:\JenkinsWorkspaces\v3-trebuchet-release\AWSDotNetPublic\sdk\src\Core\Amazon.Runtime\Pipeline\ErrorHandler\ErrorHandler.cs:line 104
   at Amazon.Runtime.Internal.CallbackHandler.InvokeAsync[T](IExecutionContext executionContext)
   at Amazon.Runtime.Internal.CredentialsRetriever.InvokeAsync[T](IExecutionContext executionContext) in E:\JenkinsWorkspaces\v3-trebuchet-release\AWSDotNetPublic\sdk\src\Core\Amazon.Runtime\Pipeline\Handlers\CredentialsRetriever.cs:line 98
   at Amazon.Runtime.Internal.RetryHandler.InvokeAsync[T](IExecutionContext executionContext)
   at Amazon.Runtime.Internal.RetryHandler.InvokeAsync[T](IExecutionContext executionContext) in E:\JenkinsWorkspaces\v3-trebuchet-release\AWSDotNetPublic\sdk\src\Core\Amazon.Runtime\Pipeline\RetryHandler\RetryHandler.cs:line 137
   at Amazon.Runtime.Internal.CallbackHandler.InvokeAsync[T](IExecutionContext executionContext)
   at Amazon.Runtime.Internal.CallbackHandler.InvokeAsync[T](IExecutionContext executionContext)
   at Amazon.Runtime.Internal.ErrorCallbackHandler.InvokeAsync[T](IExecutionContext executionContext)
   at Amazon.Runtime.Internal.MetricsHandler.InvokeAsync[T](IExecutionContext executionContext)
   at TemplateCoreWebTest.Services.MailSender.MailSender.SendEmailAsync(IMail mail) in C:\Users\Diana\Work\Projects\WeedingInvitation\TemplateCoreWeb\Services\MailSender\MailSender.cs:line 56
2019-01-16 16:58:21.5012|2|INFO|Microsoft.AspNetCore.Mvc.Internal.ControllerActionInvoker|Executed action method TemplateCoreWebTest.Controllers.API.CommonController.SendFeedback (WeedingInvitation), returned result Microsoft.AspNetCore.Mvc.ObjectResult in 764.0967ms. 
2019-01-16 16:58:21.5163|1|INFO|Microsoft.AspNetCore.Mvc.Infrastructure.ObjectResultExecutor|Executing ObjectResult, writing value of type 'Newtonsoft.Json.Linq.JObject'. 
2019-01-16 16:58:21.5333|2|INFO|Microsoft.AspNetCore.Mvc.Internal.ControllerActionInvoker|Executed action TemplateCoreWebTest.Controllers.API.CommonController.SendFeedback (WeedingInvitation) in 1085.2769ms 
2019-01-16 16:58:21.5411|2|INFO|Microsoft.AspNetCore.Hosting.Internal.WebHost|Request finished in 1130.3633ms 200 application/json; charset=utf-8 
2019-01-16 18:42:29.9504||DEBUG|TemplateCoreWebTest.Program|init main 
2019-01-16 18:42:30.4252||INFO|Microsoft.AspNetCore.DataProtection.KeyManagement.XmlKeyManager|User profile is available. Using 'C:\Users\Diana\AppData\Local\ASP.NET\DataProtection-Keys' as key repository and Windows DPAPI to encrypt keys at rest. 
2019-01-16 18:42:33.0028||INFO|Microsoft.AspNetCore.NodeServices|development mode: true 
2019-01-16 18:42:35.0555||ERROR|Microsoft.AspNetCore.NodeServices|clean-webpack-plugin: C:\Users\Diana\Work\Projects\WeedingInvitation\TemplateCoreWeb\wwwroot\dist has been removed. 
2019-01-16 18:42:35.6912|1|INFO|Microsoft.AspNetCore.Hosting.Internal.WebHost|Request starting HTTP/1.1 GET http://localhost:53185/   
2019-01-16 18:42:36.5968||INFO|Microsoft.AspNetCore.NodeServices|[34mi[39m [90mя╜вwdmя╜г[39m: wait until bundle finished: / 
2019-01-16 18:42:49.1924||INFO|Microsoft.AspNetCore.NodeServices|webpack built ce05e6fe98d4c8367988 in 13530ms 
2019-01-16 18:42:49.3386||INFO|Microsoft.AspNetCore.NodeServices|[34mi[39m [90mя╜вwdmя╜г[39m: Hash: ce05e6fe98d4c8367988
Version: webpack 4.23.1
Time: 13530ms
Built at: 2019-01-16 18:42:48
                                         Asset      Size         Chunks             Chunk Names
 ../img/_/fonts/font-awesome/fa-brands-400.svg  49 bytes                 [emitted]  
../img/_/fonts/font-awesome/fa-regular-400.svg  50 bytes                 [emitted]  
  ../img/_/fonts/font-awesome/fa-solid-900.svg  48 bytes                 [emitted]  
    critical-foft-preload-fallback-optional.js  8.04 KiB                 [emitted]  
                              custom_styles.js   430 KiB  custom_styles  [emitted]  custom_styles
                           custom_styles.js.gz  66.1 KiB                 [emitted]  
                       fonts/fa-brands-400.eot  96.3 KiB                 [emitted]  
                    fonts/fa-brands-400.eot.gz    63 KiB                 [emitted]  
                       fonts/fa-brands-400.svg   496 KiB                 [emitted]  
                    fonts/fa-brands-400.svg.gz   159 KiB                 [emitted]  
                       fonts/fa-brands-400.ttf  96.1 KiB                 [emitted]  
                    fonts/fa-brands-400.ttf.gz  62.9 KiB                 [emitted]  
                      fonts/fa-brands-400.woff  62.2 KiB                 [emitted]  
                     fonts/fa-brands-400.woff2  53.2 KiB                 [emitted]  
                      fonts/fa-regular-400.eot  30.4 KiB                 [emitted]  
                   fonts/fa-regular-400.eot.gz  14.6 KiB                 [emitted]  
                      fonts/fa-regular-400.svg   105 KiB                 [emitted]  
                   fonts/fa-regular-400.svg.gz  35.7 KiB                 [emitted]  
                      fonts/fa-regular-400.ttf  30.2 KiB                 [emitted]  
                   fonts/fa-regular-400.ttf.gz  14.6 KiB                 [emitted]  
                     fonts/fa-regular-400.woff  14.4 KiB                 [emitted]  
                    fonts/fa-regular-400.woff2    12 KiB                 [emitted]  
                        fonts/fa-solid-900.eot   104 KiB                 [emitted]  
                     fonts/fa-solid-900.eot.gz  50.3 KiB                 [emitted]  
                        fonts/fa-solid-900.svg   382 KiB                 [emitted]  
                     fonts/fa-solid-900.svg.gz   130 KiB                 [emitted]  
                        fonts/fa-solid-900.ttf   103 KiB                 [emitted]  
                     fonts/fa-solid-900.ttf.gz  50.2 KiB                 [emitted]  
                       fonts/fa-solid-900.woff  49.3 KiB                 [emitted]  
                      fonts/fa-solid-900.woff2  39.2 KiB                 [emitted]  
                            fonts/flaticon.eot  2.57 KiB                 [emitted]  
                         fonts/flaticon.eot.gz  1.42 KiB                 [emitted]  
                            fonts/flaticon.ttf  27.6 KiB                 [emitted]  
                         fonts/flaticon.ttf.gz  17.4 KiB                 [emitted]  
                           fonts/flaticon.woff  17.6 KiB                 [emitted]  
                        fonts/montserrat.woff2  18.3 KiB                 [emitted]  
                       fonts/ptserif-400.woff2  33.5 KiB                 [emitted]  
                       fonts/ptserif-700.woff2  27.3 KiB                 [emitted]  
                                       main.js   215 KiB           main  [emitted]  main
                                    main.js.gz  47.4 KiB                 [emitted]  
                                         sw.js  2.14 KiB                 [emitted]  
                                 vendor_src.js   965 KiB     vendor_src  [emitted]  vendor_src
                              vendor_src.js.gz   212 KiB                 [emitted]  
                              vendor_styles.js  1.07 MiB  vendor_styles  [emitted]  vendor_styles
                           vendor_styles.js.gz   182 KiB                 [emitted]  
Entrypoint vendor_styles = vendor_styles.js
Entrypoint vendor_src = vendor_src.js
Entrypoint custom_styles = custom_styles.js
Entrypoint main = main.js
[0] multi webpack-hot-middleware/client?path=__webpack_hmr&dynamicPublicPath=true ./ClientApp/src/assets/js/vendor_styles.js 40 bytes {vendor_styles} [built]
[1] multi webpack-hot-middleware/client?path=__webpack_hmr&dynamicPublicPath=true script-loader!./ClientApp/src/assets/vendor/jquery.min.js script-loader!./ClientApp/src/assets/vendor/popper.min.js script-loader!./ClientApp/src/assets/vendor/bootstrap.min.js script-loader!./ClientApp/src/assets/vendor/pace.min.js script-loader!./ClientApp/src/assets/vendor/particles.min.js script-loader!./ClientApp/src/assets/vendor/jquery.easing.min.js script-loader!./ClientApp/src/assets/vendor/imagesloaded.pkgd.min.js script-loader!./ClientApp/src/assets/vendor/flickity.pkgd.min.js script-loader!./ClientApp/src/assets/vendor/isotope.pkgd.min.js script-loader!./ClientApp/src/assets/vendor/jquery.magnific-popup.min.js script-loader!./ClientApp/src/assets/vendor/jquery.countdown.min.js script-loader!./ClientApp/src/assets/vendor/jquery.validate.min.js script-loader!./ClientApp/src/assets/vendor/jquery-confirm.min.js script-loader!./ClientApp/src/assets/vendor/greensock/TweenMax.min.js script-loader!./ClientApp/src/assets/vendor/ScrollMagic.min.js script-loader!./ClientApp/src/assets/vendor/animation.gsap.min.js script-loader!./ClientApp/src/assets/vendor/theme.js script-loader!./ClientApp/src/assets/vendor/milea.js 244 bytes {vendor_src} [built]
[2] multi webpack-hot-middleware/client?path=__webpack_hmr&dynamicPublicPath=true ./ClientApp/src/assets/js/custom_styles.js 40 bytes {custom_styles} [built]
[3] multi webpack-hot-middleware/client?path=__webpack_hmr&dynamicPublicPath=true ./ClientApp/src/assets/js/index.js 40 bytes {main} [built]
[./ClientApp/src/assets/js/custom_styles.js] 28 bytes {custom_styles} [built]
[./ClientApp/src/assets/js/index.js] 274 bytes {main} [built]
[./ClientApp/src/assets/js/vendor_styles.js] 215 bytes {vendor_styles} [built]
[./node_modules/script-loader/index.js!./ClientApp/src/assets/vendor/ScrollMagic.min.js] ./node_modules/script-loader!./ClientApp/src/assets/vendor/ScrollMagic.min.js 484 bytes {vendor_src} [built]
[./node_modules/script-loader/index.js!./ClientApp/src/assets/vendor/animation.gsap.min.js] ./node_modules/script-loader!./ClientApp/src/assets/vendor/animation.gsap.min.js 487 bytes {vendor_src} [built]
[./node_modules/script-loader/index.js!./ClientApp/src/assets/vendor/bootstrap.min.js] ./node_modules/script-loader!./ClientApp/src/assets/vendor/bootstrap.min.js 482 bytes {vendor_src} [built]
[./node_modules/script-loader/index.js!./ClientApp/src/assets/vendor/flickity.pkgd.min.js] ./node_modules/script-loader!./ClientApp/src/assets/vendor/flickity.pkgd.min.js 486 bytes {vendor_src} [built]
[./node_modules/script-loader/index.js!./ClientApp/src/assets/vendor/greensock/TweenMax.min.js] ./node_modules/script-loader!./ClientApp/src/assets/vendor/greensock/TweenMax.min.js 492 bytes {vendor_src} [built]
[./node_modules/script-loader/index.js!./ClientApp/src/assets/vendor/imagesloaded.pkgd.min.js] ./node_modules/script-loader!./ClientApp/src/assets/vendor/imagesloaded.pkgd.min.js 490 bytes {vendor_src} [built]
[./node_modules/script-loader/index.js!./ClientApp/src/assets/vendor/isotope.pkgd.min.js] ./node_modules/script-loader!./ClientApp/src/assets/vendor/isotope.pkgd.min.js 485 bytes {vendor_src} [built]
[./node_modules/script-loader/index.js!./ClientApp/src/assets/vendor/jquery-confirm.min.js] ./node_modules/script-loader!./ClientApp/src/assets/vendor/jquery-confirm.min.js 487 bytes {vendor_src} [built]
    + 86 hidden modules 
2019-01-16 18:42:49.3386||INFO|Microsoft.AspNetCore.NodeServices|[34mi[39m [90mя╜вwdmя╜г[39m: Compiled successfully. 
2019-01-16 18:42:49.3600|3|WARN|Microsoft.AspNetCore.HttpsPolicy.HttpsRedirectionMiddleware|Failed to determine the https port for redirect. 
2019-01-16 18:42:49.7214|1|INFO|Microsoft.AspNetCore.Mvc.Internal.ControllerActionInvoker|Route matched with {action = "Index", controller = "Home"}. Executing action TemplateCoreWebTest.Controllers.HomeController.Index (WeedingInvitation) 
2019-01-16 18:42:49.7685|1|INFO|Microsoft.AspNetCore.Mvc.Internal.ControllerActionInvoker|Executing action method TemplateCoreWebTest.Controllers.HomeController.Index (WeedingInvitation) with arguments () - Validation state: Valid 
2019-01-16 18:42:49.7768|2|INFO|Microsoft.AspNetCore.Mvc.Internal.ControllerActionInvoker|Executed action method TemplateCoreWebTest.Controllers.HomeController.Index (WeedingInvitation), returned result Microsoft.AspNetCore.Mvc.ViewResult in 1.5307ms. 
2019-01-16 18:42:49.8247|1|INFO|Microsoft.AspNetCore.Mvc.ViewFeatures.ViewResultExecutor|Executing ViewResult, running view Index. 
2019-01-16 18:42:50.0182|4|INFO|Microsoft.AspNetCore.Mvc.ViewFeatures.ViewResultExecutor|Executed ViewResult - view Index executed in 223.4158ms. 
2019-01-16 18:42:50.0182|2|INFO|Microsoft.AspNetCore.Mvc.Internal.ControllerActionInvoker|Executed action TemplateCoreWebTest.Controllers.HomeController.Index (WeedingInvitation) in 298.9333ms 
2019-01-16 18:42:50.0505|2|INFO|Microsoft.AspNetCore.Hosting.Internal.WebHost|Request finished in 14359.2012ms 200 text/html; charset=utf-8 
2019-01-16 18:42:50.3487|1|INFO|Microsoft.AspNetCore.Hosting.Internal.WebHost|Request starting HTTP/1.1 GET http://localhost:53185/__webpack_hmr   
2019-01-16 18:43:08.3133|1|INFO|Microsoft.AspNetCore.Hosting.Internal.WebHost|Request starting HTTP/1.1 GET http://localhost:53185/__webpack_hmr   
2019-01-16 18:43:48.1704|2|INFO|Microsoft.AspNetCore.Hosting.Internal.WebHost|Request finished in 57820.5605ms 200 text/event-stream; charset=utf-8 
