2019-02-15 18:04:12.6392||DEBUG|TemplateCoreWebTest.Program|init main 
2019-02-15 18:04:13.6008||INFO|Microsoft.AspNetCore.DataProtection.KeyManagement.XmlKeyManager|User profile is available. Using 'C:\Users\Diana\AppData\Local\ASP.NET\DataProtection-Keys' as key repository and Windows DPAPI to encrypt keys at rest. 
2019-02-15 18:04:17.8350||INFO|Microsoft.AspNetCore.NodeServices|development mode: true 
2019-02-15 18:04:20.6568||ERROR|Microsoft.AspNetCore.NodeServices|clean-webpack-plugin: C:\Users\Diana\Work\Projects\WeedingInvitation\TemplateCoreWeb\wwwroot\dist has been removed. 
2019-02-15 18:04:21.2105|1|INFO|Microsoft.AspNetCore.Hosting.Internal.WebHost|Request starting HTTP/1.1 GET http://localhost:53185/   
2019-02-15 18:04:21.2105|1|INFO|Microsoft.AspNetCore.Hosting.Internal.WebHost|Request starting HTTP/1.1 GET http://localhost:53185/__webpack_hmr   
2019-02-15 18:04:21.2679||INFO|Microsoft.AspNetCore.NodeServices|[34mi[39m [90mя╜вwdmя╜г[39m: wait until bundle finished: / 
2019-02-15 18:04:21.2679||INFO|Microsoft.AspNetCore.NodeServices|[34mi[39m [90mя╜вwdmя╜г[39m: wait until bundle finished: /__webpack_hmr 
2019-02-15 18:04:32.2032||INFO|Microsoft.AspNetCore.NodeServices|webpack built ce05e6fe98d4c8367988 in 11337ms 
2019-02-15 18:04:32.2708||INFO|Microsoft.AspNetCore.NodeServices|[34mi[39m [90mя╜вwdmя╜г[39m: Hash: ce05e6fe98d4c8367988
Version: webpack 4.23.1
Time: 11337ms
Built at: 2019-02-15 18:04:32
                                         Asset      Size         Chunks             Chunk Names
 ../img/_/fonts/font-awesome/fa-brands-400.svg  49 bytes                 [emitted]  
../img/_/fonts/font-awesome/fa-regular-400.svg  50 bytes                 [emitted]  
  ../img/_/fonts/font-awesome/fa-solid-900.svg  48 bytes                 [emitted]  
    critical-foft-preload-fallback-optional.js  8.04 KiB                 [emitted]  
                              custom_styles.js   430 KiB  custom_styles  [emitted]  custom_styles
                           custom_styles.js.gz  66.1 KiB                 [emitted]  
                       fonts/fa-brands-400.eot  96.3 KiB                 [emitted]  
                    fonts/fa-brands-400.eot.gz    63 KiB                 [emitted]  
                       fonts/fa-brands-400.svg   496 KiB                 [emitted]  
                    fonts/fa-brands-400.svg.gz   159 KiB                 [emitted]  
                       fonts/fa-brands-400.ttf  96.1 KiB                 [emitted]  
                    fonts/fa-brands-400.ttf.gz  62.9 KiB                 [emitted]  
                      fonts/fa-brands-400.woff  62.2 KiB                 [emitted]  
                     fonts/fa-brands-400.woff2  53.2 KiB                 [emitted]  
                      fonts/fa-regular-400.eot  30.4 KiB                 [emitted]  
                   fonts/fa-regular-400.eot.gz  14.6 KiB                 [emitted]  
                      fonts/fa-regular-400.svg   105 KiB                 [emitted]  
                   fonts/fa-regular-400.svg.gz  35.7 KiB                 [emitted]  
                      fonts/fa-regular-400.ttf  30.2 KiB                 [emitted]  
                   fonts/fa-regular-400.ttf.gz  14.6 KiB                 [emitted]  
                     fonts/fa-regular-400.woff  14.4 KiB                 [emitted]  
                    fonts/fa-regular-400.woff2    12 KiB                 [emitted]  
                        fonts/fa-solid-900.eot   104 KiB                 [emitted]  
                     fonts/fa-solid-900.eot.gz  50.3 KiB                 [emitted]  
                        fonts/fa-solid-900.svg   382 KiB                 [emitted]  
                     fonts/fa-solid-900.svg.gz   130 KiB                 [emitted]  
                        fonts/fa-solid-900.ttf   103 KiB                 [emitted]  
                     fonts/fa-solid-900.ttf.gz  50.2 KiB                 [emitted]  
                       fonts/fa-solid-900.woff  49.3 KiB                 [emitted]  
                      fonts/fa-solid-900.woff2  39.2 KiB                 [emitted]  
                            fonts/flaticon.eot  2.57 KiB                 [emitted]  
                         fonts/flaticon.eot.gz  1.42 KiB                 [emitted]  
                            fonts/flaticon.ttf  27.6 KiB                 [emitted]  
                         fonts/flaticon.ttf.gz  17.4 KiB                 [emitted]  
                           fonts/flaticon.woff  17.6 KiB                 [emitted]  
                        fonts/montserrat.woff2  18.3 KiB                 [emitted]  
                       fonts/ptserif-400.woff2  33.5 KiB                 [emitted]  
                       fonts/ptserif-700.woff2  27.3 KiB                 [emitted]  
                                       main.js   215 KiB           main  [emitted]  main
                                    main.js.gz  47.4 KiB                 [emitted]  
                                         sw.js  2.14 KiB                 [emitted]  
                                 vendor_src.js   965 KiB     vendor_src  [emitted]  vendor_src
                              vendor_src.js.gz   212 KiB                 [emitted]  
                              vendor_styles.js  1.07 MiB  vendor_styles  [emitted]  vendor_styles
                           vendor_styles.js.gz   182 KiB                 [emitted]  
Entrypoint vendor_styles = vendor_styles.js
Entrypoint vendor_src = vendor_src.js
Entrypoint custom_styles = custom_styles.js
Entrypoint main = main.js
[0] multi webpack-hot-middleware/client?path=__webpack_hmr&dynamicPublicPath=true ./ClientApp/src/assets/js/vendor_styles.js 40 bytes {vendor_styles} [built]
[1] multi webpack-hot-middleware/client?path=__webpack_hmr&dynamicPublicPath=true script-loader!./ClientApp/src/assets/vendor/jquery.min.js script-loader!./ClientApp/src/assets/vendor/popper.min.js script-loader!./ClientApp/src/assets/vendor/bootstrap.min.js script-loader!./ClientApp/src/assets/vendor/pace.min.js script-loader!./ClientApp/src/assets/vendor/particles.min.js script-loader!./ClientApp/src/assets/vendor/jquery.easing.min.js script-loader!./ClientApp/src/assets/vendor/imagesloaded.pkgd.min.js script-loader!./ClientApp/src/assets/vendor/flickity.pkgd.min.js script-loader!./ClientApp/src/assets/vendor/isotope.pkgd.min.js script-loader!./ClientApp/src/assets/vendor/jquery.magnific-popup.min.js script-loader!./ClientApp/src/assets/vendor/jquery.countdown.min.js script-loader!./ClientApp/src/assets/vendor/jquery.validate.min.js script-loader!./ClientApp/src/assets/vendor/jquery-confirm.min.js script-loader!./ClientApp/src/assets/vendor/greensock/TweenMax.min.js script-loader!./ClientApp/src/assets/vendor/ScrollMagic.min.js script-loader!./ClientApp/src/assets/vendor/animation.gsap.min.js script-loader!./ClientApp/src/assets/vendor/theme.js script-loader!./ClientApp/src/assets/vendor/milea.js 244 bytes {vendor_src} [built]
[2] multi webpack-hot-middleware/client?path=__webpack_hmr&dynamicPublicPath=true ./ClientApp/src/assets/js/custom_styles.js 40 bytes {custom_styles} [built]
[3] multi webpack-hot-middleware/client?path=__webpack_hmr&dynamicPublicPath=true ./ClientApp/src/assets/js/index.js 40 bytes {main} [built]
[./ClientApp/src/assets/js/custom_styles.js] 28 bytes {custom_styles} [built]
[./ClientApp/src/assets/js/index.js] 274 bytes {main} [built]
[./ClientApp/src/assets/js/vendor_styles.js] 215 bytes {vendor_styles} [built]
[./node_modules/script-loader/index.js!./ClientApp/src/assets/vendor/ScrollMagic.min.js] ./node_modules/script-loader!./ClientApp/src/assets/vendor/ScrollMagic.min.js 484 bytes {vendor_src} [built]
[./node_modules/script-loader/index.js!./ClientApp/src/assets/vendor/animation.gsap.min.js] ./node_modules/script-loader!./ClientApp/src/assets/vendor/animation.gsap.min.js 487 bytes {vendor_src} [built]
[./node_modules/script-loader/index.js!./ClientApp/src/assets/vendor/bootstrap.min.js] ./node_modules/script-loader!./ClientApp/src/assets/vendor/bootstrap.min.js 482 bytes {vendor_src} [built]
[./node_modules/script-loader/index.js!./ClientApp/src/assets/vendor/flickity.pkgd.min.js] ./node_modules/script-loader!./ClientApp/src/assets/vendor/flickity.pkgd.min.js 486 bytes {vendor_src} [built]
[./node_modules/script-loader/index.js!./ClientApp/src/assets/vendor/greensock/TweenMax.min.js] ./node_modules/script-loader!./ClientApp/src/assets/vendor/greensock/TweenMax.min.js 492 bytes {vendor_src} [built]
[./node_modules/script-loader/index.js!./ClientApp/src/assets/vendor/imagesloaded.pkgd.min.js] ./node_modules/script-loader!./ClientApp/src/assets/vendor/imagesloaded.pkgd.min.js 490 bytes {vendor_src} [built]
[./node_modules/script-loader/index.js!./ClientApp/src/assets/vendor/isotope.pkgd.min.js] ./node_modules/script-loader!./ClientApp/src/assets/vendor/isotope.pkgd.min.js 485 bytes {vendor_src} [built]
[./node_modules/script-loader/index.js!./ClientApp/src/assets/vendor/jquery-confirm.min.js] ./node_modules/script-loader!./ClientApp/src/assets/vendor/jquery-confirm.min.js 487 bytes {vendor_src} [built]
    + 86 hidden modules 
2019-02-15 18:04:32.2725||INFO|Microsoft.AspNetCore.NodeServices|[34mi[39m [90mя╜вwdmя╜г[39m: Compiled successfully. 
2019-02-15 18:04:32.2725|3|WARN|Microsoft.AspNetCore.HttpsPolicy.HttpsRedirectionMiddleware|Failed to determine the https port for redirect. 
2019-02-15 18:04:32.3304|1|INFO|Microsoft.AspNetCore.Hosting.Internal.WebHost|Request starting HTTP/1.1 GET http://localhost:53185/36b929a97c8736cbfdf5.hot-update.json   
2019-02-15 18:04:32.4867|1|INFO|Microsoft.AspNetCore.Mvc.Internal.ControllerActionInvoker|Route matched with {action = "Error404", controller = "Home"}. Executing action TemplateCoreWebTest.Controllers.HomeController.Error404 (WeedingInvitation) 
2019-02-15 18:04:32.4994|1|INFO|Microsoft.AspNetCore.Mvc.Internal.ControllerActionInvoker|Route matched with {action = "Index", controller = "Home"}. Executing action TemplateCoreWebTest.Controllers.HomeController.Index (WeedingInvitation) 
2019-02-15 18:04:32.5112|1|INFO|Microsoft.AspNetCore.Mvc.Internal.ControllerActionInvoker|Executing action method TemplateCoreWebTest.Controllers.HomeController.Error404 (WeedingInvitation) - Validation state: Valid 
2019-02-15 18:04:32.5112|1|INFO|Microsoft.AspNetCore.Mvc.Internal.ControllerActionInvoker|Executing action method TemplateCoreWebTest.Controllers.HomeController.Index (WeedingInvitation) with arguments () - Validation state: Valid 
2019-02-15 18:04:32.5112|2|INFO|Microsoft.AspNetCore.Mvc.Internal.ControllerActionInvoker|Executed action method TemplateCoreWebTest.Controllers.HomeController.Error404 (WeedingInvitation), returned result Microsoft.AspNetCore.Mvc.ViewResult in 0.7621ms. 
2019-02-15 18:04:32.5224|2|INFO|Microsoft.AspNetCore.Mvc.Internal.ControllerActionInvoker|Executed action method TemplateCoreWebTest.Controllers.HomeController.Index (WeedingInvitation), returned result Microsoft.AspNetCore.Mvc.ViewResult in 0.469ms. 
2019-02-15 18:04:32.5582|1|INFO|Microsoft.AspNetCore.Mvc.ViewFeatures.ViewResultExecutor|Executing ViewResult, running view Index. 
2019-02-15 18:04:32.5582|1|INFO|Microsoft.AspNetCore.Mvc.ViewFeatures.ViewResultExecutor|Executing ViewResult, running view Error404. 
2019-02-15 18:04:32.6470|4|INFO|Microsoft.AspNetCore.Mvc.ViewFeatures.ViewResultExecutor|Executed ViewResult - view Error404 executed in 111.3452ms. 
2019-02-15 18:04:32.6470|4|INFO|Microsoft.AspNetCore.Mvc.ViewFeatures.ViewResultExecutor|Executed ViewResult - view Index executed in 111.6591ms. 
2019-02-15 18:04:32.6470|2|INFO|Microsoft.AspNetCore.Mvc.Internal.ControllerActionInvoker|Executed action TemplateCoreWebTest.Controllers.HomeController.Error404 (WeedingInvitation) in 161.7549ms 
2019-02-15 18:04:32.6470|2|INFO|Microsoft.AspNetCore.Mvc.Internal.ControllerActionInvoker|Executed action TemplateCoreWebTest.Controllers.HomeController.Index (WeedingInvitation) in 151.591ms 
2019-02-15 18:04:32.6470|1|INFO|Microsoft.AspNetCore.Hosting.Internal.WebHost|Request starting HTTP/1.1 GET http://localhost:53185/36b929a97c8736cbfdf5.hot-update.json   
2019-02-15 18:04:32.6675|1|INFO|Microsoft.AspNetCore.Mvc.Internal.ControllerActionInvoker|Route matched with {action = "Error404", controller = "Home"}. Executing action TemplateCoreWebTest.Controllers.HomeController.Error404 (WeedingInvitation) 
2019-02-15 18:04:32.6675|1|INFO|Microsoft.AspNetCore.Mvc.Internal.ControllerActionInvoker|Executing action method TemplateCoreWebTest.Controllers.HomeController.Error404 (WeedingInvitation) - Validation state: Valid 
2019-02-15 18:04:32.6675|2|INFO|Microsoft.AspNetCore.Mvc.Internal.ControllerActionInvoker|Executed action method TemplateCoreWebTest.Controllers.HomeController.Error404 (WeedingInvitation), returned result Microsoft.AspNetCore.Mvc.ViewResult in 0.0208ms. 
2019-02-15 18:04:32.6675|1|INFO|Microsoft.AspNetCore.Mvc.ViewFeatures.ViewResultExecutor|Executing ViewResult, running view Error404. 
2019-02-15 18:04:32.6775|2|INFO|Microsoft.AspNetCore.Hosting.Internal.WebHost|Request finished in 346.853ms 404 text/html; charset=utf-8 
2019-02-15 18:04:32.6775|2|INFO|Microsoft.AspNetCore.Hosting.Internal.WebHost|Request finished in 11467.6344ms 200 text/html; charset=utf-8 
2019-02-15 18:04:32.6775|4|INFO|Microsoft.AspNetCore.Mvc.ViewFeatures.ViewResultExecutor|Executed ViewResult - view Error404 executed in 2.9853ms. 
2019-02-15 18:04:32.6929|2|INFO|Microsoft.AspNetCore.Mvc.Internal.ControllerActionInvoker|Executed action TemplateCoreWebTest.Controllers.HomeController.Error404 (WeedingInvitation) in 23.1771ms 
2019-02-15 18:04:32.6929|1|INFO|Microsoft.AspNetCore.Hosting.Internal.WebHost|Request starting HTTP/1.1 GET http://localhost:53185/36b929a97c8736cbfdf5.hot-update.json   
2019-02-15 18:04:32.6929|2|INFO|Microsoft.AspNetCore.Hosting.Internal.WebHost|Request finished in 36.9301ms 404 text/html; charset=utf-8 
2019-02-15 18:04:32.6929|1|INFO|Microsoft.AspNetCore.Mvc.Internal.ControllerActionInvoker|Route matched with {action = "Error404", controller = "Home"}. Executing action TemplateCoreWebTest.Controllers.HomeController.Error404 (WeedingInvitation) 
2019-02-15 18:04:32.7106|1|INFO|Microsoft.AspNetCore.Mvc.Internal.ControllerActionInvoker|Executing action method TemplateCoreWebTest.Controllers.HomeController.Error404 (WeedingInvitation) - Validation state: Valid 
2019-02-15 18:04:32.7106|2|INFO|Microsoft.AspNetCore.Mvc.Internal.ControllerActionInvoker|Executed action method TemplateCoreWebTest.Controllers.HomeController.Error404 (WeedingInvitation), returned result Microsoft.AspNetCore.Mvc.ViewResult in 0.0229ms. 
2019-02-15 18:04:32.7106|1|INFO|Microsoft.AspNetCore.Mvc.ViewFeatures.ViewResultExecutor|Executing ViewResult, running view Error404. 
2019-02-15 18:04:32.7106|4|INFO|Microsoft.AspNetCore.Mvc.ViewFeatures.ViewResultExecutor|Executed ViewResult - view Error404 executed in 3.1991ms. 
2019-02-15 18:04:32.7106|2|INFO|Microsoft.AspNetCore.Mvc.Internal.ControllerActionInvoker|Executed action TemplateCoreWebTest.Controllers.HomeController.Error404 (WeedingInvitation) in 13.9616ms 
2019-02-15 18:04:32.7291|2|INFO|Microsoft.AspNetCore.Hosting.Internal.WebHost|Request finished in 34.0072ms 404 text/html; charset=utf-8 
2019-02-15 18:04:32.7291|1|INFO|Microsoft.AspNetCore.Hosting.Internal.WebHost|Request starting HTTP/1.1 GET http://localhost:53185/36b929a97c8736cbfdf5.hot-update.json   
2019-02-15 18:04:32.7416|1|INFO|Microsoft.AspNetCore.Mvc.Internal.ControllerActionInvoker|Route matched with {action = "Error404", controller = "Home"}. Executing action TemplateCoreWebTest.Controllers.HomeController.Error404 (WeedingInvitation) 
2019-02-15 18:04:32.7416|1|INFO|Microsoft.AspNetCore.Mvc.Internal.ControllerActionInvoker|Executing action method TemplateCoreWebTest.Controllers.HomeController.Error404 (WeedingInvitation) - Validation state: Valid 
2019-02-15 18:04:32.7416|2|INFO|Microsoft.AspNetCore.Mvc.Internal.ControllerActionInvoker|Executed action method TemplateCoreWebTest.Controllers.HomeController.Error404 (WeedingInvitation), returned result Microsoft.AspNetCore.Mvc.ViewResult in 0.0217ms. 
2019-02-15 18:04:32.7416|1|INFO|Microsoft.AspNetCore.Mvc.ViewFeatures.ViewResultExecutor|Executing ViewResult, running view Error404. 
2019-02-15 18:04:32.7416|4|INFO|Microsoft.AspNetCore.Mvc.ViewFeatures.ViewResultExecutor|Executed ViewResult - view Error404 executed in 2.0088ms. 
2019-02-15 18:04:32.7571|2|INFO|Microsoft.AspNetCore.Mvc.Internal.ControllerActionInvoker|Executed action TemplateCoreWebTest.Controllers.HomeController.Error404 (WeedingInvitation) in 11.067ms 
2019-02-15 18:04:32.7571|2|INFO|Microsoft.AspNetCore.Hosting.Internal.WebHost|Request finished in 24.5071ms 404 text/html; charset=utf-8 
2019-02-15 18:04:32.8393|1|INFO|Microsoft.AspNetCore.Hosting.Internal.WebHost|Request starting HTTP/1.1 GET http://localhost:53185/img/the-bride.jpg   
2019-02-15 18:04:32.8644|1|INFO|Microsoft.AspNetCore.Hosting.Internal.WebHost|Request starting HTTP/1.1 GET http://localhost:53185/img/the-groom.jpg   
2019-02-15 18:04:32.8729|2|INFO|Microsoft.AspNetCore.StaticFiles.StaticFileMiddleware|Sending file. Request path: '/img/the-bride.jpg'. Physical path: 'C:\Users\Diana\Work\Projects\WeedingInvitation\TemplateCoreWeb\wwwroot\img\the-bride.jpg' 
2019-02-15 18:04:32.8729|2|INFO|Microsoft.AspNetCore.StaticFiles.StaticFileMiddleware|Sending file. Request path: '/img/the-groom.jpg'. Physical path: 'C:\Users\Diana\Work\Projects\WeedingInvitation\TemplateCoreWeb\wwwroot\img\the-groom.jpg' 
2019-02-15 18:04:32.8729|2|INFO|Microsoft.AspNetCore.Hosting.Internal.WebHost|Request finished in 35.6191ms 200 image/jpeg 
2019-02-15 18:04:32.8729|2|INFO|Microsoft.AspNetCore.Hosting.Internal.WebHost|Request finished in 11.9014ms 200 image/jpeg 
2019-02-15 18:04:32.8982|1|INFO|Microsoft.AspNetCore.Hosting.Internal.WebHost|Request starting HTTP/1.1 GET http://localhost:53185/img/wedding-event-1.jpg   
2019-02-15 18:04:32.8982|1|INFO|Microsoft.AspNetCore.Hosting.Internal.WebHost|Request starting HTTP/1.1 GET http://localhost:53185/img/title-divider.png   
2019-02-15 18:04:32.8982|2|INFO|Microsoft.AspNetCore.StaticFiles.StaticFileMiddleware|Sending file. Request path: '/img/wedding-event-1.jpg'. Physical path: 'C:\Users\Diana\Work\Projects\WeedingInvitation\TemplateCoreWeb\wwwroot\img\wedding-event-1.jpg' 
2019-02-15 18:04:32.8982|2|INFO|Microsoft.AspNetCore.Hosting.Internal.WebHost|Request finished in 7.8402ms 200 image/jpeg 
2019-02-15 18:04:32.8982|2|INFO|Microsoft.AspNetCore.StaticFiles.StaticFileMiddleware|Sending file. Request path: '/img/title-divider.png'. Physical path: 'C:\Users\Diana\Work\Projects\WeedingInvitation\TemplateCoreWeb\wwwroot\img\title-divider.png' 
2019-02-15 18:04:32.9128|2|INFO|Microsoft.AspNetCore.Hosting.Internal.WebHost|Request finished in 14.5596ms 200 image/png 
2019-02-15 18:04:33.0374|1|INFO|Microsoft.AspNetCore.Hosting.Internal.WebHost|Request starting HTTP/1.1 GET http://localhost:53185/__webpack_hmr   
2019-02-15 18:04:33.0374|1|INFO|Microsoft.AspNetCore.Hosting.Internal.WebHost|Request starting HTTP/1.1 GET http://localhost:53185/img/wedding-event-2.jpg   
2019-02-15 18:04:33.0374|1|INFO|Microsoft.AspNetCore.Hosting.Internal.WebHost|Request starting HTTP/1.1 GET http://localhost:53185/img/love-story/love-story-1.jpg   
2019-02-15 18:04:33.0374|2|INFO|Microsoft.AspNetCore.StaticFiles.StaticFileMiddleware|Sending file. Request path: '/img/wedding-event-2.jpg'. Physical path: 'C:\Users\Diana\Work\Projects\WeedingInvitation\TemplateCoreWeb\wwwroot\img\wedding-event-2.jpg' 
2019-02-15 18:04:33.0374|2|INFO|Microsoft.AspNetCore.Hosting.Internal.WebHost|Request finished in 10.8754ms 200 image/jpeg 
2019-02-15 18:04:33.0596|2|INFO|Microsoft.AspNetCore.StaticFiles.StaticFileMiddleware|Sending file. Request path: '/img/love-story/love-story-1.jpg'. Physical path: 'C:\Users\Diana\Work\Projects\WeedingInvitation\TemplateCoreWeb\wwwroot\img\love-story\love-story-1.jpg' 
2019-02-15 18:04:33.0596|2|INFO|Microsoft.AspNetCore.Hosting.Internal.WebHost|Request finished in 21.6886ms 200 image/jpeg 
2019-02-15 18:04:33.0832|1|INFO|Microsoft.AspNetCore.Hosting.Internal.WebHost|Request starting HTTP/1.1 GET http://localhost:53185/36b929a97c8736cbfdf5.hot-update.json   
2019-02-15 18:04:33.0879|1|INFO|Microsoft.AspNetCore.Mvc.Internal.ControllerActionInvoker|Route matched with {action = "Error404", controller = "Home"}. Executing action TemplateCoreWebTest.Controllers.HomeController.Error404 (WeedingInvitation) 
2019-02-15 18:04:33.0879|1|INFO|Microsoft.AspNetCore.Mvc.Internal.ControllerActionInvoker|Executing action method TemplateCoreWebTest.Controllers.HomeController.Error404 (WeedingInvitation) - Validation state: Valid 
2019-02-15 18:04:33.0879|2|INFO|Microsoft.AspNetCore.Mvc.Internal.ControllerActionInvoker|Executed action method TemplateCoreWebTest.Controllers.HomeController.Error404 (WeedingInvitation), returned result Microsoft.AspNetCore.Mvc.ViewResult in 0.022ms. 
2019-02-15 18:04:33.0879|1|INFO|Microsoft.AspNetCore.Mvc.ViewFeatures.ViewResultExecutor|Executing ViewResult, running view Error404. 
2019-02-15 18:04:33.0879|4|INFO|Microsoft.AspNetCore.Mvc.ViewFeatures.ViewResultExecutor|Executed ViewResult - view Error404 executed in 2.0795ms. 
2019-02-15 18:04:33.0879|2|INFO|Microsoft.AspNetCore.Mvc.Internal.ControllerActionInvoker|Executed action TemplateCoreWebTest.Controllers.HomeController.Error404 (WeedingInvitation) in 7.711ms 
2019-02-15 18:04:33.0994|2|INFO|Microsoft.AspNetCore.Hosting.Internal.WebHost|Request finished in 16.1805ms 404 text/html; charset=utf-8 
2019-02-15 18:04:33.0994|1|INFO|Microsoft.AspNetCore.Hosting.Internal.WebHost|Request starting HTTP/1.1 GET http://localhost:53185/36b929a97c8736cbfdf5.hot-update.json   
2019-02-15 18:04:33.0994|1|INFO|Microsoft.AspNetCore.Mvc.Internal.ControllerActionInvoker|Route matched with {action = "Error404", controller = "Home"}. Executing action TemplateCoreWebTest.Controllers.HomeController.Error404 (WeedingInvitation) 
2019-02-15 18:04:33.0994|1|INFO|Microsoft.AspNetCore.Mvc.Internal.ControllerActionInvoker|Executing action method TemplateCoreWebTest.Controllers.HomeController.Error404 (WeedingInvitation) - Validation state: Valid 
2019-02-15 18:04:33.0994|2|INFO|Microsoft.AspNetCore.Mvc.Internal.ControllerActionInvoker|Executed action method TemplateCoreWebTest.Controllers.HomeController.Error404 (WeedingInvitation), returned result Microsoft.AspNetCore.Mvc.ViewResult in 0.0277ms. 
2019-02-15 18:04:33.0994|1|INFO|Microsoft.AspNetCore.Mvc.ViewFeatures.ViewResultExecutor|Executing ViewResult, running view Error404. 
2019-02-15 18:04:33.0994|4|INFO|Microsoft.AspNetCore.Mvc.ViewFeatures.ViewResultExecutor|Executed ViewResult - view Error404 executed in 2.0149ms. 
2019-02-15 18:04:33.1154|2|INFO|Microsoft.AspNetCore.Mvc.Internal.ControllerActionInvoker|Executed action TemplateCoreWebTest.Controllers.HomeController.Error404 (WeedingInvitation) in 6.8492ms 
2019-02-15 18:04:33.1154|2|INFO|Microsoft.AspNetCore.Hosting.Internal.WebHost|Request finished in 16.4365ms 404 text/html; charset=utf-8 
2019-02-15 18:04:33.1154|1|INFO|Microsoft.AspNetCore.Hosting.Internal.WebHost|Request starting HTTP/1.1 GET http://localhost:53185/36b929a97c8736cbfdf5.hot-update.json   
2019-02-15 18:04:33.1154|1|INFO|Microsoft.AspNetCore.Mvc.Internal.ControllerActionInvoker|Route matched with {action = "Error404", controller = "Home"}. Executing action TemplateCoreWebTest.Controllers.HomeController.Error404 (WeedingInvitation) 
2019-02-15 18:04:33.1154|1|INFO|Microsoft.AspNetCore.Mvc.Internal.ControllerActionInvoker|Executing action method TemplateCoreWebTest.Controllers.HomeController.Error404 (WeedingInvitation) - Validation state: Valid 
2019-02-15 18:04:33.1154|2|INFO|Microsoft.AspNetCore.Mvc.Internal.ControllerActionInvoker|Executed action method TemplateCoreWebTest.Controllers.HomeController.Error404 (WeedingInvitation), returned result Microsoft.AspNetCore.Mvc.ViewResult in 0.0178ms. 
2019-02-15 18:04:33.1154|1|INFO|Microsoft.AspNetCore.Mvc.ViewFeatures.ViewResultExecutor|Executing ViewResult, running view Error404. 
2019-02-15 18:04:33.1324|4|INFO|Microsoft.AspNetCore.Mvc.ViewFeatures.ViewResultExecutor|Executed ViewResult - view Error404 executed in 2.2244ms. 
2019-02-15 18:04:33.1324|2|INFO|Microsoft.AspNetCore.Mvc.Internal.ControllerActionInvoker|Executed action TemplateCoreWebTest.Controllers.HomeController.Error404 (WeedingInvitation) in 7.5353ms 
2019-02-15 18:04:33.1324|1|INFO|Microsoft.AspNetCore.Hosting.Internal.WebHost|Request starting HTTP/1.1 GET http://localhost:53185/36b929a97c8736cbfdf5.hot-update.json   
2019-02-15 18:04:33.1324|2|INFO|Microsoft.AspNetCore.Hosting.Internal.WebHost|Request finished in 17.6763ms 404 text/html; charset=utf-8 
2019-02-15 18:04:33.1324|1|INFO|Microsoft.AspNetCore.Mvc.Internal.ControllerActionInvoker|Route matched with {action = "Error404", controller = "Home"}. Executing action TemplateCoreWebTest.Controllers.HomeController.Error404 (WeedingInvitation) 
2019-02-15 18:04:33.1324|1|INFO|Microsoft.AspNetCore.Mvc.Internal.ControllerActionInvoker|Executing action method TemplateCoreWebTest.Controllers.HomeController.Error404 (WeedingInvitation) - Validation state: Valid 
2019-02-15 18:04:33.1324|2|INFO|Microsoft.AspNetCore.Mvc.Internal.ControllerActionInvoker|Executed action method TemplateCoreWebTest.Controllers.HomeController.Error404 (WeedingInvitation), returned result Microsoft.AspNetCore.Mvc.ViewResult in 0.0226ms. 
2019-02-15 18:04:33.1461|1|INFO|Microsoft.AspNetCore.Mvc.ViewFeatures.ViewResultExecutor|Executing ViewResult, running view Error404. 
2019-02-15 18:04:33.1461|4|INFO|Microsoft.AspNetCore.Mvc.ViewFeatures.ViewResultExecutor|Executed ViewResult - view Error404 executed in 1.8057ms. 
2019-02-15 18:04:33.1461|2|INFO|Microsoft.AspNetCore.Mvc.Internal.ControllerActionInvoker|Executed action TemplateCoreWebTest.Controllers.HomeController.Error404 (WeedingInvitation) in 5.7434ms 
2019-02-15 18:04:33.1461|2|INFO|Microsoft.AspNetCore.Hosting.Internal.WebHost|Request finished in 14.9493ms 404 text/html; charset=utf-8 
2019-02-15 18:04:33.1764|1|INFO|Microsoft.AspNetCore.Hosting.Internal.WebHost|Request starting HTTP/1.1 GET http://localhost:53185/img/love-story/love-story-2.jpg   
2019-02-15 18:04:33.1825|2|INFO|Microsoft.AspNetCore.StaticFiles.StaticFileMiddleware|Sending file. Request path: '/img/love-story/love-story-2.jpg'. Physical path: 'C:\Users\Diana\Work\Projects\WeedingInvitation\TemplateCoreWeb\wwwroot\img\love-story\love-story-2.jpg' 
2019-02-15 18:04:33.1825|2|INFO|Microsoft.AspNetCore.Hosting.Internal.WebHost|Request finished in 7.5549ms 200 image/jpeg 
2019-02-15 18:04:33.1973|1|INFO|Microsoft.AspNetCore.Hosting.Internal.WebHost|Request starting HTTP/1.1 GET http://localhost:53185/36b929a97c8736cbfdf5.hot-update.json   
2019-02-15 18:04:33.1973|1|INFO|Microsoft.AspNetCore.Mvc.Internal.ControllerActionInvoker|Route matched with {action = "Error404", controller = "Home"}. Executing action TemplateCoreWebTest.Controllers.HomeController.Error404 (WeedingInvitation) 
2019-02-15 18:04:33.1973|1|INFO|Microsoft.AspNetCore.Mvc.Internal.ControllerActionInvoker|Executing action method TemplateCoreWebTest.Controllers.HomeController.Error404 (WeedingInvitation) - Validation state: Valid 
2019-02-15 18:04:33.1973|2|INFO|Microsoft.AspNetCore.Mvc.Internal.ControllerActionInvoker|Executed action method TemplateCoreWebTest.Controllers.HomeController.Error404 (WeedingInvitation), returned result Microsoft.AspNetCore.Mvc.ViewResult in 0.0256ms. 
2019-02-15 18:04:33.1973|1|INFO|Microsoft.AspNetCore.Mvc.ViewFeatures.ViewResultExecutor|Executing ViewResult, running view Error404. 
2019-02-15 18:04:33.1973|4|INFO|Microsoft.AspNetCore.Mvc.ViewFeatures.ViewResultExecutor|Executed ViewResult - view Error404 executed in 2.0538ms. 
2019-02-15 18:04:33.2097|2|INFO|Microsoft.AspNetCore.Mvc.Internal.ControllerActionInvoker|Executed action TemplateCoreWebTest.Controllers.HomeController.Error404 (WeedingInvitation) in 6.9171ms 
2019-02-15 18:04:33.2097|2|INFO|Microsoft.AspNetCore.Hosting.Internal.WebHost|Request finished in 14.7123ms 404 text/html; charset=utf-8 
2019-02-15 18:04:33.2097|1|INFO|Microsoft.AspNetCore.Hosting.Internal.WebHost|Request starting HTTP/1.1 GET http://localhost:53185/36b929a97c8736cbfdf5.hot-update.json   
2019-02-15 18:04:33.2097|1|INFO|Microsoft.AspNetCore.Mvc.Internal.ControllerActionInvoker|Route matched with {action = "Error404", controller = "Home"}. Executing action TemplateCoreWebTest.Controllers.HomeController.Error404 (WeedingInvitation) 
2019-02-15 18:04:33.2097|1|INFO|Microsoft.AspNetCore.Mvc.Internal.ControllerActionInvoker|Executing action method TemplateCoreWebTest.Controllers.HomeController.Error404 (WeedingInvitation) - Validation state: Valid 
2019-02-15 18:04:33.2097|2|INFO|Microsoft.AspNetCore.Mvc.Internal.ControllerActionInvoker|Executed action method TemplateCoreWebTest.Controllers.HomeController.Error404 (WeedingInvitation), returned result Microsoft.AspNetCore.Mvc.ViewResult in 0.0208ms. 
2019-02-15 18:04:33.2244|1|INFO|Microsoft.AspNetCore.Mvc.ViewFeatures.ViewResultExecutor|Executing ViewResult, running view Error404. 
2019-02-15 18:04:33.2244|4|INFO|Microsoft.AspNetCore.Mvc.ViewFeatures.ViewResultExecutor|Executed ViewResult - view Error404 executed in 1.5105ms. 
2019-02-15 18:04:33.2244|2|INFO|Microsoft.AspNetCore.Mvc.Internal.ControllerActionInvoker|Executed action TemplateCoreWebTest.Controllers.HomeController.Error404 (WeedingInvitation) in 5.3697ms 
2019-02-15 18:04:33.2244|2|INFO|Microsoft.AspNetCore.Hosting.Internal.WebHost|Request finished in 16.9877ms 404 text/html; charset=utf-8 
2019-02-15 18:04:33.2475|1|INFO|Microsoft.AspNetCore.Hosting.Internal.WebHost|Request starting HTTP/1.1 GET http://localhost:53185/img/love-story/love-story-3.jpg   
2019-02-15 18:04:33.2475|1|INFO|Microsoft.AspNetCore.Hosting.Internal.WebHost|Request starting HTTP/1.1 GET http://localhost:53185/img/love-story/love-story-4.jpg   
2019-02-15 18:04:33.2475|2|INFO|Microsoft.AspNetCore.StaticFiles.StaticFileMiddleware|Sending file. Request path: '/img/love-story/love-story-3.jpg'. Physical path: 'C:\Users\Diana\Work\Projects\WeedingInvitation\TemplateCoreWeb\wwwroot\img\love-story\love-story-3.jpg' 
2019-02-15 18:04:33.2585|2|INFO|Microsoft.AspNetCore.Hosting.Internal.WebHost|Request finished in 11.0323ms 200 image/jpeg 
2019-02-15 18:04:33.2585|1|INFO|Microsoft.AspNetCore.Hosting.Internal.WebHost|Request starting HTTP/1.1 GET http://localhost:53185/img/love-story/love-story-5.jpg   
2019-02-15 18:04:33.2585|2|INFO|Microsoft.AspNetCore.StaticFiles.StaticFileMiddleware|Sending file. Request path: '/img/love-story/love-story-4.jpg'. Physical path: 'C:\Users\Diana\Work\Projects\WeedingInvitation\TemplateCoreWeb\wwwroot\img\love-story\love-story-4.jpg' 
2019-02-15 18:04:33.2585|2|INFO|Microsoft.AspNetCore.Hosting.Internal.WebHost|Request finished in 14.4796ms 200 image/jpeg 
2019-02-15 18:04:33.2585|2|INFO|Microsoft.AspNetCore.StaticFiles.StaticFileMiddleware|Sending file. Request path: '/img/love-story/love-story-5.jpg'. Physical path: 'C:\Users\Diana\Work\Projects\WeedingInvitation\TemplateCoreWeb\wwwroot\img\love-story\love-story-5.jpg' 
2019-02-15 18:04:33.2796|2|INFO|Microsoft.AspNetCore.Hosting.Internal.WebHost|Request finished in 19.4141ms 200 image/jpeg 
2019-02-15 18:04:33.2959|1|INFO|Microsoft.AspNetCore.Hosting.Internal.WebHost|Request starting HTTP/1.1 GET http://localhost:53185/img/gallery/gallery-1.jpg   
2019-02-15 18:04:33.2959|1|INFO|Microsoft.AspNetCore.Hosting.Internal.WebHost|Request starting HTTP/1.1 GET http://localhost:53185/img/gallery/gallery-2.jpg   
2019-02-15 18:04:33.2959|1|INFO|Microsoft.AspNetCore.Hosting.Internal.WebHost|Request starting HTTP/1.1 GET http://localhost:53185/img/gallery/gallery-3.jpg   
2019-02-15 18:04:33.3155|2|INFO|Microsoft.AspNetCore.StaticFiles.StaticFileMiddleware|Sending file. Request path: '/img/gallery/gallery-2.jpg'. Physical path: 'C:\Users\Diana\Work\Projects\WeedingInvitation\TemplateCoreWeb\wwwroot\img\gallery\gallery-2.jpg' 
2019-02-15 18:04:33.3270|2|INFO|Microsoft.AspNetCore.Hosting.Internal.WebHost|Request finished in 31.1619ms 200 image/jpeg 
2019-02-15 18:04:33.3270|2|INFO|Microsoft.AspNetCore.StaticFiles.StaticFileMiddleware|Sending file. Request path: '/img/gallery/gallery-1.jpg'. Physical path: 'C:\Users\Diana\Work\Projects\WeedingInvitation\TemplateCoreWeb\wwwroot\img\gallery\gallery-1.jpg' 
2019-02-15 18:04:33.3270|2|INFO|Microsoft.AspNetCore.StaticFiles.StaticFileMiddleware|Sending file. Request path: '/img/gallery/gallery-3.jpg'. Physical path: 'C:\Users\Diana\Work\Projects\WeedingInvitation\TemplateCoreWeb\wwwroot\img\gallery\gallery-3.jpg' 
2019-02-15 18:04:33.3459|2|INFO|Microsoft.AspNetCore.Hosting.Internal.WebHost|Request finished in 50.0221ms 200 image/jpeg 
2019-02-15 18:04:33.3459|2|INFO|Microsoft.AspNetCore.Hosting.Internal.WebHost|Request finished in 52.4484ms 200 image/jpeg 
2019-02-15 18:04:33.4077|1|INFO|Microsoft.AspNetCore.Hosting.Internal.WebHost|Request starting HTTP/1.1 GET http://localhost:53185/img/gallery/gallery-5.jpg   
2019-02-15 18:04:33.4077|1|INFO|Microsoft.AspNetCore.Hosting.Internal.WebHost|Request starting HTTP/1.1 GET http://localhost:53185/img/gallery/gallery-4.jpg   
2019-02-15 18:04:33.4077|1|INFO|Microsoft.AspNetCore.Hosting.Internal.WebHost|Request starting HTTP/1.1 GET http://localhost:53185/img/gallery/gallery-6.jpg   
2019-02-15 18:04:33.4195|2|INFO|Microsoft.AspNetCore.StaticFiles.StaticFileMiddleware|Sending file. Request path: '/img/gallery/gallery-5.jpg'. Physical path: 'C:\Users\Diana\Work\Projects\WeedingInvitation\TemplateCoreWeb\wwwroot\img\gallery\gallery-5.jpg' 
2019-02-15 18:04:33.4195|2|INFO|Microsoft.AspNetCore.Hosting.Internal.WebHost|Request finished in 14.0871ms 200 image/jpeg 
2019-02-15 18:04:33.4195|2|INFO|Microsoft.AspNetCore.StaticFiles.StaticFileMiddleware|Sending file. Request path: '/img/gallery/gallery-4.jpg'. Physical path: 'C:\Users\Diana\Work\Projects\WeedingInvitation\TemplateCoreWeb\wwwroot\img\gallery\gallery-4.jpg' 
2019-02-15 18:04:33.4349|2|INFO|Microsoft.AspNetCore.Hosting.Internal.WebHost|Request finished in 25.7163ms 200 image/jpeg 
2019-02-15 18:04:33.4349|2|INFO|Microsoft.AspNetCore.StaticFiles.StaticFileMiddleware|Sending file. Request path: '/img/gallery/gallery-6.jpg'. Physical path: 'C:\Users\Diana\Work\Projects\WeedingInvitation\TemplateCoreWeb\wwwroot\img\gallery\gallery-6.jpg' 
2019-02-15 18:04:33.4431|2|INFO|Microsoft.AspNetCore.Hosting.Internal.WebHost|Request finished in 33.7856ms 200 image/jpeg 
2019-02-15 18:04:33.4923|1|INFO|Microsoft.AspNetCore.Hosting.Internal.WebHost|Request starting HTTP/1.1 GET http://localhost:53185/img/gallery/gallery-7.jpg   
2019-02-15 18:04:33.4923|1|INFO|Microsoft.AspNetCore.Hosting.Internal.WebHost|Request starting HTTP/1.1 GET http://localhost:53185/img/gallery/gallery-8.jpg   
2019-02-15 18:04:33.4923|2|INFO|Microsoft.AspNetCore.StaticFiles.StaticFileMiddleware|Sending file. Request path: '/img/gallery/gallery-8.jpg'. Physical path: 'C:\Users\Diana\Work\Projects\WeedingInvitation\TemplateCoreWeb\wwwroot\img\gallery\gallery-8.jpg' 
2019-02-15 18:04:33.5059|2|INFO|Microsoft.AspNetCore.Hosting.Internal.WebHost|Request finished in 12.9512ms 200 image/jpeg 
2019-02-15 18:04:33.5059|2|INFO|Microsoft.AspNetCore.StaticFiles.StaticFileMiddleware|Sending file. Request path: '/img/gallery/gallery-7.jpg'. Physical path: 'C:\Users\Diana\Work\Projects\WeedingInvitation\TemplateCoreWeb\wwwroot\img\gallery\gallery-7.jpg' 
2019-02-15 18:04:33.5059|2|INFO|Microsoft.AspNetCore.Hosting.Internal.WebHost|Request finished in 21.0115ms 200 image/jpeg 
2019-02-15 18:05:05.5856|1|INFO|Microsoft.AspNetCore.Hosting.Internal.WebHost|Request starting HTTP/1.1 GET http://localhost:53185/   
2019-02-15 18:05:05.6037|1|INFO|Microsoft.AspNetCore.Mvc.Internal.ControllerActionInvoker|Route matched with {action = "Index", controller = "Home"}. Executing action TemplateCoreWebTest.Controllers.HomeController.Index (WeedingInvitation) 
2019-02-15 18:05:05.6037|1|INFO|Microsoft.AspNetCore.Mvc.Internal.ControllerActionInvoker|Executing action method TemplateCoreWebTest.Controllers.HomeController.Index (WeedingInvitation) with arguments () - Validation state: Valid 
2019-02-15 18:05:05.6037|2|INFO|Microsoft.AspNetCore.Mvc.Internal.ControllerActionInvoker|Executed action method TemplateCoreWebTest.Controllers.HomeController.Index (WeedingInvitation), returned result Microsoft.AspNetCore.Mvc.ViewResult in 0.0307ms. 
2019-02-15 18:05:05.6037|1|INFO|Microsoft.AspNetCore.Mvc.ViewFeatures.ViewResultExecutor|Executing ViewResult, running view Index. 
2019-02-15 18:05:05.6037|4|INFO|Microsoft.AspNetCore.Mvc.ViewFeatures.ViewResultExecutor|Executed ViewResult - view Index executed in 4.8608ms. 
2019-02-15 18:05:05.6169|2|INFO|Microsoft.AspNetCore.Mvc.Internal.ControllerActionInvoker|Executed action TemplateCoreWebTest.Controllers.HomeController.Index (WeedingInvitation) in 11.8256ms 
2019-02-15 18:05:05.6169|2|INFO|Microsoft.AspNetCore.Hosting.Internal.WebHost|Request finished in 33.5037ms 200 text/html; charset=utf-8 
2019-02-15 18:05:05.6806|1|INFO|Microsoft.AspNetCore.Hosting.Internal.WebHost|Request starting HTTP/1.1 GET http://localhost:53185/dist/vendor_styles.js   
2019-02-15 18:05:05.6806|1|INFO|Microsoft.AspNetCore.Hosting.Internal.WebHost|Request starting HTTP/1.1 GET http://localhost:53185/img/the-groom.jpg   
2019-02-15 18:05:05.6806|1|INFO|Microsoft.AspNetCore.Hosting.Internal.WebHost|Request starting HTTP/1.1 GET http://localhost:53185/img/the-bride.jpg   
2019-02-15 18:05:05.6806|1|INFO|Microsoft.AspNetCore.Hosting.Internal.WebHost|Request starting HTTP/1.1 GET http://localhost:53185/dist/custom_styles.js   
2019-02-15 18:05:05.7070|2|INFO|Microsoft.AspNetCore.StaticFiles.StaticFileMiddleware|Sending file. Request path: '/img/the-groom.jpg'. Physical path: 'C:\Users\Diana\Work\Projects\WeedingInvitation\TemplateCoreWeb\wwwroot\img\the-groom.jpg' 
2019-02-15 18:05:05.7111|2|INFO|Microsoft.AspNetCore.StaticFiles.StaticFileMiddleware|Sending file. Request path: '/img/the-bride.jpg'. Physical path: 'C:\Users\Diana\Work\Projects\WeedingInvitation\TemplateCoreWeb\wwwroot\img\the-bride.jpg' 
2019-02-15 18:05:05.7321|2|INFO|Microsoft.AspNetCore.Hosting.Internal.WebHost|Request finished in 49.0555ms 200 image/jpeg 
2019-02-15 18:05:05.7409|2|INFO|Microsoft.AspNetCore.Hosting.Internal.WebHost|Request finished in 57.6166ms 200 image/jpeg 
2019-02-15 18:05:05.7667|2|INFO|Microsoft.AspNetCore.StaticFiles.StaticFileMiddleware|Sending file. Request path: '/dist/custom_styles.js'. Physical path: 'C:\Users\Diana\Work\Projects\WeedingInvitation\TemplateCoreWeb\wwwroot\dist\custom_styles.js' 
2019-02-15 18:05:05.7856|2|INFO|Microsoft.AspNetCore.Hosting.Internal.WebHost|Request finished in 97.4409ms 200 application/javascript 
2019-02-15 18:05:05.7873|1|INFO|Microsoft.AspNetCore.Hosting.Internal.WebHost|Request starting HTTP/1.1 GET http://localhost:53185/img/title-divider.png   
2019-02-15 18:05:05.7873|2|INFO|Microsoft.AspNetCore.StaticFiles.StaticFileMiddleware|Sending file. Request path: '/img/title-divider.png'. Physical path: 'C:\Users\Diana\Work\Projects\WeedingInvitation\TemplateCoreWeb\wwwroot\img\title-divider.png' 
2019-02-15 18:05:05.7873|1|INFO|Microsoft.AspNetCore.Hosting.Internal.WebHost|Request starting HTTP/1.1 GET http://localhost:53185/img/wedding-event-1.jpg   
2019-02-15 18:05:05.8029|2|INFO|Microsoft.AspNetCore.Hosting.Internal.WebHost|Request finished in 15.393ms 200 image/png 
2019-02-15 18:05:05.8304|2|INFO|Microsoft.AspNetCore.StaticFiles.StaticFileMiddleware|Sending file. Request path: '/img/wedding-event-1.jpg'. Physical path: 'C:\Users\Diana\Work\Projects\WeedingInvitation\TemplateCoreWeb\wwwroot\img\wedding-event-1.jpg' 
2019-02-15 18:05:05.8375|1|INFO|Microsoft.AspNetCore.Hosting.Internal.WebHost|Request starting HTTP/1.1 GET http://localhost:53185/img/wedding-event-2.jpg   
2019-02-15 18:05:05.8375|2|INFO|Microsoft.AspNetCore.Hosting.Internal.WebHost|Request finished in 39.4645ms 200 image/jpeg 
2019-02-15 18:05:05.8561|2|INFO|Microsoft.AspNetCore.StaticFiles.StaticFileMiddleware|Sending file. Request path: '/img/wedding-event-2.jpg'. Physical path: 'C:\Users\Diana\Work\Projects\WeedingInvitation\TemplateCoreWeb\wwwroot\img\wedding-event-2.jpg' 
2019-02-15 18:05:05.8561|2|INFO|Microsoft.AspNetCore.Hosting.Internal.WebHost|Request finished in 20.1298ms 200 image/jpeg 
2019-02-15 18:05:05.8664|2|INFO|Microsoft.AspNetCore.StaticFiles.StaticFileMiddleware|Sending file. Request path: '/dist/vendor_styles.js'. Physical path: 'C:\Users\Diana\Work\Projects\WeedingInvitation\TemplateCoreWeb\wwwroot\dist\vendor_styles.js' 
2019-02-15 18:05:05.8818|2|INFO|Microsoft.AspNetCore.Hosting.Internal.WebHost|Request finished in 201.2632ms 200 application/javascript 
2019-02-15 18:05:05.9025|1|INFO|Microsoft.AspNetCore.Hosting.Internal.WebHost|Request starting HTTP/1.1 GET http://localhost:53185/img/love-story/love-story-1.jpg   
2019-02-15 18:05:05.9025|1|INFO|Microsoft.AspNetCore.Hosting.Internal.WebHost|Request starting HTTP/1.1 GET http://localhost:53185/img/love-story/love-story-2.jpg   
2019-02-15 18:05:05.9025|2|INFO|Microsoft.AspNetCore.StaticFiles.StaticFileMiddleware|Sending file. Request path: '/img/love-story/love-story-1.jpg'. Physical path: 'C:\Users\Diana\Work\Projects\WeedingInvitation\TemplateCoreWeb\wwwroot\img\love-story\love-story-1.jpg' 
2019-02-15 18:05:05.9206|2|INFO|Microsoft.AspNetCore.Hosting.Internal.WebHost|Request finished in 18.0602ms 200 image/jpeg 
2019-02-15 18:05:05.9206|2|INFO|Microsoft.AspNetCore.StaticFiles.StaticFileMiddleware|Sending file. Request path: '/img/love-story/love-story-2.jpg'. Physical path: 'C:\Users\Diana\Work\Projects\WeedingInvitation\TemplateCoreWeb\wwwroot\img\love-story\love-story-2.jpg' 
2019-02-15 18:05:05.9305|2|INFO|Microsoft.AspNetCore.Hosting.Internal.WebHost|Request finished in 21.5929ms 200 image/jpeg 
2019-02-15 18:05:05.9578|1|INFO|Microsoft.AspNetCore.Hosting.Internal.WebHost|Request starting HTTP/1.1 GET http://localhost:53185/img/love-story/love-story-3.jpg   
2019-02-15 18:05:05.9626|1|INFO|Microsoft.AspNetCore.Hosting.Internal.WebHost|Request starting HTTP/1.1 GET http://localhost:53185/img/love-story/love-story-4.jpg   
2019-02-15 18:05:05.9626|2|INFO|Microsoft.AspNetCore.StaticFiles.StaticFileMiddleware|Sending file. Request path: '/img/love-story/love-story-3.jpg'. Physical path: 'C:\Users\Diana\Work\Projects\WeedingInvitation\TemplateCoreWeb\wwwroot\img\love-story\love-story-3.jpg' 
2019-02-15 18:05:05.9626|2|INFO|Microsoft.AspNetCore.Hosting.Internal.WebHost|Request finished in 11.7091ms 200 image/jpeg 
2019-02-15 18:05:05.9626|2|INFO|Microsoft.AspNetCore.StaticFiles.StaticFileMiddleware|Sending file. Request path: '/img/love-story/love-story-4.jpg'. Physical path: 'C:\Users\Diana\Work\Projects\WeedingInvitation\TemplateCoreWeb\wwwroot\img\love-story\love-story-4.jpg' 
2019-02-15 18:05:05.9626|2|INFO|Microsoft.AspNetCore.Hosting.Internal.WebHost|Request finished in 11.0018ms 200 image/jpeg 
2019-02-15 18:05:05.9963|1|INFO|Microsoft.AspNetCore.Hosting.Internal.WebHost|Request starting HTTP/1.1 GET http://localhost:53185/img/love-story/love-story-5.jpg   
2019-02-15 18:05:05.9963|2|INFO|Microsoft.AspNetCore.StaticFiles.StaticFileMiddleware|Sending file. Request path: '/img/love-story/love-story-5.jpg'. Physical path: 'C:\Users\Diana\Work\Projects\WeedingInvitation\TemplateCoreWeb\wwwroot\img\love-story\love-story-5.jpg' 
2019-02-15 18:05:06.0052|1|INFO|Microsoft.AspNetCore.Hosting.Internal.WebHost|Request starting HTTP/1.1 GET http://localhost:53185/img/gallery/gallery-1.jpg   
2019-02-15 18:05:06.0052|2|INFO|Microsoft.AspNetCore.Hosting.Internal.WebHost|Request finished in 11.5802ms 200 image/jpeg 
2019-02-15 18:05:06.0477|2|INFO|Microsoft.AspNetCore.StaticFiles.StaticFileMiddleware|Sending file. Request path: '/img/gallery/gallery-1.jpg'. Physical path: 'C:\Users\Diana\Work\Projects\WeedingInvitation\TemplateCoreWeb\wwwroot\img\gallery\gallery-1.jpg' 
2019-02-15 18:05:06.0538|2|INFO|Microsoft.AspNetCore.Hosting.Internal.WebHost|Request finished in 48.635ms 200 image/jpeg 
2019-02-15 18:05:06.1634|1|INFO|Microsoft.AspNetCore.Hosting.Internal.WebHost|Request starting HTTP/1.1 GET http://localhost:53185/__webpack_hmr   
2019-02-15 18:05:06.1634|1|INFO|Microsoft.AspNetCore.Hosting.Internal.WebHost|Request starting HTTP/1.1 GET http://localhost:53185/img/gallery/gallery-2.jpg   
2019-02-15 18:05:06.2015|2|INFO|Microsoft.AspNetCore.Hosting.Internal.WebHost|Request finished in 33164.1387ms 200 text/event-stream; charset=utf-8 
2019-02-15 18:05:06.2015|2|INFO|Microsoft.AspNetCore.StaticFiles.StaticFileMiddleware|Sending file. Request path: '/img/gallery/gallery-2.jpg'. Physical path: 'C:\Users\Diana\Work\Projects\WeedingInvitation\TemplateCoreWeb\wwwroot\img\gallery\gallery-2.jpg' 
2019-02-15 18:05:06.2015|2|INFO|Microsoft.AspNetCore.Hosting.Internal.WebHost|Request finished in 42.7047ms 200 image/jpeg 
2019-02-15 18:05:06.2193|1|INFO|Microsoft.AspNetCore.Hosting.Internal.WebHost|Request starting HTTP/1.1 GET http://localhost:53185/img/gallery/gallery-3.jpg   
2019-02-15 18:05:06.2298|2|INFO|Microsoft.AspNetCore.StaticFiles.StaticFileMiddleware|Sending file. Request path: '/img/gallery/gallery-3.jpg'. Physical path: 'C:\Users\Diana\Work\Projects\WeedingInvitation\TemplateCoreWeb\wwwroot\img\gallery\gallery-3.jpg' 
2019-02-15 18:05:06.2298|2|INFO|Microsoft.AspNetCore.Hosting.Internal.WebHost|Request finished in 13.7783ms 200 image/jpeg 
2019-02-15 18:05:06.2554|1|INFO|Microsoft.AspNetCore.Hosting.Internal.WebHost|Request starting HTTP/1.1 GET http://localhost:53185/36b929a97c8736cbfdf5.hot-update.json   
2019-02-15 18:05:06.2554|1|INFO|Microsoft.AspNetCore.Mvc.Internal.ControllerActionInvoker|Route matched with {action = "Error404", controller = "Home"}. Executing action TemplateCoreWebTest.Controllers.HomeController.Error404 (WeedingInvitation) 
2019-02-15 18:05:06.2554|1|INFO|Microsoft.AspNetCore.Mvc.Internal.ControllerActionInvoker|Executing action method TemplateCoreWebTest.Controllers.HomeController.Error404 (WeedingInvitation) - Validation state: Valid 
2019-02-15 18:05:06.2554|2|INFO|Microsoft.AspNetCore.Mvc.Internal.ControllerActionInvoker|Executed action method TemplateCoreWebTest.Controllers.HomeController.Error404 (WeedingInvitation), returned result Microsoft.AspNetCore.Mvc.ViewResult in 0.0208ms. 
2019-02-15 18:05:06.2737|1|INFO|Microsoft.AspNetCore.Mvc.ViewFeatures.ViewResultExecutor|Executing ViewResult, running view Error404. 
2019-02-15 18:05:06.2737|4|INFO|Microsoft.AspNetCore.Mvc.ViewFeatures.ViewResultExecutor|Executed ViewResult - view Error404 executed in 1.7525ms. 
2019-02-15 18:05:06.2737|2|INFO|Microsoft.AspNetCore.Mvc.Internal.ControllerActionInvoker|Executed action TemplateCoreWebTest.Controllers.HomeController.Error404 (WeedingInvitation) in 10.5219ms 
2019-02-15 18:05:06.2737|2|INFO|Microsoft.AspNetCore.Hosting.Internal.WebHost|Request finished in 28.0406ms 404 text/html; charset=utf-8 
2019-02-15 18:05:06.2975|1|INFO|Microsoft.AspNetCore.Hosting.Internal.WebHost|Request starting HTTP/1.1 GET http://localhost:53185/36b929a97c8736cbfdf5.hot-update.json   
2019-02-15 18:05:06.3138|1|INFO|Microsoft.AspNetCore.Hosting.Internal.WebHost|Request starting HTTP/1.1 GET http://localhost:53185/img/gallery/gallery-4.jpg   
2019-02-15 18:05:06.3138|1|INFO|Microsoft.AspNetCore.Mvc.Internal.ControllerActionInvoker|Route matched with {action = "Error404", controller = "Home"}. Executing action TemplateCoreWebTest.Controllers.HomeController.Error404 (WeedingInvitation) 
2019-02-15 18:05:06.3138|1|INFO|Microsoft.AspNetCore.Hosting.Internal.WebHost|Request starting HTTP/1.1 GET http://localhost:53185/img/gallery/gallery-6.jpg   
2019-02-15 18:05:06.3138|1|INFO|Microsoft.AspNetCore.Hosting.Internal.WebHost|Request starting HTTP/1.1 GET http://localhost:53185/img/gallery/gallery-5.jpg   
2019-02-15 18:05:06.3185|1|INFO|Microsoft.AspNetCore.Mvc.Internal.ControllerActionInvoker|Executing action method TemplateCoreWebTest.Controllers.HomeController.Error404 (WeedingInvitation) - Validation state: Valid 
2019-02-15 18:05:06.3355|2|INFO|Microsoft.AspNetCore.Mvc.Internal.ControllerActionInvoker|Executed action method TemplateCoreWebTest.Controllers.HomeController.Error404 (WeedingInvitation), returned result Microsoft.AspNetCore.Mvc.ViewResult in 0.0362ms. 
2019-02-15 18:05:06.3185|2|INFO|Microsoft.AspNetCore.StaticFiles.StaticFileMiddleware|Sending file. Request path: '/img/gallery/gallery-4.jpg'. Physical path: 'C:\Users\Diana\Work\Projects\WeedingInvitation\TemplateCoreWeb\wwwroot\img\gallery\gallery-4.jpg' 
2019-02-15 18:05:06.3355|2|INFO|Microsoft.AspNetCore.StaticFiles.StaticFileMiddleware|Sending file. Request path: '/img/gallery/gallery-5.jpg'. Physical path: 'C:\Users\Diana\Work\Projects\WeedingInvitation\TemplateCoreWeb\wwwroot\img\gallery\gallery-5.jpg' 
2019-02-15 18:05:06.3355|2|INFO|Microsoft.AspNetCore.StaticFiles.StaticFileMiddleware|Sending file. Request path: '/img/gallery/gallery-6.jpg'. Physical path: 'C:\Users\Diana\Work\Projects\WeedingInvitation\TemplateCoreWeb\wwwroot\img\gallery\gallery-6.jpg' 
2019-02-15 18:05:06.3829|1|INFO|Microsoft.AspNetCore.Mvc.ViewFeatures.ViewResultExecutor|Executing ViewResult, running view Error404. 
2019-02-15 18:05:06.3829|2|INFO|Microsoft.AspNetCore.Hosting.Internal.WebHost|Request finished in 75.784ms 200 image/jpeg 
2019-02-15 18:05:06.3973|2|INFO|Microsoft.AspNetCore.Hosting.Internal.WebHost|Request finished in 80.5996ms 200 image/jpeg 
2019-02-15 18:05:06.3973|2|INFO|Microsoft.AspNetCore.Hosting.Internal.WebHost|Request finished in 82.702ms 200 image/jpeg 
2019-02-15 18:05:06.3973|4|INFO|Microsoft.AspNetCore.Mvc.ViewFeatures.ViewResultExecutor|Executed ViewResult - view Error404 executed in 19.651ms. 
2019-02-15 18:05:06.3973|1|INFO|Microsoft.AspNetCore.Hosting.Internal.WebHost|Request starting HTTP/1.1 GET http://localhost:53185/dist/fonts/flaticon.woff   
2019-02-15 18:05:06.3973|1|INFO|Microsoft.AspNetCore.Hosting.Internal.WebHost|Request starting HTTP/1.1 GET http://localhost:53185/dist/fonts/montserrat.woff2   
2019-02-15 18:05:06.3973|1|INFO|Microsoft.AspNetCore.Hosting.Internal.WebHost|Request starting HTTP/1.1 GET http://localhost:53185/dist/fonts/ptserif-400.woff2   
2019-02-15 18:05:06.3973|2|INFO|Microsoft.AspNetCore.Mvc.Internal.ControllerActionInvoker|Executed action TemplateCoreWebTest.Controllers.HomeController.Error404 (WeedingInvitation) in 91.3367ms 
2019-02-15 18:05:06.4180|2|INFO|Microsoft.AspNetCore.StaticFiles.StaticFileMiddleware|Sending file. Request path: '/dist/fonts/flaticon.woff'. Physical path: 'C:\Users\Diana\Work\Projects\WeedingInvitation\TemplateCoreWeb\wwwroot\dist\fonts\flaticon.woff' 
2019-02-15 18:05:06.4180|2|INFO|Microsoft.AspNetCore.Hosting.Internal.WebHost|Request finished in 22.6443ms 200 application/font-woff 
2019-02-15 18:05:06.4180|2|INFO|Microsoft.AspNetCore.Hosting.Internal.WebHost|Request finished in 124.4003ms 404 text/html; charset=utf-8 
2019-02-15 18:05:06.4180|2|INFO|Microsoft.AspNetCore.StaticFiles.StaticFileMiddleware|Sending file. Request path: '/dist/fonts/ptserif-400.woff2'. Physical path: 'C:\Users\Diana\Work\Projects\WeedingInvitation\TemplateCoreWeb\wwwroot\dist\fonts\ptserif-400.woff2' 
2019-02-15 18:05:06.4180|2|INFO|Microsoft.AspNetCore.StaticFiles.StaticFileMiddleware|Sending file. Request path: '/dist/fonts/montserrat.woff2'. Physical path: 'C:\Users\Diana\Work\Projects\WeedingInvitation\TemplateCoreWeb\wwwroot\dist\fonts\montserrat.woff2' 
2019-02-15 18:05:06.4481|1|INFO|Microsoft.AspNetCore.Hosting.Internal.WebHost|Request starting HTTP/1.1 GET http://localhost:53185/dist/fonts/fa-brands-400.woff2   
2019-02-15 18:05:06.4481|2|INFO|Microsoft.AspNetCore.Hosting.Internal.WebHost|Request finished in 43.2251ms 200 font/woff2 
2019-02-15 18:05:06.4481|2|INFO|Microsoft.AspNetCore.Hosting.Internal.WebHost|Request finished in 47.1571ms 200 font/woff2 
2019-02-15 18:05:06.4481|1|INFO|Microsoft.AspNetCore.Hosting.Internal.WebHost|Request starting HTTP/1.1 GET http://localhost:53185/img/gallery/gallery-7.jpg   
2019-02-15 18:05:06.4609|2|INFO|Microsoft.AspNetCore.StaticFiles.StaticFileMiddleware|Sending file. Request path: '/dist/fonts/fa-brands-400.woff2'. Physical path: 'C:\Users\Diana\Work\Projects\WeedingInvitation\TemplateCoreWeb\wwwroot\dist\fonts\fa-brands-400.woff2' 
2019-02-15 18:05:06.4609|1|INFO|Microsoft.AspNetCore.Hosting.Internal.WebHost|Request starting HTTP/1.1 GET http://localhost:53185/36b929a97c8736cbfdf5.hot-update.json   
2019-02-15 18:05:06.4609|1|INFO|Microsoft.AspNetCore.Hosting.Internal.WebHost|Request starting HTTP/1.1 GET http://localhost:53185/img/gallery/gallery-8.jpg   
2019-02-15 18:05:06.4784|2|INFO|Microsoft.AspNetCore.Hosting.Internal.WebHost|Request finished in 30.3683ms 200 font/woff2 
2019-02-15 18:05:06.4784|2|INFO|Microsoft.AspNetCore.StaticFiles.StaticFileMiddleware|Sending file. Request path: '/img/gallery/gallery-7.jpg'. Physical path: 'C:\Users\Diana\Work\Projects\WeedingInvitation\TemplateCoreWeb\wwwroot\img\gallery\gallery-7.jpg' 
2019-02-15 18:05:06.4784|1|INFO|Microsoft.AspNetCore.Mvc.Internal.ControllerActionInvoker|Route matched with {action = "Error404", controller = "Home"}. Executing action TemplateCoreWebTest.Controllers.HomeController.Error404 (WeedingInvitation) 
2019-02-15 18:05:06.4950|2|INFO|Microsoft.AspNetCore.StaticFiles.StaticFileMiddleware|Sending file. Request path: '/img/gallery/gallery-8.jpg'. Physical path: 'C:\Users\Diana\Work\Projects\WeedingInvitation\TemplateCoreWeb\wwwroot\img\gallery\gallery-8.jpg' 
2019-02-15 18:05:06.4950|2|INFO|Microsoft.AspNetCore.Hosting.Internal.WebHost|Request finished in 42.3292ms 200 image/jpeg 
2019-02-15 18:05:06.4950|1|INFO|Microsoft.AspNetCore.Mvc.Internal.ControllerActionInvoker|Executing action method TemplateCoreWebTest.Controllers.HomeController.Error404 (WeedingInvitation) - Validation state: Valid 
2019-02-15 18:05:06.4950|2|INFO|Microsoft.AspNetCore.Hosting.Internal.WebHost|Request finished in 30.7794ms 200 image/jpeg 
2019-02-15 18:05:06.4950|1|INFO|Microsoft.AspNetCore.Hosting.Internal.WebHost|Request starting HTTP/1.1 GET http://localhost:53185/dist/vendor_src.js   
2019-02-15 18:05:06.5162|2|INFO|Microsoft.AspNetCore.Mvc.Internal.ControllerActionInvoker|Executed action method TemplateCoreWebTest.Controllers.HomeController.Error404 (WeedingInvitation), returned result Microsoft.AspNetCore.Mvc.ViewResult in 0.0289ms. 
2019-02-15 18:05:06.5430|1|INFO|Microsoft.AspNetCore.Hosting.Internal.WebHost|Request starting HTTP/1.1 GET http://localhost:53185/dist/main.js   
2019-02-15 18:05:06.5430|1|INFO|Microsoft.AspNetCore.Mvc.ViewFeatures.ViewResultExecutor|Executing ViewResult, running view Error404. 
2019-02-15 18:05:06.5546|4|INFO|Microsoft.AspNetCore.Mvc.ViewFeatures.ViewResultExecutor|Executed ViewResult - view Error404 executed in 10.0114ms. 
2019-02-15 18:05:06.5546|1|INFO|Microsoft.AspNetCore.Hosting.Internal.WebHost|Request starting HTTP/1.1 GET http://localhost:53185/img/bg/bg-hero-static.jpg   
2019-02-15 18:05:06.5546|2|INFO|Microsoft.AspNetCore.StaticFiles.StaticFileMiddleware|Sending file. Request path: '/dist/main.js'. Physical path: 'C:\Users\Diana\Work\Projects\WeedingInvitation\TemplateCoreWeb\wwwroot\dist\main.js' 
2019-02-15 18:05:06.5546|2|INFO|Microsoft.AspNetCore.Mvc.Internal.ControllerActionInvoker|Executed action TemplateCoreWebTest.Controllers.HomeController.Error404 (WeedingInvitation) in 62.5091ms 
2019-02-15 18:05:06.5817|2|INFO|Microsoft.AspNetCore.Hosting.Internal.WebHost|Request finished in 38.6736ms 200 application/javascript 
2019-02-15 18:05:06.5817|2|INFO|Microsoft.AspNetCore.StaticFiles.StaticFileMiddleware|Sending file. Request path: '/img/bg/bg-hero-static.jpg'. Physical path: 'C:\Users\Diana\Work\Projects\WeedingInvitation\TemplateCoreWeb\wwwroot\img\bg\bg-hero-static.jpg' 
2019-02-15 18:05:06.5876|2|INFO|Microsoft.AspNetCore.Hosting.Internal.WebHost|Request finished in 116.9091ms 404 text/html; charset=utf-8 
2019-02-15 18:05:06.6013|2|INFO|Microsoft.AspNetCore.Hosting.Internal.WebHost|Request finished in 42.618ms 200 image/jpeg 
2019-02-15 18:05:06.6013|1|INFO|Microsoft.AspNetCore.Hosting.Internal.WebHost|Request starting HTTP/1.1 GET http://localhost:53185/img/section-divider-top.png   
2019-02-15 18:05:06.6147|1|INFO|Microsoft.AspNetCore.Hosting.Internal.WebHost|Request starting HTTP/1.1 GET http://localhost:53185/img/section-divider-bottom.png   
2019-02-15 18:05:06.6462|1|INFO|Microsoft.AspNetCore.Hosting.Internal.WebHost|Request starting HTTP/1.1 GET http://localhost:53185/img/bg/bg-wedding-event.jpg   
2019-02-15 18:05:06.6462|2|INFO|Microsoft.AspNetCore.StaticFiles.StaticFileMiddleware|Sending file. Request path: '/img/section-divider-top.png'. Physical path: 'C:\Users\Diana\Work\Projects\WeedingInvitation\TemplateCoreWeb\wwwroot\img\section-divider-top.png' 
2019-02-15 18:05:06.6462|2|INFO|Microsoft.AspNetCore.StaticFiles.StaticFileMiddleware|Sending file. Request path: '/img/section-divider-bottom.png'. Physical path: 'C:\Users\Diana\Work\Projects\WeedingInvitation\TemplateCoreWeb\wwwroot\img\section-divider-bottom.png' 
2019-02-15 18:05:06.6462|2|INFO|Microsoft.AspNetCore.Hosting.Internal.WebHost|Request finished in 38.8354ms 200 image/png 
2019-02-15 18:05:06.6462|2|INFO|Microsoft.AspNetCore.Hosting.Internal.WebHost|Request finished in 41.0318ms 200 image/png 
2019-02-15 18:05:06.6864|2|INFO|Microsoft.AspNetCore.StaticFiles.StaticFileMiddleware|Sending file. Request path: '/img/bg/bg-wedding-event.jpg'. Physical path: 'C:\Users\Diana\Work\Projects\WeedingInvitation\TemplateCoreWeb\wwwroot\img\bg\bg-wedding-event.jpg' 
2019-02-15 18:05:06.7029|2|INFO|Microsoft.AspNetCore.Hosting.Internal.WebHost|Request finished in 56.7822ms 200 image/jpeg 
2019-02-15 18:05:06.7029|1|INFO|Microsoft.AspNetCore.Hosting.Internal.WebHost|Request starting HTTP/1.1 GET http://localhost:53185/img/bg/bg-proposed.jpg   
2019-02-15 18:05:06.7029|2|INFO|Microsoft.AspNetCore.StaticFiles.StaticFileMiddleware|Sending file. Request path: '/dist/vendor_src.js'. Physical path: 'C:\Users\Diana\Work\Projects\WeedingInvitation\TemplateCoreWeb\wwwroot\dist\vendor_src.js' 
2019-02-15 18:05:06.7351|1|INFO|Microsoft.AspNetCore.Hosting.Internal.WebHost|Request starting HTTP/1.1 GET http://localhost:53185/img/section-divider-top-gray-100.png   
2019-02-15 18:05:06.7351|2|INFO|Microsoft.AspNetCore.Hosting.Internal.WebHost|Request finished in 233.9571ms 200 application/javascript 
2019-02-15 18:05:06.7528|2|INFO|Microsoft.AspNetCore.StaticFiles.StaticFileMiddleware|Sending file. Request path: '/img/section-divider-top-gray-100.png'. Physical path: 'C:\Users\Diana\Work\Projects\WeedingInvitation\TemplateCoreWeb\wwwroot\img\section-divider-top-gray-100.png' 
2019-02-15 18:05:06.7631|2|INFO|Microsoft.AspNetCore.Hosting.Internal.WebHost|Request finished in 28.047ms 200 image/png 
2019-02-15 18:05:06.7809|1|INFO|Microsoft.AspNetCore.Hosting.Internal.WebHost|Request starting HTTP/1.1 GET http://localhost:53185/img/section-divider-bottom-gray-100.png   
2019-02-15 18:05:06.7809|2|INFO|Microsoft.AspNetCore.StaticFiles.StaticFileMiddleware|Sending file. Request path: '/img/bg/bg-proposed.jpg'. Physical path: 'C:\Users\Diana\Work\Projects\WeedingInvitation\TemplateCoreWeb\wwwroot\img\bg\bg-proposed.jpg' 
2019-02-15 18:05:06.7870|1|INFO|Microsoft.AspNetCore.Hosting.Internal.WebHost|Request starting HTTP/1.1 GET http://localhost:53185/img/icon-zoom-in-white.png   
2019-02-15 18:05:06.7870|2|INFO|Microsoft.AspNetCore.Hosting.Internal.WebHost|Request finished in 95.3421ms 200 image/jpeg 
2019-02-15 18:05:06.7870|2|INFO|Microsoft.AspNetCore.StaticFiles.StaticFileMiddleware|Sending file. Request path: '/img/section-divider-bottom-gray-100.png'. Physical path: 'C:\Users\Diana\Work\Projects\WeedingInvitation\TemplateCoreWeb\wwwroot\img\section-divider-bottom-gray-100.png' 
2019-02-15 18:05:06.8293|1|INFO|Microsoft.AspNetCore.Hosting.Internal.WebHost|Request starting HTTP/1.1 GET http://localhost:53185/img/bg/bg-footer.jpg   
2019-02-15 18:05:06.8293|2|INFO|Microsoft.AspNetCore.StaticFiles.StaticFileMiddleware|Sending file. Request path: '/img/icon-zoom-in-white.png'. Physical path: 'C:\Users\Diana\Work\Projects\WeedingInvitation\TemplateCoreWeb\wwwroot\img\icon-zoom-in-white.png' 
2019-02-15 18:05:06.8293|2|INFO|Microsoft.AspNetCore.Hosting.Internal.WebHost|Request finished in 52.5692ms 200 image/png 
2019-02-15 18:05:06.8369|2|INFO|Microsoft.AspNetCore.Hosting.Internal.WebHost|Request finished in 49.8775ms 200 image/png 
2019-02-15 18:05:06.8369|1|INFO|Microsoft.AspNetCore.Hosting.Internal.WebHost|Request starting HTTP/1.1 GET http://localhost:53185/img/bg/bg-wedding-gifts.jpg   
2019-02-15 18:05:06.8547|2|INFO|Microsoft.AspNetCore.StaticFiles.StaticFileMiddleware|Sending file. Request path: '/img/bg/bg-footer.jpg'. Physical path: 'C:\Users\Diana\Work\Projects\WeedingInvitation\TemplateCoreWeb\wwwroot\img\bg\bg-footer.jpg' 
2019-02-15 18:05:06.8547|2|INFO|Microsoft.AspNetCore.Hosting.Internal.WebHost|Request finished in 34.8473ms 200 image/jpeg 
2019-02-15 18:05:06.8686|2|INFO|Microsoft.AspNetCore.StaticFiles.StaticFileMiddleware|Sending file. Request path: '/img/bg/bg-wedding-gifts.jpg'. Physical path: 'C:\Users\Diana\Work\Projects\WeedingInvitation\TemplateCoreWeb\wwwroot\img\bg\bg-wedding-gifts.jpg' 
2019-02-15 18:05:06.8686|2|INFO|Microsoft.AspNetCore.Hosting.Internal.WebHost|Request finished in 33.536ms 200 image/jpeg 
2019-02-15 18:05:07.0472|1|INFO|Microsoft.AspNetCore.Hosting.Internal.WebHost|Request starting HTTP/1.1 GET http://localhost:53185/36b929a97c8736cbfdf5.hot-update.json   
2019-02-15 18:05:07.0557|1|INFO|Microsoft.AspNetCore.Mvc.Internal.ControllerActionInvoker|Route matched with {action = "Error404", controller = "Home"}. Executing action TemplateCoreWebTest.Controllers.HomeController.Error404 (WeedingInvitation) 
2019-02-15 18:05:07.0557|1|INFO|Microsoft.AspNetCore.Mvc.Internal.ControllerActionInvoker|Executing action method TemplateCoreWebTest.Controllers.HomeController.Error404 (WeedingInvitation) - Validation state: Valid 
2019-02-15 18:05:07.0557|2|INFO|Microsoft.AspNetCore.Mvc.Internal.ControllerActionInvoker|Executed action method TemplateCoreWebTest.Controllers.HomeController.Error404 (WeedingInvitation), returned result Microsoft.AspNetCore.Mvc.ViewResult in 0.0335ms. 
2019-02-15 18:05:07.0557|1|INFO|Microsoft.AspNetCore.Mvc.ViewFeatures.ViewResultExecutor|Executing ViewResult, running view Error404. 
2019-02-15 18:05:07.0557|4|INFO|Microsoft.AspNetCore.Mvc.ViewFeatures.ViewResultExecutor|Executed ViewResult - view Error404 executed in 2.7789ms. 
2019-02-15 18:05:07.0689|2|INFO|Microsoft.AspNetCore.Mvc.Internal.ControllerActionInvoker|Executed action TemplateCoreWebTest.Controllers.HomeController.Error404 (WeedingInvitation) in 11.2322ms 
2019-02-15 18:05:07.0689|2|INFO|Microsoft.AspNetCore.Hosting.Internal.WebHost|Request finished in 23.5236ms 404 text/html; charset=utf-8 
2019-02-15 18:05:07.2718|1|INFO|Microsoft.AspNetCore.Hosting.Internal.WebHost|Request starting HTTP/1.1 GET http://localhost:53185/json/particles.json   
2019-02-15 18:05:07.2718|2|INFO|Microsoft.AspNetCore.StaticFiles.StaticFileMiddleware|Sending file. Request path: '/json/particles.json'. Physical path: 'C:\Users\Diana\Work\Projects\WeedingInvitation\TemplateCoreWeb\wwwroot\json\particles.json' 
2019-02-15 18:05:07.2718|2|INFO|Microsoft.AspNetCore.Hosting.Internal.WebHost|Request finished in 5.7383ms 200 application/json 
2019-02-15 18:05:07.3099|1|INFO|Microsoft.AspNetCore.Hosting.Internal.WebHost|Request starting HTTP/1.1 GET http://localhost:53185/dist/fonts/fa-regular-400.woff2   
2019-02-15 18:05:07.3099|1|INFO|Microsoft.AspNetCore.Hosting.Internal.WebHost|Request starting HTTP/1.1 GET http://localhost:53185/dist/fonts/ptserif-700.woff2   
2019-02-15 18:05:07.3099|2|INFO|Microsoft.AspNetCore.StaticFiles.StaticFileMiddleware|Sending file. Request path: '/dist/fonts/fa-regular-400.woff2'. Physical path: 'C:\Users\Diana\Work\Projects\WeedingInvitation\TemplateCoreWeb\wwwroot\dist\fonts\fa-regular-400.woff2' 
2019-02-15 18:05:07.3099|2|INFO|Microsoft.AspNetCore.StaticFiles.StaticFileMiddleware|Sending file. Request path: '/dist/fonts/ptserif-700.woff2'. Physical path: 'C:\Users\Diana\Work\Projects\WeedingInvitation\TemplateCoreWeb\wwwroot\dist\fonts\ptserif-700.woff2' 
2019-02-15 18:05:07.3099|2|INFO|Microsoft.AspNetCore.Hosting.Internal.WebHost|Request finished in 6.9448ms 200 font/woff2 
2019-02-15 18:05:07.3192|2|INFO|Microsoft.AspNetCore.Hosting.Internal.WebHost|Request finished in 7.3934ms 200 font/woff2 
2019-02-15 18:05:07.6069|1|INFO|Microsoft.AspNetCore.Hosting.Internal.WebHost|Request starting HTTP/1.1 GET http://localhost:53185/favicon-32x32.png   
2019-02-15 18:05:07.6202|2|INFO|Microsoft.AspNetCore.StaticFiles.StaticFileMiddleware|Sending file. Request path: '/favicon-32x32.png'. Physical path: 'C:\Users\Diana\Work\Projects\WeedingInvitation\TemplateCoreWeb\wwwroot\favicon-32x32.png' 
2019-02-15 18:05:07.6202|2|INFO|Microsoft.AspNetCore.Hosting.Internal.WebHost|Request finished in 15.0317ms 200 image/png 
2019-02-15 18:05:09.1541|1|INFO|Microsoft.AspNetCore.Hosting.Internal.WebHost|Request starting HTTP/1.1 GET http://localhost:53185/dist/fonts/fa-solid-900.woff2   
2019-02-15 18:05:09.1541|2|INFO|Microsoft.AspNetCore.StaticFiles.StaticFileMiddleware|Sending file. Request path: '/dist/fonts/fa-solid-900.woff2'. Physical path: 'C:\Users\Diana\Work\Projects\WeedingInvitation\TemplateCoreWeb\wwwroot\dist\fonts\fa-solid-900.woff2' 
2019-02-15 18:05:09.1637|2|INFO|Microsoft.AspNetCore.Hosting.Internal.WebHost|Request finished in 9.6492ms 200 font/woff2 
2019-02-15 18:09:02.9085|1|INFO|Microsoft.AspNetCore.Hosting.Internal.WebHost|Request starting HTTP/1.1 GET http://localhost:53185/   
2019-02-15 18:09:02.9175|1|INFO|Microsoft.AspNetCore.Mvc.Internal.ControllerActionInvoker|Route matched with {action = "Index", controller = "Home"}. Executing action TemplateCoreWebTest.Controllers.HomeController.Index (WeedingInvitation) 
2019-02-15 18:09:02.9175|1|INFO|Microsoft.AspNetCore.Mvc.Internal.ControllerActionInvoker|Executing action method TemplateCoreWebTest.Controllers.HomeController.Index (WeedingInvitation) with arguments () - Validation state: Valid 
2019-02-15 18:09:02.9175|2|INFO|Microsoft.AspNetCore.Mvc.Internal.ControllerActionInvoker|Executed action method TemplateCoreWebTest.Controllers.HomeController.Index (WeedingInvitation), returned result Microsoft.AspNetCore.Mvc.ViewResult in 0.0298ms. 
2019-02-15 18:09:02.9175|1|INFO|Microsoft.AspNetCore.Mvc.ViewFeatures.ViewResultExecutor|Executing ViewResult, running view Index. 
2019-02-15 18:09:02.9298|4|INFO|Microsoft.AspNetCore.Mvc.ViewFeatures.ViewResultExecutor|Executed ViewResult - view Index executed in 3.2866ms. 
2019-02-15 18:09:02.9298|2|INFO|Microsoft.AspNetCore.Mvc.Internal.ControllerActionInvoker|Executed action TemplateCoreWebTest.Controllers.HomeController.Index (WeedingInvitation) in 11.0046ms 
2019-02-15 18:09:02.9298|2|INFO|Microsoft.AspNetCore.Hosting.Internal.WebHost|Request finished in 29.2224ms 200 text/html; charset=utf-8 
2019-02-15 18:09:03.1807|1|INFO|Microsoft.AspNetCore.Hosting.Internal.WebHost|Request starting HTTP/1.1 GET http://localhost:53185/__webpack_hmr   
2019-02-15 18:09:03.2164|1|INFO|Microsoft.AspNetCore.Hosting.Internal.WebHost|Request starting HTTP/1.1 GET http://localhost:53185/36b929a97c8736cbfdf5.hot-update.json   
2019-02-15 18:09:03.2164|1|INFO|Microsoft.AspNetCore.Mvc.Internal.ControllerActionInvoker|Route matched with {action = "Error404", controller = "Home"}. Executing action TemplateCoreWebTest.Controllers.HomeController.Error404 (WeedingInvitation) 
2019-02-15 18:09:03.2164|1|INFO|Microsoft.AspNetCore.Mvc.Internal.ControllerActionInvoker|Executing action method TemplateCoreWebTest.Controllers.HomeController.Error404 (WeedingInvitation) - Validation state: Valid 
2019-02-15 18:09:03.2164|2|INFO|Microsoft.AspNetCore.Mvc.Internal.ControllerActionInvoker|Executed action method TemplateCoreWebTest.Controllers.HomeController.Error404 (WeedingInvitation), returned result Microsoft.AspNetCore.Mvc.ViewResult in 0.0202ms. 
2019-02-15 18:09:03.2272|1|INFO|Microsoft.AspNetCore.Mvc.ViewFeatures.ViewResultExecutor|Executing ViewResult, running view Error404. 
2019-02-15 18:09:03.2272|4|INFO|Microsoft.AspNetCore.Mvc.ViewFeatures.ViewResultExecutor|Executed ViewResult - view Error404 executed in 3.3983ms. 
2019-02-15 18:09:03.2272|2|INFO|Microsoft.AspNetCore.Mvc.Internal.ControllerActionInvoker|Executed action TemplateCoreWebTest.Controllers.HomeController.Error404 (WeedingInvitation) in 9.6356ms 
2019-02-15 18:09:03.2272|2|INFO|Microsoft.AspNetCore.Hosting.Internal.WebHost|Request finished in 23.8581ms 404 text/html; charset=utf-8 
2019-02-15 18:09:03.2473|1|INFO|Microsoft.AspNetCore.Hosting.Internal.WebHost|Request starting HTTP/1.1 GET http://localhost:53185/36b929a97c8736cbfdf5.hot-update.json   
2019-02-15 18:09:03.2669|1|INFO|Microsoft.AspNetCore.Mvc.Internal.ControllerActionInvoker|Route matched with {action = "Error404", controller = "Home"}. Executing action TemplateCoreWebTest.Controllers.HomeController.Error404 (WeedingInvitation) 
2019-02-15 18:09:03.2669|1|INFO|Microsoft.AspNetCore.Mvc.Internal.ControllerActionInvoker|Executing action method TemplateCoreWebTest.Controllers.HomeController.Error404 (WeedingInvitation) - Validation state: Valid 
2019-02-15 18:09:03.2669|2|INFO|Microsoft.AspNetCore.Mvc.Internal.ControllerActionInvoker|Executed action method TemplateCoreWebTest.Controllers.HomeController.Error404 (WeedingInvitation), returned result Microsoft.AspNetCore.Mvc.ViewResult in 0.038ms. 
2019-02-15 18:09:03.2738|1|INFO|Microsoft.AspNetCore.Mvc.ViewFeatures.ViewResultExecutor|Executing ViewResult, running view Error404. 
2019-02-15 18:09:03.2738|4|INFO|Microsoft.AspNetCore.Mvc.ViewFeatures.ViewResultExecutor|Executed ViewResult - view Error404 executed in 2.8477ms. 
2019-02-15 18:09:03.2738|2|INFO|Microsoft.AspNetCore.Mvc.Internal.ControllerActionInvoker|Executed action TemplateCoreWebTest.Controllers.HomeController.Error404 (WeedingInvitation) in 10.1832ms 
2019-02-15 18:09:03.2738|2|INFO|Microsoft.AspNetCore.Hosting.Internal.WebHost|Request finished in 35.6855ms 404 text/html; charset=utf-8 
2019-02-15 18:09:03.2996|1|INFO|Microsoft.AspNetCore.Hosting.Internal.WebHost|Request starting HTTP/1.1 GET http://localhost:53185/36b929a97c8736cbfdf5.hot-update.json   
2019-02-15 18:09:03.3089|1|INFO|Microsoft.AspNetCore.Mvc.Internal.ControllerActionInvoker|Route matched with {action = "Error404", controller = "Home"}. Executing action TemplateCoreWebTest.Controllers.HomeController.Error404 (WeedingInvitation) 
2019-02-15 18:09:03.3089|1|INFO|Microsoft.AspNetCore.Mvc.Internal.ControllerActionInvoker|Executing action method TemplateCoreWebTest.Controllers.HomeController.Error404 (WeedingInvitation) - Validation state: Valid 
2019-02-15 18:09:03.3089|2|INFO|Microsoft.AspNetCore.Mvc.Internal.ControllerActionInvoker|Executed action method TemplateCoreWebTest.Controllers.HomeController.Error404 (WeedingInvitation), returned result Microsoft.AspNetCore.Mvc.ViewResult in 0.0262ms. 
2019-02-15 18:09:03.3089|1|INFO|Microsoft.AspNetCore.Mvc.ViewFeatures.ViewResultExecutor|Executing ViewResult, running view Error404. 
2019-02-15 18:09:03.3089|4|INFO|Microsoft.AspNetCore.Mvc.ViewFeatures.ViewResultExecutor|Executed ViewResult - view Error404 executed in 2.0185ms. 
2019-02-15 18:09:03.3089|2|INFO|Microsoft.AspNetCore.Mvc.Internal.ControllerActionInvoker|Executed action TemplateCoreWebTest.Controllers.HomeController.Error404 (WeedingInvitation) in 6.486ms 
2019-02-15 18:09:03.3089|2|INFO|Microsoft.AspNetCore.Hosting.Internal.WebHost|Request finished in 20.7936ms 404 text/html; charset=utf-8 
2019-02-15 18:09:03.3315|1|INFO|Microsoft.AspNetCore.Hosting.Internal.WebHost|Request starting HTTP/1.1 GET http://localhost:53185/36b929a97c8736cbfdf5.hot-update.json   
2019-02-15 18:09:03.3470|1|INFO|Microsoft.AspNetCore.Mvc.Internal.ControllerActionInvoker|Route matched with {action = "Error404", controller = "Home"}. Executing action TemplateCoreWebTest.Controllers.HomeController.Error404 (WeedingInvitation) 
2019-02-15 18:09:03.3470|1|INFO|Microsoft.AspNetCore.Mvc.Internal.ControllerActionInvoker|Executing action method TemplateCoreWebTest.Controllers.HomeController.Error404 (WeedingInvitation) - Validation state: Valid 
2019-02-15 18:09:03.3470|2|INFO|Microsoft.AspNetCore.Mvc.Internal.ControllerActionInvoker|Executed action method TemplateCoreWebTest.Controllers.HomeController.Error404 (WeedingInvitation), returned result Microsoft.AspNetCore.Mvc.ViewResult in 0.0274ms. 
2019-02-15 18:09:03.3523|1|INFO|Microsoft.AspNetCore.Mvc.ViewFeatures.ViewResultExecutor|Executing ViewResult, running view Error404. 
2019-02-15 18:09:03.3523|4|INFO|Microsoft.AspNetCore.Mvc.ViewFeatures.ViewResultExecutor|Executed ViewResult - view Error404 executed in 2.1893ms. 
2019-02-15 18:09:03.3523|2|INFO|Microsoft.AspNetCore.Mvc.Internal.ControllerActionInvoker|Executed action TemplateCoreWebTest.Controllers.HomeController.Error404 (WeedingInvitation) in 7.7282ms 
2019-02-15 18:09:03.3523|2|INFO|Microsoft.AspNetCore.Hosting.Internal.WebHost|Request finished in 30.7226ms 404 text/html; charset=utf-8 
2019-02-15 18:09:11.7107|2|INFO|Microsoft.AspNetCore.Hosting.Internal.WebHost|Request finished in 8529.8667ms 200 text/event-stream; charset=utf-8 
2019-02-15 18:11:26.9555|2|INFO|Microsoft.AspNetCore.Hosting.Internal.WebHost|Request finished in 380788.0007ms 200 text/event-stream; charset=utf-8 
