2019-01-14 10:48:47.8296||DEBUG|TemplateCoreWebTest.Program|init main |url: |action: 
2019-01-14 10:48:56.0218||ERROR|Microsoft.AspNetCore.NodeServices|clean-webpack-plugin: C:\Users\Diana\Work\Projects\WeedingInvitation\TemplateCoreWeb\wwwroot\dist has been removed. |url: |action: 
2019-01-14 10:49:08.3878|3|WARN|Microsoft.AspNetCore.HttpsPolicy.HttpsRedirectionMiddleware|Failed to determine the https port for redirect. |url: http://localhost/|action: 
2019-01-14 10:54:50.7626||INFO|AWSSDK|Found AWS credentials for the profile development |url: http://localhost/api/send-feedback|action: SendFeedback
2019-01-14 12:00:11.2608||DEBUG|TemplateCoreWebTest.Program|init main |url: |action: 
2019-01-14 12:00:19.6677||ERROR|Microsoft.AspNetCore.NodeServices|clean-webpack-plugin: C:\Users\Diana\Work\Projects\WeedingInvitation\TemplateCoreWeb\wwwroot\dist has been removed. |url: |action: 
2019-01-14 12:00:33.5383|3|WARN|Microsoft.AspNetCore.HttpsPolicy.HttpsRedirectionMiddleware|Failed to determine the https port for redirect. |url: http://localhost/|action: 
2019-01-14 12:33:13.3386||DEBUG|TemplateCoreWebTest.Program|init main |url: |action: 
2019-01-14 12:33:20.3470||ERROR|Microsoft.AspNetCore.NodeServices|clean-webpack-plugin: C:\Users\Diana\Work\Projects\WeedingInvitation\TemplateCoreWeb\wwwroot\dist has been removed. |url: |action: 
2019-01-14 12:33:33.7016|3|WARN|Microsoft.AspNetCore.HttpsPolicy.HttpsRedirectionMiddleware|Failed to determine the https port for redirect. |url: http://localhost/|action: 
2019-01-14 12:38:38.9076||DEBUG|TemplateCoreWebTest.Program|init main |url: |action: 
2019-01-14 12:38:43.6031||ERROR|Microsoft.AspNetCore.NodeServices|clean-webpack-plugin: C:\Users\Diana\Work\Projects\WeedingInvitation\TemplateCoreWeb\wwwroot\dist has been removed. |url: |action: 
2019-01-14 12:38:59.2536|3|WARN|Microsoft.AspNetCore.HttpsPolicy.HttpsRedirectionMiddleware|Failed to determine the https port for redirect. |url: http://localhost/|action: 
2019-01-14 12:39:04.3911||ERROR|Microsoft.AspNetCore.NodeServices|[31m├Ч[39m [90mя╜вwdmя╜г[39m: Hash: 5072f1d5c12d4a42f7b6
Version: webpack 4.23.1
Time: 2031ms
Built at: 2019-01-14 12:39:03
                                              Asset       Size                        Chunks             Chunk Names
      ../img/_/fonts/font-awesome/fa-brands-400.svg   49 bytes                                           
     ../img/_/fonts/font-awesome/fa-regular-400.svg   50 bytes                                           
       ../img/_/fonts/font-awesome/fa-solid-900.svg   48 bytes                                           
               3d363392e7200f572509.hot-update.json   55 bytes                                [emitted]  
   custom_styles.3d363392e7200f572509.hot-update.js   1.25 KiB  custom_styles, custom_styles  [emitted]  custom_styles, custom_styles
custom_styles.3d363392e7200f572509.hot-update.js.gz  487 bytes                                [emitted]  
                                   custom_styles.js    163 KiB                 custom_styles  [emitted]  custom_styles
                                custom_styles.js.gz   34.6 KiB                                [emitted]  
                            fonts/fa-brands-400.eot   96.3 KiB                                           
                         fonts/fa-brands-400.eot.gz     63 KiB                                [emitted]  
                            fonts/fa-brands-400.svg    496 KiB                                           
                         fonts/fa-brands-400.svg.gz    159 KiB                                [emitted]  
                            fonts/fa-brands-400.ttf   96.1 KiB                                           
                         fonts/fa-brands-400.ttf.gz   62.9 KiB                                [emitted]  
                           fonts/fa-brands-400.woff   62.2 KiB                                           
                          fonts/fa-brands-400.woff2   53.2 KiB                                           
                           fonts/fa-regular-400.eot   30.4 KiB                                           
                        fonts/fa-regular-400.eot.gz   14.6 KiB                                [emitted]  
                           fonts/fa-regular-400.svg    105 KiB                                           
                        fonts/fa-regular-400.svg.gz   35.7 KiB                                [emitted]  
                           fonts/fa-regular-400.ttf   30.2 KiB                                           
                        fonts/fa-regular-400.ttf.gz   14.6 KiB                                [emitted]  
                          fonts/fa-regular-400.woff   14.4 KiB                                           
                         fonts/fa-regular-400.woff2     12 KiB                                           
                             fonts/fa-solid-900.eot    104 KiB                                           
                          fonts/fa-solid-900.eot.gz   50.3 KiB                                [emitted]  
                             fonts/fa-solid-900.svg    382 KiB                                           
                          fonts/fa-solid-900.svg.gz    130 KiB                                [emitted]  
                             fonts/fa-solid-900.ttf    103 KiB                                           
                          fonts/fa-solid-900.ttf.gz   50.2 KiB                                [emitted]  
                            fonts/fa-solid-900.woff   49.3 KiB                                           
                           fonts/fa-solid-900.woff2   39.2 KiB                                           
                                 fonts/flaticon.eot   2.57 KiB                                           
                              fonts/flaticon.eot.gz   1.42 KiB                                [emitted]  
                                 fonts/flaticon.ttf   27.6 KiB                                           
                              fonts/flaticon.ttf.gz   17.4 KiB                                [emitted]  
                                fonts/flaticon.woff   17.6 KiB                                           
                                            main.js    215 KiB                          main  [emitted]  main
                                         main.js.gz   47.4 KiB                                [emitted]  
                                      vendor_src.js    965 KiB                    vendor_src  [emitted]  vendor_src
                                   vendor_src.js.gz    212 KiB                                [emitted]  
                                   vendor_styles.js   1.07 MiB                 vendor_styles  [emitted]  vendor_styles
                                vendor_styles.js.gz    182 KiB                                [emitted]  
Entrypoint vendor_styles = vendor_styles.js
Entrypoint vendor_src = vendor_src.js
Entrypoint custom_styles = custom_styles.js custom_styles.3d363392e7200f572509.hot-update.js custom_styles.3d363392e7200f572509.hot-update.js
Entrypoint main = main.js
[0] multi webpack-hot-middleware/client?path=__webpack_hmr&dynamicPublicPath=true ./ClientApp/src/assets/js/vendor_styles.js 40 bytes {vendor_styles}
[1] multi webpack-hot-middleware/client?path=__webpack_hmr&dynamicPublicPath=true script-loader!./ClientApp/src/assets/vendor/jquery.min.js script-loader!./ClientApp/src/assets/vendor/popper.min.js script-loader!./ClientApp/src/assets/vendor/bootstrap.min.js script-loader!./ClientApp/src/assets/vendor/pace.min.js script-loader!./ClientApp/src/assets/vendor/particles.min.js script-loader!./ClientApp/src/assets/vendor/jquery.easing.min.js script-loader!./ClientApp/src/assets/vendor/imagesloaded.pkgd.min.js script-loader!./ClientApp/src/assets/vendor/flickity.pkgd.min.js script-loader!./ClientApp/src/assets/vendor/isotope.pkgd.min.js script-loader!./ClientApp/src/assets/vendor/jquery.magnific-popup.min.js script-loader!./ClientApp/src/assets/vendor/jquery.countdown.min.js script-loader!./ClientApp/src/assets/vendor/jquery.validate.min.js script-loader!./ClientApp/src/assets/vendor/jquery-confirm.min.js script-loader!./ClientApp/src/assets/vendor/greensock/TweenMax.min.js script-loader!./ClientApp/src/assets/vendor/ScrollMagic.min.js script-loader!./ClientApp/src/assets/vendor/animation.gsap.min.js script-loader!./ClientApp/src/assets/vendor/theme.js script-loader!./ClientApp/src/assets/vendor/milea.js 244 bytes {vendor_src}
[2] multi webpack-hot-middleware/client?path=__webpack_hmr&dynamicPublicPath=true ./ClientApp/src/assets/js/custom_styles.js 40 bytes {custom_styles}
[3] multi webpack-hot-middleware/client?path=__webpack_hmr&dynamicPublicPath=true ./ClientApp/src/assets/js/index.js 40 bytes {main}
[./ClientApp/src/assets/js/custom_styles.js] 28 bytes {custom_styles}
[./ClientApp/src/assets/js/index.js] 274 bytes {main}
[./ClientApp/src/assets/js/vendor_styles.js] 215 bytes {vendor_styles}
[./node_modules/script-loader/index.js!./ClientApp/src/assets/vendor/ScrollMagic.min.js] ./node_modules/script-loader!./ClientApp/src/assets/vendor/ScrollMagic.min.js 484 bytes {vendor_src}
[./node_modules/script-loader/index.js!./ClientApp/src/assets/vendor/animation.gsap.min.js] ./node_modules/script-loader!./ClientApp/src/assets/vendor/animation.gsap.min.js 487 bytes {vendor_src}
[./node_modules/script-loader/index.js!./ClientApp/src/assets/vendor/bootstrap.min.js] ./node_modules/script-loader!./ClientApp/src/assets/vendor/bootstrap.min.js 482 bytes {vendor_src}
[./node_modules/script-loader/index.js!./ClientApp/src/assets/vendor/flickity.pkgd.min.js] ./node_modules/script-loader!./ClientApp/src/assets/vendor/flickity.pkgd.min.js 486 bytes {vendor_src}
[./node_modules/script-loader/index.js!./ClientApp/src/assets/vendor/greensock/TweenMax.min.js] ./node_modules/script-loader!./ClientApp/src/assets/vendor/greensock/TweenMax.min.js 492 bytes {vendor_src}
[./node_modules/script-loader/index.js!./ClientApp/src/assets/vendor/imagesloaded.pkgd.min.js] ./node_modules/script-loader!./ClientApp/src/assets/vendor/imagesloaded.pkgd.min.js 490 bytes {vendor_src}
[./node_modules/script-loader/index.js!./ClientApp/src/assets/vendor/isotope.pkgd.min.js] ./node_modules/script-loader!./ClientApp/src/assets/vendor/isotope.pkgd.min.js 485 bytes {vendor_src}
[./node_modules/script-loader/index.js!./ClientApp/src/assets/vendor/jquery-confirm.min.js] ./node_modules/script-loader!./ClientApp/src/assets/vendor/jquery-confirm.min.js 487 bytes {vendor_src}
    + 83 hidden modules

ERROR in ./ClientApp/src/assets/scss/style.scss (./node_modules/css-loader??ref--5-1!./node_modules/sass-loader/lib/loader.js??ref--5-2!./ClientApp/src/assets/scss/style.scss)
Module build failed (from ./node_modules/sass-loader/lib/loader.js):
 |url: |action: 
2019-01-14 12:39:04.4164||ERROR|Microsoft.AspNetCore.NodeServices|
@import "milea/jquery-confirm.min"; |url: |action: 
2019-01-14 12:39:04.4395||ERROR|Microsoft.AspNetCore.NodeServices|
       ^ |url: |action: 
2019-01-14 12:39:04.4529||ERROR|Microsoft.AspNetCore.NodeServices|
      Can't find stylesheet to import.
  stdin 11:9  root stylesheet |url: |action: 
2019-01-14 12:39:04.4529||ERROR|Microsoft.AspNetCore.NodeServices|
      in C:\Users\Diana\Work\Projects\WeedingInvitation\TemplateCoreWeb\ClientApp\src\assets\scss\style.scss (line 11, column 9)
 @ ./ClientApp/src/assets/scss/style.scss 2:14-155 21:1-42:3 22:19-160
 @ ./ClientApp/src/assets/js/custom_styles.js
 @ multi webpack-hot-middleware/client?path=__webpack_hmr&dynamicPublicPath=true ./ClientApp/src/assets/js/custom_styles.js |url: |action: 
2019-01-14 12:39:46.4917||DEBUG|TemplateCoreWebTest.Program|init main |url: |action: 
2019-01-14 12:39:50.9078||ERROR|Microsoft.AspNetCore.NodeServices|clean-webpack-plugin: C:\Users\Diana\Work\Projects\WeedingInvitation\TemplateCoreWeb\wwwroot\dist has been removed. |url: |action: 
2019-01-14 12:40:01.9743||ERROR|Microsoft.AspNetCore.NodeServices|[31m├Ч[39m [90mя╜вwdmя╜г[39m: Hash: 69b2a5e6092ee9d84a8e
Version: webpack 4.23.1
Time: 10691ms
Built at: 2019-01-14 12:40:01
                                         Asset      Size         Chunks             Chunk Names
 ../img/_/fonts/font-awesome/fa-brands-400.svg  49 bytes                 [emitted]  
../img/_/fonts/font-awesome/fa-regular-400.svg  50 bytes                 [emitted]  
  ../img/_/fonts/font-awesome/fa-solid-900.svg  48 bytes                 [emitted]  
    critical-foft-preload-fallback-optional.js  8.04 KiB                 [emitted]  
                              custom_styles.js   163 KiB  custom_styles  [emitted]  custom_styles
                           custom_styles.js.gz  34.6 KiB                 [emitted]  
                       fonts/fa-brands-400.eot  96.3 KiB                 [emitted]  
                    fonts/fa-brands-400.eot.gz    63 KiB                 [emitted]  
                       fonts/fa-brands-400.svg   496 KiB                 [emitted]  
                    fonts/fa-brands-400.svg.gz   159 KiB                 [emitted]  
                       fonts/fa-brands-400.ttf  96.1 KiB                 [emitted]  
                    fonts/fa-brands-400.ttf.gz  62.9 KiB                 [emitted]  
                      fonts/fa-brands-400.woff  62.2 KiB                 [emitted]  
                     fonts/fa-brands-400.woff2  53.2 KiB                 [emitted]  
                      fonts/fa-regular-400.eot  30.4 KiB                 [emitted]  
                   fonts/fa-regular-400.eot.gz  14.6 KiB                 [emitted]  
                      fonts/fa-regular-400.svg   105 KiB                 [emitted]  
                   fonts/fa-regular-400.svg.gz  35.7 KiB                 [emitted]  
                      fonts/fa-regular-400.ttf  30.2 KiB                 [emitted]  
                   fonts/fa-regular-400.ttf.gz  14.6 KiB                 [emitted]  
                     fonts/fa-regular-400.woff  14.4 KiB                 [emitted]  
                    fonts/fa-regular-400.woff2    12 KiB                 [emitted]  
                        fonts/fa-solid-900.eot   104 KiB                 [emitted]  
                     fonts/fa-solid-900.eot.gz  50.3 KiB                 [emitted]  
                        fonts/fa-solid-900.svg   382 KiB                 [emitted]  
                     fonts/fa-solid-900.svg.gz   130 KiB                 [emitted]  
                        fonts/fa-solid-900.ttf   103 KiB                 [emitted]  
                     fonts/fa-solid-900.ttf.gz  50.2 KiB                 [emitted]  
                       fonts/fa-solid-900.woff  49.3 KiB                 [emitted]  
                      fonts/fa-solid-900.woff2  39.2 KiB                 [emitted]  
                            fonts/flaticon.eot  2.57 KiB                 [emitted]  
                         fonts/flaticon.eot.gz  1.42 KiB                 [emitted]  
                            fonts/flaticon.ttf  27.6 KiB                 [emitted]  
                         fonts/flaticon.ttf.gz  17.4 KiB                 [emitted]  
                           fonts/flaticon.woff  17.6 KiB                 [emitted]  
                                       main.js   215 KiB           main  [emitted]  main
                                    main.js.gz  47.4 KiB                 [emitted]  
                                         sw.js  2.14 KiB                 [emitted]  
                                 vendor_src.js   965 KiB     vendor_src  [emitted]  vendor_src
                              vendor_src.js.gz   212 KiB                 [emitted]  
                              vendor_styles.js  1.07 MiB  vendor_styles  [emitted]  vendor_styles
                           vendor_styles.js.gz   182 KiB                 [emitted]  
Entrypoint vendor_styles = vendor_styles.js
Entrypoint vendor_src = vendor_src.js
Entrypoint custom_styles = custom_styles.js
Entrypoint main = main.js
[0] multi webpack-hot-middleware/client?path=__webpack_hmr&dynamicPublicPath=true ./ClientApp/src/assets/js/vendor_styles.js 40 bytes {vendor_styles} [built]
[1] multi webpack-hot-middleware/client?path=__webpack_hmr&dynamicPublicPath=true script-loader!./ClientApp/src/assets/vendor/jquery.min.js script-loader!./ClientApp/src/assets/vendor/popper.min.js script-loader!./ClientApp/src/assets/vendor/bootstrap.min.js script-loader!./ClientApp/src/assets/vendor/pace.min.js script-loader!./ClientApp/src/assets/vendor/particles.min.js script-loader!./ClientApp/src/assets/vendor/jquery.easing.min.js script-loader!./ClientApp/src/assets/vendor/imagesloaded.pkgd.min.js script-loader!./ClientApp/src/assets/vendor/flickity.pkgd.min.js script-loader!./ClientApp/src/assets/vendor/isotope.pkgd.min.js script-loader!./ClientApp/src/assets/vendor/jquery.magnific-popup.min.js script-loader!./ClientApp/src/assets/vendor/jquery.countdown.min.js script-loader!./ClientApp/src/assets/vendor/jquery.validate.min.js script-loader!./ClientApp/src/assets/vendor/jquery-confirm.min.js script-loader!./ClientApp/src/assets/vendor/greensock/TweenMax.min.js script-loader!./ClientApp/src/assets/vendor/ScrollMagic.min.js script-loader!./ClientApp/src/assets/vendor/animation.gsap.min.js script-loader!./ClientApp/src/assets/vendor/theme.js script-loader!./ClientApp/src/assets/vendor/milea.js 244 bytes {vendor_src} [built]
[2] multi webpack-hot-middleware/client?path=__webpack_hmr&dynamicPublicPath=true ./ClientApp/src/assets/js/custom_styles.js 40 bytes {custom_styles} [built]
[3] multi webpack-hot-middleware/client?path=__webpack_hmr&dynamicPublicPath=true ./ClientApp/src/assets/js/index.js 40 bytes {main} [built]
[./ClientApp/src/assets/js/custom_styles.js] 28 bytes {custom_styles} [built]
[./ClientApp/src/assets/js/index.js] 274 bytes {main} [built]
[./ClientApp/src/assets/js/vendor_styles.js] 215 bytes {vendor_styles} [built]
[./node_modules/script-loader/index.js!./ClientApp/src/assets/vendor/ScrollMagic.min.js] ./node_modules/script-loader!./ClientApp/src/assets/vendor/ScrollMagic.min.js 484 bytes {vendor_src} [built]
[./node_modules/script-loader/index.js!./ClientApp/src/assets/vendor/animation.gsap.min.js] ./node_modules/script-loader!./ClientApp/src/assets/vendor/animation.gsap.min.js 487 bytes {vendor_src} [built]
[./node_modules/script-loader/index.js!./ClientApp/src/assets/vendor/bootstrap.min.js] ./node_modules/script-loader!./ClientApp/src/assets/vendor/bootstrap.min.js 482 bytes {vendor_src} [built]
[./node_modules/script-loader/index.js!./ClientApp/src/assets/vendor/flickity.pkgd.min.js] ./node_modules/script-loader!./ClientApp/src/assets/vendor/flickity.pkgd.min.js 486 bytes {vendor_src} [built]
[./node_modules/script-loader/index.js!./ClientApp/src/assets/vendor/greensock/TweenMax.min.js] ./node_modules/script-loader!./ClientApp/src/assets/vendor/greensock/TweenMax.min.js 492 bytes {vendor_src} [built]
[./node_modules/script-loader/index.js!./ClientApp/src/assets/vendor/imagesloaded.pkgd.min.js] ./node_modules/script-loader!./ClientApp/src/assets/vendor/imagesloaded.pkgd.min.js 490 bytes {vendor_src} [built]
[./node_modules/script-loader/index.js!./ClientApp/src/assets/vendor/isotope.pkgd.min.js] ./node_modules/script-loader!./ClientApp/src/assets/vendor/isotope.pkgd.min.js 485 bytes {vendor_src} [built]
[./node_modules/script-loader/index.js!./ClientApp/src/assets/vendor/jquery-confirm.min.js] ./node_modules/script-loader!./ClientApp/src/assets/vendor/jquery-confirm.min.js 487 bytes {vendor_src} [built]
    + 83 hidden modules

ERROR in ./ClientApp/src/assets/scss/style.scss (./node_modules/css-loader??ref--5-1!./node_modules/sass-loader/lib/loader.js??ref--5-2!./ClientApp/src/assets/scss/style.scss)
Module build failed (from ./node_modules/sass-loader/lib/loader.js):
 |url: |action: 
2019-01-14 12:40:01.9796||ERROR|Microsoft.AspNetCore.NodeServices|
@import "milea/jquery-confirm.min"; |url: |action: 
2019-01-14 12:40:01.9796||ERROR|Microsoft.AspNetCore.NodeServices|
       ^ |url: |action: 
2019-01-14 12:40:01.9796||ERROR|Microsoft.AspNetCore.NodeServices|
      Can't find stylesheet to import.
  stdin 11:9  root stylesheet |url: |action: 
2019-01-14 12:40:01.9928||ERROR|Microsoft.AspNetCore.NodeServices|
      in C:\Users\Diana\Work\Projects\WeedingInvitation\TemplateCoreWeb\ClientApp\src\assets\scss\style.scss (line 11, column 9)
 @ ./ClientApp/src/assets/scss/style.scss 2:14-155 21:1-42:3 22:19-160
 @ ./ClientApp/src/assets/js/custom_styles.js
 @ multi webpack-hot-middleware/client?path=__webpack_hmr&dynamicPublicPath=true ./ClientApp/src/assets/js/custom_styles.js |url: |action: 
2019-01-14 12:40:01.9928|3|WARN|Microsoft.AspNetCore.HttpsPolicy.HttpsRedirectionMiddleware|Failed to determine the https port for redirect. |url: http://localhost/|action: 
2019-01-14 12:59:14.7269||DEBUG|TemplateCoreWebTest.Program|init main |url: |action: 
2019-01-14 12:59:27.1558||ERROR|Microsoft.AspNetCore.NodeServices|clean-webpack-plugin: C:\Users\Diana\Work\Projects\WeedingInvitation\TemplateCoreWeb\wwwroot\dist has been removed. |url: |action: 
2019-01-14 12:59:47.5114|3|WARN|Microsoft.AspNetCore.HttpsPolicy.HttpsRedirectionMiddleware|Failed to determine the https port for redirect. |url: http://localhost/|action: 
2019-01-14 13:00:08.3126||DEBUG|TemplateCoreWebTest.Program|init main |url: |action: 
2019-01-14 13:00:15.7778||ERROR|Microsoft.AspNetCore.NodeServices|clean-webpack-plugin: C:\Users\Diana\Work\Projects\WeedingInvitation\TemplateCoreWeb\wwwroot\dist has been removed. |url: |action: 
2019-01-14 13:00:35.8723|3|WARN|Microsoft.AspNetCore.HttpsPolicy.HttpsRedirectionMiddleware|Failed to determine the https port for redirect. |url: http://localhost/|action: 
2019-01-14 13:03:49.6955||DEBUG|TemplateCoreWebTest.Program|init main |url: |action: 
2019-01-14 13:03:57.5308||ERROR|Microsoft.AspNetCore.NodeServices|clean-webpack-plugin: C:\Users\Diana\Work\Projects\WeedingInvitation\TemplateCoreWeb\wwwroot\dist has been removed. |url: |action: 
2019-01-14 13:04:24.6583|3|WARN|Microsoft.AspNetCore.HttpsPolicy.HttpsRedirectionMiddleware|Failed to determine the https port for redirect. |url: http://localhost/|action: 
2019-01-14 13:10:01.9008||DEBUG|TemplateCoreWebTest.Program|init main |url: |action: 
2019-01-14 13:10:31.5195||DEBUG|TemplateCoreWebTest.Program|init main |url: |action: 
2019-01-14 13:11:06.2250||ERROR|Microsoft.AspNetCore.NodeServices|clean-webpack-plugin: C:\Users\Diana\Work\Projects\WeedingInvitation\TemplateCoreWeb\wwwroot\dist has been removed. |url: |action: 
2019-01-14 13:12:21.6458|3|WARN|Microsoft.AspNetCore.HttpsPolicy.HttpsRedirectionMiddleware|Failed to determine the https port for redirect. |url: http://localhost/|action: 
2019-01-14 15:10:41.6773||DEBUG|TemplateCoreWebTest.Program|init main |url: |action: 
2019-01-14 15:10:46.0960||ERROR|Microsoft.AspNetCore.NodeServices|clean-webpack-plugin: C:\Users\Diana\Work\Projects\WeedingInvitation\TemplateCoreWeb\wwwroot\dist has been removed. |url: |action: 
2019-01-14 15:10:58.1273|3|WARN|Microsoft.AspNetCore.HttpsPolicy.HttpsRedirectionMiddleware|Failed to determine the https port for redirect. |url: http://localhost/|action: 
2019-01-14 15:57:50.0767||DEBUG|TemplateCoreWebTest.Program|init main |url: |action: 
2019-01-14 15:57:54.6363||ERROR|Microsoft.AspNetCore.NodeServices|clean-webpack-plugin: C:\Users\Diana\Work\Projects\WeedingInvitation\TemplateCoreWeb\wwwroot\dist has been removed. |url: |action: 
2019-01-14 15:58:06.9380|3|WARN|Microsoft.AspNetCore.HttpsPolicy.HttpsRedirectionMiddleware|Failed to determine the https port for redirect. |url: http://localhost/|action: 
2019-01-14 16:15:46.5287||DEBUG|TemplateCoreWebTest.Program|init main |url: |action: 
2019-01-14 16:15:51.0045||ERROR|Microsoft.AspNetCore.NodeServices|clean-webpack-plugin: C:\Users\Diana\Work\Projects\WeedingInvitation\TemplateCoreWeb\wwwroot\dist has been removed. |url: |action: 
2019-01-14 16:16:03.7831|3|WARN|Microsoft.AspNetCore.HttpsPolicy.HttpsRedirectionMiddleware|Failed to determine the https port for redirect. |url: http://localhost/|action: 
2019-01-14 16:53:52.0716||DEBUG|TemplateCoreWebTest.Program|init main |url: |action: 
2019-01-14 16:56:54.0993||DEBUG|TemplateCoreWebTest.Program|init main |url: |action: 
2019-01-14 16:56:58.4788||ERROR|Microsoft.AspNetCore.NodeServices|clean-webpack-plugin: C:\Users\Diana\Work\Projects\WeedingInvitation\TemplateCoreWeb\wwwroot\dist has been removed. |url: |action: 
2019-01-14 16:57:13.3104|3|WARN|Microsoft.AspNetCore.HttpsPolicy.HttpsRedirectionMiddleware|Failed to determine the https port for redirect. |url: http://localhost/|action: 
2019-01-14 17:01:04.4205||DEBUG|TemplateCoreWebTest.Program|init main |url: |action: 
2019-01-14 17:01:09.1134||ERROR|Microsoft.AspNetCore.NodeServices|clean-webpack-plugin: C:\Users\Diana\Work\Projects\WeedingInvitation\TemplateCoreWeb\wwwroot\dist has been removed. |url: |action: 
2019-01-14 17:01:20.4523|3|WARN|Microsoft.AspNetCore.HttpsPolicy.HttpsRedirectionMiddleware|Failed to determine the https port for redirect. |url: http://localhost/|action: 
2019-01-14 17:28:56.5584||DEBUG|TemplateCoreWebTest.Program|init main |url: |action: 
2019-01-14 17:29:01.0516||ERROR|Microsoft.AspNetCore.NodeServices|clean-webpack-plugin: C:\Users\Diana\Work\Projects\WeedingInvitation\TemplateCoreWeb\wwwroot\dist has been removed. |url: |action: 
2019-01-14 17:29:14.6418|3|WARN|Microsoft.AspNetCore.HttpsPolicy.HttpsRedirectionMiddleware|Failed to determine the https port for redirect. |url: http://localhost/|action: 
2019-01-14 17:32:04.8536||ERROR|Microsoft.AspNetCore.NodeServices|[31m├Ч[39m [90mя╜вwdmя╜г[39m: Hash: 653ae0ee9a85aa2d2f1b
Version: webpack 4.23.1
Time: 3749ms
Built at: 2019-01-14 17:32:04
                                              Asset      Size                        Chunks             Chunk Names
      ../img/_/fonts/font-awesome/fa-brands-400.svg  49 bytes                                           
     ../img/_/fonts/font-awesome/fa-regular-400.svg  50 bytes                                           
       ../img/_/fonts/font-awesome/fa-solid-900.svg  48 bytes                                           
   custom_styles.f9be4dfbbb95bf295007.hot-update.js   266 KiB  custom_styles, custom_styles  [emitted]  custom_styles, custom_styles
custom_styles.f9be4dfbbb95bf295007.hot-update.js.gz  30.6 KiB                                [emitted]  
                                   custom_styles.js   431 KiB                 custom_styles  [emitted]  custom_styles
                                custom_styles.js.gz  66.2 KiB                                [emitted]  
               f9be4dfbbb95bf295007.hot-update.json  55 bytes                                [emitted]  
                            fonts/fa-brands-400.eot  96.3 KiB                                           
                         fonts/fa-brands-400.eot.gz    63 KiB                                [emitted]  
                            fonts/fa-brands-400.svg   496 KiB                                           
                         fonts/fa-brands-400.svg.gz   159 KiB                                [emitted]  
                            fonts/fa-brands-400.ttf  96.1 KiB                                           
                         fonts/fa-brands-400.ttf.gz  62.9 KiB                                [emitted]  
                           fonts/fa-brands-400.woff  62.2 KiB                                           
                          fonts/fa-brands-400.woff2  53.2 KiB                                           
                           fonts/fa-regular-400.eot  30.4 KiB                                           
                        fonts/fa-regular-400.eot.gz  14.6 KiB                                [emitted]  
                           fonts/fa-regular-400.svg   105 KiB                                           
                        fonts/fa-regular-400.svg.gz  35.7 KiB                                [emitted]  
                           fonts/fa-regular-400.ttf  30.2 KiB                                           
                        fonts/fa-regular-400.ttf.gz  14.6 KiB                                [emitted]  
                          fonts/fa-regular-400.woff  14.4 KiB                                           
                         fonts/fa-regular-400.woff2    12 KiB                                           
                             fonts/fa-solid-900.eot   104 KiB                                           
                          fonts/fa-solid-900.eot.gz  50.3 KiB                                [emitted]  
                             fonts/fa-solid-900.svg   382 KiB                                           
                          fonts/fa-solid-900.svg.gz   130 KiB                                [emitted]  
                             fonts/fa-solid-900.ttf   103 KiB                                           
                          fonts/fa-solid-900.ttf.gz  50.2 KiB                                [emitted]  
                            fonts/fa-solid-900.woff  49.3 KiB                                           
                           fonts/fa-solid-900.woff2  39.2 KiB                                           
                                 fonts/flaticon.eot  2.57 KiB                                           
                              fonts/flaticon.eot.gz  1.42 KiB                                [emitted]  
                                 fonts/flaticon.ttf  27.6 KiB                                           
                              fonts/flaticon.ttf.gz  17.4 KiB                                [emitted]  
                                fonts/flaticon.woff  17.6 KiB                                           
                             fonts/montserrat.woff2  18.3 KiB                                [emitted]  
                              fonts/questrial.woff2  13.2 KiB                                [emitted]  
                                            main.js   215 KiB                          main  [emitted]  main
                                         main.js.gz  47.4 KiB                                [emitted]  
                                      vendor_src.js   965 KiB                    vendor_src  [emitted]  vendor_src
                                   vendor_src.js.gz   212 KiB                                [emitted]  
                                   vendor_styles.js  1.07 MiB                 vendor_styles  [emitted]  vendor_styles
                                vendor_styles.js.gz   182 KiB                                [emitted]  
Entrypoint vendor_styles = vendor_styles.js
Entrypoint vendor_src = vendor_src.js
Entrypoint custom_styles = custom_styles.js custom_styles.f9be4dfbbb95bf295007.hot-update.js custom_styles.f9be4dfbbb95bf295007.hot-update.js
Entrypoint main = main.js
[0] multi webpack-hot-middleware/client?path=__webpack_hmr&dynamicPublicPath=true ./ClientApp/src/assets/js/vendor_styles.js 40 bytes {vendor_styles}
[1] multi webpack-hot-middleware/client?path=__webpack_hmr&dynamicPublicPath=true script-loader!./ClientApp/src/assets/vendor/jquery.min.js script-loader!./ClientApp/src/assets/vendor/popper.min.js script-loader!./ClientApp/src/assets/vendor/bootstrap.min.js script-loader!./ClientApp/src/assets/vendor/pace.min.js script-loader!./ClientApp/src/assets/vendor/particles.min.js script-loader!./ClientApp/src/assets/vendor/jquery.easing.min.js script-loader!./ClientApp/src/assets/vendor/imagesloaded.pkgd.min.js script-loader!./ClientApp/src/assets/vendor/flickity.pkgd.min.js script-loader!./ClientApp/src/assets/vendor/isotope.pkgd.min.js script-loader!./ClientApp/src/assets/vendor/jquery.magnific-popup.min.js script-loader!./ClientApp/src/assets/vendor/jquery.countdown.min.js script-loader!./ClientApp/src/assets/vendor/jquery.validate.min.js script-loader!./ClientApp/src/assets/vendor/jquery-confirm.min.js script-loader!./ClientApp/src/assets/vendor/greensock/TweenMax.min.js script-loader!./ClientApp/src/assets/vendor/ScrollMagic.min.js script-loader!./ClientApp/src/assets/vendor/animation.gsap.min.js script-loader!./ClientApp/src/assets/vendor/theme.js script-loader!./ClientApp/src/assets/vendor/milea.js 244 bytes {vendor_src}
[2] multi webpack-hot-middleware/client?path=__webpack_hmr&dynamicPublicPath=true ./ClientApp/src/assets/js/custom_styles.js 40 bytes {custom_styles}
[3] multi webpack-hot-middleware/client?path=__webpack_hmr&dynamicPublicPath=true ./ClientApp/src/assets/js/index.js 40 bytes {main}
[./ClientApp/src/assets/js/custom_styles.js] 28 bytes {custom_styles}
[./ClientApp/src/assets/js/index.js] 274 bytes {main}
[./ClientApp/src/assets/js/vendor_styles.js] 215 bytes {vendor_styles}
[./node_modules/script-loader/index.js!./ClientApp/src/assets/vendor/ScrollMagic.min.js] ./node_modules/script-loader!./ClientApp/src/assets/vendor/ScrollMagic.min.js 484 bytes {vendor_src}
[./node_modules/script-loader/index.js!./ClientApp/src/assets/vendor/animation.gsap.min.js] ./node_modules/script-loader!./ClientApp/src/assets/vendor/animation.gsap.min.js 487 bytes {vendor_src}
[./node_modules/script-loader/index.js!./ClientApp/src/assets/vendor/bootstrap.min.js] ./node_modules/script-loader!./ClientApp/src/assets/vendor/bootstrap.min.js 482 bytes {vendor_src}
[./node_modules/script-loader/index.js!./ClientApp/src/assets/vendor/flickity.pkgd.min.js] ./node_modules/script-loader!./ClientApp/src/assets/vendor/flickity.pkgd.min.js 486 bytes {vendor_src}
[./node_modules/script-loader/index.js!./ClientApp/src/assets/vendor/greensock/TweenMax.min.js] ./node_modules/script-loader!./ClientApp/src/assets/vendor/greensock/TweenMax.min.js 492 bytes {vendor_src}
[./node_modules/script-loader/index.js!./ClientApp/src/assets/vendor/imagesloaded.pkgd.min.js] ./node_modules/script-loader!./ClientApp/src/assets/vendor/imagesloaded.pkgd.min.js 490 bytes {vendor_src}
[./node_modules/script-loader/index.js!./ClientApp/src/assets/vendor/isotope.pkgd.min.js] ./node_modules/script-loader!./ClientApp/src/assets/vendor/isotope.pkgd.min.js 485 bytes {vendor_src}
[./node_modules/script-loader/index.js!./ClientApp/src/assets/vendor/jquery-confirm.min.js] ./node_modules/script-loader!./ClientApp/src/assets/vendor/jquery-confirm.min.js 487 bytes {vendor_src}
    + 85 hidden modules

ERROR in ./ClientApp/src/assets/scss/style.scss (./node_modules/css-loader??ref--5-1!./node_modules/sass-loader/lib/loader.js??ref--5-2!./ClientApp/src/assets/scss/style.scss)
Module not found: Error: Can't resolve '../fonts/ptserif/ptserif.woff2' in 'C:\Users\Diana\Work\Projects\WeedingInvitation\TemplateCoreWeb\ClientApp\src\assets\scss'
 @ ./ClientApp/src/assets/scss/style.scss (./node_modules/css-loader??ref--5-1!./node_modules/sass-loader/lib/loader.js??ref--5-2!./ClientApp/src/assets/scss/style.scss) 7:470-511 7:728-769
 @ ./ClientApp/src/assets/scss/style.scss
 @ ./ClientApp/src/assets/js/custom_styles.js
 @ multi webpack-hot-middleware/client?path=__webpack_hmr&dynamicPublicPath=true ./ClientApp/src/assets/js/custom_styles.js |url: |action: 
