2019-01-15 10:34:48.5688|2|INFO|Microsoft.AspNetCore.Hosting.Internal.WebHost|Request finished in 61165186.9705ms 200 text/event-stream; charset=utf-8 
2019-01-15 10:34:48.5751|2|INFO|Microsoft.AspNetCore.Hosting.Internal.WebHost|Request finished in 61538190.6827ms 200 text/event-stream; charset=utf-8 
2019-01-15 10:36:27.1875|1|INFO|Microsoft.AspNetCore.Hosting.Internal.WebHost|Request starting HTTP/1.1 GET http://localhost:53185/__webpack_hmr   
2019-01-15 10:36:27.2240|1|INFO|Microsoft.AspNetCore.Hosting.Internal.WebHost|Request starting HTTP/1.1 GET http://localhost:53185/80358d21fe22247cbfb0.hot-update.json   
2019-01-15 10:36:27.2240|1|INFO|Microsoft.AspNetCore.Mvc.Internal.ControllerActionInvoker|Route matched with {action = "Error404", controller = "Home"}. Executing action TemplateCoreWebTest.Controllers.HomeController.Error404 (WeedingInvitation) 
2019-01-15 10:36:27.2240|1|INFO|Microsoft.AspNetCore.Mvc.Internal.ControllerActionInvoker|Executing action method TemplateCoreWebTest.Controllers.HomeController.Error404 (WeedingInvitation) - Validation state: Valid 
2019-01-15 10:36:27.2360|2|INFO|Microsoft.AspNetCore.Mvc.Internal.ControllerActionInvoker|Executed action method TemplateCoreWebTest.Controllers.HomeController.Error404 (WeedingInvitation), returned result Microsoft.AspNetCore.Mvc.ViewResult in 0.0531ms. 
2019-01-15 10:36:27.2599|1|INFO|Microsoft.AspNetCore.Mvc.ViewFeatures.ViewResultExecutor|Executing ViewResult, running view Error404. 
2019-01-15 10:36:31.1638|4|INFO|Microsoft.AspNetCore.Mvc.ViewFeatures.ViewResultExecutor|Executed ViewResult - view Error404 executed in 3924.8275ms. 
2019-01-15 10:36:31.1638|2|INFO|Microsoft.AspNetCore.Mvc.Internal.ControllerActionInvoker|Executed action TemplateCoreWebTest.Controllers.HomeController.Error404 (WeedingInvitation) in 3930.9489ms 
2019-01-15 10:36:31.1638|2|INFO|Microsoft.AspNetCore.Hosting.Internal.WebHost|Request finished in 3944.887ms 404 text/html; charset=utf-8 
2019-01-15 10:36:31.1794|1|INFO|Microsoft.AspNetCore.Hosting.Internal.WebHost|Request starting HTTP/1.1 GET http://localhost:53185/80358d21fe22247cbfb0.hot-update.json   
2019-01-15 10:36:31.1794|1|INFO|Microsoft.AspNetCore.Mvc.Internal.ControllerActionInvoker|Route matched with {action = "Error404", controller = "Home"}. Executing action TemplateCoreWebTest.Controllers.HomeController.Error404 (WeedingInvitation) 
2019-01-15 10:36:31.1794|1|INFO|Microsoft.AspNetCore.Mvc.Internal.ControllerActionInvoker|Executing action method TemplateCoreWebTest.Controllers.HomeController.Error404 (WeedingInvitation) - Validation state: Valid 
2019-01-15 10:36:31.1935|2|INFO|Microsoft.AspNetCore.Mvc.Internal.ControllerActionInvoker|Executed action method TemplateCoreWebTest.Controllers.HomeController.Error404 (WeedingInvitation), returned result Microsoft.AspNetCore.Mvc.ViewResult in 0.0316ms. 
2019-01-15 10:36:31.1935|1|INFO|Microsoft.AspNetCore.Mvc.ViewFeatures.ViewResultExecutor|Executing ViewResult, running view Error404. 
2019-01-15 10:36:31.1935|4|INFO|Microsoft.AspNetCore.Mvc.ViewFeatures.ViewResultExecutor|Executed ViewResult - view Error404 executed in 3.7904ms. 
2019-01-15 10:36:31.2106|2|INFO|Microsoft.AspNetCore.Mvc.Internal.ControllerActionInvoker|Executed action TemplateCoreWebTest.Controllers.HomeController.Error404 (WeedingInvitation) in 21.8341ms 
2019-01-15 10:36:31.2106|1|INFO|Microsoft.AspNetCore.Hosting.Internal.WebHost|Request starting HTTP/1.1 GET http://localhost:53185/80358d21fe22247cbfb0.hot-update.json   
2019-01-15 10:36:31.2106|2|INFO|Microsoft.AspNetCore.Hosting.Internal.WebHost|Request finished in 36.0991ms 404 text/html; charset=utf-8 
2019-01-15 10:36:31.2260|1|INFO|Microsoft.AspNetCore.Mvc.Internal.ControllerActionInvoker|Route matched with {action = "Error404", controller = "Home"}. Executing action TemplateCoreWebTest.Controllers.HomeController.Error404 (WeedingInvitation) 
2019-01-15 10:36:31.2260|1|INFO|Microsoft.AspNetCore.Mvc.Internal.ControllerActionInvoker|Executing action method TemplateCoreWebTest.Controllers.HomeController.Error404 (WeedingInvitation) - Validation state: Valid 
2019-01-15 10:36:31.2260|2|INFO|Microsoft.AspNetCore.Mvc.Internal.ControllerActionInvoker|Executed action method TemplateCoreWebTest.Controllers.HomeController.Error404 (WeedingInvitation), returned result Microsoft.AspNetCore.Mvc.ViewResult in 0.0205ms. 
2019-01-15 10:36:31.2260|1|INFO|Microsoft.AspNetCore.Mvc.ViewFeatures.ViewResultExecutor|Executing ViewResult, running view Error404. 
2019-01-15 10:36:31.2407|4|INFO|Microsoft.AspNetCore.Mvc.ViewFeatures.ViewResultExecutor|Executed ViewResult - view Error404 executed in 6.4794ms. 
2019-01-15 10:36:31.2407|2|INFO|Microsoft.AspNetCore.Mvc.Internal.ControllerActionInvoker|Executed action TemplateCoreWebTest.Controllers.HomeController.Error404 (WeedingInvitation) in 13.8052ms 
2019-01-15 10:36:31.2407|2|INFO|Microsoft.AspNetCore.Hosting.Internal.WebHost|Request finished in 33.6024ms 404 text/html; charset=utf-8 
2019-01-15 10:39:50.8972|1|INFO|Microsoft.AspNetCore.Hosting.Internal.WebHost|Request starting HTTP/1.1 GET http://localhost:53185/__webpack_hmr   
2019-01-15 10:39:50.9325|1|INFO|Microsoft.AspNetCore.Hosting.Internal.WebHost|Request starting HTTP/1.1 GET http://localhost:53185/6a7d58eb45c4cd85e9ba.hot-update.json   
2019-01-15 10:39:50.9325|1|INFO|Microsoft.AspNetCore.Hosting.Internal.WebHost|Request starting HTTP/1.1 GET http://localhost:53185/80358d21fe22247cbfb0.hot-update.json   
2019-01-15 10:39:50.9610|1|INFO|Microsoft.AspNetCore.Mvc.Internal.ControllerActionInvoker|Route matched with {action = "Error404", controller = "Home"}. Executing action TemplateCoreWebTest.Controllers.HomeController.Error404 (WeedingInvitation) 
2019-01-15 10:39:50.9646|1|INFO|Microsoft.AspNetCore.Mvc.Internal.ControllerActionInvoker|Executing action method TemplateCoreWebTest.Controllers.HomeController.Error404 (WeedingInvitation) - Validation state: Valid 
2019-01-15 10:39:50.9646|1|INFO|Microsoft.AspNetCore.Mvc.Internal.ControllerActionInvoker|Route matched with {action = "Error404", controller = "Home"}. Executing action TemplateCoreWebTest.Controllers.HomeController.Error404 (WeedingInvitation) 
2019-01-15 10:39:50.9646|2|INFO|Microsoft.AspNetCore.Mvc.Internal.ControllerActionInvoker|Executed action method TemplateCoreWebTest.Controllers.HomeController.Error404 (WeedingInvitation), returned result Microsoft.AspNetCore.Mvc.ViewResult in 0.0365ms. 
2019-01-15 10:39:50.9646|1|INFO|Microsoft.AspNetCore.Mvc.Internal.ControllerActionInvoker|Executing action method TemplateCoreWebTest.Controllers.HomeController.Error404 (WeedingInvitation) - Validation state: Valid 
2019-01-15 10:39:50.9646|1|INFO|Microsoft.AspNetCore.Mvc.ViewFeatures.ViewResultExecutor|Executing ViewResult, running view Error404. 
2019-01-15 10:39:50.9805|2|INFO|Microsoft.AspNetCore.Mvc.Internal.ControllerActionInvoker|Executed action method TemplateCoreWebTest.Controllers.HomeController.Error404 (WeedingInvitation), returned result Microsoft.AspNetCore.Mvc.ViewResult in 0.0307ms. 
2019-01-15 10:39:50.9805|4|INFO|Microsoft.AspNetCore.Mvc.ViewFeatures.ViewResultExecutor|Executed ViewResult - view Error404 executed in 11.3396ms. 
2019-01-15 10:39:50.9805|1|INFO|Microsoft.AspNetCore.Mvc.ViewFeatures.ViewResultExecutor|Executing ViewResult, running view Error404. 
2019-01-15 10:39:51.0046|2|INFO|Microsoft.AspNetCore.Mvc.Internal.ControllerActionInvoker|Executed action TemplateCoreWebTest.Controllers.HomeController.Error404 (WeedingInvitation) in 40.0776ms 
2019-01-15 10:39:51.0046|1|INFO|Microsoft.AspNetCore.Hosting.Internal.WebHost|Request starting HTTP/1.1 GET http://localhost:53185/6a7d58eb45c4cd85e9ba.hot-update.json   
2019-01-15 10:39:51.0110|4|INFO|Microsoft.AspNetCore.Mvc.ViewFeatures.ViewResultExecutor|Executed ViewResult - view Error404 executed in 24.8995ms. 
2019-01-15 10:39:51.0110|2|INFO|Microsoft.AspNetCore.Mvc.Internal.ControllerActionInvoker|Executed action TemplateCoreWebTest.Controllers.HomeController.Error404 (WeedingInvitation) in 53.4304ms 
2019-01-15 10:39:51.0110|1|INFO|Microsoft.AspNetCore.Mvc.Internal.ControllerActionInvoker|Route matched with {action = "Error404", controller = "Home"}. Executing action TemplateCoreWebTest.Controllers.HomeController.Error404 (WeedingInvitation) 
2019-01-15 10:39:51.0110|2|INFO|Microsoft.AspNetCore.Hosting.Internal.WebHost|Request finished in 79.6043ms 404 text/html; charset=utf-8 
2019-01-15 10:39:51.0110|2|INFO|Microsoft.AspNetCore.Hosting.Internal.WebHost|Request finished in 77.1025ms 404 text/html; charset=utf-8 
2019-01-15 10:39:51.0110|1|INFO|Microsoft.AspNetCore.Mvc.Internal.ControllerActionInvoker|Executing action method TemplateCoreWebTest.Controllers.HomeController.Error404 (WeedingInvitation) - Validation state: Valid 
2019-01-15 10:39:51.0284|1|INFO|Microsoft.AspNetCore.Hosting.Internal.WebHost|Request starting HTTP/1.1 GET http://localhost:53185/80358d21fe22247cbfb0.hot-update.json   
2019-01-15 10:39:51.0457|2|INFO|Microsoft.AspNetCore.Mvc.Internal.ControllerActionInvoker|Executed action method TemplateCoreWebTest.Controllers.HomeController.Error404 (WeedingInvitation), returned result Microsoft.AspNetCore.Mvc.ViewResult in 0.095ms. 
2019-01-15 10:39:51.0457|1|INFO|Microsoft.AspNetCore.Mvc.ViewFeatures.ViewResultExecutor|Executing ViewResult, running view Error404. 
2019-01-15 10:39:51.0457|1|INFO|Microsoft.AspNetCore.Mvc.Internal.ControllerActionInvoker|Route matched with {action = "Error404", controller = "Home"}. Executing action TemplateCoreWebTest.Controllers.HomeController.Error404 (WeedingInvitation) 
2019-01-15 10:39:51.0457|4|INFO|Microsoft.AspNetCore.Mvc.ViewFeatures.ViewResultExecutor|Executed ViewResult - view Error404 executed in 2.0623ms. 
2019-01-15 10:39:51.0611|2|INFO|Microsoft.AspNetCore.Mvc.Internal.ControllerActionInvoker|Executed action TemplateCoreWebTest.Controllers.HomeController.Error404 (WeedingInvitation) in 36.1244ms 
2019-01-15 10:39:51.0611|1|INFO|Microsoft.AspNetCore.Hosting.Internal.WebHost|Request starting HTTP/1.1 GET http://localhost:53185/6a7d58eb45c4cd85e9ba.hot-update.json   
2019-01-15 10:39:51.0457|1|INFO|Microsoft.AspNetCore.Mvc.Internal.ControllerActionInvoker|Executing action method TemplateCoreWebTest.Controllers.HomeController.Error404 (WeedingInvitation) - Validation state: Valid 
2019-01-15 10:39:51.0611|2|INFO|Microsoft.AspNetCore.Hosting.Internal.WebHost|Request finished in 55.1612ms 404 text/html; charset=utf-8 
2019-01-15 10:39:51.0844|1|INFO|Microsoft.AspNetCore.Mvc.Internal.ControllerActionInvoker|Route matched with {action = "Error404", controller = "Home"}. Executing action TemplateCoreWebTest.Controllers.HomeController.Error404 (WeedingInvitation) 
2019-01-15 10:39:51.0844|2|INFO|Microsoft.AspNetCore.Mvc.Internal.ControllerActionInvoker|Executed action method TemplateCoreWebTest.Controllers.HomeController.Error404 (WeedingInvitation), returned result Microsoft.AspNetCore.Mvc.ViewResult in 0.0754ms. 
2019-01-15 10:39:51.0990|1|INFO|Microsoft.AspNetCore.Mvc.Internal.ControllerActionInvoker|Executing action method TemplateCoreWebTest.Controllers.HomeController.Error404 (WeedingInvitation) - Validation state: Valid 
2019-01-15 10:39:51.1084|2|INFO|Microsoft.AspNetCore.Mvc.Internal.ControllerActionInvoker|Executed action method TemplateCoreWebTest.Controllers.HomeController.Error404 (WeedingInvitation), returned result Microsoft.AspNetCore.Mvc.ViewResult in 0.0652ms. 
2019-01-15 10:39:51.0990|1|INFO|Microsoft.AspNetCore.Mvc.ViewFeatures.ViewResultExecutor|Executing ViewResult, running view Error404. 
2019-01-15 10:39:51.1084|1|INFO|Microsoft.AspNetCore.Mvc.ViewFeatures.ViewResultExecutor|Executing ViewResult, running view Error404. 
2019-01-15 10:39:51.1084|4|INFO|Microsoft.AspNetCore.Mvc.ViewFeatures.ViewResultExecutor|Executed ViewResult - view Error404 executed in 13.0862ms. 
2019-01-15 10:39:51.1084|4|INFO|Microsoft.AspNetCore.Mvc.ViewFeatures.ViewResultExecutor|Executed ViewResult - view Error404 executed in 5.6912ms. 
2019-01-15 10:39:51.1233|2|INFO|Microsoft.AspNetCore.Mvc.Internal.ControllerActionInvoker|Executed action TemplateCoreWebTest.Controllers.HomeController.Error404 (WeedingInvitation) in 69.9451ms 
2019-01-15 10:39:51.1233|1|INFO|Microsoft.AspNetCore.Hosting.Internal.WebHost|Request starting HTTP/1.1 GET http://localhost:53185/80358d21fe22247cbfb0.hot-update.json   
2019-01-15 10:39:51.1233|2|INFO|Microsoft.AspNetCore.Mvc.Internal.ControllerActionInvoker|Executed action TemplateCoreWebTest.Controllers.HomeController.Error404 (WeedingInvitation) in 30.2421ms 
2019-01-15 10:39:51.1233|1|INFO|Microsoft.AspNetCore.Hosting.Internal.WebHost|Request starting HTTP/1.1 GET http://localhost:53185/6a7d58eb45c4cd85e9ba.hot-update.json   
2019-01-15 10:39:51.1233|2|INFO|Microsoft.AspNetCore.Hosting.Internal.WebHost|Request finished in 102.5167ms 404 text/html; charset=utf-8 
2019-01-15 10:39:51.1360|2|INFO|Microsoft.AspNetCore.Hosting.Internal.WebHost|Request finished in 70.9304ms 404 text/html; charset=utf-8 
2019-01-15 10:39:51.1360|1|INFO|Microsoft.AspNetCore.Mvc.Internal.ControllerActionInvoker|Route matched with {action = "Error404", controller = "Home"}. Executing action TemplateCoreWebTest.Controllers.HomeController.Error404 (WeedingInvitation) 
2019-01-15 10:39:51.1360|1|INFO|Microsoft.AspNetCore.Mvc.Internal.ControllerActionInvoker|Route matched with {action = "Error404", controller = "Home"}. Executing action TemplateCoreWebTest.Controllers.HomeController.Error404 (WeedingInvitation) 
2019-01-15 10:39:51.1360|1|INFO|Microsoft.AspNetCore.Mvc.Internal.ControllerActionInvoker|Executing action method TemplateCoreWebTest.Controllers.HomeController.Error404 (WeedingInvitation) - Validation state: Valid 
2019-01-15 10:39:51.1360|1|INFO|Microsoft.AspNetCore.Mvc.Internal.ControllerActionInvoker|Executing action method TemplateCoreWebTest.Controllers.HomeController.Error404 (WeedingInvitation) - Validation state: Valid 
2019-01-15 10:39:51.1360|2|INFO|Microsoft.AspNetCore.Mvc.Internal.ControllerActionInvoker|Executed action method TemplateCoreWebTest.Controllers.HomeController.Error404 (WeedingInvitation), returned result Microsoft.AspNetCore.Mvc.ViewResult in 0.015ms. 
2019-01-15 10:39:51.1360|2|INFO|Microsoft.AspNetCore.Mvc.Internal.ControllerActionInvoker|Executed action method TemplateCoreWebTest.Controllers.HomeController.Error404 (WeedingInvitation), returned result Microsoft.AspNetCore.Mvc.ViewResult in 0.0235ms. 
2019-01-15 10:39:51.1517|1|INFO|Microsoft.AspNetCore.Mvc.ViewFeatures.ViewResultExecutor|Executing ViewResult, running view Error404. 
2019-01-15 10:39:51.1360|1|INFO|Microsoft.AspNetCore.Mvc.ViewFeatures.ViewResultExecutor|Executing ViewResult, running view Error404. 
2019-01-15 10:39:51.1517|4|INFO|Microsoft.AspNetCore.Mvc.ViewFeatures.ViewResultExecutor|Executed ViewResult - view Error404 executed in 15.4162ms. 
2019-01-15 10:39:51.1688|2|INFO|Microsoft.AspNetCore.Mvc.Internal.ControllerActionInvoker|Executed action TemplateCoreWebTest.Controllers.HomeController.Error404 (WeedingInvitation) in 27.6105ms 
2019-01-15 10:39:51.1688|4|INFO|Microsoft.AspNetCore.Mvc.ViewFeatures.ViewResultExecutor|Executed ViewResult - view Error404 executed in 19.2194ms. 
2019-01-15 10:39:51.1877|2|INFO|Microsoft.AspNetCore.Hosting.Internal.WebHost|Request finished in 57.8061ms 404 text/html; charset=utf-8 
2019-01-15 10:39:51.1877|2|INFO|Microsoft.AspNetCore.Mvc.Internal.ControllerActionInvoker|Executed action TemplateCoreWebTest.Controllers.HomeController.Error404 (WeedingInvitation) in 46.5579ms 
2019-01-15 10:39:51.2016|2|INFO|Microsoft.AspNetCore.Hosting.Internal.WebHost|Request finished in 73.2822ms 404 text/html; charset=utf-8 
2019-01-15 11:09:35.0301||DEBUG|TemplateCoreWebTest.Program|init main 
2019-01-15 11:09:35.7346||INFO|Microsoft.AspNetCore.DataProtection.KeyManagement.XmlKeyManager|User profile is available. Using 'C:\Users\Diana\AppData\Local\ASP.NET\DataProtection-Keys' as key repository and Windows DPAPI to encrypt keys at rest. 
2019-01-15 11:09:38.9063||INFO|Microsoft.AspNetCore.NodeServices|development mode: true 
2019-01-15 11:09:41.6779||ERROR|Microsoft.AspNetCore.NodeServices|clean-webpack-plugin: C:\Users\Diana\Work\Projects\WeedingInvitation\TemplateCoreWeb\wwwroot\dist has been removed. 
2019-01-15 11:09:42.2582|1|INFO|Microsoft.AspNetCore.Hosting.Internal.WebHost|Request starting HTTP/1.1 GET http://localhost:53185/   
2019-01-15 11:09:42.3694||INFO|Microsoft.AspNetCore.NodeServices|[34mi[39m [90mя╜вwdmя╜г[39m: wait until bundle finished: / 
2019-01-15 11:09:49.5320|1|INFO|Microsoft.AspNetCore.Hosting.Internal.WebHost|Request starting HTTP/1.1 GET http://localhost:53185/__webpack_hmr   
2019-01-15 11:09:50.5267||INFO|Microsoft.AspNetCore.NodeServices|[34mi[39m [90mя╜вwdmя╜г[39m: wait until bundle finished: /__webpack_hmr 
2019-01-15 11:09:57.9908||INFO|Microsoft.AspNetCore.NodeServices|webpack built ce05e6fe98d4c8367988 in 15955ms 
2019-01-15 11:09:58.0784||INFO|Microsoft.AspNetCore.NodeServices|[34mi[39m [90mя╜вwdmя╜г[39m: Hash: ce05e6fe98d4c8367988
Version: webpack 4.23.1
Time: 15955ms
Built at: 2019-01-15 11:09:57
                                         Asset      Size         Chunks             Chunk Names
 ../img/_/fonts/font-awesome/fa-brands-400.svg  49 bytes                 [emitted]  
../img/_/fonts/font-awesome/fa-regular-400.svg  50 bytes                 [emitted]  
  ../img/_/fonts/font-awesome/fa-solid-900.svg  48 bytes                 [emitted]  
    critical-foft-preload-fallback-optional.js  8.04 KiB                 [emitted]  
                              custom_styles.js   430 KiB  custom_styles  [emitted]  custom_styles
                           custom_styles.js.gz  66.1 KiB                 [emitted]  
                       fonts/fa-brands-400.eot  96.3 KiB                 [emitted]  
                    fonts/fa-brands-400.eot.gz    63 KiB                 [emitted]  
                       fonts/fa-brands-400.svg   496 KiB                 [emitted]  
                    fonts/fa-brands-400.svg.gz   159 KiB                 [emitted]  
                       fonts/fa-brands-400.ttf  96.1 KiB                 [emitted]  
                    fonts/fa-brands-400.ttf.gz  62.9 KiB                 [emitted]  
                      fonts/fa-brands-400.woff  62.2 KiB                 [emitted]  
                     fonts/fa-brands-400.woff2  53.2 KiB                 [emitted]  
                      fonts/fa-regular-400.eot  30.4 KiB                 [emitted]  
                   fonts/fa-regular-400.eot.gz  14.6 KiB                 [emitted]  
                      fonts/fa-regular-400.svg   105 KiB                 [emitted]  
                   fonts/fa-regular-400.svg.gz  35.7 KiB                 [emitted]  
                      fonts/fa-regular-400.ttf  30.2 KiB                 [emitted]  
                   fonts/fa-regular-400.ttf.gz  14.6 KiB                 [emitted]  
                     fonts/fa-regular-400.woff  14.4 KiB                 [emitted]  
                    fonts/fa-regular-400.woff2    12 KiB                 [emitted]  
                        fonts/fa-solid-900.eot   104 KiB                 [emitted]  
                     fonts/fa-solid-900.eot.gz  50.3 KiB                 [emitted]  
                        fonts/fa-solid-900.svg   382 KiB                 [emitted]  
                     fonts/fa-solid-900.svg.gz   130 KiB                 [emitted]  
                        fonts/fa-solid-900.ttf   103 KiB                 [emitted]  
                     fonts/fa-solid-900.ttf.gz  50.2 KiB                 [emitted]  
                       fonts/fa-solid-900.woff  49.3 KiB                 [emitted]  
                      fonts/fa-solid-900.woff2  39.2 KiB                 [emitted]  
                            fonts/flaticon.eot  2.57 KiB                 [emitted]  
                         fonts/flaticon.eot.gz  1.42 KiB                 [emitted]  
                            fonts/flaticon.ttf  27.6 KiB                 [emitted]  
                         fonts/flaticon.ttf.gz  17.4 KiB                 [emitted]  
                           fonts/flaticon.woff  17.6 KiB                 [emitted]  
                        fonts/montserrat.woff2  18.3 KiB                 [emitted]  
                       fonts/ptserif-400.woff2  33.5 KiB                 [emitted]  
                       fonts/ptserif-700.woff2  27.3 KiB                 [emitted]  
                                       main.js   215 KiB           main  [emitted]  main
                                    main.js.gz  47.4 KiB                 [emitted]  
                                         sw.js  2.14 KiB                 [emitted]  
                                 vendor_src.js   965 KiB     vendor_src  [emitted]  vendor_src
                              vendor_src.js.gz   212 KiB                 [emitted]  
                              vendor_styles.js  1.07 MiB  vendor_styles  [emitted]  vendor_styles
                           vendor_styles.js.gz   182 KiB                 [emitted]  
Entrypoint vendor_styles = vendor_styles.js
Entrypoint vendor_src = vendor_src.js
Entrypoint custom_styles = custom_styles.js
Entrypoint main = main.js
[0] multi webpack-hot-middleware/client?path=__webpack_hmr&dynamicPublicPath=true ./ClientApp/src/assets/js/vendor_styles.js 40 bytes {vendor_styles} [built]
[1] multi webpack-hot-middleware/client?path=__webpack_hmr&dynamicPublicPath=true script-loader!./ClientApp/src/assets/vendor/jquery.min.js script-loader!./ClientApp/src/assets/vendor/popper.min.js script-loader!./ClientApp/src/assets/vendor/bootstrap.min.js script-loader!./ClientApp/src/assets/vendor/pace.min.js script-loader!./ClientApp/src/assets/vendor/particles.min.js script-loader!./ClientApp/src/assets/vendor/jquery.easing.min.js script-loader!./ClientApp/src/assets/vendor/imagesloaded.pkgd.min.js script-loader!./ClientApp/src/assets/vendor/flickity.pkgd.min.js script-loader!./ClientApp/src/assets/vendor/isotope.pkgd.min.js script-loader!./ClientApp/src/assets/vendor/jquery.magnific-popup.min.js script-loader!./ClientApp/src/assets/vendor/jquery.countdown.min.js script-loader!./ClientApp/src/assets/vendor/jquery.validate.min.js script-loader!./ClientApp/src/assets/vendor/jquery-confirm.min.js script-loader!./ClientApp/src/assets/vendor/greensock/TweenMax.min.js script-loader!./ClientApp/src/assets/vendor/ScrollMagic.min.js script-loader!./ClientApp/src/assets/vendor/animation.gsap.min.js script-loader!./ClientApp/src/assets/vendor/theme.js script-loader!./ClientApp/src/assets/vendor/milea.js 244 bytes {vendor_src} [built]
[2] multi webpack-hot-middleware/client?path=__webpack_hmr&dynamicPublicPath=true ./ClientApp/src/assets/js/custom_styles.js 40 bytes {custom_styles} [built]
[3] multi webpack-hot-middleware/client?path=__webpack_hmr&dynamicPublicPath=true ./ClientApp/src/assets/js/index.js 40 bytes {main} [built]
[./ClientApp/src/assets/js/custom_styles.js] 28 bytes {custom_styles} [built]
[./ClientApp/src/assets/js/index.js] 274 bytes {main} [built]
[./ClientApp/src/assets/js/vendor_styles.js] 215 bytes {vendor_styles} [built]
[./node_modules/script-loader/index.js!./ClientApp/src/assets/vendor/ScrollMagic.min.js] ./node_modules/script-loader!./ClientApp/src/assets/vendor/ScrollMagic.min.js 484 bytes {vendor_src} [built]
[./node_modules/script-loader/index.js!./ClientApp/src/assets/vendor/animation.gsap.min.js] ./node_modules/script-loader!./ClientApp/src/assets/vendor/animation.gsap.min.js 487 bytes {vendor_src} [built]
[./node_modules/script-loader/index.js!./ClientApp/src/assets/vendor/bootstrap.min.js] ./node_modules/script-loader!./ClientApp/src/assets/vendor/bootstrap.min.js 482 bytes {vendor_src} [built]
[./node_modules/script-loader/index.js!./ClientApp/src/assets/vendor/flickity.pkgd.min.js] ./node_modules/script-loader!./ClientApp/src/assets/vendor/flickity.pkgd.min.js 486 bytes {vendor_src} [built]
[./node_modules/script-loader/index.js!./ClientApp/src/assets/vendor/greensock/TweenMax.min.js] ./node_modules/script-loader!./ClientApp/src/assets/vendor/greensock/TweenMax.min.js 492 bytes {vendor_src} [built]
[./node_modules/script-loader/index.js!./ClientApp/src/assets/vendor/imagesloaded.pkgd.min.js] ./node_modules/script-loader!./ClientApp/src/assets/vendor/imagesloaded.pkgd.min.js 490 bytes {vendor_src} [built]
[./node_modules/script-loader/index.js!./ClientApp/src/assets/vendor/isotope.pkgd.min.js] ./node_modules/script-loader!./ClientApp/src/assets/vendor/isotope.pkgd.min.js 485 bytes {vendor_src} [built]
[./node_modules/script-loader/index.js!./ClientApp/src/assets/vendor/jquery-confirm.min.js] ./node_modules/script-loader!./ClientApp/src/assets/vendor/jquery-confirm.min.js 487 bytes {vendor_src} [built]
    + 86 hidden modules 
2019-01-15 11:09:58.0784||INFO|Microsoft.AspNetCore.NodeServices|[34mi[39m [90mя╜вwdmя╜г[39m: Compiled successfully. 
2019-01-15 11:09:58.1029|3|WARN|Microsoft.AspNetCore.HttpsPolicy.HttpsRedirectionMiddleware|Failed to determine the https port for redirect. 
2019-01-15 11:09:58.1486|1|INFO|Microsoft.AspNetCore.Hosting.Internal.WebHost|Request starting HTTP/1.1 GET http://localhost:53185/80358d21fe22247cbfb0.hot-update.json   
2019-01-15 11:09:58.3750|1|INFO|Microsoft.AspNetCore.Mvc.Internal.ControllerActionInvoker|Route matched with {action = "Error404", controller = "Home"}. Executing action TemplateCoreWebTest.Controllers.HomeController.Error404 (WeedingInvitation) 
2019-01-15 11:09:58.3834|1|INFO|Microsoft.AspNetCore.Mvc.Internal.ControllerActionInvoker|Route matched with {action = "Index", controller = "Home"}. Executing action TemplateCoreWebTest.Controllers.HomeController.Index (WeedingInvitation) 
2019-01-15 11:09:58.4026|1|INFO|Microsoft.AspNetCore.Mvc.Internal.ControllerActionInvoker|Executing action method TemplateCoreWebTest.Controllers.HomeController.Error404 (WeedingInvitation) - Validation state: Valid 
2019-01-15 11:09:58.4135|2|INFO|Microsoft.AspNetCore.Mvc.Internal.ControllerActionInvoker|Executed action method TemplateCoreWebTest.Controllers.HomeController.Error404 (WeedingInvitation), returned result Microsoft.AspNetCore.Mvc.ViewResult in 1.7737ms. 
2019-01-15 11:09:58.4135|1|INFO|Microsoft.AspNetCore.Mvc.Internal.ControllerActionInvoker|Executing action method TemplateCoreWebTest.Controllers.HomeController.Index (WeedingInvitation) with arguments () - Validation state: Valid 
2019-01-15 11:09:58.4135|2|INFO|Microsoft.AspNetCore.Mvc.Internal.ControllerActionInvoker|Executed action method TemplateCoreWebTest.Controllers.HomeController.Index (WeedingInvitation), returned result Microsoft.AspNetCore.Mvc.ViewResult in 0.3552ms. 
2019-01-15 11:09:58.4552|1|INFO|Microsoft.AspNetCore.Mvc.ViewFeatures.ViewResultExecutor|Executing ViewResult, running view Error404. 
2019-01-15 11:09:58.4552|1|INFO|Microsoft.AspNetCore.Mvc.ViewFeatures.ViewResultExecutor|Executing ViewResult, running view Index. 
2019-01-15 11:09:58.5875|4|INFO|Microsoft.AspNetCore.Mvc.ViewFeatures.ViewResultExecutor|Executed ViewResult - view Error404 executed in 153.5739ms. 
2019-01-15 11:09:58.5875|2|INFO|Microsoft.AspNetCore.Mvc.Internal.ControllerActionInvoker|Executed action TemplateCoreWebTest.Controllers.HomeController.Error404 (WeedingInvitation) in 213.9045ms 
2019-01-15 11:09:58.5988|1|INFO|Microsoft.AspNetCore.Hosting.Internal.WebHost|Request starting HTTP/1.1 GET http://localhost:53185/80358d21fe22247cbfb0.hot-update.json   
2019-01-15 11:09:58.5988|1|INFO|Microsoft.AspNetCore.Mvc.Internal.ControllerActionInvoker|Route matched with {action = "Error404", controller = "Home"}. Executing action TemplateCoreWebTest.Controllers.HomeController.Error404 (WeedingInvitation) 
2019-01-15 11:09:58.5988|1|INFO|Microsoft.AspNetCore.Mvc.Internal.ControllerActionInvoker|Executing action method TemplateCoreWebTest.Controllers.HomeController.Error404 (WeedingInvitation) - Validation state: Valid 
2019-01-15 11:09:58.5988|2|INFO|Microsoft.AspNetCore.Mvc.Internal.ControllerActionInvoker|Executed action method TemplateCoreWebTest.Controllers.HomeController.Error404 (WeedingInvitation), returned result Microsoft.AspNetCore.Mvc.ViewResult in 0.025ms. 
2019-01-15 11:09:58.6148|2|INFO|Microsoft.AspNetCore.Hosting.Internal.WebHost|Request finished in 465.8208ms 404 text/html; charset=utf-8 
2019-01-15 11:09:58.6148|1|INFO|Microsoft.AspNetCore.Mvc.ViewFeatures.ViewResultExecutor|Executing ViewResult, running view Error404. 
2019-01-15 11:09:58.6148|4|INFO|Microsoft.AspNetCore.Mvc.ViewFeatures.ViewResultExecutor|Executed ViewResult - view Error404 executed in 9.7859ms. 
2019-01-15 11:09:58.6312|2|INFO|Microsoft.AspNetCore.Mvc.Internal.ControllerActionInvoker|Executed action TemplateCoreWebTest.Controllers.HomeController.Error404 (WeedingInvitation) in 23.7621ms 
2019-01-15 11:09:58.6312|2|INFO|Microsoft.AspNetCore.Hosting.Internal.WebHost|Request finished in 36.106ms 404 text/html; charset=utf-8 
2019-01-15 11:09:58.6312|1|INFO|Microsoft.AspNetCore.Hosting.Internal.WebHost|Request starting HTTP/1.1 GET http://localhost:53185/80358d21fe22247cbfb0.hot-update.json   
2019-01-15 11:09:58.6533|1|INFO|Microsoft.AspNetCore.Mvc.Internal.ControllerActionInvoker|Route matched with {action = "Error404", controller = "Home"}. Executing action TemplateCoreWebTest.Controllers.HomeController.Error404 (WeedingInvitation) 
2019-01-15 11:09:58.6656|1|INFO|Microsoft.AspNetCore.Mvc.Internal.ControllerActionInvoker|Executing action method TemplateCoreWebTest.Controllers.HomeController.Error404 (WeedingInvitation) - Validation state: Valid 
2019-01-15 11:09:58.6656|2|INFO|Microsoft.AspNetCore.Mvc.Internal.ControllerActionInvoker|Executed action method TemplateCoreWebTest.Controllers.HomeController.Error404 (WeedingInvitation), returned result Microsoft.AspNetCore.Mvc.ViewResult in 0.07ms. 
2019-01-15 11:09:58.6793|1|INFO|Microsoft.AspNetCore.Mvc.ViewFeatures.ViewResultExecutor|Executing ViewResult, running view Error404. 
2019-01-15 11:09:58.6793|4|INFO|Microsoft.AspNetCore.Mvc.ViewFeatures.ViewResultExecutor|Executed ViewResult - view Error404 executed in 3.4572ms. 
2019-01-15 11:09:58.6793|2|INFO|Microsoft.AspNetCore.Mvc.Internal.ControllerActionInvoker|Executed action TemplateCoreWebTest.Controllers.HomeController.Error404 (WeedingInvitation) in 19.431ms 
2019-01-15 11:09:58.6793|2|INFO|Microsoft.AspNetCore.Hosting.Internal.WebHost|Request finished in 51.145ms 404 text/html; charset=utf-8 
2019-01-15 11:09:58.7935|4|INFO|Microsoft.AspNetCore.Mvc.ViewFeatures.ViewResultExecutor|Executed ViewResult - view Index executed in 363.4133ms. 
2019-01-15 11:09:58.7935|2|INFO|Microsoft.AspNetCore.Mvc.Internal.ControllerActionInvoker|Executed action TemplateCoreWebTest.Controllers.HomeController.Index (WeedingInvitation) in 410.3516ms 
2019-01-15 11:09:58.7935|2|INFO|Microsoft.AspNetCore.Hosting.Internal.WebHost|Request finished in 16545.881ms 200 text/html; charset=utf-8 
2019-01-15 11:15:29.9422|1|INFO|Microsoft.AspNetCore.Hosting.Internal.WebHost|Request starting HTTP/1.1 GET http://localhost:53185/   
2019-01-15 11:15:29.9595|1|INFO|Microsoft.AspNetCore.Mvc.Internal.ControllerActionInvoker|Route matched with {action = "Index", controller = "Home"}. Executing action TemplateCoreWebTest.Controllers.HomeController.Index (WeedingInvitation) 
2019-01-15 11:15:29.9595|1|INFO|Microsoft.AspNetCore.Mvc.Internal.ControllerActionInvoker|Executing action method TemplateCoreWebTest.Controllers.HomeController.Index (WeedingInvitation) with arguments () - Validation state: Valid 
2019-01-15 11:15:29.9595|2|INFO|Microsoft.AspNetCore.Mvc.Internal.ControllerActionInvoker|Executed action method TemplateCoreWebTest.Controllers.HomeController.Index (WeedingInvitation), returned result Microsoft.AspNetCore.Mvc.ViewResult in 0.0265ms. 
2019-01-15 11:15:29.9595|1|INFO|Microsoft.AspNetCore.Mvc.ViewFeatures.ViewResultExecutor|Executing ViewResult, running view Index. 
2019-01-15 11:15:29.9744|4|INFO|Microsoft.AspNetCore.Mvc.ViewFeatures.ViewResultExecutor|Executed ViewResult - view Index executed in 7.1106ms. 
2019-01-15 11:15:29.9744|2|INFO|Microsoft.AspNetCore.Mvc.Internal.ControllerActionInvoker|Executed action TemplateCoreWebTest.Controllers.HomeController.Index (WeedingInvitation) in 19.7153ms 
2019-01-15 11:15:29.9744|2|INFO|Microsoft.AspNetCore.Hosting.Internal.WebHost|Request finished in 44.818ms 200 text/html; charset=utf-8 
