2019-03-07 10:44:08.2816||DEBUG|TemplateCoreWebTest.Program|init main 
2019-03-07 10:44:10.5705||INFO|Microsoft.AspNetCore.DataProtection.KeyManagement.XmlKeyManager|User profile is available. Using 'C:\Users\Diana\AppData\Local\ASP.NET\DataProtection-Keys' as key repository and Windows DPAPI to encrypt keys at rest. 
2019-03-07 10:44:13.2043||INFO|Microsoft.AspNetCore.NodeServices|development mode: true 
2019-03-07 10:44:15.0331||ERROR|Microsoft.AspNetCore.NodeServices|clean-webpack-plugin: C:\Users\Diana\Work\Projects\WeedingInvitation\TemplateCoreWeb\wwwroot\dist has been removed. 
2019-03-07 10:44:15.7689|1|INFO|Microsoft.AspNetCore.Hosting.Internal.WebHost|Request starting HTTP/1.1 GET http://localhost:53185/   
2019-03-07 10:44:15.7689|1|INFO|Microsoft.AspNetCore.Hosting.Internal.WebHost|Request starting HTTP/1.1 DEBUG http://localhost:53185/  0 
2019-03-07 10:44:15.8209|2|INFO|Microsoft.AspNetCore.Hosting.Internal.WebHost|Request finished in 49.7594ms 200  
2019-03-07 10:44:16.5973||INFO|Microsoft.AspNetCore.NodeServices|[34mi[39m [90mя╜вwdmя╜г[39m: wait until bundle finished: / 
2019-03-07 10:44:26.4454||INFO|Microsoft.AspNetCore.NodeServices|webpack built ce05e6fe98d4c8367988 in 11205ms 
2019-03-07 10:44:26.5154||INFO|Microsoft.AspNetCore.NodeServices|[34mi[39m [90mя╜вwdmя╜г[39m: Hash: ce05e6fe98d4c8367988
Version: webpack 4.23.1
Time: 11205ms
Built at: 2019-03-07 10:44:26
                                         Asset      Size         Chunks             Chunk Names
 ../img/_/fonts/font-awesome/fa-brands-400.svg  49 bytes                 [emitted]  
../img/_/fonts/font-awesome/fa-regular-400.svg  50 bytes                 [emitted]  
  ../img/_/fonts/font-awesome/fa-solid-900.svg  48 bytes                 [emitted]  
    critical-foft-preload-fallback-optional.js  8.04 KiB                 [emitted]  
                              custom_styles.js   430 KiB  custom_styles  [emitted]  custom_styles
                           custom_styles.js.gz  66.1 KiB                 [emitted]  
                       fonts/fa-brands-400.eot  96.3 KiB                 [emitted]  
                    fonts/fa-brands-400.eot.gz    63 KiB                 [emitted]  
                       fonts/fa-brands-400.svg   496 KiB                 [emitted]  
                    fonts/fa-brands-400.svg.gz   159 KiB                 [emitted]  
                       fonts/fa-brands-400.ttf  96.1 KiB                 [emitted]  
                    fonts/fa-brands-400.ttf.gz  62.9 KiB                 [emitted]  
                      fonts/fa-brands-400.woff  62.2 KiB                 [emitted]  
                     fonts/fa-brands-400.woff2  53.2 KiB                 [emitted]  
                      fonts/fa-regular-400.eot  30.4 KiB                 [emitted]  
                   fonts/fa-regular-400.eot.gz  14.6 KiB                 [emitted]  
                      fonts/fa-regular-400.svg   105 KiB                 [emitted]  
                   fonts/fa-regular-400.svg.gz  35.7 KiB                 [emitted]  
                      fonts/fa-regular-400.ttf  30.2 KiB                 [emitted]  
                   fonts/fa-regular-400.ttf.gz  14.6 KiB                 [emitted]  
                     fonts/fa-regular-400.woff  14.4 KiB                 [emitted]  
                    fonts/fa-regular-400.woff2    12 KiB                 [emitted]  
                        fonts/fa-solid-900.eot   104 KiB                 [emitted]  
                     fonts/fa-solid-900.eot.gz  50.3 KiB                 [emitted]  
                        fonts/fa-solid-900.svg   382 KiB                 [emitted]  
                     fonts/fa-solid-900.svg.gz   130 KiB                 [emitted]  
                        fonts/fa-solid-900.ttf   103 KiB                 [emitted]  
                     fonts/fa-solid-900.ttf.gz  50.2 KiB                 [emitted]  
                       fonts/fa-solid-900.woff  49.3 KiB                 [emitted]  
                      fonts/fa-solid-900.woff2  39.2 KiB                 [emitted]  
                            fonts/flaticon.eot  2.57 KiB                 [emitted]  
                         fonts/flaticon.eot.gz  1.42 KiB                 [emitted]  
                            fonts/flaticon.ttf  27.6 KiB                 [emitted]  
                         fonts/flaticon.ttf.gz  17.4 KiB                 [emitted]  
                           fonts/flaticon.woff  17.6 KiB                 [emitted]  
                        fonts/montserrat.woff2  18.3 KiB                 [emitted]  
                       fonts/ptserif-400.woff2  33.5 KiB                 [emitted]  
                       fonts/ptserif-700.woff2  27.3 KiB                 [emitted]  
                                       main.js   215 KiB           main  [emitted]  main
                                    main.js.gz  47.4 KiB                 [emitted]  
                                         sw.js  2.14 KiB                 [emitted]  
                                 vendor_src.js   965 KiB     vendor_src  [emitted]  vendor_src
                              vendor_src.js.gz   212 KiB                 [emitted]  
                              vendor_styles.js  1.07 MiB  vendor_styles  [emitted]  vendor_styles
                           vendor_styles.js.gz   182 KiB                 [emitted]  
Entrypoint vendor_styles = vendor_styles.js
Entrypoint vendor_src = vendor_src.js
Entrypoint custom_styles = custom_styles.js
Entrypoint main = main.js
[0] multi webpack-hot-middleware/client?path=__webpack_hmr&dynamicPublicPath=true ./ClientApp/src/assets/js/vendor_styles.js 40 bytes {vendor_styles} [built]
[1] multi webpack-hot-middleware/client?path=__webpack_hmr&dynamicPublicPath=true script-loader!./ClientApp/src/assets/vendor/jquery.min.js script-loader!./ClientApp/src/assets/vendor/popper.min.js script-loader!./ClientApp/src/assets/vendor/bootstrap.min.js script-loader!./ClientApp/src/assets/vendor/pace.min.js script-loader!./ClientApp/src/assets/vendor/particles.min.js script-loader!./ClientApp/src/assets/vendor/jquery.easing.min.js script-loader!./ClientApp/src/assets/vendor/imagesloaded.pkgd.min.js script-loader!./ClientApp/src/assets/vendor/flickity.pkgd.min.js script-loader!./ClientApp/src/assets/vendor/isotope.pkgd.min.js script-loader!./ClientApp/src/assets/vendor/jquery.magnific-popup.min.js script-loader!./ClientApp/src/assets/vendor/jquery.countdown.min.js script-loader!./ClientApp/src/assets/vendor/jquery.validate.min.js script-loader!./ClientApp/src/assets/vendor/jquery-confirm.min.js script-loader!./ClientApp/src/assets/vendor/greensock/TweenMax.min.js script-loader!./ClientApp/src/assets/vendor/ScrollMagic.min.js script-loader!./ClientApp/src/assets/vendor/animation.gsap.min.js script-loader!./ClientApp/src/assets/vendor/theme.js script-loader!./ClientApp/src/assets/vendor/milea.js 244 bytes {vendor_src} [built]
[2] multi webpack-hot-middleware/client?path=__webpack_hmr&dynamicPublicPath=true ./ClientApp/src/assets/js/custom_styles.js 40 bytes {custom_styles} [built]
[3] multi webpack-hot-middleware/client?path=__webpack_hmr&dynamicPublicPath=true ./ClientApp/src/assets/js/index.js 40 bytes {main} [built]
[./ClientApp/src/assets/js/custom_styles.js] 28 bytes {custom_styles} [built]
[./ClientApp/src/assets/js/index.js] 274 bytes {main} [built]
[./ClientApp/src/assets/js/vendor_styles.js] 215 bytes {vendor_styles} [built]
[./node_modules/script-loader/index.js!./ClientApp/src/assets/vendor/ScrollMagic.min.js] ./node_modules/script-loader!./ClientApp/src/assets/vendor/ScrollMagic.min.js 484 bytes {vendor_src} [built]
[./node_modules/script-loader/index.js!./ClientApp/src/assets/vendor/animation.gsap.min.js] ./node_modules/script-loader!./ClientApp/src/assets/vendor/animation.gsap.min.js 487 bytes {vendor_src} [built]
[./node_modules/script-loader/index.js!./ClientApp/src/assets/vendor/bootstrap.min.js] ./node_modules/script-loader!./ClientApp/src/assets/vendor/bootstrap.min.js 482 bytes {vendor_src} [built]
[./node_modules/script-loader/index.js!./ClientApp/src/assets/vendor/flickity.pkgd.min.js] ./node_modules/script-loader!./ClientApp/src/assets/vendor/flickity.pkgd.min.js 486 bytes {vendor_src} [built]
[./node_modules/script-loader/index.js!./ClientApp/src/assets/vendor/greensock/TweenMax.min.js] ./node_modules/script-loader!./ClientApp/src/assets/vendor/greensock/TweenMax.min.js 492 bytes {vendor_src} [built]
[./node_modules/script-loader/index.js!./ClientApp/src/assets/vendor/imagesloaded.pkgd.min.js] ./node_modules/script-loader!./ClientApp/src/assets/vendor/imagesloaded.pkgd.min.js 490 bytes {vendor_src} [built]
[./node_modules/script-loader/index.js!./ClientApp/src/assets/vendor/isotope.pkgd.min.js] ./node_modules/script-loader!./ClientApp/src/assets/vendor/isotope.pkgd.min.js 485 bytes {vendor_src} [built]
[./node_modules/script-loader/index.js!./ClientApp/src/assets/vendor/jquery-confirm.min.js] ./node_modules/script-loader!./ClientApp/src/assets/vendor/jquery-confirm.min.js 487 bytes {vendor_src} [built]
    + 86 hidden modules 
2019-03-07 10:44:26.5154||INFO|Microsoft.AspNetCore.NodeServices|[34mi[39m [90mя╜вwdmя╜г[39m: Compiled successfully. 
2019-03-07 10:44:26.5299|3|WARN|Microsoft.AspNetCore.HttpsPolicy.HttpsRedirectionMiddleware|Failed to determine the https port for redirect. 
2019-03-07 10:44:26.7660|1|INFO|Microsoft.AspNetCore.Mvc.Internal.ControllerActionInvoker|Route matched with {action = "Index", controller = "Home"}. Executing action TemplateCoreWebTest.Controllers.HomeController.Index (WeedingInvitation) 
2019-03-07 10:44:26.7920|1|INFO|Microsoft.AspNetCore.Mvc.Internal.ControllerActionInvoker|Executing action method TemplateCoreWebTest.Controllers.HomeController.Index (WeedingInvitation) with arguments () - Validation state: Valid 
2019-03-07 10:44:26.7920|2|INFO|Microsoft.AspNetCore.Mvc.Internal.ControllerActionInvoker|Executed action method TemplateCoreWebTest.Controllers.HomeController.Index (WeedingInvitation), returned result Microsoft.AspNetCore.Mvc.ViewResult in 0.7591ms. 
2019-03-07 10:44:26.8233|1|INFO|Microsoft.AspNetCore.Mvc.ViewFeatures.ViewResultExecutor|Executing ViewResult, running view Index. 
2019-03-07 10:44:26.9719|4|INFO|Microsoft.AspNetCore.Mvc.ViewFeatures.ViewResultExecutor|Executed ViewResult - view Index executed in 165.7778ms. 
2019-03-07 10:44:26.9747|2|INFO|Microsoft.AspNetCore.Mvc.Internal.ControllerActionInvoker|Executed action TemplateCoreWebTest.Controllers.HomeController.Index (WeedingInvitation) in 207.2509ms 
2019-03-07 10:44:27.0068|2|INFO|Microsoft.AspNetCore.Hosting.Internal.WebHost|Request finished in 11238.7117ms 200 text/html; charset=utf-8 
2019-03-07 10:44:27.1224|1|INFO|Microsoft.AspNetCore.Hosting.Internal.WebHost|Request starting HTTP/1.1 GET http://localhost:53185/img/the-groom.jpg   
2019-03-07 10:44:27.1224|1|INFO|Microsoft.AspNetCore.Hosting.Internal.WebHost|Request starting HTTP/1.1 GET http://localhost:53185/img/the-bride.jpg   
2019-03-07 10:44:27.1224|1|INFO|Microsoft.AspNetCore.Hosting.Internal.WebHost|Request starting HTTP/1.1 GET http://localhost:53185/dist/custom_styles.js   
2019-03-07 10:44:27.1679|1|INFO|Microsoft.AspNetCore.Hosting.Internal.WebHost|Request starting HTTP/1.1 GET http://localhost:53185/dist/vendor_styles.js   
2019-03-07 10:44:27.2274|2|INFO|Microsoft.AspNetCore.StaticFiles.StaticFileMiddleware|Sending file. Request path: '/img/the-bride.jpg'. Physical path: 'C:\Users\Diana\Work\Projects\WeedingInvitation\TemplateCoreWeb\wwwroot\img\the-bride.jpg' 
2019-03-07 10:44:27.2274|2|INFO|Microsoft.AspNetCore.StaticFiles.StaticFileMiddleware|Sending file. Request path: '/img/the-groom.jpg'. Physical path: 'C:\Users\Diana\Work\Projects\WeedingInvitation\TemplateCoreWeb\wwwroot\img\the-groom.jpg' 
2019-03-07 10:44:27.2274|2|INFO|Microsoft.AspNetCore.Hosting.Internal.WebHost|Request finished in 108.8582ms 200 image/jpeg 
2019-03-07 10:44:27.2274|2|INFO|Microsoft.AspNetCore.Hosting.Internal.WebHost|Request finished in 114.013ms 200 image/jpeg 
2019-03-07 10:44:27.2574|2|INFO|Microsoft.AspNetCore.StaticFiles.StaticFileMiddleware|Sending file. Request path: '/dist/custom_styles.js'. Physical path: 'C:\Users\Diana\Work\Projects\WeedingInvitation\TemplateCoreWeb\wwwroot\dist\custom_styles.js' 
2019-03-07 10:44:27.2574|2|INFO|Microsoft.AspNetCore.Hosting.Internal.WebHost|Request finished in 141.6444ms 200 application/javascript 
2019-03-07 10:44:27.3241|1|INFO|Microsoft.AspNetCore.Hosting.Internal.WebHost|Request starting HTTP/1.1 GET http://localhost:53185/img/wedding-event-1.jpg   
2019-03-07 10:44:27.3363|1|INFO|Microsoft.AspNetCore.Hosting.Internal.WebHost|Request starting HTTP/1.1 GET http://localhost:53185/img/title-divider.png   
2019-03-07 10:44:27.3852|2|INFO|Microsoft.AspNetCore.StaticFiles.StaticFileMiddleware|Sending file. Request path: '/img/wedding-event-1.jpg'. Physical path: 'C:\Users\Diana\Work\Projects\WeedingInvitation\TemplateCoreWeb\wwwroot\img\wedding-event-1.jpg' 
2019-03-07 10:44:27.3852|2|INFO|Microsoft.AspNetCore.StaticFiles.StaticFileMiddleware|Sending file. Request path: '/img/title-divider.png'. Physical path: 'C:\Users\Diana\Work\Projects\WeedingInvitation\TemplateCoreWeb\wwwroot\img\title-divider.png' 
2019-03-07 10:44:27.3852|2|INFO|Microsoft.AspNetCore.Hosting.Internal.WebHost|Request finished in 64.6363ms 200 image/jpeg 
2019-03-07 10:44:27.3852|2|INFO|Microsoft.AspNetCore.Hosting.Internal.WebHost|Request finished in 54.2073ms 200 image/png 
2019-03-07 10:44:27.4592|1|INFO|Microsoft.AspNetCore.Hosting.Internal.WebHost|Request starting HTTP/1.1 GET http://localhost:53185/img/wedding-event-2.jpg   
2019-03-07 10:44:27.4784|1|INFO|Microsoft.AspNetCore.Hosting.Internal.WebHost|Request starting HTTP/1.1 GET http://localhost:53185/img/love-story/love-story-1.jpg   
2019-03-07 10:44:27.5240|2|INFO|Microsoft.AspNetCore.StaticFiles.StaticFileMiddleware|Sending file. Request path: '/img/wedding-event-2.jpg'. Physical path: 'C:\Users\Diana\Work\Projects\WeedingInvitation\TemplateCoreWeb\wwwroot\img\wedding-event-2.jpg' 
2019-03-07 10:44:27.5240|2|INFO|Microsoft.AspNetCore.Hosting.Internal.WebHost|Request finished in 74.8817ms 200 image/jpeg 
2019-03-07 10:44:27.5435|2|INFO|Microsoft.AspNetCore.StaticFiles.StaticFileMiddleware|Sending file. Request path: '/img/love-story/love-story-1.jpg'. Physical path: 'C:\Users\Diana\Work\Projects\WeedingInvitation\TemplateCoreWeb\wwwroot\img\love-story\love-story-1.jpg' 
2019-03-07 10:44:27.5435|2|INFO|Microsoft.AspNetCore.StaticFiles.StaticFileMiddleware|Sending file. Request path: '/dist/vendor_styles.js'. Physical path: 'C:\Users\Diana\Work\Projects\WeedingInvitation\TemplateCoreWeb\wwwroot\dist\vendor_styles.js' 
2019-03-07 10:44:27.5435|2|INFO|Microsoft.AspNetCore.Hosting.Internal.WebHost|Request finished in 68.4225ms 200 image/jpeg 
2019-03-07 10:44:27.5435|2|INFO|Microsoft.AspNetCore.Hosting.Internal.WebHost|Request finished in 382.1093ms 200 application/javascript 
2019-03-07 10:44:27.6065|1|INFO|Microsoft.AspNetCore.Hosting.Internal.WebHost|Request starting HTTP/1.1 GET http://localhost:53185/img/love-story/love-story-2.jpg   
2019-03-07 10:44:27.6462|2|INFO|Microsoft.AspNetCore.StaticFiles.StaticFileMiddleware|Sending file. Request path: '/img/love-story/love-story-2.jpg'. Physical path: 'C:\Users\Diana\Work\Projects\WeedingInvitation\TemplateCoreWeb\wwwroot\img\love-story\love-story-2.jpg' 
2019-03-07 10:44:27.6462|1|INFO|Microsoft.AspNetCore.Hosting.Internal.WebHost|Request starting HTTP/1.1 GET http://localhost:53185/img/love-story/love-story-3.jpg   
2019-03-07 10:44:27.6462|2|INFO|Microsoft.AspNetCore.Hosting.Internal.WebHost|Request finished in 46.743ms 200 image/jpeg 
2019-03-07 10:44:27.6898|2|INFO|Microsoft.AspNetCore.StaticFiles.StaticFileMiddleware|Sending file. Request path: '/img/love-story/love-story-3.jpg'. Physical path: 'C:\Users\Diana\Work\Projects\WeedingInvitation\TemplateCoreWeb\wwwroot\img\love-story\love-story-3.jpg' 
2019-03-07 10:44:27.6931|2|INFO|Microsoft.AspNetCore.Hosting.Internal.WebHost|Request finished in 43.5272ms 200 image/jpeg 
2019-03-07 10:44:27.7272|1|INFO|Microsoft.AspNetCore.Hosting.Internal.WebHost|Request starting HTTP/1.1 GET http://localhost:53185/img/love-story/love-story-4.jpg   
2019-03-07 10:44:27.7838|1|INFO|Microsoft.AspNetCore.Hosting.Internal.WebHost|Request starting HTTP/1.1 GET http://localhost:53185/img/love-story/love-story-5.jpg   
2019-03-07 10:44:27.8251|2|INFO|Microsoft.AspNetCore.StaticFiles.StaticFileMiddleware|Sending file. Request path: '/img/love-story/love-story-4.jpg'. Physical path: 'C:\Users\Diana\Work\Projects\WeedingInvitation\TemplateCoreWeb\wwwroot\img\love-story\love-story-4.jpg' 
2019-03-07 10:44:27.8251|2|INFO|Microsoft.AspNetCore.Hosting.Internal.WebHost|Request finished in 100.6865ms 200 image/jpeg 
2019-03-07 10:44:27.8251|2|INFO|Microsoft.AspNetCore.StaticFiles.StaticFileMiddleware|Sending file. Request path: '/img/love-story/love-story-5.jpg'. Physical path: 'C:\Users\Diana\Work\Projects\WeedingInvitation\TemplateCoreWeb\wwwroot\img\love-story\love-story-5.jpg' 
2019-03-07 10:44:27.8380|2|INFO|Microsoft.AspNetCore.Hosting.Internal.WebHost|Request finished in 54.2155ms 200 image/jpeg 
2019-03-07 10:44:28.0645|1|INFO|Microsoft.AspNetCore.Hosting.Internal.WebHost|Request starting HTTP/1.1 GET http://localhost:53185/img/gallery/gallery-1.jpg   
2019-03-07 10:44:28.0719|1|INFO|Microsoft.AspNetCore.Hosting.Internal.WebHost|Request starting HTTP/1.1 GET http://localhost:53185/__webpack_hmr   
2019-03-07 10:44:28.0719|1|INFO|Microsoft.AspNetCore.Hosting.Internal.WebHost|Request starting HTTP/1.1 GET http://localhost:53185/img/gallery/gallery-2.jpg   
2019-03-07 10:44:28.1709|2|INFO|Microsoft.AspNetCore.StaticFiles.StaticFileMiddleware|Sending file. Request path: '/img/gallery/gallery-1.jpg'. Physical path: 'C:\Users\Diana\Work\Projects\WeedingInvitation\TemplateCoreWeb\wwwroot\img\gallery\gallery-1.jpg' 
2019-03-07 10:44:28.1804|2|INFO|Microsoft.AspNetCore.Hosting.Internal.WebHost|Request finished in 115.8785ms 200 image/jpeg 
2019-03-07 10:44:28.1804|2|INFO|Microsoft.AspNetCore.StaticFiles.StaticFileMiddleware|Sending file. Request path: '/img/gallery/gallery-2.jpg'. Physical path: 'C:\Users\Diana\Work\Projects\WeedingInvitation\TemplateCoreWeb\wwwroot\img\gallery\gallery-2.jpg' 
2019-03-07 10:44:28.2055|2|INFO|Microsoft.AspNetCore.Hosting.Internal.WebHost|Request finished in 133.3119ms 200 image/jpeg 
2019-03-07 10:44:28.9590|1|INFO|Microsoft.AspNetCore.Hosting.Internal.WebHost|Request starting HTTP/1.1 GET http://localhost:53185/img/gallery/gallery-3.jpg   
2019-03-07 10:44:28.9590|1|INFO|Microsoft.AspNetCore.Hosting.Internal.WebHost|Request starting HTTP/1.1 GET http://localhost:53185/img/gallery/gallery-4.jpg   
2019-03-07 10:44:29.0149|1|INFO|Microsoft.AspNetCore.Hosting.Internal.WebHost|Request starting HTTP/1.1 GET http://localhost:53185/img/gallery/gallery-7.jpg   
2019-03-07 10:44:29.0384|1|INFO|Microsoft.AspNetCore.Hosting.Internal.WebHost|Request starting HTTP/1.1 GET http://localhost:53185/img/gallery/gallery-5.jpg   
2019-03-07 10:44:29.0602|1|INFO|Microsoft.AspNetCore.Hosting.Internal.WebHost|Request starting HTTP/1.1 GET http://localhost:53185/img/gallery/gallery-6.jpg   
2019-03-07 10:44:29.2806|2|INFO|Microsoft.AspNetCore.StaticFiles.StaticFileMiddleware|Sending file. Request path: '/img/gallery/gallery-4.jpg'. Physical path: 'C:\Users\Diana\Work\Projects\WeedingInvitation\TemplateCoreWeb\wwwroot\img\gallery\gallery-4.jpg' 
2019-03-07 10:44:29.3356|2|INFO|Microsoft.AspNetCore.Hosting.Internal.WebHost|Request finished in 373.3548ms 200 image/jpeg 
2019-03-07 10:44:29.3356|2|INFO|Microsoft.AspNetCore.StaticFiles.StaticFileMiddleware|Sending file. Request path: '/img/gallery/gallery-5.jpg'. Physical path: 'C:\Users\Diana\Work\Projects\WeedingInvitation\TemplateCoreWeb\wwwroot\img\gallery\gallery-5.jpg' 
2019-03-07 10:44:29.3687|2|INFO|Microsoft.AspNetCore.Hosting.Internal.WebHost|Request finished in 330.3213ms 200 image/jpeg 
2019-03-07 10:44:29.4834|2|INFO|Microsoft.AspNetCore.StaticFiles.StaticFileMiddleware|Sending file. Request path: '/img/gallery/gallery-3.jpg'. Physical path: 'C:\Users\Diana\Work\Projects\WeedingInvitation\TemplateCoreWeb\wwwroot\img\gallery\gallery-3.jpg' 
2019-03-07 10:44:29.5182|2|INFO|Microsoft.AspNetCore.StaticFiles.StaticFileMiddleware|Sending file. Request path: '/img/gallery/gallery-7.jpg'. Physical path: 'C:\Users\Diana\Work\Projects\WeedingInvitation\TemplateCoreWeb\wwwroot\img\gallery\gallery-7.jpg' 
2019-03-07 10:44:29.5357|2|INFO|Microsoft.AspNetCore.Hosting.Internal.WebHost|Request finished in 576.6852ms 200 image/jpeg 
2019-03-07 10:44:29.5357|2|INFO|Microsoft.AspNetCore.Hosting.Internal.WebHost|Request finished in 530.7998ms 200 image/jpeg 
2019-03-07 10:44:29.5558|1|INFO|Microsoft.AspNetCore.Hosting.Internal.WebHost|Request starting HTTP/1.1 GET http://localhost:53185/dist/fonts/ptserif-400.woff2   
2019-03-07 10:44:29.5680|2|INFO|Microsoft.AspNetCore.StaticFiles.StaticFileMiddleware|Sending file. Request path: '/dist/fonts/ptserif-400.woff2'. Physical path: 'C:\Users\Diana\Work\Projects\WeedingInvitation\TemplateCoreWeb\wwwroot\dist\fonts\ptserif-400.woff2' 
2019-03-07 10:44:29.6058|1|INFO|Microsoft.AspNetCore.Hosting.Internal.WebHost|Request starting HTTP/1.1 GET http://localhost:53185/dist/fonts/montserrat.woff2   
2019-03-07 10:44:29.6058|2|INFO|Microsoft.AspNetCore.Hosting.Internal.WebHost|Request finished in 57.1843ms 200 font/woff2 
2019-03-07 10:44:29.6516|2|INFO|Microsoft.AspNetCore.StaticFiles.StaticFileMiddleware|Sending file. Request path: '/dist/fonts/montserrat.woff2'. Physical path: 'C:\Users\Diana\Work\Projects\WeedingInvitation\TemplateCoreWeb\wwwroot\dist\fonts\montserrat.woff2' 
2019-03-07 10:44:29.6516|1|INFO|Microsoft.AspNetCore.Hosting.Internal.WebHost|Request starting HTTP/1.1 GET http://localhost:53185/dist/fonts/flaticon.woff   
2019-03-07 10:44:29.6516|2|INFO|Microsoft.AspNetCore.Hosting.Internal.WebHost|Request finished in 48.4856ms 200 font/woff2 
2019-03-07 10:44:29.6516|2|INFO|Microsoft.AspNetCore.StaticFiles.StaticFileMiddleware|Sending file. Request path: '/img/gallery/gallery-6.jpg'. Physical path: 'C:\Users\Diana\Work\Projects\WeedingInvitation\TemplateCoreWeb\wwwroot\img\gallery\gallery-6.jpg' 
2019-03-07 10:44:29.7034|1|INFO|Microsoft.AspNetCore.Hosting.Internal.WebHost|Request starting HTTP/1.1 GET http://localhost:53185/dist/fonts/fa-brands-400.woff2   
2019-03-07 10:44:29.7034|2|INFO|Microsoft.AspNetCore.StaticFiles.StaticFileMiddleware|Sending file. Request path: '/dist/fonts/flaticon.woff'. Physical path: 'C:\Users\Diana\Work\Projects\WeedingInvitation\TemplateCoreWeb\wwwroot\dist\fonts\flaticon.woff' 
2019-03-07 10:44:29.9031|2|INFO|Microsoft.AspNetCore.Hosting.Internal.WebHost|Request finished in 846.3354ms 200 image/jpeg 
2019-03-07 10:44:29.9031|1|INFO|Microsoft.AspNetCore.Hosting.Internal.WebHost|Request starting HTTP/1.1 GET http://localhost:53185/img/bg/bg-hero-static.jpg   
2019-03-07 10:44:29.9031|1|INFO|Microsoft.AspNetCore.Hosting.Internal.WebHost|Request starting HTTP/1.1 GET http://localhost:53185/img/navbar-toggler-light.svg   
2019-03-07 10:44:29.9268|2|INFO|Microsoft.AspNetCore.Hosting.Internal.WebHost|Request finished in 273.7993ms 200 application/font-woff 
2019-03-07 10:44:29.9268|1|INFO|Microsoft.AspNetCore.Hosting.Internal.WebHost|Request starting HTTP/1.1 GET http://localhost:53185/img/section-divider-top.png   
2019-03-07 10:44:29.9516|1|INFO|Microsoft.AspNetCore.Hosting.Internal.WebHost|Request starting HTTP/1.1 GET http://localhost:53185/img/gallery/gallery-8.jpg   
2019-03-07 10:44:29.9592|2|INFO|Microsoft.AspNetCore.StaticFiles.StaticFileMiddleware|Sending file. Request path: '/dist/fonts/fa-brands-400.woff2'. Physical path: 'C:\Users\Diana\Work\Projects\WeedingInvitation\TemplateCoreWeb\wwwroot\dist\fonts\fa-brands-400.woff2' 
2019-03-07 10:44:29.9592|2|INFO|Microsoft.AspNetCore.Hosting.Internal.WebHost|Request finished in 260.4875ms 200 font/woff2 
2019-03-07 10:44:30.0045|1|INFO|Microsoft.AspNetCore.Hosting.Internal.WebHost|Request starting HTTP/1.1 GET http://localhost:53185/dist/vendor_src.js   
2019-03-07 10:44:30.0224|2|INFO|Microsoft.AspNetCore.StaticFiles.StaticFileMiddleware|Sending file. Request path: '/img/section-divider-top.png'. Physical path: 'C:\Users\Diana\Work\Projects\WeedingInvitation\TemplateCoreWeb\wwwroot\img\section-divider-top.png' 
2019-03-07 10:44:30.0224|2|INFO|Microsoft.AspNetCore.StaticFiles.StaticFileMiddleware|Sending file. Request path: '/img/gallery/gallery-8.jpg'. Physical path: 'C:\Users\Diana\Work\Projects\WeedingInvitation\TemplateCoreWeb\wwwroot\img\gallery\gallery-8.jpg' 
2019-03-07 10:44:30.1746|2|INFO|Microsoft.AspNetCore.Hosting.Internal.WebHost|Request finished in 245.8941ms 200 image/png 
2019-03-07 10:44:30.2540|2|INFO|Microsoft.AspNetCore.Hosting.Internal.WebHost|Request finished in 302.3827ms 200 image/jpeg 
2019-03-07 10:44:30.0045|2|INFO|Microsoft.AspNetCore.StaticFiles.StaticFileMiddleware|Sending file. Request path: '/img/navbar-toggler-light.svg'. Physical path: 'C:\Users\Diana\Work\Projects\WeedingInvitation\TemplateCoreWeb\wwwroot\img\navbar-toggler-light.svg' 
2019-03-07 10:44:30.0224|2|INFO|Microsoft.AspNetCore.StaticFiles.StaticFileMiddleware|Sending file. Request path: '/img/bg/bg-hero-static.jpg'. Physical path: 'C:\Users\Diana\Work\Projects\WeedingInvitation\TemplateCoreWeb\wwwroot\img\bg\bg-hero-static.jpg' 
2019-03-07 10:44:30.2909|1|INFO|Microsoft.AspNetCore.Hosting.Internal.WebHost|Request starting HTTP/1.1 GET http://localhost:53185/img/section-divider-bottom.png   
2019-03-07 10:44:30.2909|1|INFO|Microsoft.AspNetCore.Hosting.Internal.WebHost|Request starting HTTP/1.1 GET http://localhost:53185/img/bg/bg-wedding-event.jpg   
2019-03-07 10:44:30.3019|2|INFO|Microsoft.AspNetCore.Hosting.Internal.WebHost|Request finished in 397.6992ms 200 image/svg+xml 
2019-03-07 10:44:30.3019|2|INFO|Microsoft.AspNetCore.Hosting.Internal.WebHost|Request finished in 401.1709ms 200 image/jpeg 
2019-03-07 10:44:30.3889|2|INFO|Microsoft.AspNetCore.StaticFiles.StaticFileMiddleware|Sending file. Request path: '/img/bg/bg-wedding-event.jpg'. Physical path: 'C:\Users\Diana\Work\Projects\WeedingInvitation\TemplateCoreWeb\wwwroot\img\bg\bg-wedding-event.jpg' 
2019-03-07 10:44:30.3735|1|INFO|Microsoft.AspNetCore.Hosting.Internal.WebHost|Request starting HTTP/1.1 GET http://localhost:53185/dist/main.js   
2019-03-07 10:44:30.4039|2|INFO|Microsoft.AspNetCore.StaticFiles.StaticFileMiddleware|Sending file. Request path: '/img/section-divider-bottom.png'. Physical path: 'C:\Users\Diana\Work\Projects\WeedingInvitation\TemplateCoreWeb\wwwroot\img\section-divider-bottom.png' 
2019-03-07 10:44:30.4128|2|INFO|Microsoft.AspNetCore.Hosting.Internal.WebHost|Request finished in 115.0454ms 200 image/jpeg 
2019-03-07 10:44:30.5189|2|INFO|Microsoft.AspNetCore.Hosting.Internal.WebHost|Request finished in 227.967ms 200 image/png 
2019-03-07 10:44:30.4039|1|INFO|Microsoft.AspNetCore.Hosting.Internal.WebHost|Request starting HTTP/1.1 GET http://localhost:53185/img/bg/bg-proposed.jpg   
2019-03-07 10:44:30.5262|1|INFO|Microsoft.AspNetCore.Hosting.Internal.WebHost|Request starting HTTP/1.1 GET http://localhost:53185/img/section-divider-top-gray-100.png   
2019-03-07 10:44:30.5527|2|INFO|Microsoft.AspNetCore.StaticFiles.StaticFileMiddleware|Sending file. Request path: '/dist/main.js'. Physical path: 'C:\Users\Diana\Work\Projects\WeedingInvitation\TemplateCoreWeb\wwwroot\dist\main.js' 
2019-03-07 10:44:30.6176|2|INFO|Microsoft.AspNetCore.Hosting.Internal.WebHost|Request finished in 244.057ms 200 application/javascript 
2019-03-07 10:44:30.6176|2|INFO|Microsoft.AspNetCore.StaticFiles.StaticFileMiddleware|Sending file. Request path: '/dist/vendor_src.js'. Physical path: 'C:\Users\Diana\Work\Projects\WeedingInvitation\TemplateCoreWeb\wwwroot\dist\vendor_src.js' 
2019-03-07 10:44:30.6383|2|INFO|Microsoft.AspNetCore.Hosting.Internal.WebHost|Request finished in 633.776ms 200 application/javascript 
2019-03-07 10:44:30.7992|2|INFO|Microsoft.AspNetCore.StaticFiles.StaticFileMiddleware|Sending file. Request path: '/img/bg/bg-proposed.jpg'. Physical path: 'C:\Users\Diana\Work\Projects\WeedingInvitation\TemplateCoreWeb\wwwroot\img\bg\bg-proposed.jpg' 
2019-03-07 10:44:30.8178|2|INFO|Microsoft.AspNetCore.Hosting.Internal.WebHost|Request finished in 410.7217ms 200 image/jpeg 
2019-03-07 10:44:30.7992|2|INFO|Microsoft.AspNetCore.StaticFiles.StaticFileMiddleware|Sending file. Request path: '/img/section-divider-top-gray-100.png'. Physical path: 'C:\Users\Diana\Work\Projects\WeedingInvitation\TemplateCoreWeb\wwwroot\img\section-divider-top-gray-100.png' 
2019-03-07 10:44:30.8178|1|INFO|Microsoft.AspNetCore.Hosting.Internal.WebHost|Request starting HTTP/1.1 GET http://localhost:53185/img/icon-zoom-in-white.png   
2019-03-07 10:44:30.8538|2|INFO|Microsoft.AspNetCore.Hosting.Internal.WebHost|Request finished in 327.5542ms 200 image/png 
2019-03-07 10:44:30.8538|1|INFO|Microsoft.AspNetCore.Hosting.Internal.WebHost|Request starting HTTP/1.1 GET http://localhost:53185/img/section-divider-bottom-gray-100.png   
2019-03-07 10:44:30.9104|1|INFO|Microsoft.AspNetCore.Hosting.Internal.WebHost|Request starting HTTP/1.1 GET http://localhost:53185/img/bg/bg-wedding-gifts.jpg   
2019-03-07 10:44:30.9870|2|INFO|Microsoft.AspNetCore.StaticFiles.StaticFileMiddleware|Sending file. Request path: '/img/icon-zoom-in-white.png'. Physical path: 'C:\Users\Diana\Work\Projects\WeedingInvitation\TemplateCoreWeb\wwwroot\img\icon-zoom-in-white.png' 
2019-03-07 10:44:31.0155|1|INFO|Microsoft.AspNetCore.Hosting.Internal.WebHost|Request starting HTTP/1.1 GET http://localhost:53185/img/bg/bg-footer.jpg   
2019-03-07 10:44:31.0339|2|INFO|Microsoft.AspNetCore.Hosting.Internal.WebHost|Request finished in 213.9347ms 200 image/png 
2019-03-07 10:44:31.0512|2|INFO|Microsoft.AspNetCore.StaticFiles.StaticFileMiddleware|Sending file. Request path: '/img/section-divider-bottom-gray-100.png'. Physical path: 'C:\Users\Diana\Work\Projects\WeedingInvitation\TemplateCoreWeb\wwwroot\img\section-divider-bottom-gray-100.png' 
2019-03-07 10:44:31.0512|2|INFO|Microsoft.AspNetCore.Hosting.Internal.WebHost|Request finished in 199.5786ms 200 image/png 
2019-03-07 10:44:31.0901|2|INFO|Microsoft.AspNetCore.StaticFiles.StaticFileMiddleware|Sending file. Request path: '/img/bg/bg-wedding-gifts.jpg'. Physical path: 'C:\Users\Diana\Work\Projects\WeedingInvitation\TemplateCoreWeb\wwwroot\img\bg\bg-wedding-gifts.jpg' 
2019-03-07 10:44:31.1089|2|INFO|Microsoft.AspNetCore.Hosting.Internal.WebHost|Request finished in 198.458ms 200 image/jpeg 
2019-03-07 10:44:31.1346|2|INFO|Microsoft.AspNetCore.StaticFiles.StaticFileMiddleware|Sending file. Request path: '/img/bg/bg-footer.jpg'. Physical path: 'C:\Users\Diana\Work\Projects\WeedingInvitation\TemplateCoreWeb\wwwroot\img\bg\bg-footer.jpg' 
2019-03-07 10:44:31.1346|2|INFO|Microsoft.AspNetCore.Hosting.Internal.WebHost|Request finished in 121.8448ms 200 image/jpeg 
2019-03-07 10:44:31.5226|1|INFO|Microsoft.AspNetCore.Hosting.Internal.WebHost|Request starting HTTP/1.1 GET http://localhost:53185/json/particles.json   
2019-03-07 10:44:31.5226|2|INFO|Microsoft.AspNetCore.StaticFiles.StaticFileMiddleware|Sending file. Request path: '/json/particles.json'. Physical path: 'C:\Users\Diana\Work\Projects\WeedingInvitation\TemplateCoreWeb\wwwroot\json\particles.json' 
2019-03-07 10:44:31.5226|2|INFO|Microsoft.AspNetCore.Hosting.Internal.WebHost|Request finished in 12.011ms 200 application/json 
2019-03-07 10:44:31.5732|1|INFO|Microsoft.AspNetCore.Hosting.Internal.WebHost|Request starting HTTP/1.1 GET http://localhost:53185/dist/fonts/ptserif-700.woff2   
2019-03-07 10:44:31.5732|1|INFO|Microsoft.AspNetCore.Hosting.Internal.WebHost|Request starting HTTP/1.1 GET http://localhost:53185/dist/fonts/fa-regular-400.woff2   
2019-03-07 10:44:31.5832|2|INFO|Microsoft.AspNetCore.StaticFiles.StaticFileMiddleware|Sending file. Request path: '/dist/fonts/fa-regular-400.woff2'. Physical path: 'C:\Users\Diana\Work\Projects\WeedingInvitation\TemplateCoreWeb\wwwroot\dist\fonts\fa-regular-400.woff2' 
2019-03-07 10:44:31.5832|2|INFO|Microsoft.AspNetCore.StaticFiles.StaticFileMiddleware|Sending file. Request path: '/dist/fonts/ptserif-700.woff2'. Physical path: 'C:\Users\Diana\Work\Projects\WeedingInvitation\TemplateCoreWeb\wwwroot\dist\fonts\ptserif-700.woff2' 
2019-03-07 10:44:31.5832|2|INFO|Microsoft.AspNetCore.Hosting.Internal.WebHost|Request finished in 18.507ms 200 font/woff2 
2019-03-07 10:44:31.5832|2|INFO|Microsoft.AspNetCore.Hosting.Internal.WebHost|Request finished in 10.3435ms 200 font/woff2 
2019-03-07 10:44:31.8977|1|INFO|Microsoft.AspNetCore.Hosting.Internal.WebHost|Request starting HTTP/1.1 GET http://localhost:53185/favicon-32x32.png   
2019-03-07 10:44:31.8977|1|INFO|Microsoft.AspNetCore.Hosting.Internal.WebHost|Request starting HTTP/1.1 GET http://localhost:53185/manifest.json   
2019-03-07 10:44:31.9128|2|INFO|Microsoft.AspNetCore.StaticFiles.StaticFileMiddleware|Sending file. Request path: '/favicon-32x32.png'. Physical path: 'C:\Users\Diana\Work\Projects\WeedingInvitation\TemplateCoreWeb\wwwroot\favicon-32x32.png' 
2019-03-07 10:44:31.9128|2|INFO|Microsoft.AspNetCore.Hosting.Internal.WebHost|Request finished in 22.5317ms 200 image/png 
2019-03-07 10:44:31.9278|2|INFO|Microsoft.AspNetCore.StaticFiles.StaticFileMiddleware|Sending file. Request path: '/manifest.json'. Physical path: 'C:\Users\Diana\Work\Projects\WeedingInvitation\TemplateCoreWeb\wwwroot\manifest.json' 
2019-03-07 10:44:31.9418|2|INFO|Microsoft.AspNetCore.Hosting.Internal.WebHost|Request finished in 43.8228ms 200 application/json 
2019-03-07 10:44:31.9418|1|INFO|Microsoft.AspNetCore.Hosting.Internal.WebHost|Request starting HTTP/1.1 GET http://localhost:53185/favicon-16x16.png   
2019-03-07 10:44:31.9606|2|INFO|Microsoft.AspNetCore.StaticFiles.StaticFileMiddleware|Sending file. Request path: '/favicon-16x16.png'. Physical path: 'C:\Users\Diana\Work\Projects\WeedingInvitation\TemplateCoreWeb\wwwroot\favicon-16x16.png' 
2019-03-07 10:44:31.9606|2|INFO|Microsoft.AspNetCore.Hosting.Internal.WebHost|Request finished in 10.6016ms 200 image/png 
2019-03-07 10:55:52.7983||DEBUG|TemplateCoreWebTest.Program|init main 
2019-03-07 10:55:53.2509||INFO|Microsoft.AspNetCore.DataProtection.KeyManagement.XmlKeyManager|User profile is available. Using 'C:\Users\Diana\AppData\Local\ASP.NET\DataProtection-Keys' as key repository and Windows DPAPI to encrypt keys at rest. 
2019-03-07 10:55:55.5284||INFO|Microsoft.AspNetCore.NodeServices|development mode: true 
2019-03-07 10:55:57.3181||ERROR|Microsoft.AspNetCore.NodeServices|clean-webpack-plugin: C:\Users\Diana\Work\Projects\WeedingInvitation\TemplateCoreWeb\wwwroot\dist has been removed. 
2019-03-07 10:55:57.7996|1|INFO|Microsoft.AspNetCore.Hosting.Internal.WebHost|Request starting HTTP/1.1 GET http://localhost:53185/   
2019-03-07 10:55:57.8655||INFO|Microsoft.AspNetCore.NodeServices|[34mi[39m [90mя╜вwdmя╜г[39m: wait until bundle finished: / 
2019-03-07 10:56:08.3210||INFO|Microsoft.AspNetCore.NodeServices|webpack built ce05e6fe98d4c8367988 in 10801ms 
2019-03-07 10:56:08.3813||INFO|Microsoft.AspNetCore.NodeServices|[34mi[39m [90mя╜вwdmя╜г[39m: Hash: ce05e6fe98d4c8367988
Version: webpack 4.23.1
Time: 10801ms
Built at: 2019-03-07 10:56:08
                                         Asset      Size         Chunks             Chunk Names
 ../img/_/fonts/font-awesome/fa-brands-400.svg  49 bytes                 [emitted]  
../img/_/fonts/font-awesome/fa-regular-400.svg  50 bytes                 [emitted]  
  ../img/_/fonts/font-awesome/fa-solid-900.svg  48 bytes                 [emitted]  
    critical-foft-preload-fallback-optional.js  8.04 KiB                 [emitted]  
                              custom_styles.js   430 KiB  custom_styles  [emitted]  custom_styles
                           custom_styles.js.gz  66.1 KiB                 [emitted]  
                       fonts/fa-brands-400.eot  96.3 KiB                 [emitted]  
                    fonts/fa-brands-400.eot.gz    63 KiB                 [emitted]  
                       fonts/fa-brands-400.svg   496 KiB                 [emitted]  
                    fonts/fa-brands-400.svg.gz   159 KiB                 [emitted]  
                       fonts/fa-brands-400.ttf  96.1 KiB                 [emitted]  
                    fonts/fa-brands-400.ttf.gz  62.9 KiB                 [emitted]  
                      fonts/fa-brands-400.woff  62.2 KiB                 [emitted]  
                     fonts/fa-brands-400.woff2  53.2 KiB                 [emitted]  
                      fonts/fa-regular-400.eot  30.4 KiB                 [emitted]  
                   fonts/fa-regular-400.eot.gz  14.6 KiB                 [emitted]  
                      fonts/fa-regular-400.svg   105 KiB                 [emitted]  
                   fonts/fa-regular-400.svg.gz  35.7 KiB                 [emitted]  
                      fonts/fa-regular-400.ttf  30.2 KiB                 [emitted]  
                   fonts/fa-regular-400.ttf.gz  14.6 KiB                 [emitted]  
                     fonts/fa-regular-400.woff  14.4 KiB                 [emitted]  
                    fonts/fa-regular-400.woff2    12 KiB                 [emitted]  
                        fonts/fa-solid-900.eot   104 KiB                 [emitted]  
                     fonts/fa-solid-900.eot.gz  50.3 KiB                 [emitted]  
                        fonts/fa-solid-900.svg   382 KiB                 [emitted]  
                     fonts/fa-solid-900.svg.gz   130 KiB                 [emitted]  
                        fonts/fa-solid-900.ttf   103 KiB                 [emitted]  
                     fonts/fa-solid-900.ttf.gz  50.2 KiB                 [emitted]  
                       fonts/fa-solid-900.woff  49.3 KiB                 [emitted]  
                      fonts/fa-solid-900.woff2  39.2 KiB                 [emitted]  
                            fonts/flaticon.eot  2.57 KiB                 [emitted]  
                         fonts/flaticon.eot.gz  1.42 KiB                 [emitted]  
                            fonts/flaticon.ttf  27.6 KiB                 [emitted]  
                         fonts/flaticon.ttf.gz  17.4 KiB                 [emitted]  
                           fonts/flaticon.woff  17.6 KiB                 [emitted]  
                        fonts/montserrat.woff2  18.3 KiB                 [emitted]  
                       fonts/ptserif-400.woff2  33.5 KiB                 [emitted]  
                       fonts/ptserif-700.woff2  27.3 KiB                 [emitted]  
                                       main.js   215 KiB           main  [emitted]  main
                                    main.js.gz  47.4 KiB                 [emitted]  
                                         sw.js  2.14 KiB                 [emitted]  
                                 vendor_src.js   965 KiB     vendor_src  [emitted]  vendor_src
                              vendor_src.js.gz   212 KiB                 [emitted]  
                              vendor_styles.js  1.07 MiB  vendor_styles  [emitted]  vendor_styles
                           vendor_styles.js.gz   182 KiB                 [emitted]  
Entrypoint vendor_styles = vendor_styles.js
Entrypoint vendor_src = vendor_src.js
Entrypoint custom_styles = custom_styles.js
Entrypoint main = main.js
[0] multi webpack-hot-middleware/client?path=__webpack_hmr&dynamicPublicPath=true ./ClientApp/src/assets/js/vendor_styles.js 40 bytes {vendor_styles} [built]
[1] multi webpack-hot-middleware/client?path=__webpack_hmr&dynamicPublicPath=true script-loader!./ClientApp/src/assets/vendor/jquery.min.js script-loader!./ClientApp/src/assets/vendor/popper.min.js script-loader!./ClientApp/src/assets/vendor/bootstrap.min.js script-loader!./ClientApp/src/assets/vendor/pace.min.js script-loader!./ClientApp/src/assets/vendor/particles.min.js script-loader!./ClientApp/src/assets/vendor/jquery.easing.min.js script-loader!./ClientApp/src/assets/vendor/imagesloaded.pkgd.min.js script-loader!./ClientApp/src/assets/vendor/flickity.pkgd.min.js script-loader!./ClientApp/src/assets/vendor/isotope.pkgd.min.js script-loader!./ClientApp/src/assets/vendor/jquery.magnific-popup.min.js script-loader!./ClientApp/src/assets/vendor/jquery.countdown.min.js script-loader!./ClientApp/src/assets/vendor/jquery.validate.min.js script-loader!./ClientApp/src/assets/vendor/jquery-confirm.min.js script-loader!./ClientApp/src/assets/vendor/greensock/TweenMax.min.js script-loader!./ClientApp/src/assets/vendor/ScrollMagic.min.js script-loader!./ClientApp/src/assets/vendor/animation.gsap.min.js script-loader!./ClientApp/src/assets/vendor/theme.js script-loader!./ClientApp/src/assets/vendor/milea.js 244 bytes {vendor_src} [built]
[2] multi webpack-hot-middleware/client?path=__webpack_hmr&dynamicPublicPath=true ./ClientApp/src/assets/js/custom_styles.js 40 bytes {custom_styles} [built]
[3] multi webpack-hot-middleware/client?path=__webpack_hmr&dynamicPublicPath=true ./ClientApp/src/assets/js/index.js 40 bytes {main} [built]
[./ClientApp/src/assets/js/custom_styles.js] 28 bytes {custom_styles} [built]
[./ClientApp/src/assets/js/index.js] 274 bytes {main} [built]
[./ClientApp/src/assets/js/vendor_styles.js] 215 bytes {vendor_styles} [built]
[./node_modules/script-loader/index.js!./ClientApp/src/assets/vendor/ScrollMagic.min.js] ./node_modules/script-loader!./ClientApp/src/assets/vendor/ScrollMagic.min.js 484 bytes {vendor_src} [built]
[./node_modules/script-loader/index.js!./ClientApp/src/assets/vendor/animation.gsap.min.js] ./node_modules/script-loader!./ClientApp/src/assets/vendor/animation.gsap.min.js 487 bytes {vendor_src} [built]
[./node_modules/script-loader/index.js!./ClientApp/src/assets/vendor/bootstrap.min.js] ./node_modules/script-loader!./ClientApp/src/assets/vendor/bootstrap.min.js 482 bytes {vendor_src} [built]
[./node_modules/script-loader/index.js!./ClientApp/src/assets/vendor/flickity.pkgd.min.js] ./node_modules/script-loader!./ClientApp/src/assets/vendor/flickity.pkgd.min.js 486 bytes {vendor_src} [built]
[./node_modules/script-loader/index.js!./ClientApp/src/assets/vendor/greensock/TweenMax.min.js] ./node_modules/script-loader!./ClientApp/src/assets/vendor/greensock/TweenMax.min.js 492 bytes {vendor_src} [built]
[./node_modules/script-loader/index.js!./ClientApp/src/assets/vendor/imagesloaded.pkgd.min.js] ./node_modules/script-loader!./ClientApp/src/assets/vendor/imagesloaded.pkgd.min.js 490 bytes {vendor_src} [built]
[./node_modules/script-loader/index.js!./ClientApp/src/assets/vendor/isotope.pkgd.min.js] ./node_modules/script-loader!./ClientApp/src/assets/vendor/isotope.pkgd.min.js 485 bytes {vendor_src} [built]
[./node_modules/script-loader/index.js!./ClientApp/src/assets/vendor/jquery-confirm.min.js] ./node_modules/script-loader!./ClientApp/src/assets/vendor/jquery-confirm.min.js 487 bytes {vendor_src} [built]
    + 86 hidden modules 
2019-03-07 10:56:08.3813||INFO|Microsoft.AspNetCore.NodeServices|[34mi[39m [90mя╜вwdmя╜г[39m: Compiled successfully. 
2019-03-07 10:56:08.3991|3|WARN|Microsoft.AspNetCore.HttpsPolicy.HttpsRedirectionMiddleware|Failed to determine the https port for redirect. 
2019-03-07 10:56:08.6817|1|INFO|Microsoft.AspNetCore.Mvc.Internal.ControllerActionInvoker|Route matched with {action = "Index", controller = "Home"}. Executing action TemplateCoreWebTest.Controllers.HomeController.Index (WeedingInvitation) 
2019-03-07 10:56:08.7226|1|INFO|Microsoft.AspNetCore.Mvc.Internal.ControllerActionInvoker|Executing action method TemplateCoreWebTest.Controllers.HomeController.Index (WeedingInvitation) with arguments () - Validation state: Valid 
2019-03-07 10:56:08.7306|2|INFO|Microsoft.AspNetCore.Mvc.Internal.ControllerActionInvoker|Executed action method TemplateCoreWebTest.Controllers.HomeController.Index (WeedingInvitation), returned result Microsoft.AspNetCore.Mvc.ViewResult in 1.9856ms. 
2019-03-07 10:56:08.7768|1|INFO|Microsoft.AspNetCore.Mvc.ViewFeatures.ViewResultExecutor|Executing ViewResult, running view Index. 
2019-03-07 10:56:08.9646|4|INFO|Microsoft.AspNetCore.Mvc.ViewFeatures.ViewResultExecutor|Executed ViewResult - view Index executed in 219.0428ms. 
2019-03-07 10:56:08.9646|2|INFO|Microsoft.AspNetCore.Mvc.Internal.ControllerActionInvoker|Executed action TemplateCoreWebTest.Controllers.HomeController.Index (WeedingInvitation) in 284.7516ms 
2019-03-07 10:56:09.0040|2|INFO|Microsoft.AspNetCore.Hosting.Internal.WebHost|Request finished in 11204.6429ms 200 text/html; charset=utf-8 
2019-03-07 10:56:09.0535|1|INFO|Microsoft.AspNetCore.Hosting.Internal.WebHost|Request starting HTTP/1.1 GET http://localhost:53185/robots.txt   
2019-03-07 10:56:09.0747|1|INFO|Microsoft.AspNetCore.Hosting.Internal.WebHost|Request starting HTTP/1.1 GET http://localhost:53185/dist/vendor_styles.js   
2019-03-07 10:56:09.0747|1|INFO|Microsoft.AspNetCore.Hosting.Internal.WebHost|Request starting HTTP/1.1 GET http://localhost:53185/img/the-bride.jpg   
2019-03-07 10:56:09.0747|1|INFO|Microsoft.AspNetCore.Hosting.Internal.WebHost|Request starting HTTP/1.1 GET http://localhost:53185/img/the-groom.jpg   
2019-03-07 10:56:09.0747|1|INFO|Microsoft.AspNetCore.Hosting.Internal.WebHost|Request starting HTTP/1.1 GET http://localhost:53185/dist/custom_styles.js   
2019-03-07 10:56:09.1140|2|INFO|Microsoft.AspNetCore.StaticFiles.StaticFileMiddleware|Sending file. Request path: '/robots.txt'. Physical path: 'C:\Users\Diana\Work\Projects\WeedingInvitation\TemplateCoreWeb\wwwroot\robots.txt' 
2019-03-07 10:56:09.1170|2|INFO|Microsoft.AspNetCore.Hosting.Internal.WebHost|Request finished in 63.4865ms 200 text/plain 
2019-03-07 10:56:09.1170|2|INFO|Microsoft.AspNetCore.StaticFiles.StaticFileMiddleware|Sending file. Request path: '/img/the-bride.jpg'. Physical path: 'C:\Users\Diana\Work\Projects\WeedingInvitation\TemplateCoreWeb\wwwroot\img\the-bride.jpg' 
2019-03-07 10:56:09.1460|2|INFO|Microsoft.AspNetCore.StaticFiles.StaticFileMiddleware|Sending file. Request path: '/img/the-groom.jpg'. Physical path: 'C:\Users\Diana\Work\Projects\WeedingInvitation\TemplateCoreWeb\wwwroot\img\the-groom.jpg' 
2019-03-07 10:56:09.1460|2|INFO|Microsoft.AspNetCore.Hosting.Internal.WebHost|Request finished in 75.8247ms 200 image/jpeg 
2019-03-07 10:56:09.1690|2|INFO|Microsoft.AspNetCore.Hosting.Internal.WebHost|Request finished in 86.6322ms 200 image/jpeg 
2019-03-07 10:56:09.2021|2|INFO|Microsoft.AspNetCore.StaticFiles.StaticFileMiddleware|Sending file. Request path: '/dist/custom_styles.js'. Physical path: 'C:\Users\Diana\Work\Projects\WeedingInvitation\TemplateCoreWeb\wwwroot\dist\custom_styles.js' 
2019-03-07 10:56:09.2021|2|INFO|Microsoft.AspNetCore.Hosting.Internal.WebHost|Request finished in 124.0846ms 200 application/javascript 
2019-03-07 10:56:09.2620|1|INFO|Microsoft.AspNetCore.Hosting.Internal.WebHost|Request starting HTTP/1.1 GET http://localhost:53185/img/title-divider.png   
2019-03-07 10:56:09.2620|2|INFO|Microsoft.AspNetCore.StaticFiles.StaticFileMiddleware|Sending file. Request path: '/img/title-divider.png'. Physical path: 'C:\Users\Diana\Work\Projects\WeedingInvitation\TemplateCoreWeb\wwwroot\img\title-divider.png' 
2019-03-07 10:56:09.2620|2|INFO|Microsoft.AspNetCore.Hosting.Internal.WebHost|Request finished in 8.5317ms 200 image/png 
2019-03-07 10:56:09.2749|1|INFO|Microsoft.AspNetCore.Hosting.Internal.WebHost|Request starting HTTP/1.1 GET http://localhost:53185/img/wedding-event-1.jpg   
2019-03-07 10:56:09.2883|2|INFO|Microsoft.AspNetCore.StaticFiles.StaticFileMiddleware|Sending file. Request path: '/img/wedding-event-1.jpg'. Physical path: 'C:\Users\Diana\Work\Projects\WeedingInvitation\TemplateCoreWeb\wwwroot\img\wedding-event-1.jpg' 
2019-03-07 10:56:09.2883|2|INFO|Microsoft.AspNetCore.Hosting.Internal.WebHost|Request finished in 14.9586ms 200 image/jpeg 
2019-03-07 10:56:09.3059|1|INFO|Microsoft.AspNetCore.Hosting.Internal.WebHost|Request starting HTTP/1.1 GET http://localhost:53185/img/wedding-event-2.jpg   
2019-03-07 10:56:09.3059|2|INFO|Microsoft.AspNetCore.StaticFiles.StaticFileMiddleware|Sending file. Request path: '/img/wedding-event-2.jpg'. Physical path: 'C:\Users\Diana\Work\Projects\WeedingInvitation\TemplateCoreWeb\wwwroot\img\wedding-event-2.jpg' 
2019-03-07 10:56:09.3059|2|INFO|Microsoft.AspNetCore.Hosting.Internal.WebHost|Request finished in 8.5999ms 200 image/jpeg 
2019-03-07 10:56:09.3308|1|INFO|Microsoft.AspNetCore.Hosting.Internal.WebHost|Request starting HTTP/1.1 GET http://localhost:53185/img/love-story/love-story-1.jpg   
2019-03-07 10:56:09.3482|2|INFO|Microsoft.AspNetCore.StaticFiles.StaticFileMiddleware|Sending file. Request path: '/img/love-story/love-story-1.jpg'. Physical path: 'C:\Users\Diana\Work\Projects\WeedingInvitation\TemplateCoreWeb\wwwroot\img\love-story\love-story-1.jpg' 
2019-03-07 10:56:09.3512|2|INFO|Microsoft.AspNetCore.Hosting.Internal.WebHost|Request finished in 20.3465ms 200 image/jpeg 
2019-03-07 10:56:09.4091|1|INFO|Microsoft.AspNetCore.Hosting.Internal.WebHost|Request starting HTTP/1.1 GET http://localhost:53185/img/love-story/love-story-2.jpg   
2019-03-07 10:56:09.4198|1|INFO|Microsoft.AspNetCore.Hosting.Internal.WebHost|Request starting HTTP/1.1 GET http://localhost:53185/img/love-story/love-story-3.jpg   
2019-03-07 10:56:09.4314|2|INFO|Microsoft.AspNetCore.StaticFiles.StaticFileMiddleware|Sending file. Request path: '/img/love-story/love-story-2.jpg'. Physical path: 'C:\Users\Diana\Work\Projects\WeedingInvitation\TemplateCoreWeb\wwwroot\img\love-story\love-story-2.jpg' 
2019-03-07 10:56:09.4314|2|INFO|Microsoft.AspNetCore.StaticFiles.StaticFileMiddleware|Sending file. Request path: '/img/love-story/love-story-3.jpg'. Physical path: 'C:\Users\Diana\Work\Projects\WeedingInvitation\TemplateCoreWeb\wwwroot\img\love-story\love-story-3.jpg' 
2019-03-07 10:56:09.4436|2|INFO|Microsoft.AspNetCore.Hosting.Internal.WebHost|Request finished in 34.4708ms 200 image/jpeg 
2019-03-07 10:56:09.4436|2|INFO|Microsoft.AspNetCore.Hosting.Internal.WebHost|Request finished in 30.4969ms 200 image/jpeg 
2019-03-07 10:56:09.4986|1|INFO|Microsoft.AspNetCore.Hosting.Internal.WebHost|Request starting HTTP/1.1 GET http://localhost:53185/img/love-story/love-story-4.jpg   
2019-03-07 10:56:09.4986|2|INFO|Microsoft.AspNetCore.StaticFiles.StaticFileMiddleware|Sending file. Request path: '/dist/vendor_styles.js'. Physical path: 'C:\Users\Diana\Work\Projects\WeedingInvitation\TemplateCoreWeb\wwwroot\dist\vendor_styles.js' 
2019-03-07 10:56:09.5050|2|INFO|Microsoft.AspNetCore.StaticFiles.StaticFileMiddleware|Sending file. Request path: '/img/love-story/love-story-4.jpg'. Physical path: 'C:\Users\Diana\Work\Projects\WeedingInvitation\TemplateCoreWeb\wwwroot\img\love-story\love-story-4.jpg' 
2019-03-07 10:56:09.5050|2|INFO|Microsoft.AspNetCore.Hosting.Internal.WebHost|Request finished in 434.2713ms 200 application/javascript 
2019-03-07 10:56:09.5050|2|INFO|Microsoft.AspNetCore.Hosting.Internal.WebHost|Request finished in 12.7442ms 200 image/jpeg 
2019-03-07 10:56:09.5218|1|INFO|Microsoft.AspNetCore.Hosting.Internal.WebHost|Request starting HTTP/1.1 GET http://localhost:53185/img/love-story/love-story-5.jpg   
2019-03-07 10:56:09.5398|2|INFO|Microsoft.AspNetCore.StaticFiles.StaticFileMiddleware|Sending file. Request path: '/img/love-story/love-story-5.jpg'. Physical path: 'C:\Users\Diana\Work\Projects\WeedingInvitation\TemplateCoreWeb\wwwroot\img\love-story\love-story-5.jpg' 
2019-03-07 10:56:09.5398|2|INFO|Microsoft.AspNetCore.Hosting.Internal.WebHost|Request finished in 23.7575ms 200 image/jpeg 
2019-03-07 10:56:09.5649|1|INFO|Microsoft.AspNetCore.Hosting.Internal.WebHost|Request starting HTTP/1.1 GET http://localhost:53185/img/gallery/gallery-1.jpg   
2019-03-07 10:56:09.5734|2|INFO|Microsoft.AspNetCore.StaticFiles.StaticFileMiddleware|Sending file. Request path: '/img/gallery/gallery-1.jpg'. Physical path: 'C:\Users\Diana\Work\Projects\WeedingInvitation\TemplateCoreWeb\wwwroot\img\gallery\gallery-1.jpg' 
2019-03-07 10:56:09.5734|2|INFO|Microsoft.AspNetCore.Hosting.Internal.WebHost|Request finished in 11.3565ms 200 image/jpeg 
2019-03-07 10:56:09.5734|1|INFO|Microsoft.AspNetCore.Hosting.Internal.WebHost|Request starting HTTP/1.1 GET http://localhost:53185/img/gallery/gallery-2.jpg   
2019-03-07 10:56:09.5933|2|INFO|Microsoft.AspNetCore.StaticFiles.StaticFileMiddleware|Sending file. Request path: '/img/gallery/gallery-2.jpg'. Physical path: 'C:\Users\Diana\Work\Projects\WeedingInvitation\TemplateCoreWeb\wwwroot\img\gallery\gallery-2.jpg' 
2019-03-07 10:56:09.6013|2|INFO|Microsoft.AspNetCore.Hosting.Internal.WebHost|Request finished in 20.844ms 200 image/jpeg 
2019-03-07 10:56:09.8083|1|INFO|Microsoft.AspNetCore.Hosting.Internal.WebHost|Request starting HTTP/1.1 GET http://localhost:53185/__webpack_hmr   
2019-03-07 10:56:09.8184|1|INFO|Microsoft.AspNetCore.Hosting.Internal.WebHost|Request starting HTTP/1.1 GET http://localhost:53185/img/gallery/gallery-3.jpg   
2019-03-07 10:56:09.8417|2|INFO|Microsoft.AspNetCore.StaticFiles.StaticFileMiddleware|Sending file. Request path: '/img/gallery/gallery-3.jpg'. Physical path: 'C:\Users\Diana\Work\Projects\WeedingInvitation\TemplateCoreWeb\wwwroot\img\gallery\gallery-3.jpg' 
2019-03-07 10:56:09.8533|2|INFO|Microsoft.AspNetCore.Hosting.Internal.WebHost|Request finished in 34.872ms 200 image/jpeg 
2019-03-07 10:56:09.8533|1|INFO|Microsoft.AspNetCore.Hosting.Internal.WebHost|Request starting HTTP/1.1 GET http://localhost:53185/img/gallery/gallery-4.jpg   
2019-03-07 10:56:09.8664|2|INFO|Microsoft.AspNetCore.StaticFiles.StaticFileMiddleware|Sending file. Request path: '/img/gallery/gallery-4.jpg'. Physical path: 'C:\Users\Diana\Work\Projects\WeedingInvitation\TemplateCoreWeb\wwwroot\img\gallery\gallery-4.jpg' 
2019-03-07 10:56:09.8664|2|INFO|Microsoft.AspNetCore.Hosting.Internal.WebHost|Request finished in 19.523ms 200 image/jpeg 
2019-03-07 10:56:09.9012|1|INFO|Microsoft.AspNetCore.Hosting.Internal.WebHost|Request starting HTTP/1.1 GET http://localhost:53185/img/gallery/gallery-7.jpg   
2019-03-07 10:56:09.9012|1|INFO|Microsoft.AspNetCore.Hosting.Internal.WebHost|Request starting HTTP/1.1 GET http://localhost:53185/img/gallery/gallery-5.jpg   
2019-03-07 10:56:09.9012|1|INFO|Microsoft.AspNetCore.Hosting.Internal.WebHost|Request starting HTTP/1.1 GET http://localhost:53185/img/gallery/gallery-6.jpg   
2019-03-07 10:56:09.9303|2|INFO|Microsoft.AspNetCore.StaticFiles.StaticFileMiddleware|Sending file. Request path: '/img/gallery/gallery-7.jpg'. Physical path: 'C:\Users\Diana\Work\Projects\WeedingInvitation\TemplateCoreWeb\wwwroot\img\gallery\gallery-7.jpg' 
2019-03-07 10:56:09.9303|2|INFO|Microsoft.AspNetCore.Hosting.Internal.WebHost|Request finished in 33.0992ms 200 image/jpeg 
2019-03-07 10:56:09.9303|2|INFO|Microsoft.AspNetCore.StaticFiles.StaticFileMiddleware|Sending file. Request path: '/img/gallery/gallery-5.jpg'. Physical path: 'C:\Users\Diana\Work\Projects\WeedingInvitation\TemplateCoreWeb\wwwroot\img\gallery\gallery-5.jpg' 
2019-03-07 10:56:09.9303|2|INFO|Microsoft.AspNetCore.StaticFiles.StaticFileMiddleware|Sending file. Request path: '/img/gallery/gallery-6.jpg'. Physical path: 'C:\Users\Diana\Work\Projects\WeedingInvitation\TemplateCoreWeb\wwwroot\img\gallery\gallery-6.jpg' 
2019-03-07 10:56:09.9544|2|INFO|Microsoft.AspNetCore.Hosting.Internal.WebHost|Request finished in 52.4206ms 200 image/jpeg 
2019-03-07 10:56:09.9662|2|INFO|Microsoft.AspNetCore.Hosting.Internal.WebHost|Request finished in 59.7226ms 200 image/jpeg 
2019-03-07 10:56:09.9945|1|INFO|Microsoft.AspNetCore.Hosting.Internal.WebHost|Request starting HTTP/1.1 GET http://localhost:53185/dist/fonts/flaticon.woff   
2019-03-07 10:56:09.9945|2|INFO|Microsoft.AspNetCore.StaticFiles.StaticFileMiddleware|Sending file. Request path: '/dist/fonts/flaticon.woff'. Physical path: 'C:\Users\Diana\Work\Projects\WeedingInvitation\TemplateCoreWeb\wwwroot\dist\fonts\flaticon.woff' 
2019-03-07 10:56:10.0114|2|INFO|Microsoft.AspNetCore.Hosting.Internal.WebHost|Request finished in 16.8775ms 200 application/font-woff 
2019-03-07 10:56:10.0619|1|INFO|Microsoft.AspNetCore.Hosting.Internal.WebHost|Request starting HTTP/1.1 GET http://localhost:53185/img/gallery/gallery-8.jpg   
2019-03-07 10:56:10.0725|2|INFO|Microsoft.AspNetCore.StaticFiles.StaticFileMiddleware|Sending file. Request path: '/img/gallery/gallery-8.jpg'. Physical path: 'C:\Users\Diana\Work\Projects\WeedingInvitation\TemplateCoreWeb\wwwroot\img\gallery\gallery-8.jpg' 
2019-03-07 10:56:10.0953|2|INFO|Microsoft.AspNetCore.Hosting.Internal.WebHost|Request finished in 33.2118ms 200 image/jpeg 
2019-03-07 10:56:10.0953|1|INFO|Microsoft.AspNetCore.Hosting.Internal.WebHost|Request starting HTTP/1.1 GET http://localhost:53185/dist/main.js   
2019-03-07 10:56:10.1021|1|INFO|Microsoft.AspNetCore.Hosting.Internal.WebHost|Request starting HTTP/1.1 GET http://localhost:53185/dist/vendor_src.js   
2019-03-07 10:56:10.1021|1|INFO|Microsoft.AspNetCore.Hosting.Internal.WebHost|Request starting HTTP/1.1 GET http://localhost:53185/dist/fonts/fa-solid-900.woff2   
2019-03-07 10:56:10.1230|2|INFO|Microsoft.AspNetCore.StaticFiles.StaticFileMiddleware|Sending file. Request path: '/dist/main.js'. Physical path: 'C:\Users\Diana\Work\Projects\WeedingInvitation\TemplateCoreWeb\wwwroot\dist\main.js' 
2019-03-07 10:56:10.1356|2|INFO|Microsoft.AspNetCore.Hosting.Internal.WebHost|Request finished in 37.7029ms 200 application/javascript 
2019-03-07 10:56:10.1356|2|INFO|Microsoft.AspNetCore.StaticFiles.StaticFileMiddleware|Sending file. Request path: '/dist/fonts/fa-solid-900.woff2'. Physical path: 'C:\Users\Diana\Work\Projects\WeedingInvitation\TemplateCoreWeb\wwwroot\dist\fonts\fa-solid-900.woff2' 
2019-03-07 10:56:10.1356|1|INFO|Microsoft.AspNetCore.Hosting.Internal.WebHost|Request starting HTTP/1.1 GET http://localhost:53185/dist/fonts/fa-brands-400.woff2   
2019-03-07 10:56:10.1521|2|INFO|Microsoft.AspNetCore.Hosting.Internal.WebHost|Request finished in 38.3893ms 200 font/woff2 
2019-03-07 10:56:10.1521|2|INFO|Microsoft.AspNetCore.StaticFiles.StaticFileMiddleware|Sending file. Request path: '/dist/fonts/fa-brands-400.woff2'. Physical path: 'C:\Users\Diana\Work\Projects\WeedingInvitation\TemplateCoreWeb\wwwroot\dist\fonts\fa-brands-400.woff2' 
2019-03-07 10:56:10.1821|2|INFO|Microsoft.AspNetCore.Hosting.Internal.WebHost|Request finished in 38.3353ms 200 font/woff2 
2019-03-07 10:56:10.3582|2|INFO|Microsoft.AspNetCore.StaticFiles.StaticFileMiddleware|Sending file. Request path: '/dist/vendor_src.js'. Physical path: 'C:\Users\Diana\Work\Projects\WeedingInvitation\TemplateCoreWeb\wwwroot\dist\vendor_src.js' 
2019-03-07 10:56:10.3659|2|INFO|Microsoft.AspNetCore.Hosting.Internal.WebHost|Request finished in 263.7525ms 200 application/javascript 
2019-03-07 10:56:10.3977|1|INFO|Microsoft.AspNetCore.Hosting.Internal.WebHost|Request starting HTTP/1.1 GET http://localhost:53185/img/bg/bg-hero-static.jpg   
2019-03-07 10:56:10.3977|1|INFO|Microsoft.AspNetCore.Hosting.Internal.WebHost|Request starting HTTP/1.1 GET http://localhost:53185/img/section-divider-top.png   
2019-03-07 10:56:10.3977|1|INFO|Microsoft.AspNetCore.Hosting.Internal.WebHost|Request starting HTTP/1.1 GET http://localhost:53185/dist/fonts/ptserif-400.woff2   
2019-03-07 10:56:10.4124|1|INFO|Microsoft.AspNetCore.Hosting.Internal.WebHost|Request starting HTTP/1.1 GET http://localhost:53185/dist/fonts/montserrat.woff2   
2019-03-07 10:56:10.4124|2|INFO|Microsoft.AspNetCore.StaticFiles.StaticFileMiddleware|Sending file. Request path: '/img/section-divider-top.png'. Physical path: 'C:\Users\Diana\Work\Projects\WeedingInvitation\TemplateCoreWeb\wwwroot\img\section-divider-top.png' 
2019-03-07 10:56:10.4289|2|INFO|Microsoft.AspNetCore.Hosting.Internal.WebHost|Request finished in 30.7806ms 200 image/png 
2019-03-07 10:56:10.4124|2|INFO|Microsoft.AspNetCore.StaticFiles.StaticFileMiddleware|Sending file. Request path: '/dist/fonts/ptserif-400.woff2'. Physical path: 'C:\Users\Diana\Work\Projects\WeedingInvitation\TemplateCoreWeb\wwwroot\dist\fonts\ptserif-400.woff2' 
2019-03-07 10:56:10.4289|2|INFO|Microsoft.AspNetCore.StaticFiles.StaticFileMiddleware|Sending file. Request path: '/dist/fonts/montserrat.woff2'. Physical path: 'C:\Users\Diana\Work\Projects\WeedingInvitation\TemplateCoreWeb\wwwroot\dist\fonts\montserrat.woff2' 
2019-03-07 10:56:10.4289|2|INFO|Microsoft.AspNetCore.Hosting.Internal.WebHost|Request finished in 34.3993ms 200 font/woff2 
2019-03-07 10:56:10.4540|2|INFO|Microsoft.AspNetCore.Hosting.Internal.WebHost|Request finished in 41.5872ms 200 font/woff2 
2019-03-07 10:56:10.4667|1|INFO|Microsoft.AspNetCore.Hosting.Internal.WebHost|Request starting HTTP/1.1 GET http://localhost:53185/img/section-divider-bottom.png   
2019-03-07 10:56:10.4767|2|INFO|Microsoft.AspNetCore.StaticFiles.StaticFileMiddleware|Sending file. Request path: '/img/bg/bg-hero-static.jpg'. Physical path: 'C:\Users\Diana\Work\Projects\WeedingInvitation\TemplateCoreWeb\wwwroot\img\bg\bg-hero-static.jpg' 
2019-03-07 10:56:10.4767|2|INFO|Microsoft.AspNetCore.StaticFiles.StaticFileMiddleware|Sending file. Request path: '/img/section-divider-bottom.png'. Physical path: 'C:\Users\Diana\Work\Projects\WeedingInvitation\TemplateCoreWeb\wwwroot\img\section-divider-bottom.png' 
2019-03-07 10:56:10.4767|2|INFO|Microsoft.AspNetCore.Hosting.Internal.WebHost|Request finished in 90.4224ms 200 image/jpeg 
2019-03-07 10:56:10.4900|2|INFO|Microsoft.AspNetCore.Hosting.Internal.WebHost|Request finished in 23.3482ms 200 image/png 
2019-03-07 10:56:10.4900|1|INFO|Microsoft.AspNetCore.Hosting.Internal.WebHost|Request starting HTTP/1.1 GET http://localhost:53185/img/bg/bg-wedding-event.jpg   
2019-03-07 10:56:10.5229|2|INFO|Microsoft.AspNetCore.StaticFiles.StaticFileMiddleware|Sending file. Request path: '/img/bg/bg-wedding-event.jpg'. Physical path: 'C:\Users\Diana\Work\Projects\WeedingInvitation\TemplateCoreWeb\wwwroot\img\bg\bg-wedding-event.jpg' 
2019-03-07 10:56:10.5229|2|INFO|Microsoft.AspNetCore.Hosting.Internal.WebHost|Request finished in 23.3349ms 200 image/jpeg 
2019-03-07 10:56:10.5229|1|INFO|Microsoft.AspNetCore.Hosting.Internal.WebHost|Request starting HTTP/1.1 GET http://localhost:53185/img/bg/bg-proposed.jpg   
2019-03-07 10:56:10.5467|1|INFO|Microsoft.AspNetCore.Hosting.Internal.WebHost|Request starting HTTP/1.1 GET http://localhost:53185/img/section-divider-top-gray-100.png   
2019-03-07 10:56:10.5593|2|INFO|Microsoft.AspNetCore.StaticFiles.StaticFileMiddleware|Sending file. Request path: '/img/section-divider-top-gray-100.png'. Physical path: 'C:\Users\Diana\Work\Projects\WeedingInvitation\TemplateCoreWeb\wwwroot\img\section-divider-top-gray-100.png' 
2019-03-07 10:56:10.5593|2|INFO|Microsoft.AspNetCore.Hosting.Internal.WebHost|Request finished in 15.4404ms 200 image/png 
2019-03-07 10:56:10.5831|2|INFO|Microsoft.AspNetCore.StaticFiles.StaticFileMiddleware|Sending file. Request path: '/img/bg/bg-proposed.jpg'. Physical path: 'C:\Users\Diana\Work\Projects\WeedingInvitation\TemplateCoreWeb\wwwroot\img\bg\bg-proposed.jpg' 
2019-03-07 10:56:10.5853|2|INFO|Microsoft.AspNetCore.Hosting.Internal.WebHost|Request finished in 50.892ms 200 image/jpeg 
2019-03-07 10:56:10.6312|1|INFO|Microsoft.AspNetCore.Hosting.Internal.WebHost|Request starting HTTP/1.1 GET http://localhost:53185/img/section-divider-bottom-gray-100.png   
2019-03-07 10:56:10.6312|1|INFO|Microsoft.AspNetCore.Hosting.Internal.WebHost|Request starting HTTP/1.1 GET http://localhost:53185/img/icon-zoom-in-white.png   
2019-03-07 10:56:10.6511|2|INFO|Microsoft.AspNetCore.StaticFiles.StaticFileMiddleware|Sending file. Request path: '/img/section-divider-bottom-gray-100.png'. Physical path: 'C:\Users\Diana\Work\Projects\WeedingInvitation\TemplateCoreWeb\wwwroot\img\section-divider-bottom-gray-100.png' 
2019-03-07 10:56:10.6511|1|INFO|Microsoft.AspNetCore.Hosting.Internal.WebHost|Request starting HTTP/1.1 GET http://localhost:53185/img/bg/bg-wedding-gifts.jpg   
2019-03-07 10:56:10.6652|2|INFO|Microsoft.AspNetCore.StaticFiles.StaticFileMiddleware|Sending file. Request path: '/img/icon-zoom-in-white.png'. Physical path: 'C:\Users\Diana\Work\Projects\WeedingInvitation\TemplateCoreWeb\wwwroot\img\icon-zoom-in-white.png' 
2019-03-07 10:56:10.6652|2|INFO|Microsoft.AspNetCore.Hosting.Internal.WebHost|Request finished in 42.5706ms 200 image/png 
2019-03-07 10:56:10.6820|1|INFO|Microsoft.AspNetCore.Hosting.Internal.WebHost|Request starting HTTP/1.1 GET http://localhost:53185/img/bg/bg-footer.jpg   
2019-03-07 10:56:10.6963|2|INFO|Microsoft.AspNetCore.StaticFiles.StaticFileMiddleware|Sending file. Request path: '/img/bg/bg-wedding-gifts.jpg'. Physical path: 'C:\Users\Diana\Work\Projects\WeedingInvitation\TemplateCoreWeb\wwwroot\img\bg\bg-wedding-gifts.jpg' 
2019-03-07 10:56:10.6963|2|INFO|Microsoft.AspNetCore.Hosting.Internal.WebHost|Request finished in 62.4783ms 200 image/png 
2019-03-07 10:56:10.7089|2|INFO|Microsoft.AspNetCore.Hosting.Internal.WebHost|Request finished in 48.3066ms 200 image/jpeg 
2019-03-07 10:56:10.7089|2|INFO|Microsoft.AspNetCore.StaticFiles.StaticFileMiddleware|Sending file. Request path: '/img/bg/bg-footer.jpg'. Physical path: 'C:\Users\Diana\Work\Projects\WeedingInvitation\TemplateCoreWeb\wwwroot\img\bg\bg-footer.jpg' 
2019-03-07 10:56:10.7358|2|INFO|Microsoft.AspNetCore.Hosting.Internal.WebHost|Request finished in 54.566ms 200 image/jpeg 
2019-03-07 10:56:11.2461|1|INFO|Microsoft.AspNetCore.Hosting.Internal.WebHost|Request starting HTTP/1.1 GET http://localhost:53185/json/particles.json   
2019-03-07 10:56:11.2461|2|INFO|Microsoft.AspNetCore.StaticFiles.StaticFileMiddleware|Sending file. Request path: '/json/particles.json'. Physical path: 'C:\Users\Diana\Work\Projects\WeedingInvitation\TemplateCoreWeb\wwwroot\json\particles.json' 
2019-03-07 10:56:11.2461|2|INFO|Microsoft.AspNetCore.Hosting.Internal.WebHost|Request finished in 8.6069ms 200 application/json 
2019-03-07 10:56:11.3009|1|INFO|Microsoft.AspNetCore.Hosting.Internal.WebHost|Request starting HTTP/1.1 GET http://localhost:53185/dist/fonts/ptserif-700.woff2   
2019-03-07 10:56:11.3182|1|INFO|Microsoft.AspNetCore.Hosting.Internal.WebHost|Request starting HTTP/1.1 GET http://localhost:53185/dist/fonts/fa-regular-400.woff2   
2019-03-07 10:56:11.3182|2|INFO|Microsoft.AspNetCore.StaticFiles.StaticFileMiddleware|Sending file. Request path: '/dist/fonts/ptserif-700.woff2'. Physical path: 'C:\Users\Diana\Work\Projects\WeedingInvitation\TemplateCoreWeb\wwwroot\dist\fonts\ptserif-700.woff2' 
2019-03-07 10:56:11.3662|2|INFO|Microsoft.AspNetCore.StaticFiles.StaticFileMiddleware|Sending file. Request path: '/dist/fonts/fa-regular-400.woff2'. Physical path: 'C:\Users\Diana\Work\Projects\WeedingInvitation\TemplateCoreWeb\wwwroot\dist\fonts\fa-regular-400.woff2' 
2019-03-07 10:56:11.3662|2|INFO|Microsoft.AspNetCore.Hosting.Internal.WebHost|Request finished in 67.2211ms 200 font/woff2 
2019-03-07 10:56:11.3805|2|INFO|Microsoft.AspNetCore.Hosting.Internal.WebHost|Request finished in 62.3585ms 200 font/woff2 
2019-03-07 10:56:11.9997|1|INFO|Microsoft.AspNetCore.Hosting.Internal.WebHost|Request starting HTTP/1.1 GET http://localhost:53185/manifest.json   
2019-03-07 10:56:12.0176|2|INFO|Microsoft.AspNetCore.StaticFiles.StaticFileMiddleware|Sending file. Request path: '/manifest.json'. Physical path: 'C:\Users\Diana\Work\Projects\WeedingInvitation\TemplateCoreWeb\wwwroot\manifest.json' 
2019-03-07 10:56:12.0263|2|INFO|Microsoft.AspNetCore.Hosting.Internal.WebHost|Request finished in 26.5663ms 200 application/json 
